Using pre-set license
Built from '6000.0/staging' branch; Version is '6000.0.41f1 (46e447368a18) revision 4645959'; Using compiler version '193933523'; Build Type 'Release'
OS: 'Windows 11  (10.0.22631) 64bit Professional' Language: 'ja' Physical Memory: 32440 MB
BatchMode: 1, IsHumanControllingUs: 0, StartBugReporterOnCrash: 0, Is64bit: 1, IsPro: 1

COMMAND LINE ARGUMENTS:
C:\Program Files\Unity\Hub\Editor\6000.0.41f1\Editor\Unity.exe
-adb2
-batchMode
-noUpm
-name
AssetImportWorker16
-projectPath
C:/Users/ktc/Desktop/WedPersonal/Monochrome
-logFile
Logs/AssetImportWorker16.log
-srvPort
52671
-job-worker-count
7
-background-job-worker-count
8
-gc-helper-count
1
Successfully changed project path to: C:/Users/ktc/Desktop/WedPersonal/Monochrome
C:/Users/ktc/Desktop/WedPersonal/Monochrome
[UnityMemory] Configuration Parameters - Can be set up in boot.config
    "memorysetup-bucket-allocator-granularity=16"
    "memorysetup-bucket-allocator-bucket-count=8"
    "memorysetup-bucket-allocator-block-size=33554432"
    "memorysetup-bucket-allocator-block-count=8"
    "memorysetup-main-allocator-block-size=16777216"
    "memorysetup-thread-allocator-block-size=16777216"
    "memorysetup-gfx-main-allocator-block-size=16777216"
    "memorysetup-gfx-thread-allocator-block-size=16777216"
    "memorysetup-cache-allocator-block-size=4194304"
    "memorysetup-typetree-allocator-block-size=2097152"
    "memorysetup-profiler-bucket-allocator-granularity=16"
    "memorysetup-profiler-bucket-allocator-bucket-count=8"
    "memorysetup-profiler-bucket-allocator-block-size=33554432"
    "memorysetup-profiler-bucket-allocator-block-count=8"
    "memorysetup-profiler-allocator-block-size=16777216"
    "memorysetup-profiler-editor-allocator-block-size=1048576"
    "memorysetup-temp-allocator-size-main=16777216"
    "memorysetup-job-temp-allocator-block-size=2097152"
    "memorysetup-job-temp-allocator-block-size-background=1048576"
    "memorysetup-job-temp-allocator-reduction-small-platforms=262144"
    "memorysetup-allocator-temp-initial-block-size-main=262144"
    "memorysetup-allocator-temp-initial-block-size-worker=262144"
    "memorysetup-temp-allocator-size-background-worker=32768"
    "memorysetup-temp-allocator-size-job-worker=262144"
    "memorysetup-temp-allocator-size-preload-manager=33554432"
    "memorysetup-temp-allocator-size-nav-mesh-worker=65536"
    "memorysetup-temp-allocator-size-audio-worker=65536"
    "memorysetup-temp-allocator-size-cloud-worker=32768"
    "memorysetup-temp-allocator-size-gi-baking-worker=262144"
    "memorysetup-temp-allocator-size-gi-baking-worker=262144"
    "memorysetup-temp-allocator-size-gi-baking-worker=262144"
    "memorysetup-temp-allocator-size-gi-baking-worker=262144"
    "memorysetup-temp-allocator-size-gi-baking-worker=262144"
    "memorysetup-temp-allocator-size-gfx=262144"
Player connection [32376]  Target information:

Player connection [32376]  * "[IP] 172.22.90.104 [Port] 0 [Flags] 2 [Guid] 1131761634 [EditorId] 1131761634 [Version] 1048832 [Id] WindowsEditor(7,604-19) [Debug] 1 [PackageName] WindowsEditor [ProjectName] Editor" 

Player connection [32376]  * "[IP] 172.19.176.1 [Port] 0 [Flags] 2 [Guid] 1131761634 [EditorId] 1131761634 [Version] 1048832 [Id] WindowsEditor(7,604-19) [Debug] 1 [PackageName] WindowsEditor [ProjectName] Editor" 

Player connection [32376]  * "[IP] 192.168.217.1 [Port] 0 [Flags] 2 [Guid] 1131761634 [EditorId] 1131761634 [Version] 1048832 [Id] WindowsEditor(7,604-19) [Debug] 1 [PackageName] WindowsEditor [ProjectName] Editor" 

Player connection [32376]  * "[IP] 192.168.172.1 [Port] 0 [Flags] 2 [Guid] 1131761634 [EditorId] 1131761634 [Version] 1048832 [Id] WindowsEditor(7,604-19) [Debug] 1 [PackageName] WindowsEditor [ProjectName] Editor" 

Player connection [32376]  * "[IP] 192.168.56.1 [Port] 0 [Flags] 2 [Guid] 1131761634 [EditorId] 1131761634 [Version] 1048832 [Id] WindowsEditor(7,604-19) [Debug] 1 [PackageName] WindowsEditor [ProjectName] Editor" 

Player connection [32376] Host joined multi-casting on [225.0.0.222:54997]...
Player connection [32376] Host joined alternative multi-casting on [225.0.0.222:34997]...
JobSystem: Creating JobQueue using job-worker-count value 7
Input System module state changed to: Initialized.
[Physics::Module] Initialized fallback backend.
[Physics::Module] Id: 0xdecafbad
Library Redirect Path: Library/
[Physics::Module] Selected backend.
[Physics::Module] Name: PhysX
[Physics::Module] Id: 0xf2b8ea05
[Physics::Module] SDK Version: 4.1.2
[Physics::Module] Integration Version: 1.0.0
[Physics::Module] Threading Mode: Multi-Threaded
Refreshing native plugins compatible for Editor in 2.02 ms, found 4 plugins.
Preloading 0 native plugins for Editor in 0.00 ms.
Initialize engine version: 6000.0.41f1 (46e447368a18)
[Subsystems] Discovering subsystems at path C:/Program Files/Unity/Hub/Editor/6000.0.41f1/Editor/Data/Resources/UnitySubsystems
[Subsystems] Discovering subsystems at path C:/Users/ktc/Desktop/WedPersonal/Monochrome/Assets
GfxDevice: creating device client; kGfxThreadingModeNonThreaded
Direct3D:
    Version:  Direct3D 11.0 [level 11.1]
    Renderer: NVIDIA GeForce RTX 3070 (ID=0x2484)
    Vendor:   NVIDIA
    VRAM:     8018 MB
    Driver:   32.0.15.6624
Initialize mono
Mono path[0] = 'C:/Program Files/Unity/Hub/Editor/6000.0.41f1/Editor/Data/Managed'
Mono path[1] = 'C:/Program Files/Unity/Hub/Editor/6000.0.41f1/Editor/Data/MonoBleedingEdge/lib/mono/unityjit-win32'
Mono config path = 'C:/Program Files/Unity/Hub/Editor/6000.0.41f1/Editor/Data/MonoBleedingEdge/etc'
Using monoOptions --debugger-agent=transport=dt_socket,embedding=1,server=y,suspend=n,address=127.0.0.1:56436
Begin MonoManager ReloadAssembly
Registering precompiled unity dll's ...
Register platform support module: C:/Program Files/Unity/Hub/Editor/6000.0.41f1/Editor/Data/PlaybackEngines/WebGLSupport/UnityEditor.WebGL.Extensions.dll
Register platform support module: C:/Program Files/Unity/Hub/Editor/6000.0.41f1/Editor/Data/PlaybackEngines/WindowsStandaloneSupport/UnityEditor.WindowsStandalone.Extensions.dll
Register platform support module: C:/Program Files/Unity/Hub/Editor/6000.0.41f1/Editor/Data/PlaybackEngines/AndroidPlayer/UnityEditor.Android.Extensions.dll
Register platform support module: C:/Program Files/Unity/Hub/Editor/6000.0.41f1/Editor/Data/PlaybackEngines/iOSSupport/UnityEditor.iOS.Extensions.dll
Registered in 0.005642 seconds.
- Loaded All Assemblies, in  0.535 seconds
[usbmuxd] Start listen thread
[usbmuxd] Listen thread started
Native extension for iOS target not found
Native extension for Android target not found
Android Extension - Scanning For ADB Devices 294 ms
Native extension for WindowsStandalone target not found
Native extension for WebGL target not found
Mono: successfully reloaded assembly
- Finished resetting the current domain, in  0.703 seconds
Domain Reload Profiling: 1235ms
	BeginReloadAssembly (145ms)
		ExecutionOrderSort (0ms)
		DisableScriptedObjects (0ms)
		BackupInstance (0ms)
		ReleaseScriptingObjects (0ms)
		CreateAndSetChildDomain (1ms)
	RebuildCommonClasses (42ms)
	RebuildNativeTypeToScriptingClass (15ms)
	initialDomainReloadingComplete (62ms)
	LoadAllAssembliesAndSetupDomain (267ms)
		LoadAssemblies (142ms)
		RebuildTransferFunctionScriptingTraits (0ms)
		AnalyzeDomain (263ms)
			TypeCache.Refresh (261ms)
				TypeCache.ScanAssembly (233ms)
			BuildScriptInfoCaches (0ms)
			ResolveRequiredComponents (1ms)
	FinalizeReload (704ms)
		ReleaseScriptCaches (0ms)
		RebuildScriptCaches (0ms)
		SetupLoadedEditorAssemblies (653ms)
			LogAssemblyErrors (0ms)
			InitializePlatformSupportModulesInManaged (387ms)
			SetLoadedEditorAssemblies (4ms)
			BeforeProcessingInitializeOnLoad (60ms)
			ProcessInitializeOnLoadAttributes (130ms)
			ProcessInitializeOnLoadMethodAttributes (72ms)
			AfterProcessingInitializeOnLoad (0ms)
			EditorAssembliesLoaded (0ms)
		ExecutionOrderSort2 (0ms)
		AwakeInstancesAfterBackupRestoration (0ms)
========================================================================
Worker process is ready to serve import requests
Import Worker Mode flag is 0x00
Begin MonoManager ReloadAssembly
- Loaded All Assemblies, in  1.011 seconds
Refreshing native plugins compatible for Editor in 2.26 ms, found 4 plugins.
Native extension for iOS target not found
Native extension for Android target not found
Native extension for WindowsStandalone target not found
Native extension for WebGL target not found
Mono: successfully reloaded assembly
- Finished resetting the current domain, in  0.911 seconds
Domain Reload Profiling: 1918ms
	BeginReloadAssembly (192ms)
		ExecutionOrderSort (0ms)
		DisableScriptedObjects (7ms)
		BackupInstance (0ms)
		ReleaseScriptingObjects (0ms)
		CreateAndSetChildDomain (42ms)
	RebuildCommonClasses (37ms)
	RebuildNativeTypeToScriptingClass (11ms)
	initialDomainReloadingComplete (34ms)
	LoadAllAssembliesAndSetupDomain (733ms)
		LoadAssemblies (477ms)
		RebuildTransferFunctionScriptingTraits (0ms)
		AnalyzeDomain (357ms)
			TypeCache.Refresh (280ms)
				TypeCache.ScanAssembly (260ms)
			BuildScriptInfoCaches (65ms)
			ResolveRequiredComponents (9ms)
	FinalizeReload (911ms)
		ReleaseScriptCaches (0ms)
		RebuildScriptCaches (0ms)
		SetupLoadedEditorAssemblies (710ms)
			LogAssemblyErrors (0ms)
			InitializePlatformSupportModulesInManaged (17ms)
			SetLoadedEditorAssemblies (4ms)
			BeforeProcessingInitializeOnLoad (135ms)
			ProcessInitializeOnLoadAttributes (422ms)
			ProcessInitializeOnLoadMethodAttributes (129ms)
			AfterProcessingInitializeOnLoad (4ms)
			EditorAssembliesLoaded (0ms)
		ExecutionOrderSort2 (0ms)
		AwakeInstancesAfterBackupRestoration (7ms)
Launched and connected shader compiler UnityShaderCompiler.exe after 0.01 seconds
Refreshing native plugins compatible for Editor in 2.40 ms, found 4 plugins.
Preloading 0 native plugins for Editor in 0.00 ms.
Unloading 206 Unused Serialized files (Serialized files now loaded: 0)
Unloading 6691 unused Assets / (7.4 MB). Loaded Objects now: 7339.
Memory consumption went from 175.5 MB to 168.1 MB.
Total: 14.291600 ms (FindLiveObjects: 0.960900 ms CreateObjectMapping: 1.249200 ms MarkObjects: 5.947100 ms  DeleteObjects: 6.132700 ms)

========================================================================
Received Import Request.
  Time since last request: 7845.072387 seconds.
  path: Assets/Stylized 2D Space Shooter - Free/Sprites/Small/Enemy_1_B_Small.png
  artifactKey: Guid(369dbfe3e5502ca4f8aabfef2bb34f74) Importer(815301076,1909f56bfc062723c751e8b465ee728b)
Start importing Assets/Stylized 2D Space Shooter - Free/Sprites/Small/Enemy_1_B_Small.png using Guid(369dbfe3e5502ca4f8aabfef2bb34f74) Importer(815301076,1909f56bfc062723c751e8b465ee728b) (PreviewImporter) -> (artifact id: '628c860a0daf026b28eb0c97791c5a7e') in 0.1189343 seconds
Number of updated asset objects reloaded before import = 0Number of asset objects unloaded after import = 3

========================================================================
Received Import Request.
  Time since last request: 0.000029 seconds.
  path: Assets/Stylized 2D Space Shooter - Free/Sprites/Small/Enemy_2_B_Small.png
  artifactKey: Guid(1e06a1a2503f8d74d942d37110d27fa3) Importer(815301076,1909f56bfc062723c751e8b465ee728b)
Start importing Assets/Stylized 2D Space Shooter - Free/Sprites/Small/Enemy_2_B_Small.png using Guid(1e06a1a2503f8d74d942d37110d27fa3) Importer(815301076,1909f56bfc062723c751e8b465ee728b) (PreviewImporter) -> (artifact id: '18efdd07c85b4efca9e70b64e7f7d363') in 0.0117057 seconds
Number of updated asset objects reloaded before import = 0Number of asset objects unloaded after import = 3

========================================================================
Received Import Request.
  Time since last request: 0.000027 seconds.
  path: Assets/Stylized 2D Space Shooter - Free/Sprites/Small/Pickup_2_A_Small.png
  artifactKey: Guid(1abe8ae65a220ac4ba321f2df3c4d95e) Importer(815301076,1909f56bfc062723c751e8b465ee728b)
Start importing Assets/Stylized 2D Space Shooter - Free/Sprites/Small/Pickup_2_A_Small.png using Guid(1abe8ae65a220ac4ba321f2df3c4d95e) Importer(815301076,1909f56bfc062723c751e8b465ee728b) (PreviewImporter) -> (artifact id: '517125002bd6efe707b6e67b812ccee7') in 0.0106958 seconds
Number of updated asset objects reloaded before import = 0Number of asset objects unloaded after import = 3

========================================================================
Received Import Request.
  Time since last request: 0.000019 seconds.
  path: Assets/Stylized 2D Space Shooter - Free/Sprites/Small/Pickup_2_B_Small.png
  artifactKey: Guid(f51cb54383d3ca541b77d56452c3e327) Importer(815301076,1909f56bfc062723c751e8b465ee728b)
Start importing Assets/Stylized 2D Space Shooter - Free/Sprites/Small/Pickup_2_B_Small.png using Guid(f51cb54383d3ca541b77d56452c3e327) Importer(815301076,1909f56bfc062723c751e8b465ee728b) (PreviewImporter) -> (artifact id: 'e5f99ef91c6e83d2576b25d1926f90d2') in 0.0079441 seconds
Number of updated asset objects reloaded before import = 0Number of asset objects unloaded after import = 3

========================================================================
Received Import Request.
  Time since last request: 0.000021 seconds.
  path: Assets/Stylized 2D Space Shooter - Free/Sprites/Small/Enemy_4_A_Small.png
  artifactKey: Guid(8658726918f0f1c40a7c47bdaea61ef0) Importer(815301076,1909f56bfc062723c751e8b465ee728b)
Start importing Assets/Stylized 2D Space Shooter - Free/Sprites/Small/Enemy_4_A_Small.png using Guid(8658726918f0f1c40a7c47bdaea61ef0) Importer(815301076,1909f56bfc062723c751e8b465ee728b) (PreviewImporter) -> (artifact id: 'b8b1bcde220c05c94b0a4b8c68792fd0') in 0.0121784 seconds
Number of updated asset objects reloaded before import = 0Number of asset objects unloaded after import = 3

========================================================================
Received Import Request.
  Time since last request: 0.000015 seconds.
  path: Assets/Stylized 2D Space Shooter - Free/Sprites/Small/Enemy_3_A_Small.png
  artifactKey: Guid(f8f5d0edf47947547b0b75388f5d204c) Importer(815301076,1909f56bfc062723c751e8b465ee728b)
Start importing Assets/Stylized 2D Space Shooter - Free/Sprites/Small/Enemy_3_A_Small.png using Guid(f8f5d0edf47947547b0b75388f5d204c) Importer(815301076,1909f56bfc062723c751e8b465ee728b) (PreviewImporter) -> (artifact id: '540220518a256c7410af0ad3d424ddb5') in 0.0096116 seconds
Number of updated asset objects reloaded before import = 0Number of asset objects unloaded after import = 3

========================================================================
Received Import Request.
  Time since last request: 0.000021 seconds.
  path: Assets/Stylized 2D Space Shooter - Free/Sprites/Small/Enemy_4_C_Small.png
  artifactKey: Guid(16c7da5015bcd84418738db4a2ef0bb7) Importer(815301076,1909f56bfc062723c751e8b465ee728b)
Start importing Assets/Stylized 2D Space Shooter - Free/Sprites/Small/Enemy_4_C_Small.png using Guid(16c7da5015bcd84418738db4a2ef0bb7) Importer(815301076,1909f56bfc062723c751e8b465ee728b) (PreviewImporter) -> (artifact id: 'f6696965f29610869c0fd68deb3215c7') in 0.0119374 seconds
Number of updated asset objects reloaded before import = 0Number of asset objects unloaded after import = 3

========================================================================
Received Import Request.
  Time since last request: 0.000016 seconds.
  path: Assets/Stylized 2D Space Shooter - Free/Sprites/Small/Ship_2_B_Small.png
  artifactKey: Guid(113783b27ec57644c8546e829cd217ad) Importer(815301076,1909f56bfc062723c751e8b465ee728b)
Start importing Assets/Stylized 2D Space Shooter - Free/Sprites/Small/Ship_2_B_Small.png using Guid(113783b27ec57644c8546e829cd217ad) Importer(815301076,1909f56bfc062723c751e8b465ee728b) (PreviewImporter) -> (artifact id: 'fd94849ca38f09d2c215bf8a2ab258fb') in 0.0120318 seconds
Number of updated asset objects reloaded before import = 0Number of asset objects unloaded after import = 3

Editor requested this worker to shutdown with reason: Scaling down because of idle timeout
AssetImportWorker is now disconnected from the server
Process exiting
Exiting without the bug reporter. Application will terminate with return code 0