Using pre-set license
Built from '6000.0/staging' branch; Version is '6000.0.41f1 (46e447368a18) revision 4645959'; Using compiler version '193933523'; Build Type 'Release'
OS: 'Windows 11  (10.0.22631) 64bit Professional' Language: 'ja' Physical Memory: 32440 MB
BatchMode: 1, IsHumanControllingUs: 0, StartBugReporterOnCrash: 0, Is64bit: 1, IsPro: 1

COMMAND LINE ARGUMENTS:
C:\Program Files\Unity\Hub\Editor\6000.0.41f1\Editor\Unity.exe
-adb2
-batchMode
-noUpm
-name
AssetImportWorker13
-projectPath
C:/Users/ktc/Desktop/WedPersonal/Monochrome
-logFile
Logs/AssetImportWorker13.log
-srvPort
52671
-job-worker-count
7
-background-job-worker-count
8
-gc-helper-count
1
Successfully changed project path to: C:/Users/ktc/Desktop/WedPersonal/Monochrome
C:/Users/ktc/Desktop/WedPersonal/Monochrome
[UnityMemory] Configuration Parameters - Can be set up in boot.config
    "memorysetup-bucket-allocator-granularity=16"
    "memorysetup-bucket-allocator-bucket-count=8"
    "memorysetup-bucket-allocator-block-size=33554432"
    "memorysetup-bucket-allocator-block-count=8"
    "memorysetup-main-allocator-block-size=16777216"
    "memorysetup-thread-allocator-block-size=16777216"
    "memorysetup-gfx-main-allocator-block-size=16777216"
    "memorysetup-gfx-thread-allocator-block-size=16777216"
    "memorysetup-cache-allocator-block-size=4194304"
    "memorysetup-typetree-allocator-block-size=2097152"
    "memorysetup-profiler-bucket-allocator-granularity=16"
    "memorysetup-profiler-bucket-allocator-bucket-count=8"
    "memorysetup-profiler-bucket-allocator-block-size=33554432"
    "memorysetup-profiler-bucket-allocator-block-count=8"
    "memorysetup-profiler-allocator-block-size=16777216"
    "memorysetup-profiler-editor-allocator-block-size=1048576"
    "memorysetup-temp-allocator-size-main=16777216"
    "memorysetup-job-temp-allocator-block-size=2097152"
    "memorysetup-job-temp-allocator-block-size-background=1048576"
    "memorysetup-job-temp-allocator-reduction-small-platforms=262144"
    "memorysetup-allocator-temp-initial-block-size-main=262144"
    "memorysetup-allocator-temp-initial-block-size-worker=262144"
    "memorysetup-temp-allocator-size-background-worker=32768"
    "memorysetup-temp-allocator-size-job-worker=262144"
    "memorysetup-temp-allocator-size-preload-manager=33554432"
    "memorysetup-temp-allocator-size-nav-mesh-worker=65536"
    "memorysetup-temp-allocator-size-audio-worker=65536"
    "memorysetup-temp-allocator-size-cloud-worker=32768"
    "memorysetup-temp-allocator-size-gi-baking-worker=262144"
    "memorysetup-temp-allocator-size-gi-baking-worker=262144"
    "memorysetup-temp-allocator-size-gi-baking-worker=262144"
    "memorysetup-temp-allocator-size-gi-baking-worker=262144"
    "memorysetup-temp-allocator-size-gi-baking-worker=262144"
    "memorysetup-temp-allocator-size-gfx=262144"
Player connection [29364]  Target information:

Player connection [29364]  * "[IP] 172.22.90.104 [Port] 0 [Flags] 2 [Guid] 3429120123 [EditorId] 3429120123 [Version] 1048832 [Id] WindowsEditor(7,604-19) [Debug] 1 [PackageName] WindowsEditor [ProjectName] Editor" 

Player connection [29364]  * "[IP] 172.19.176.1 [Port] 0 [Flags] 2 [Guid] 3429120123 [EditorId] 3429120123 [Version] 1048832 [Id] WindowsEditor(7,604-19) [Debug] 1 [PackageName] WindowsEditor [ProjectName] Editor" 

Player connection [29364]  * "[IP] 192.168.217.1 [Port] 0 [Flags] 2 [Guid] 3429120123 [EditorId] 3429120123 [Version] 1048832 [Id] WindowsEditor(7,604-19) [Debug] 1 [PackageName] WindowsEditor [ProjectName] Editor" 

Player connection [29364]  * "[IP] 192.168.172.1 [Port] 0 [Flags] 2 [Guid] 3429120123 [EditorId] 3429120123 [Version] 1048832 [Id] WindowsEditor(7,604-19) [Debug] 1 [PackageName] WindowsEditor [ProjectName] Editor" 

Player connection [29364]  * "[IP] 192.168.56.1 [Port] 0 [Flags] 2 [Guid] 3429120123 [EditorId] 3429120123 [Version] 1048832 [Id] WindowsEditor(7,604-19) [Debug] 1 [PackageName] WindowsEditor [ProjectName] Editor" 

Player connection [29364] Host joined multi-casting on [225.0.0.222:54997]...
Player connection [29364] Host joined alternative multi-casting on [225.0.0.222:34997]...
JobSystem: Creating JobQueue using job-worker-count value 7
Input System module state changed to: Initialized.
[Physics::Module] Initialized fallback backend.
[Physics::Module] Id: 0xdecafbad
Library Redirect Path: Library/
[Physics::Module] Selected backend.
[Physics::Module] Name: PhysX
[Physics::Module] Id: 0xf2b8ea05
[Physics::Module] SDK Version: 4.1.2
[Physics::Module] Integration Version: 1.0.0
[Physics::Module] Threading Mode: Multi-Threaded
Refreshing native plugins compatible for Editor in 2.24 ms, found 4 plugins.
Preloading 0 native plugins for Editor in 0.00 ms.
Initialize engine version: 6000.0.41f1 (46e447368a18)
[Subsystems] Discovering subsystems at path C:/Program Files/Unity/Hub/Editor/6000.0.41f1/Editor/Data/Resources/UnitySubsystems
[Subsystems] Discovering subsystems at path C:/Users/ktc/Desktop/WedPersonal/Monochrome/Assets
GfxDevice: creating device client; kGfxThreadingModeNonThreaded
Direct3D:
    Version:  Direct3D 11.0 [level 11.1]
    Renderer: NVIDIA GeForce RTX 3070 (ID=0x2484)
    Vendor:   NVIDIA
    VRAM:     8018 MB
    Driver:   32.0.15.6624
Initialize mono
Mono path[0] = 'C:/Program Files/Unity/Hub/Editor/6000.0.41f1/Editor/Data/Managed'
Mono path[1] = 'C:/Program Files/Unity/Hub/Editor/6000.0.41f1/Editor/Data/MonoBleedingEdge/lib/mono/unityjit-win32'
Mono config path = 'C:/Program Files/Unity/Hub/Editor/6000.0.41f1/Editor/Data/MonoBleedingEdge/etc'
Using monoOptions --debugger-agent=transport=dt_socket,embedding=1,server=y,suspend=n,address=127.0.0.1:56184
Begin MonoManager ReloadAssembly
Registering precompiled unity dll's ...
Register platform support module: C:/Program Files/Unity/Hub/Editor/6000.0.41f1/Editor/Data/PlaybackEngines/WebGLSupport/UnityEditor.WebGL.Extensions.dll
Register platform support module: C:/Program Files/Unity/Hub/Editor/6000.0.41f1/Editor/Data/PlaybackEngines/WindowsStandaloneSupport/UnityEditor.WindowsStandalone.Extensions.dll
Register platform support module: C:/Program Files/Unity/Hub/Editor/6000.0.41f1/Editor/Data/PlaybackEngines/AndroidPlayer/UnityEditor.Android.Extensions.dll
Register platform support module: C:/Program Files/Unity/Hub/Editor/6000.0.41f1/Editor/Data/PlaybackEngines/iOSSupport/UnityEditor.iOS.Extensions.dll
Registered in 0.004729 seconds.
- Loaded All Assemblies, in  0.487 seconds
[usbmuxd] Start listen thread
[usbmuxd] Listen thread started
Native extension for iOS target not found
Native extension for Android target not found
Android Extension - Scanning For ADB Devices 344 ms
Native extension for WindowsStandalone target not found
Native extension for WebGL target not found
Mono: successfully reloaded assembly
- Finished resetting the current domain, in  0.802 seconds
Domain Reload Profiling: 1286ms
	BeginReloadAssembly (154ms)
		ExecutionOrderSort (0ms)
		DisableScriptedObjects (0ms)
		BackupInstance (0ms)
		ReleaseScriptingObjects (0ms)
		CreateAndSetChildDomain (1ms)
	RebuildCommonClasses (58ms)
	RebuildNativeTypeToScriptingClass (13ms)
	initialDomainReloadingComplete (51ms)
	LoadAllAssembliesAndSetupDomain (208ms)
		LoadAssemblies (153ms)
		RebuildTransferFunctionScriptingTraits (0ms)
		AnalyzeDomain (203ms)
			TypeCache.Refresh (202ms)
				TypeCache.ScanAssembly (185ms)
			BuildScriptInfoCaches (0ms)
			ResolveRequiredComponents (0ms)
	FinalizeReload (802ms)
		ReleaseScriptCaches (0ms)
		RebuildScriptCaches (0ms)
		SetupLoadedEditorAssemblies (745ms)
			LogAssemblyErrors (0ms)
			InitializePlatformSupportModulesInManaged (449ms)
			SetLoadedEditorAssemblies (5ms)
			BeforeProcessingInitializeOnLoad (66ms)
			ProcessInitializeOnLoadAttributes (154ms)
			ProcessInitializeOnLoadMethodAttributes (70ms)
			AfterProcessingInitializeOnLoad (0ms)
			EditorAssembliesLoaded (0ms)
		ExecutionOrderSort2 (0ms)
		AwakeInstancesAfterBackupRestoration (0ms)
========================================================================
Worker process is ready to serve import requests
Import Worker Mode flag is 0x00
Begin MonoManager ReloadAssembly
- Loaded All Assemblies, in  0.728 seconds
Refreshing native plugins compatible for Editor in 2.24 ms, found 4 plugins.
Native extension for iOS target not found
Native extension for Android target not found
Native extension for WindowsStandalone target not found
Native extension for WebGL target not found
Mono: successfully reloaded assembly
- Finished resetting the current domain, in  0.747 seconds
Domain Reload Profiling: 1472ms
	BeginReloadAssembly (156ms)
		ExecutionOrderSort (0ms)
		DisableScriptedObjects (5ms)
		BackupInstance (0ms)
		ReleaseScriptingObjects (0ms)
		CreateAndSetChildDomain (30ms)
	RebuildCommonClasses (30ms)
	RebuildNativeTypeToScriptingClass (12ms)
	initialDomainReloadingComplete (34ms)
	LoadAllAssembliesAndSetupDomain (491ms)
		LoadAssemblies (330ms)
		RebuildTransferFunctionScriptingTraits (0ms)
		AnalyzeDomain (251ms)
			TypeCache.Refresh (186ms)
				TypeCache.ScanAssembly (170ms)
			BuildScriptInfoCaches (52ms)
			ResolveRequiredComponents (9ms)
	FinalizeReload (748ms)
		ReleaseScriptCaches (0ms)
		RebuildScriptCaches (0ms)
		SetupLoadedEditorAssemblies (605ms)
			LogAssemblyErrors (0ms)
			InitializePlatformSupportModulesInManaged (17ms)
			SetLoadedEditorAssemblies (3ms)
			BeforeProcessingInitializeOnLoad (100ms)
			ProcessInitializeOnLoadAttributes (375ms)
			ProcessInitializeOnLoadMethodAttributes (106ms)
			AfterProcessingInitializeOnLoad (4ms)
			EditorAssembliesLoaded (0ms)
		ExecutionOrderSort2 (0ms)
		AwakeInstancesAfterBackupRestoration (6ms)
Launched and connected shader compiler UnityShaderCompiler.exe after 0.02 seconds
Refreshing native plugins compatible for Editor in 1.42 ms, found 4 plugins.
Preloading 0 native plugins for Editor in 0.00 ms.
Unloading 206 Unused Serialized files (Serialized files now loaded: 0)
Unloading 6691 unused Assets / (6.9 MB). Loaded Objects now: 7339.
Memory consumption went from 175.4 MB to 168.5 MB.
Total: 8.515100 ms (FindLiveObjects: 0.661100 ms CreateObjectMapping: 0.617200 ms MarkObjects: 4.309000 ms  DeleteObjects: 2.926700 ms)

========================================================================
Received Import Request.
  Time since last request: 7716.521970 seconds.
  path: Assets/HiRezSpaceshipsCreatorFree/Prefabs/ExamplesNoInterior/Example2NoInterior_Grey.prefab
  artifactKey: Guid(2dd421233b21bfb47aac86017eaa5283) Importer(815301076,1909f56bfc062723c751e8b465ee728b)
Start importing Assets/HiRezSpaceshipsCreatorFree/Prefabs/ExamplesNoInterior/Example2NoInterior_Grey.prefab using Guid(2dd421233b21bfb47aac86017eaa5283) Importer(815301076,1909f56bfc062723c751e8b465ee728b) (PreviewImporter) -> (artifact id: '2d52d6f676d21518a627451f890a071e') in 0.775937 seconds
Number of updated asset objects reloaded before import = 0Number of asset objects unloaded after import = 409

========================================================================
Received Import Request.
  Time since last request: 0.503695 seconds.
  path: Assets/HiRezSpaceshipsCreatorFree/Prefabs/Modules/Cockpit3_WithInterior.prefab
  artifactKey: Guid(54e1b562c3fea284f8a0ec8cdc70057c) Importer(815301076,1909f56bfc062723c751e8b465ee728b)
Start importing Assets/HiRezSpaceshipsCreatorFree/Prefabs/Modules/Cockpit3_WithInterior.prefab using Guid(54e1b562c3fea284f8a0ec8cdc70057c) Importer(815301076,1909f56bfc062723c751e8b465ee728b) (PreviewImporter) -> (artifact id: '289bf9339811198493c6847e301af8f4') in 0.1388692 seconds
Number of updated asset objects reloaded before import = 0Number of asset objects unloaded after import = 297

========================================================================
Received Import Request.
  Time since last request: 0.000048 seconds.
  path: Assets/HiRezSpaceshipsCreatorFree/Prefabs/Modules/Wing2.prefab
  artifactKey: Guid(ebec0dbd42c377149abd20c9507cb70f) Importer(815301076,1909f56bfc062723c751e8b465ee728b)
Start importing Assets/HiRezSpaceshipsCreatorFree/Prefabs/Modules/Wing2.prefab using Guid(ebec0dbd42c377149abd20c9507cb70f) Importer(815301076,1909f56bfc062723c751e8b465ee728b) (PreviewImporter) -> (artifact id: '0a11147e479703e501cb5ce3da6b32f3') in 0.022283 seconds
Number of updated asset objects reloaded before import = 0Number of asset objects unloaded after import = 16

========================================================================
Received Import Request.
  Time since last request: 0.000055 seconds.
  path: Assets/HiRezSpaceshipsCreatorFree/Prefabs/Modules/Cockpit3_WithoutInterior.prefab
  artifactKey: Guid(9e7f9a051631c1c4c8eaa31eb406ff68) Importer(815301076,1909f56bfc062723c751e8b465ee728b)
Start importing Assets/HiRezSpaceshipsCreatorFree/Prefabs/Modules/Cockpit3_WithoutInterior.prefab using Guid(9e7f9a051631c1c4c8eaa31eb406ff68) Importer(815301076,1909f56bfc062723c751e8b465ee728b) (PreviewImporter) -> (artifact id: 'f1db67e41a58816959f93653cc57f8b8') in 0.0184694 seconds
Number of updated asset objects reloaded before import = 0Number of asset objects unloaded after import = 20

========================================================================
Received Import Request.
  Time since last request: 3.966216 seconds.
  path: Assets/HiRezSpaceshipsCreatorFree/Materials/Cockpits/CockpitEquipments/CockpitsEquipments.mat
  artifactKey: Guid(afcddc5880b41ed46995d9315d181ead) Importer(815301076,1909f56bfc062723c751e8b465ee728b)
Start importing Assets/HiRezSpaceshipsCreatorFree/Materials/Cockpits/CockpitEquipments/CockpitsEquipments.mat using Guid(afcddc5880b41ed46995d9315d181ead) Importer(815301076,1909f56bfc062723c751e8b465ee728b) (PreviewImporter) -> (artifact id: '9c30ab59f130cb4a526273d0a2a8442e') in 0.0371146 seconds
Number of updated asset objects reloaded before import = 0Number of asset objects unloaded after import = 4

========================================================================
Received Import Request.
  Time since last request: 118.120176 seconds.
  path: Assets/Stylized 2D Space Shooter - Free/Sprites/Large/Boss_1_B_Large.png
  artifactKey: Guid(63667f7b2aa0c674aaf673daefa70015) Importer(815301076,1909f56bfc062723c751e8b465ee728b)
Start importing Assets/Stylized 2D Space Shooter - Free/Sprites/Large/Boss_1_B_Large.png using Guid(63667f7b2aa0c674aaf673daefa70015) Importer(815301076,1909f56bfc062723c751e8b465ee728b) (PreviewImporter) -> (artifact id: 'bb94459723109becab52bc2defed54f1') in 0.0378755 seconds
Number of updated asset objects reloaded before import = 0Number of asset objects unloaded after import = 3

========================================================================
Received Import Request.
  Time since last request: 0.000042 seconds.
  path: Assets/Stylized 2D Space Shooter - Free/Sprites/Large/Enemy_1_A_Large.png
  artifactKey: Guid(c303b55f7e8d4b949ab6723782b00e2c) Importer(815301076,1909f56bfc062723c751e8b465ee728b)
Start importing Assets/Stylized 2D Space Shooter - Free/Sprites/Large/Enemy_1_A_Large.png using Guid(c303b55f7e8d4b949ab6723782b00e2c) Importer(815301076,1909f56bfc062723c751e8b465ee728b) (PreviewImporter) -> (artifact id: '6abf3a88b43c42bc93d7565b5c14aa69') in 0.0161032 seconds
Number of updated asset objects reloaded before import = 0Number of asset objects unloaded after import = 3

========================================================================
Received Import Request.
  Time since last request: 0.000045 seconds.
  path: Assets/Stylized 2D Space Shooter - Free/Sprites/Large/Missile_D_Large.png
  artifactKey: Guid(1229edb283915954aa1f1a3fe7dd27a3) Importer(815301076,1909f56bfc062723c751e8b465ee728b)
Start importing Assets/Stylized 2D Space Shooter - Free/Sprites/Large/Missile_D_Large.png using Guid(1229edb283915954aa1f1a3fe7dd27a3) Importer(815301076,1909f56bfc062723c751e8b465ee728b) (PreviewImporter) -> (artifact id: '51da6414582045e931158963efdde387') in 0.0137559 seconds
Number of updated asset objects reloaded before import = 0Number of asset objects unloaded after import = 3

========================================================================
Received Import Request.
  Time since last request: 0.000039 seconds.
  path: Assets/Stylized 2D Space Shooter - Free/Sprites/Large/Pickup_3_C_Large.png
  artifactKey: Guid(626fa3220ae22884aab267983a9be19d) Importer(815301076,1909f56bfc062723c751e8b465ee728b)
Start importing Assets/Stylized 2D Space Shooter - Free/Sprites/Large/Pickup_3_C_Large.png using Guid(626fa3220ae22884aab267983a9be19d) Importer(815301076,1909f56bfc062723c751e8b465ee728b) (PreviewImporter) -> (artifact id: '30c70cc80ee9586fa77f99ceb2def765') in 0.0134118 seconds
Number of updated asset objects reloaded before import = 0Number of asset objects unloaded after import = 3

========================================================================
Received Import Request.
  Time since last request: 0.000022 seconds.
  path: Assets/Stylized 2D Space Shooter - Free/Sprites/Large/Pickup_3_B_Large.png
  artifactKey: Guid(4fe1f3e118eda5f41b6b616b84eaeaf7) Importer(815301076,1909f56bfc062723c751e8b465ee728b)
Start importing Assets/Stylized 2D Space Shooter - Free/Sprites/Large/Pickup_3_B_Large.png using Guid(4fe1f3e118eda5f41b6b616b84eaeaf7) Importer(815301076,1909f56bfc062723c751e8b465ee728b) (PreviewImporter) -> (artifact id: 'aee1ff0f2cd777863a3278e0c011a886') in 0.0144359 seconds
Number of updated asset objects reloaded before import = 0Number of asset objects unloaded after import = 3

========================================================================
Received Import Request.
  Time since last request: 0.000021 seconds.
  path: Assets/Stylized 2D Space Shooter - Free/Sprites/Large/Enemy_4_D_Large.png
  artifactKey: Guid(97bb202e8bb99474bb55c7f220de4df0) Importer(815301076,1909f56bfc062723c751e8b465ee728b)
Start importing Assets/Stylized 2D Space Shooter - Free/Sprites/Large/Enemy_4_D_Large.png using Guid(97bb202e8bb99474bb55c7f220de4df0) Importer(815301076,1909f56bfc062723c751e8b465ee728b) (PreviewImporter) -> (artifact id: '4a56a055f7649d0f3dbd205f7124792b') in 0.016034 seconds
Number of updated asset objects reloaded before import = 0Number of asset objects unloaded after import = 3

========================================================================
Received Import Request.
  Time since last request: 0.000025 seconds.
  path: Assets/Stylized 2D Space Shooter - Free/Sprites/Large/Enemy_2_A_Large.png
  artifactKey: Guid(a18d1f268d794524e82e8b4f4e4c5496) Importer(815301076,1909f56bfc062723c751e8b465ee728b)
Start importing Assets/Stylized 2D Space Shooter - Free/Sprites/Large/Enemy_2_A_Large.png using Guid(a18d1f268d794524e82e8b4f4e4c5496) Importer(815301076,1909f56bfc062723c751e8b465ee728b) (PreviewImporter) -> (artifact id: 'f0cc6eb7381cdad49a9487aba1b9f93f') in 0.0131753 seconds
Number of updated asset objects reloaded before import = 0Number of asset objects unloaded after import = 3

========================================================================
Received Import Request.
  Time since last request: 0.000024 seconds.
  path: Assets/Stylized 2D Space Shooter - Free/Sprites/Large/Pickup_2_A_Large.png
  artifactKey: Guid(9c8b5c8e98753e849b72e27b6dddb0d9) Importer(815301076,1909f56bfc062723c751e8b465ee728b)
Start importing Assets/Stylized 2D Space Shooter - Free/Sprites/Large/Pickup_2_A_Large.png using Guid(9c8b5c8e98753e849b72e27b6dddb0d9) Importer(815301076,1909f56bfc062723c751e8b465ee728b) (PreviewImporter) -> (artifact id: '1ba84e61a69721d7aecbf205e5655c3e') in 0.0163205 seconds
Number of updated asset objects reloaded before import = 0Number of asset objects unloaded after import = 3

========================================================================
Received Import Request.
  Time since last request: 0.000028 seconds.
  path: Assets/Stylized 2D Space Shooter - Free/Sprites/Large/Ship_2_D_Large.png
  artifactKey: Guid(ddd8b31ac29fcf74aa0532d89a98472d) Importer(815301076,1909f56bfc062723c751e8b465ee728b)
Start importing Assets/Stylized 2D Space Shooter - Free/Sprites/Large/Ship_2_D_Large.png using Guid(ddd8b31ac29fcf74aa0532d89a98472d) Importer(815301076,1909f56bfc062723c751e8b465ee728b) (PreviewImporter) -> (artifact id: 'a45005abc1f7afde5ec808910d0a3e49') in 0.0219188 seconds
Number of updated asset objects reloaded before import = 0Number of asset objects unloaded after import = 3

========================================================================
Received Import Request.
  Time since last request: 0.000052 seconds.
  path: Assets/Stylized 2D Space Shooter - Free/Sprites/Large/Ship_2_B_Large.png
  artifactKey: Guid(708c8d0522a3ead44a2eee1fade3011a) Importer(815301076,1909f56bfc062723c751e8b465ee728b)
Start importing Assets/Stylized 2D Space Shooter - Free/Sprites/Large/Ship_2_B_Large.png using Guid(708c8d0522a3ead44a2eee1fade3011a) Importer(815301076,1909f56bfc062723c751e8b465ee728b) (PreviewImporter) -> (artifact id: 'cc5ae9550aeab74a8188bd8d7a321d23') in 0.010323 seconds
Number of updated asset objects reloaded before import = 0Number of asset objects unloaded after import = 3

========================================================================
Received Import Request.
  Time since last request: 0.000029 seconds.
  path: Assets/Stylized 2D Space Shooter - Free/Sprites/Large/Pickup_2_D_Large.png
  artifactKey: Guid(2df2d1cad1c501a43b021eec60f0b0e8) Importer(815301076,1909f56bfc062723c751e8b465ee728b)
Start importing Assets/Stylized 2D Space Shooter - Free/Sprites/Large/Pickup_2_D_Large.png using Guid(2df2d1cad1c501a43b021eec60f0b0e8) Importer(815301076,1909f56bfc062723c751e8b465ee728b) (PreviewImporter) -> (artifact id: 'f714cd0ed08f2e3d485684b1896b511a') in 0.0108019 seconds
Number of updated asset objects reloaded before import = 0Number of asset objects unloaded after import = 3

========================================================================
Received Import Request.
  Time since last request: 0.000029 seconds.
  path: Assets/Stylized 2D Space Shooter - Free/Sprites/Large/Ship_2_C_Large.png
  artifactKey: Guid(8361dad9fb14b034892e971b5aec79bb) Importer(815301076,1909f56bfc062723c751e8b465ee728b)
Start importing Assets/Stylized 2D Space Shooter - Free/Sprites/Large/Ship_2_C_Large.png using Guid(8361dad9fb14b034892e971b5aec79bb) Importer(815301076,1909f56bfc062723c751e8b465ee728b) (PreviewImporter) -> (artifact id: 'e01e7aacb1eb69028fa1a946d8669c52') in 0.0115181 seconds
Number of updated asset objects reloaded before import = 0Number of asset objects unloaded after import = 3

========================================================================
Received Import Request.
  Time since last request: 0.000029 seconds.
  path: Assets/Stylized 2D Space Shooter - Free/Sprites/Large/Enemy_1_C_Large.png
  artifactKey: Guid(c2e5154a3e65acc4ca197c4260cc07c0) Importer(815301076,1909f56bfc062723c751e8b465ee728b)
Start importing Assets/Stylized 2D Space Shooter - Free/Sprites/Large/Enemy_1_C_Large.png using Guid(c2e5154a3e65acc4ca197c4260cc07c0) Importer(815301076,1909f56bfc062723c751e8b465ee728b) (PreviewImporter) -> (artifact id: '1996723db08b6561b91c0122116fdfca') in 0.0113416 seconds
Number of updated asset objects reloaded before import = 0Number of asset objects unloaded after import = 3

========================================================================
Received Import Request.
  Time since last request: 0.000025 seconds.
  path: Assets/Stylized 2D Space Shooter - Free/Sprites/Large/Missile_A_Large.png
  artifactKey: Guid(7c318ac38eb0c9742a5cdf35c5f6d959) Importer(815301076,1909f56bfc062723c751e8b465ee728b)
Start importing Assets/Stylized 2D Space Shooter - Free/Sprites/Large/Missile_A_Large.png using Guid(7c318ac38eb0c9742a5cdf35c5f6d959) Importer(815301076,1909f56bfc062723c751e8b465ee728b) (PreviewImporter) -> (artifact id: '958a2cb804435130de86ccce7a79b1cc') in 0.0131192 seconds
Number of updated asset objects reloaded before import = 0Number of asset objects unloaded after import = 3

========================================================================
Received Import Request.
  Time since last request: 0.000029 seconds.
  path: Assets/Stylized 2D Space Shooter - Free/Sprites/Large/Pickup_2_B_Large.png
  artifactKey: Guid(29aaf157d0fb8e44583a5609bd51a296) Importer(815301076,1909f56bfc062723c751e8b465ee728b)
Start importing Assets/Stylized 2D Space Shooter - Free/Sprites/Large/Pickup_2_B_Large.png using Guid(29aaf157d0fb8e44583a5609bd51a296) Importer(815301076,1909f56bfc062723c751e8b465ee728b) (PreviewImporter) -> (artifact id: '5b4d60f5c4befc8633242d54df761ec5') in 0.0112823 seconds
Number of updated asset objects reloaded before import = 0Number of asset objects unloaded after import = 3

========================================================================
Received Import Request.
  Time since last request: 0.000030 seconds.
  path: Assets/Stylized 2D Space Shooter - Free/Sprites/Large/Ship_1_A_Large.png
  artifactKey: Guid(0eac6039300f41144a5d8408fbaeec38) Importer(815301076,1909f56bfc062723c751e8b465ee728b)
Start importing Assets/Stylized 2D Space Shooter - Free/Sprites/Large/Ship_1_A_Large.png using Guid(0eac6039300f41144a5d8408fbaeec38) Importer(815301076,1909f56bfc062723c751e8b465ee728b) (PreviewImporter) -> (artifact id: '3223c72b8e57701092935a9048832065') in 0.011978 seconds
Number of updated asset objects reloaded before import = 0Number of asset objects unloaded after import = 3

========================================================================
Received Import Request.
  Time since last request: 0.000051 seconds.
  path: Assets/Stylized 2D Space Shooter - Free/Sprites/Large/Enemy_4_B_Large.png
  artifactKey: Guid(6e75c22aa8d222d479fd4413e97606b4) Importer(815301076,1909f56bfc062723c751e8b465ee728b)
Start importing Assets/Stylized 2D Space Shooter - Free/Sprites/Large/Enemy_4_B_Large.png using Guid(6e75c22aa8d222d479fd4413e97606b4) Importer(815301076,1909f56bfc062723c751e8b465ee728b) (PreviewImporter) -> (artifact id: '58c6fbd821077ce1c113894a64a77e05') in 0.0104943 seconds
Number of updated asset objects reloaded before import = 0Number of asset objects unloaded after import = 3

========================================================================
Received Import Request.
  Time since last request: 0.000033 seconds.
  path: Assets/Stylized 2D Space Shooter - Free/Sprites/Large/Pickup_1_C_Large.png
  artifactKey: Guid(4246adf94c7f9eb45ba1947c0453fee9) Importer(815301076,1909f56bfc062723c751e8b465ee728b)
Start importing Assets/Stylized 2D Space Shooter - Free/Sprites/Large/Pickup_1_C_Large.png using Guid(4246adf94c7f9eb45ba1947c0453fee9) Importer(815301076,1909f56bfc062723c751e8b465ee728b) (PreviewImporter) -> (artifact id: 'b3d3e895c27fdb292484d75b499770ed') in 0.0098473 seconds
Number of updated asset objects reloaded before import = 0Number of asset objects unloaded after import = 3

========================================================================
Received Import Request.
  Time since last request: 0.000030 seconds.
  path: Assets/Stylized 2D Space Shooter - Free/Sprites/Large/Enemy_4_C_Large.png
  artifactKey: Guid(95c99854c9d758c43953497c4551b877) Importer(815301076,1909f56bfc062723c751e8b465ee728b)
Start importing Assets/Stylized 2D Space Shooter - Free/Sprites/Large/Enemy_4_C_Large.png using Guid(95c99854c9d758c43953497c4551b877) Importer(815301076,1909f56bfc062723c751e8b465ee728b) (PreviewImporter) -> (artifact id: '4d196ae6bee20f187c3b1890be79784f') in 0.0115494 seconds
Number of updated asset objects reloaded before import = 0Number of asset objects unloaded after import = 3

========================================================================
Received Import Request.
  Time since last request: 0.638166 seconds.
  path: Assets/Stylized 2D Space Shooter - Free/Sprites/Large - No light/Boss_1_B_Large_NoLight.png
  artifactKey: Guid(3b0a06734928c024185385e35fbf59a2) Importer(815301076,1909f56bfc062723c751e8b465ee728b)
Start importing Assets/Stylized 2D Space Shooter - Free/Sprites/Large - No light/Boss_1_B_Large_NoLight.png using Guid(3b0a06734928c024185385e35fbf59a2) Importer(815301076,1909f56bfc062723c751e8b465ee728b) (PreviewImporter) -> (artifact id: 'f5245f301e79cafecb5d639f23005a22') in 0.0134599 seconds
Number of updated asset objects reloaded before import = 0Number of asset objects unloaded after import = 3

========================================================================
Received Import Request.
  Time since last request: 0.000032 seconds.
  path: Assets/Stylized 2D Space Shooter - Free/Sprites/Large - No light/Pickup_1_D_Large_NoLight.png
  artifactKey: Guid(9b9adc2b6b66a9a4cbe2ea9d3795e485) Importer(815301076,1909f56bfc062723c751e8b465ee728b)
Start importing Assets/Stylized 2D Space Shooter - Free/Sprites/Large - No light/Pickup_1_D_Large_NoLight.png using Guid(9b9adc2b6b66a9a4cbe2ea9d3795e485) Importer(815301076,1909f56bfc062723c751e8b465ee728b) (PreviewImporter) -> (artifact id: '397331447a4184f81979f5e0d08de53b') in 0.0126569 seconds
Number of updated asset objects reloaded before import = 0Number of asset objects unloaded after import = 3

========================================================================
Received Import Request.
  Time since last request: 0.000029 seconds.
  path: Assets/Stylized 2D Space Shooter - Free/Sprites/Large - No light/Ship_2_D_Large_NoLight.png
  artifactKey: Guid(32a77513ace95b649827916c6923047d) Importer(815301076,1909f56bfc062723c751e8b465ee728b)
Start importing Assets/Stylized 2D Space Shooter - Free/Sprites/Large - No light/Ship_2_D_Large_NoLight.png using Guid(32a77513ace95b649827916c6923047d) Importer(815301076,1909f56bfc062723c751e8b465ee728b) (PreviewImporter) -> (artifact id: 'abaa4099bee6ec70ada5d28564f2bfab') in 0.0107881 seconds
Number of updated asset objects reloaded before import = 0Number of asset objects unloaded after import = 3

========================================================================
Received Import Request.
  Time since last request: 0.000030 seconds.
  path: Assets/Stylized 2D Space Shooter - Free/Sprites/Large - No light/Ship_1_E_Large_NoLight.png
  artifactKey: Guid(9c7a55b117666ea4dbf0c4d36611f35f) Importer(815301076,1909f56bfc062723c751e8b465ee728b)
Start importing Assets/Stylized 2D Space Shooter - Free/Sprites/Large - No light/Ship_1_E_Large_NoLight.png using Guid(9c7a55b117666ea4dbf0c4d36611f35f) Importer(815301076,1909f56bfc062723c751e8b465ee728b) (PreviewImporter) -> (artifact id: 'a806c6b685e6c798d367266f3e6d9b5f') in 0.0273064 seconds
Number of updated asset objects reloaded before import = 0Number of asset objects unloaded after import = 3

========================================================================
Received Import Request.
  Time since last request: 0.000040 seconds.
  path: Assets/Stylized 2D Space Shooter - Free/Sprites/Large - No light/Enemy_1_D_Large_NoLight.png
  artifactKey: Guid(b43b58aef5e0db04da6f373212e08429) Importer(815301076,1909f56bfc062723c751e8b465ee728b)
Start importing Assets/Stylized 2D Space Shooter - Free/Sprites/Large - No light/Enemy_1_D_Large_NoLight.png using Guid(b43b58aef5e0db04da6f373212e08429) Importer(815301076,1909f56bfc062723c751e8b465ee728b) (PreviewImporter) -> (artifact id: '1c1b943938cba02d1ec87d2dd4906aca') in 0.009937 seconds
Number of updated asset objects reloaded before import = 0Number of asset objects unloaded after import = 3

========================================================================
Received Import Request.
  Time since last request: 0.000039 seconds.
  path: Assets/Stylized 2D Space Shooter - Free/Sprites/Large - No light/Pickup_3_A_Large_NoLight.png
  artifactKey: Guid(b7416e0d320fa5f41a839421f28ff801) Importer(815301076,1909f56bfc062723c751e8b465ee728b)
Start importing Assets/Stylized 2D Space Shooter - Free/Sprites/Large - No light/Pickup_3_A_Large_NoLight.png using Guid(b7416e0d320fa5f41a839421f28ff801) Importer(815301076,1909f56bfc062723c751e8b465ee728b) (PreviewImporter) -> (artifact id: '0ce614201f4d99d19dda14c60e8da75c') in 0.0134764 seconds
Number of updated asset objects reloaded before import = 0Number of asset objects unloaded after import = 3

========================================================================
Received Import Request.
  Time since last request: 0.000026 seconds.
  path: Assets/Stylized 2D Space Shooter - Free/Sprites/Large - No light/Enemy_1_B_Large_NoLight.png
  artifactKey: Guid(3ac857fa9a181b84b8d92cb6ba318423) Importer(815301076,1909f56bfc062723c751e8b465ee728b)
Start importing Assets/Stylized 2D Space Shooter - Free/Sprites/Large - No light/Enemy_1_B_Large_NoLight.png using Guid(3ac857fa9a181b84b8d92cb6ba318423) Importer(815301076,1909f56bfc062723c751e8b465ee728b) (PreviewImporter) -> (artifact id: 'efbd40bbd692e4a05757b0047f980839') in 0.0104428 seconds
Number of updated asset objects reloaded before import = 0Number of asset objects unloaded after import = 3

========================================================================
Received Import Request.
  Time since last request: 0.000021 seconds.
  path: Assets/Stylized 2D Space Shooter - Free/Sprites/Large - No light/Pickup_3_E_Large_NoLight.png
  artifactKey: Guid(e11cb1eaac2fcfb47b7e395bf34a45fe) Importer(815301076,1909f56bfc062723c751e8b465ee728b)
Start importing Assets/Stylized 2D Space Shooter - Free/Sprites/Large - No light/Pickup_3_E_Large_NoLight.png using Guid(e11cb1eaac2fcfb47b7e395bf34a45fe) Importer(815301076,1909f56bfc062723c751e8b465ee728b) (PreviewImporter) -> (artifact id: 'b35893151580c557738b295e4d936fe5') in 0.0087571 seconds
Number of updated asset objects reloaded before import = 0Number of asset objects unloaded after import = 3

========================================================================
Received Import Request.
  Time since last request: 0.000028 seconds.
  path: Assets/Stylized 2D Space Shooter - Free/Sprites/Large - No light/Pickup_1_E_Large_NoLight.png
  artifactKey: Guid(e51f0ca4831b3994d9ae6785b1b66daf) Importer(815301076,1909f56bfc062723c751e8b465ee728b)
Start importing Assets/Stylized 2D Space Shooter - Free/Sprites/Large - No light/Pickup_1_E_Large_NoLight.png using Guid(e51f0ca4831b3994d9ae6785b1b66daf) Importer(815301076,1909f56bfc062723c751e8b465ee728b) (PreviewImporter) -> (artifact id: '00ed07a36269a190a1cd41656a28d614') in 0.0085431 seconds
Number of updated asset objects reloaded before import = 0Number of asset objects unloaded after import = 3

========================================================================
Received Import Request.
  Time since last request: 0.000029 seconds.
  path: Assets/Stylized 2D Space Shooter - Free/Sprites/Large - No light/Enemy_4_B_Large_NoLight.png
  artifactKey: Guid(d273aa8b8c44ed6418ac4179fc85d826) Importer(815301076,1909f56bfc062723c751e8b465ee728b)
Start importing Assets/Stylized 2D Space Shooter - Free/Sprites/Large - No light/Enemy_4_B_Large_NoLight.png using Guid(d273aa8b8c44ed6418ac4179fc85d826) Importer(815301076,1909f56bfc062723c751e8b465ee728b) (PreviewImporter) -> (artifact id: '2c2c8286c1bf2f7225b7094563a886cc') in 0.0105013 seconds
Number of updated asset objects reloaded before import = 0Number of asset objects unloaded after import = 3

========================================================================
Received Import Request.
  Time since last request: 0.000031 seconds.
  path: Assets/Stylized 2D Space Shooter - Free/Sprites/Large - No light/Pickup_2_A_Large_NoLight.png
  artifactKey: Guid(b8f70ec83386bcb49a05e07a788a7005) Importer(815301076,1909f56bfc062723c751e8b465ee728b)
Start importing Assets/Stylized 2D Space Shooter - Free/Sprites/Large - No light/Pickup_2_A_Large_NoLight.png using Guid(b8f70ec83386bcb49a05e07a788a7005) Importer(815301076,1909f56bfc062723c751e8b465ee728b) (PreviewImporter) -> (artifact id: 'eacea6c3ff8d15ca0c0af625fad05370') in 0.0086957 seconds
Number of updated asset objects reloaded before import = 0Number of asset objects unloaded after import = 3

========================================================================
Received Import Request.
  Time since last request: 0.000041 seconds.
  path: Assets/Stylized 2D Space Shooter - Free/Sprites/Large - No light/Missile_B_Large_NoLight.png
  artifactKey: Guid(bfd5495bd74d7314093b2c434b5a5d6c) Importer(815301076,1909f56bfc062723c751e8b465ee728b)
Start importing Assets/Stylized 2D Space Shooter - Free/Sprites/Large - No light/Missile_B_Large_NoLight.png using Guid(bfd5495bd74d7314093b2c434b5a5d6c) Importer(815301076,1909f56bfc062723c751e8b465ee728b) (PreviewImporter) -> (artifact id: '4a5ec20400da235d7a581ed239900081') in 0.0085234 seconds
Number of updated asset objects reloaded before import = 0Number of asset objects unloaded after import = 3

========================================================================
Received Import Request.
  Time since last request: 0.000029 seconds.
  path: Assets/Stylized 2D Space Shooter - Free/Sprites/Large - No light/Pickup_3_C_Large_NoLight.png
  artifactKey: Guid(6ff8b765f1c88074ea3ed52dd0473877) Importer(815301076,1909f56bfc062723c751e8b465ee728b)
Start importing Assets/Stylized 2D Space Shooter - Free/Sprites/Large - No light/Pickup_3_C_Large_NoLight.png using Guid(6ff8b765f1c88074ea3ed52dd0473877) Importer(815301076,1909f56bfc062723c751e8b465ee728b) (PreviewImporter) -> (artifact id: '1713637f468822b441de837309eaf350') in 0.0091388 seconds
Number of updated asset objects reloaded before import = 0Number of asset objects unloaded after import = 3

========================================================================
Received Import Request.
  Time since last request: 0.000034 seconds.
  path: Assets/Stylized 2D Space Shooter - Free/Sprites/Large - No light/Ship_1_A_Large_NoLight.png
  artifactKey: Guid(1895cdd5cefed1f42a88d853011dff2d) Importer(815301076,1909f56bfc062723c751e8b465ee728b)
Start importing Assets/Stylized 2D Space Shooter - Free/Sprites/Large - No light/Ship_1_A_Large_NoLight.png using Guid(1895cdd5cefed1f42a88d853011dff2d) Importer(815301076,1909f56bfc062723c751e8b465ee728b) (PreviewImporter) -> (artifact id: '589230f8f09a3645bbfd1b2302baa371') in 0.0086654 seconds
Number of updated asset objects reloaded before import = 0Number of asset objects unloaded after import = 3

========================================================================
Received Import Request.
  Time since last request: 0.000030 seconds.
  path: Assets/Stylized 2D Space Shooter - Free/Sprites/Large - No light/Missile_E_Large_NoLight.png
  artifactKey: Guid(41bc541e62dba8a42b6a799a3f215006) Importer(815301076,1909f56bfc062723c751e8b465ee728b)
Start importing Assets/Stylized 2D Space Shooter - Free/Sprites/Large - No light/Missile_E_Large_NoLight.png using Guid(41bc541e62dba8a42b6a799a3f215006) Importer(815301076,1909f56bfc062723c751e8b465ee728b) (PreviewImporter) -> (artifact id: '97392d32b9fc9007a3062f773ef9d0fd') in 0.0084074 seconds
Number of updated asset objects reloaded before import = 0Number of asset objects unloaded after import = 3

========================================================================
Received Import Request.
  Time since last request: 0.000036 seconds.
  path: Assets/Stylized 2D Space Shooter - Free/Sprites/Large - No light/Enemy_2_A_Large_NoLight.png
  artifactKey: Guid(8962b3bb5316eb44b99aef6f75a823e3) Importer(815301076,1909f56bfc062723c751e8b465ee728b)
Start importing Assets/Stylized 2D Space Shooter - Free/Sprites/Large - No light/Enemy_2_A_Large_NoLight.png using Guid(8962b3bb5316eb44b99aef6f75a823e3) Importer(815301076,1909f56bfc062723c751e8b465ee728b) (PreviewImporter) -> (artifact id: 'ec2da643d1a0f6eab49e4412ffad9adb') in 0.0123362 seconds
Number of updated asset objects reloaded before import = 0Number of asset objects unloaded after import = 3

========================================================================
Received Import Request.
  Time since last request: 0.000025 seconds.
  path: Assets/Stylized 2D Space Shooter - Free/Sprites/Large - No light/Ship_2_A_Large_NoLight.png
  artifactKey: Guid(f531b50935fe8f64fac828b6412220e4) Importer(815301076,1909f56bfc062723c751e8b465ee728b)
Start importing Assets/Stylized 2D Space Shooter - Free/Sprites/Large - No light/Ship_2_A_Large_NoLight.png using Guid(f531b50935fe8f64fac828b6412220e4) Importer(815301076,1909f56bfc062723c751e8b465ee728b) (PreviewImporter) -> (artifact id: 'f59e3c6dd9ae647cd5e88319a83ebba5') in 0.0108313 seconds
Number of updated asset objects reloaded before import = 0Number of asset objects unloaded after import = 3

========================================================================
Received Import Request.
  Time since last request: 0.000034 seconds.
  path: Assets/Stylized 2D Space Shooter - Free/Sprites/Large - No light/Enemy_1_C_Large_NoLight.png
  artifactKey: Guid(f4f53ff29a706024099233dcf89fbe0a) Importer(815301076,1909f56bfc062723c751e8b465ee728b)
Start importing Assets/Stylized 2D Space Shooter - Free/Sprites/Large - No light/Enemy_1_C_Large_NoLight.png using Guid(f4f53ff29a706024099233dcf89fbe0a) Importer(815301076,1909f56bfc062723c751e8b465ee728b) (PreviewImporter) -> (artifact id: '77e341cb536f26043c282add3182bd94') in 0.0104656 seconds
Number of updated asset objects reloaded before import = 0Number of asset objects unloaded after import = 3

========================================================================
Received Import Request.
  Time since last request: 0.000051 seconds.
  path: Assets/Stylized 2D Space Shooter - Free/Sprites/Large - No light/Enemy_1_A_Large_NoLight.png
  artifactKey: Guid(1af5bfbac5b1bf342951d4cbef882c40) Importer(815301076,1909f56bfc062723c751e8b465ee728b)
Start importing Assets/Stylized 2D Space Shooter - Free/Sprites/Large - No light/Enemy_1_A_Large_NoLight.png using Guid(1af5bfbac5b1bf342951d4cbef882c40) Importer(815301076,1909f56bfc062723c751e8b465ee728b) (PreviewImporter) -> (artifact id: '6588c1f1d7fb55d8e8e826961ee7ac76') in 0.0095383 seconds
Number of updated asset objects reloaded before import = 0Number of asset objects unloaded after import = 3

========================================================================
Received Import Request.
  Time since last request: 0.000035 seconds.
  path: Assets/Stylized 2D Space Shooter - Free/Sprites/Large - No light/Pickup_3_B_Large_NoLight.png
  artifactKey: Guid(595c4f028c967064b89d15b271d4f8d3) Importer(815301076,1909f56bfc062723c751e8b465ee728b)
Start importing Assets/Stylized 2D Space Shooter - Free/Sprites/Large - No light/Pickup_3_B_Large_NoLight.png using Guid(595c4f028c967064b89d15b271d4f8d3) Importer(815301076,1909f56bfc062723c751e8b465ee728b) (PreviewImporter) -> (artifact id: '0826ae86d2ae39c0cb4872e33fe4187c') in 0.0096868 seconds
Number of updated asset objects reloaded before import = 0Number of asset objects unloaded after import = 3

========================================================================
Received Import Request.
  Time since last request: 0.000034 seconds.
  path: Assets/Stylized 2D Space Shooter - Free/Sprites/Large - No light/Ship_2_E_Large_NoLight.png
  artifactKey: Guid(bb74af7429781ec4e87b89e50249daad) Importer(815301076,1909f56bfc062723c751e8b465ee728b)
Start importing Assets/Stylized 2D Space Shooter - Free/Sprites/Large - No light/Ship_2_E_Large_NoLight.png using Guid(bb74af7429781ec4e87b89e50249daad) Importer(815301076,1909f56bfc062723c751e8b465ee728b) (PreviewImporter) -> (artifact id: '518fba1e26d12d5f836e10bacdd73b28') in 0.0112568 seconds
Number of updated asset objects reloaded before import = 0Number of asset objects unloaded after import = 3

========================================================================
Received Import Request.
  Time since last request: 0.000031 seconds.
  path: Assets/Stylized 2D Space Shooter - Free/Sprites/Large - No light/Ship_1_D_Large_NoLight.png
  artifactKey: Guid(40f93cc4c96d1464289cf59f813b863a) Importer(815301076,1909f56bfc062723c751e8b465ee728b)
Start importing Assets/Stylized 2D Space Shooter - Free/Sprites/Large - No light/Ship_1_D_Large_NoLight.png using Guid(40f93cc4c96d1464289cf59f813b863a) Importer(815301076,1909f56bfc062723c751e8b465ee728b) (PreviewImporter) -> (artifact id: '60441e75d601a54c23ee2229ff04e141') in 0.0097572 seconds
Number of updated asset objects reloaded before import = 0Number of asset objects unloaded after import = 3

========================================================================
Received Import Request.
  Time since last request: 1.100200 seconds.
  path: Assets/Stylized 2D Space Shooter - Free/Sprites/Medium/Boss_1_B_Medium.png
  artifactKey: Guid(6e84bdafa53058c4dbe39d87e2ff06b1) Importer(815301076,1909f56bfc062723c751e8b465ee728b)
Start importing Assets/Stylized 2D Space Shooter - Free/Sprites/Medium/Boss_1_B_Medium.png using Guid(6e84bdafa53058c4dbe39d87e2ff06b1) Importer(815301076,1909f56bfc062723c751e8b465ee728b) (PreviewImporter) -> (artifact id: '001bf55bf1fba1169a52e00844f345a2') in 0.01095 seconds
Number of updated asset objects reloaded before import = 0Number of asset objects unloaded after import = 3

========================================================================
Received Import Request.
  Time since last request: 0.000027 seconds.
  path: Assets/Stylized 2D Space Shooter - Free/Sprites/Medium/Pickup_3_A_Medium.png
  artifactKey: Guid(d71b4a78d424303498cc258241a9a448) Importer(815301076,1909f56bfc062723c751e8b465ee728b)
Start importing Assets/Stylized 2D Space Shooter - Free/Sprites/Medium/Pickup_3_A_Medium.png using Guid(d71b4a78d424303498cc258241a9a448) Importer(815301076,1909f56bfc062723c751e8b465ee728b) (PreviewImporter) -> (artifact id: '52bc6b850100228ad8fb322177dea162') in 0.0124045 seconds
Number of updated asset objects reloaded before import = 0Number of asset objects unloaded after import = 3

========================================================================
Received Import Request.
  Time since last request: 0.000029 seconds.
  path: Assets/Stylized 2D Space Shooter - Free/Sprites/Medium/Pickup_2_C_Medium.png
  artifactKey: Guid(6dbb19271ab0ff442be01cfe10166898) Importer(815301076,1909f56bfc062723c751e8b465ee728b)
Start importing Assets/Stylized 2D Space Shooter - Free/Sprites/Medium/Pickup_2_C_Medium.png using Guid(6dbb19271ab0ff442be01cfe10166898) Importer(815301076,1909f56bfc062723c751e8b465ee728b) (PreviewImporter) -> (artifact id: '47712e1d3ae3a03645572528118008dd') in 0.0106762 seconds
Number of updated asset objects reloaded before import = 0Number of asset objects unloaded after import = 3

========================================================================
Received Import Request.
  Time since last request: 0.000036 seconds.
  path: Assets/Stylized 2D Space Shooter - Free/Sprites/Medium/Ship_2_D_Medium.png
  artifactKey: Guid(03aa81dd0ddd1c74ea3ecc4f5044ce41) Importer(815301076,1909f56bfc062723c751e8b465ee728b)
Start importing Assets/Stylized 2D Space Shooter - Free/Sprites/Medium/Ship_2_D_Medium.png using Guid(03aa81dd0ddd1c74ea3ecc4f5044ce41) Importer(815301076,1909f56bfc062723c751e8b465ee728b) (PreviewImporter) -> (artifact id: 'e57bdd2eaf19de4612712bc6e583170b') in 0.0124201 seconds
Number of updated asset objects reloaded before import = 0Number of asset objects unloaded after import = 3

========================================================================
Received Import Request.
  Time since last request: 0.000027 seconds.
  path: Assets/Stylized 2D Space Shooter - Free/Sprites/Medium/Enemy_4_D_Medium.png
  artifactKey: Guid(f894a6dbe0843a94ebe3523928e256d4) Importer(815301076,1909f56bfc062723c751e8b465ee728b)
Start importing Assets/Stylized 2D Space Shooter - Free/Sprites/Medium/Enemy_4_D_Medium.png using Guid(f894a6dbe0843a94ebe3523928e256d4) Importer(815301076,1909f56bfc062723c751e8b465ee728b) (PreviewImporter) -> (artifact id: '0f211b1d88f67aa87e3a01ab776ccdad') in 0.0101817 seconds
Number of updated asset objects reloaded before import = 0Number of asset objects unloaded after import = 3

========================================================================
Received Import Request.
  Time since last request: 0.000027 seconds.
  path: Assets/Stylized 2D Space Shooter - Free/Sprites/Medium/Missile_A_Medium.png
  artifactKey: Guid(4938d4fb12553d34995be6aeca3118e4) Importer(815301076,1909f56bfc062723c751e8b465ee728b)
Start importing Assets/Stylized 2D Space Shooter - Free/Sprites/Medium/Missile_A_Medium.png using Guid(4938d4fb12553d34995be6aeca3118e4) Importer(815301076,1909f56bfc062723c751e8b465ee728b) (PreviewImporter) -> (artifact id: '17a44dd628a5bd4df6426e30a4776651') in 0.0098127 seconds
Number of updated asset objects reloaded before import = 0Number of asset objects unloaded after import = 3

========================================================================
Received Import Request.
  Time since last request: 0.000040 seconds.
  path: Assets/Stylized 2D Space Shooter - Free/Sprites/Medium/Pickup_3_D_Medium.png
  artifactKey: Guid(26fba481ca28efc4294a064104fbb4f8) Importer(815301076,1909f56bfc062723c751e8b465ee728b)
Start importing Assets/Stylized 2D Space Shooter - Free/Sprites/Medium/Pickup_3_D_Medium.png using Guid(26fba481ca28efc4294a064104fbb4f8) Importer(815301076,1909f56bfc062723c751e8b465ee728b) (PreviewImporter) -> (artifact id: 'ef18f0f1a2c91f6bb749e732430f229e') in 0.0121711 seconds
Number of updated asset objects reloaded before import = 0Number of asset objects unloaded after import = 3

========================================================================
Received Import Request.
  Time since last request: 0.000032 seconds.
  path: Assets/Stylized 2D Space Shooter - Free/Sprites/Medium/Missile_D_Medium.png
  artifactKey: Guid(79dc9ebb7f6d7a44d8a52dc24486c506) Importer(815301076,1909f56bfc062723c751e8b465ee728b)
Start importing Assets/Stylized 2D Space Shooter - Free/Sprites/Medium/Missile_D_Medium.png using Guid(79dc9ebb7f6d7a44d8a52dc24486c506) Importer(815301076,1909f56bfc062723c751e8b465ee728b) (PreviewImporter) -> (artifact id: '4ed2c8929bb97c16f8aae142a381b42e') in 0.0105214 seconds
Number of updated asset objects reloaded before import = 0Number of asset objects unloaded after import = 3

========================================================================
Received Import Request.
  Time since last request: 0.000029 seconds.
  path: Assets/Stylized 2D Space Shooter - Free/Sprites/Medium/Pickup_3_B_Medium.png
  artifactKey: Guid(9a15b6eb3bb20f04aac2980fc4ffd31e) Importer(815301076,1909f56bfc062723c751e8b465ee728b)
Start importing Assets/Stylized 2D Space Shooter - Free/Sprites/Medium/Pickup_3_B_Medium.png using Guid(9a15b6eb3bb20f04aac2980fc4ffd31e) Importer(815301076,1909f56bfc062723c751e8b465ee728b) (PreviewImporter) -> (artifact id: '9dbec3c025fac2f19ac0726b73c85ff5') in 0.012901 seconds
Number of updated asset objects reloaded before import = 0Number of asset objects unloaded after import = 3

========================================================================
Received Import Request.
  Time since last request: 0.000025 seconds.
  path: Assets/Stylized 2D Space Shooter - Free/Sprites/Medium/Enemy_3_B_Medium.png
  artifactKey: Guid(818740ff7053677409557ac70aec2cbd) Importer(815301076,1909f56bfc062723c751e8b465ee728b)
Start importing Assets/Stylized 2D Space Shooter - Free/Sprites/Medium/Enemy_3_B_Medium.png using Guid(818740ff7053677409557ac70aec2cbd) Importer(815301076,1909f56bfc062723c751e8b465ee728b) (PreviewImporter) -> (artifact id: '569815497d739c3caf1bdeee108ca01f') in 0.01082 seconds
Number of updated asset objects reloaded before import = 0Number of asset objects unloaded after import = 3

========================================================================
Received Import Request.
  Time since last request: 0.000027 seconds.
  path: Assets/Stylized 2D Space Shooter - Free/Sprites/Medium/Enemy_1_B_Medium.png
  artifactKey: Guid(34bc3dd101fbca24a844496de8850848) Importer(815301076,1909f56bfc062723c751e8b465ee728b)
Start importing Assets/Stylized 2D Space Shooter - Free/Sprites/Medium/Enemy_1_B_Medium.png using Guid(34bc3dd101fbca24a844496de8850848) Importer(815301076,1909f56bfc062723c751e8b465ee728b) (PreviewImporter) -> (artifact id: '6dfb0e87d8f2150320bf6ff07f35ea0b') in 0.0115698 seconds
Number of updated asset objects reloaded before import = 0Number of asset objects unloaded after import = 3

========================================================================
Received Import Request.
  Time since last request: 0.000035 seconds.
  path: Assets/Stylized 2D Space Shooter - Free/Sprites/Medium/Pickup_1_A_Medium.png
  artifactKey: Guid(1f962794decd2ba46b58b7fbcb6d786a) Importer(815301076,1909f56bfc062723c751e8b465ee728b)
Start importing Assets/Stylized 2D Space Shooter - Free/Sprites/Medium/Pickup_1_A_Medium.png using Guid(1f962794decd2ba46b58b7fbcb6d786a) Importer(815301076,1909f56bfc062723c751e8b465ee728b) (PreviewImporter) -> (artifact id: '37f918b23f68c3e7cb3ebab44a95467f') in 0.0109981 seconds
Number of updated asset objects reloaded before import = 0Number of asset objects unloaded after import = 3

========================================================================
Received Import Request.
  Time since last request: 0.000033 seconds.
  path: Assets/Stylized 2D Space Shooter - Free/Sprites/Medium/Enemy_2_B_Medium.png
  artifactKey: Guid(e51fbfb9afeaa8a4a82ebd865a9c541a) Importer(815301076,1909f56bfc062723c751e8b465ee728b)
Start importing Assets/Stylized 2D Space Shooter - Free/Sprites/Medium/Enemy_2_B_Medium.png using Guid(e51fbfb9afeaa8a4a82ebd865a9c541a) Importer(815301076,1909f56bfc062723c751e8b465ee728b) (PreviewImporter) -> (artifact id: '386179becd1b86233d3f615ea9fb208b') in 0.0108154 seconds
Number of updated asset objects reloaded before import = 0Number of asset objects unloaded after import = 3

========================================================================
Received Import Request.
  Time since last request: 0.000042 seconds.
  path: Assets/Stylized 2D Space Shooter - Free/Sprites/Medium/Ship_1_B_Medium.png
  artifactKey: Guid(71651a718f4c40b4b99b5a6f14c72c30) Importer(815301076,1909f56bfc062723c751e8b465ee728b)
Start importing Assets/Stylized 2D Space Shooter - Free/Sprites/Medium/Ship_1_B_Medium.png using Guid(71651a718f4c40b4b99b5a6f14c72c30) Importer(815301076,1909f56bfc062723c751e8b465ee728b) (PreviewImporter) -> (artifact id: '709f5a300787944c01e26dd576d41dab') in 0.0110944 seconds
Number of updated asset objects reloaded before import = 0Number of asset objects unloaded after import = 3

========================================================================
Received Import Request.
  Time since last request: 0.000028 seconds.
  path: Assets/Stylized 2D Space Shooter - Free/Sprites/Medium/Enemy_1_A_Medium.png
  artifactKey: Guid(2da3afa9b3caa7741be2ecab49e750e0) Importer(815301076,1909f56bfc062723c751e8b465ee728b)
Start importing Assets/Stylized 2D Space Shooter - Free/Sprites/Medium/Enemy_1_A_Medium.png using Guid(2da3afa9b3caa7741be2ecab49e750e0) Importer(815301076,1909f56bfc062723c751e8b465ee728b) (PreviewImporter) -> (artifact id: 'a1daf0c4a83055269a9f00d8153ce6eb') in 0.0111969 seconds
Number of updated asset objects reloaded before import = 0Number of asset objects unloaded after import = 3

========================================================================
Received Import Request.
  Time since last request: 0.000024 seconds.
  path: Assets/Stylized 2D Space Shooter - Free/Sprites/Medium/Missile_C_Medium.png
  artifactKey: Guid(3c3875f2a29db15409577e3d7db63718) Importer(815301076,1909f56bfc062723c751e8b465ee728b)
Start importing Assets/Stylized 2D Space Shooter - Free/Sprites/Medium/Missile_C_Medium.png using Guid(3c3875f2a29db15409577e3d7db63718) Importer(815301076,1909f56bfc062723c751e8b465ee728b) (PreviewImporter) -> (artifact id: 'c0ee0a44fde6d6ea512f358435bf19ee') in 0.0104901 seconds
Number of updated asset objects reloaded before import = 0Number of asset objects unloaded after import = 3

========================================================================
Received Import Request.
  Time since last request: 0.000030 seconds.
  path: Assets/Stylized 2D Space Shooter - Free/Sprites/Medium/Pickup_1_B_Medium.png
  artifactKey: Guid(fc9311d8abea8db47ad2745b9bbb53bb) Importer(815301076,1909f56bfc062723c751e8b465ee728b)
Start importing Assets/Stylized 2D Space Shooter - Free/Sprites/Medium/Pickup_1_B_Medium.png using Guid(fc9311d8abea8db47ad2745b9bbb53bb) Importer(815301076,1909f56bfc062723c751e8b465ee728b) (PreviewImporter) -> (artifact id: 'd4fe9e0c6efef338ccbc620af9a83fbb') in 0.0092165 seconds
Number of updated asset objects reloaded before import = 0Number of asset objects unloaded after import = 3

========================================================================
Received Import Request.
  Time since last request: 0.000038 seconds.
  path: Assets/Stylized 2D Space Shooter - Free/Sprites/Medium/Ship_1_D_Medium.png
  artifactKey: Guid(c8c9f97e47dd8a343808fa99d1e16c79) Importer(815301076,1909f56bfc062723c751e8b465ee728b)
Start importing Assets/Stylized 2D Space Shooter - Free/Sprites/Medium/Ship_1_D_Medium.png using Guid(c8c9f97e47dd8a343808fa99d1e16c79) Importer(815301076,1909f56bfc062723c751e8b465ee728b) (PreviewImporter) -> (artifact id: '7e803f7325ed2b7b74c6fb9d626db879') in 0.0100117 seconds
Number of updated asset objects reloaded before import = 0Number of asset objects unloaded after import = 3

========================================================================
Received Import Request.
  Time since last request: 0.000023 seconds.
  path: Assets/Stylized 2D Space Shooter - Free/Sprites/Medium/Enemy_4_C_Medium.png
  artifactKey: Guid(6abe966ff53f96c469d194f90072fc15) Importer(815301076,1909f56bfc062723c751e8b465ee728b)
Start importing Assets/Stylized 2D Space Shooter - Free/Sprites/Medium/Enemy_4_C_Medium.png using Guid(6abe966ff53f96c469d194f90072fc15) Importer(815301076,1909f56bfc062723c751e8b465ee728b) (PreviewImporter) -> (artifact id: '8d5d1c90cb73e41e8fa368dca63ebe4b') in 0.0114912 seconds
Number of updated asset objects reloaded before import = 0Number of asset objects unloaded after import = 3

========================================================================
Received Import Request.
  Time since last request: 0.598118 seconds.
  path: Assets/Stylized 2D Space Shooter - Free/Sprites/Small/Enemy_1_A_Small.png
  artifactKey: Guid(11302027383f1504a8c8b761623905fd) Importer(815301076,1909f56bfc062723c751e8b465ee728b)
Start importing Assets/Stylized 2D Space Shooter - Free/Sprites/Small/Enemy_1_A_Small.png using Guid(11302027383f1504a8c8b761623905fd) Importer(815301076,1909f56bfc062723c751e8b465ee728b) (PreviewImporter) -> (artifact id: '811de82cf1a90c001e298382c7a3e569') in 0.0128966 seconds
Number of updated asset objects reloaded before import = 0Number of asset objects unloaded after import = 3

========================================================================
Received Import Request.
  Time since last request: 0.000029 seconds.
  path: Assets/Stylized 2D Space Shooter - Free/Sprites/Small/Enemy_2_A_Small.png
  artifactKey: Guid(7c17e084836ab7e469b9c5c6e5285c6d) Importer(815301076,1909f56bfc062723c751e8b465ee728b)
Start importing Assets/Stylized 2D Space Shooter - Free/Sprites/Small/Enemy_2_A_Small.png using Guid(7c17e084836ab7e469b9c5c6e5285c6d) Importer(815301076,1909f56bfc062723c751e8b465ee728b) (PreviewImporter) -> (artifact id: 'daa4e8c318bc39754456fd0904a0610d') in 0.0104141 seconds
Number of updated asset objects reloaded before import = 0Number of asset objects unloaded after import = 3

========================================================================
Received Import Request.
  Time since last request: 0.000036 seconds.
  path: Assets/Stylized 2D Space Shooter - Free/Sprites/Small/Ship_1_C_Small.png
  artifactKey: Guid(51da9338945cbae42a542c75da040462) Importer(815301076,1909f56bfc062723c751e8b465ee728b)
Start importing Assets/Stylized 2D Space Shooter - Free/Sprites/Small/Ship_1_C_Small.png using Guid(51da9338945cbae42a542c75da040462) Importer(815301076,1909f56bfc062723c751e8b465ee728b) (PreviewImporter) -> (artifact id: '187b7661a1b6d54dcc17f9a074c3e65f') in 0.0136362 seconds
Number of updated asset objects reloaded before import = 0Number of asset objects unloaded after import = 3

========================================================================
Received Import Request.
  Time since last request: 0.000041 seconds.
  path: Assets/Stylized 2D Space Shooter - Free/Sprites/Small/Pickup_1_B_Small.png
  artifactKey: Guid(4796f23bb31c05047829704e1b26e849) Importer(815301076,1909f56bfc062723c751e8b465ee728b)
Start importing Assets/Stylized 2D Space Shooter - Free/Sprites/Small/Pickup_1_B_Small.png using Guid(4796f23bb31c05047829704e1b26e849) Importer(815301076,1909f56bfc062723c751e8b465ee728b) (PreviewImporter) -> (artifact id: '458a4800543b2ab62e4e5ddc58b4fad5') in 0.014095 seconds
Number of updated asset objects reloaded before import = 0Number of asset objects unloaded after import = 3

========================================================================
Received Import Request.
  Time since last request: 0.000039 seconds.
  path: Assets/Stylized 2D Space Shooter - Free/Sprites/Small/Ship_1_A_Small.png
  artifactKey: Guid(0759b980ba7bba3418353e085b8f3463) Importer(815301076,1909f56bfc062723c751e8b465ee728b)
Start importing Assets/Stylized 2D Space Shooter - Free/Sprites/Small/Ship_1_A_Small.png using Guid(0759b980ba7bba3418353e085b8f3463) Importer(815301076,1909f56bfc062723c751e8b465ee728b) (PreviewImporter) -> (artifact id: '9f0683528b4150433f29bf3f5901116d') in 0.0119484 seconds
Number of updated asset objects reloaded before import = 0Number of asset objects unloaded after import = 3

========================================================================
Received Import Request.
  Time since last request: 0.000033 seconds.
  path: Assets/Stylized 2D Space Shooter - Free/Sprites/Small/Enemy_4_D_Small.png
  artifactKey: Guid(59b0353827958284b98c1a0d29901cf5) Importer(815301076,1909f56bfc062723c751e8b465ee728b)
Start importing Assets/Stylized 2D Space Shooter - Free/Sprites/Small/Enemy_4_D_Small.png using Guid(59b0353827958284b98c1a0d29901cf5) Importer(815301076,1909f56bfc062723c751e8b465ee728b) (PreviewImporter) -> (artifact id: '1a3e546149d5cd9462ec305cce73ff3f') in 0.0103481 seconds
Number of updated asset objects reloaded before import = 0Number of asset objects unloaded after import = 3

========================================================================
Received Import Request.
  Time since last request: 0.000024 seconds.
  path: Assets/Stylized 2D Space Shooter - Free/Sprites/Small/Enemy_3_B_Small.png
  artifactKey: Guid(342c5819878691046a6a49fdf1bba778) Importer(815301076,1909f56bfc062723c751e8b465ee728b)
Start importing Assets/Stylized 2D Space Shooter - Free/Sprites/Small/Enemy_3_B_Small.png using Guid(342c5819878691046a6a49fdf1bba778) Importer(815301076,1909f56bfc062723c751e8b465ee728b) (PreviewImporter) -> (artifact id: '8729a1987b7703bd65bf8135dc74dd41') in 0.0113044 seconds
Number of updated asset objects reloaded before import = 0Number of asset objects unloaded after import = 3

========================================================================
Received Import Request.
  Time since last request: 0.000044 seconds.
  path: Assets/Stylized 2D Space Shooter - Free/Sprites/Small/Ship_2_A_Small.png
  artifactKey: Guid(727bbfe3873fec74eaf906c5e4337a51) Importer(815301076,1909f56bfc062723c751e8b465ee728b)
Start importing Assets/Stylized 2D Space Shooter - Free/Sprites/Small/Ship_2_A_Small.png using Guid(727bbfe3873fec74eaf906c5e4337a51) Importer(815301076,1909f56bfc062723c751e8b465ee728b) (PreviewImporter) -> (artifact id: '0c80dfbce28a875468fb1992a815dc9c') in 0.0100725 seconds
Number of updated asset objects reloaded before import = 0Number of asset objects unloaded after import = 3

========================================================================
Received Import Request.
  Time since last request: 0.000053 seconds.
  path: Assets/Stylized 2D Space Shooter - Free/Sprites/Small/Missile_C_Small.png
  artifactKey: Guid(77f296e24a1b77d489485bacc850be60) Importer(815301076,1909f56bfc062723c751e8b465ee728b)
Start importing Assets/Stylized 2D Space Shooter - Free/Sprites/Small/Missile_C_Small.png using Guid(77f296e24a1b77d489485bacc850be60) Importer(815301076,1909f56bfc062723c751e8b465ee728b) (PreviewImporter) -> (artifact id: '629ccdf15498c4b666c440e03c2f7af3') in 0.0101322 seconds
Number of updated asset objects reloaded before import = 0Number of asset objects unloaded after import = 3

========================================================================
Received Import Request.
  Time since last request: 0.000046 seconds.
  path: Assets/Stylized 2D Space Shooter - Free/Sprites/Small/Enemy_1_C_Small.png
  artifactKey: Guid(38fce5fda7c03ed46b8f8e8c264be88a) Importer(815301076,1909f56bfc062723c751e8b465ee728b)
Start importing Assets/Stylized 2D Space Shooter - Free/Sprites/Small/Enemy_1_C_Small.png using Guid(38fce5fda7c03ed46b8f8e8c264be88a) Importer(815301076,1909f56bfc062723c751e8b465ee728b) (PreviewImporter) -> (artifact id: 'a270575a03ad3d148d9d3d573706f630') in 0.0101517 seconds
Number of updated asset objects reloaded before import = 0Number of asset objects unloaded after import = 3

========================================================================
Received Import Request.
  Time since last request: 0.000030 seconds.
  path: Assets/Stylized 2D Space Shooter - Free/Sprites/Small/Pickup_2_D_Small.png
  artifactKey: Guid(3a102bb26720b5e4a94f4345c929af4d) Importer(815301076,1909f56bfc062723c751e8b465ee728b)
Start importing Assets/Stylized 2D Space Shooter - Free/Sprites/Small/Pickup_2_D_Small.png using Guid(3a102bb26720b5e4a94f4345c929af4d) Importer(815301076,1909f56bfc062723c751e8b465ee728b) (PreviewImporter) -> (artifact id: '0af674aaa3ed6473c5425c1bbb7f5b19') in 0.0091129 seconds
Number of updated asset objects reloaded before import = 0Number of asset objects unloaded after import = 3

========================================================================
Received Import Request.
  Time since last request: 1045.038883 seconds.
  path: Assets/Copyspright/Pixel Space Shooter - Free/Prefabs/General/bullet_hit_01.prefab
  artifactKey: Guid(78bb6f8109dad477ba05d0df86823a78) Importer(815301076,1909f56bfc062723c751e8b465ee728b)
Start importing Assets/Copyspright/Pixel Space Shooter - Free/Prefabs/General/bullet_hit_01.prefab using Guid(78bb6f8109dad477ba05d0df86823a78) Importer(815301076,1909f56bfc062723c751e8b465ee728b) (PreviewImporter) -> (artifact id: '508202258fc2a5b082609f1e07e6d991') in 0.0294384 seconds
Number of updated asset objects reloaded before import = 0Number of asset objects unloaded after import = 18

========================================================================
Received Import Request.
  Time since last request: 0.000044 seconds.
  path: Assets/Copyspright/Pixel Space Shooter - Free/Prefabs/General/space_bullet.prefab
  artifactKey: Guid(8f48816caa8ab408c8441e6fd3de2b66) Importer(815301076,1909f56bfc062723c751e8b465ee728b)
Start importing Assets/Copyspright/Pixel Space Shooter - Free/Prefabs/General/space_bullet.prefab using Guid(8f48816caa8ab408c8441e6fd3de2b66) Importer(815301076,1909f56bfc062723c751e8b465ee728b) (PreviewImporter) -> (artifact id: '122bd1443eb49fcd491008dbfe10e45d') in 0.0089043 seconds
Number of updated asset objects reloaded before import = 0Number of asset objects unloaded after import = 7

========================================================================
Received Import Request.
  Time since last request: 46.162146 seconds.
  path: Assets/Copyspright/Pixel Space Shooter - Free/Sprites/Effects/space_bullet.png
  artifactKey: Guid(61121f9e3c35a4de1ab6a405d95a5fd8) Importer(815301076,1909f56bfc062723c751e8b465ee728b)
Start importing Assets/Copyspright/Pixel Space Shooter - Free/Sprites/Effects/space_bullet.png using Guid(61121f9e3c35a4de1ab6a405d95a5fd8) Importer(815301076,1909f56bfc062723c751e8b465ee728b) (PreviewImporter) -> (artifact id: '1f6c75974f443ab935bbfdc140627427') in 0.0136024 seconds
Number of updated asset objects reloaded before import = 0Number of asset objects unloaded after import = 3

========================================================================
Received Import Request.
  Time since last request: 0.753335 seconds.
  path: Assets/Copyspright/Pixel Space Shooter - Free/Sprites/Effects/bullet_hit/bullet_hit_02.png
  artifactKey: Guid(6ee54c35bcb6e4f2fa2818f0fe62ffe8) Importer(815301076,1909f56bfc062723c751e8b465ee728b)
Start importing Assets/Copyspright/Pixel Space Shooter - Free/Sprites/Effects/bullet_hit/bullet_hit_02.png using Guid(6ee54c35bcb6e4f2fa2818f0fe62ffe8) Importer(815301076,1909f56bfc062723c751e8b465ee728b) (PreviewImporter) -> (artifact id: '52126bb3712b5bb5461f267e3fb11a05') in 0.0166435 seconds
Number of updated asset objects reloaded before import = 0Number of asset objects unloaded after import = 3

========================================================================
Received Import Request.
  Time since last request: 0.000028 seconds.
  path: Assets/Copyspright/Pixel Space Shooter - Free/Sprites/Effects/bullet_hit/bullet_hit_03.png
  artifactKey: Guid(74d0d31785151481cb1805b6be3cf137) Importer(815301076,1909f56bfc062723c751e8b465ee728b)
Start importing Assets/Copyspright/Pixel Space Shooter - Free/Sprites/Effects/bullet_hit/bullet_hit_03.png using Guid(74d0d31785151481cb1805b6be3cf137) Importer(815301076,1909f56bfc062723c751e8b465ee728b) (PreviewImporter) -> (artifact id: '3b7ced27514039f782ed43c1b701571b') in 0.0155972 seconds
Number of updated asset objects reloaded before import = 0Number of asset objects unloaded after import = 3

========================================================================
Received Import Request.
  Time since last request: 1.675025 seconds.
  path: Assets/Copyspright/Pixel Space Shooter - Free/Sprites/Effects/rocket_explosion/rocket_explosion_02.png
  artifactKey: Guid(7659a91bd975d4e1a9bab808080ef666) Importer(815301076,1909f56bfc062723c751e8b465ee728b)
Start importing Assets/Copyspright/Pixel Space Shooter - Free/Sprites/Effects/rocket_explosion/rocket_explosion_02.png using Guid(7659a91bd975d4e1a9bab808080ef666) Importer(815301076,1909f56bfc062723c751e8b465ee728b) (PreviewImporter) -> (artifact id: '4358d03d6aefd5089f41a5fcff9ca18e') in 0.0196545 seconds
Number of updated asset objects reloaded before import = 0Number of asset objects unloaded after import = 3

========================================================================
Received Import Request.
  Time since last request: 0.000030 seconds.
  path: Assets/Copyspright/Pixel Space Shooter - Free/Sprites/Effects/rocket_explosion/rocket_explosion_08.png
  artifactKey: Guid(7d861b6c9967043e391a141ea7c8dde4) Importer(815301076,1909f56bfc062723c751e8b465ee728b)
Start importing Assets/Copyspright/Pixel Space Shooter - Free/Sprites/Effects/rocket_explosion/rocket_explosion_08.png using Guid(7d861b6c9967043e391a141ea7c8dde4) Importer(815301076,1909f56bfc062723c751e8b465ee728b) (PreviewImporter) -> (artifact id: 'ef31dd511082d15ba24bbf2d08276c2d') in 0.014056 seconds
Number of updated asset objects reloaded before import = 0Number of asset objects unloaded after import = 3

========================================================================
Received Import Request.
  Time since last request: 0.000031 seconds.
  path: Assets/Copyspright/Pixel Space Shooter - Free/Sprites/Effects/rocket_explosion/rocket_explosion_07.png
  artifactKey: Guid(87d65a73c4ed549ebb33cd4296e597cd) Importer(815301076,1909f56bfc062723c751e8b465ee728b)
Start importing Assets/Copyspright/Pixel Space Shooter - Free/Sprites/Effects/rocket_explosion/rocket_explosion_07.png using Guid(87d65a73c4ed549ebb33cd4296e597cd) Importer(815301076,1909f56bfc062723c751e8b465ee728b) (PreviewImporter) -> (artifact id: '713045cec5589ea5fe489692dda3aa4c') in 0.0118708 seconds
Number of updated asset objects reloaded before import = 0Number of asset objects unloaded after import = 3

========================================================================
Received Import Request.
  Time since last request: 0.000033 seconds.
  path: Assets/Copyspright/Pixel Space Shooter - Free/Sprites/Effects/rocket_explosion/rocket_explosion_09.png
  artifactKey: Guid(50fb2fb98b02f4f6b81580e9132a4cad) Importer(815301076,1909f56bfc062723c751e8b465ee728b)
Start importing Assets/Copyspright/Pixel Space Shooter - Free/Sprites/Effects/rocket_explosion/rocket_explosion_09.png using Guid(50fb2fb98b02f4f6b81580e9132a4cad) Importer(815301076,1909f56bfc062723c751e8b465ee728b) (PreviewImporter) -> (artifact id: '2128b96677cdfc37b38f1986d0d9da4f') in 0.0190263 seconds
Number of updated asset objects reloaded before import = 0Number of asset objects unloaded after import = 3

========================================================================
Received Import Request.
  Time since last request: 6.819926 seconds.
  path: Assets/Copyspright/Pixel Space Shooter - Free/Sprites/Spaceships/Humans/Humans_Color_01/humans_ship_02.png
  artifactKey: Guid(9d2d1266f7ada4acfb3e84f678c9ab4b) Importer(815301076,1909f56bfc062723c751e8b465ee728b)
Start importing Assets/Copyspright/Pixel Space Shooter - Free/Sprites/Spaceships/Humans/Humans_Color_01/humans_ship_02.png using Guid(9d2d1266f7ada4acfb3e84f678c9ab4b) Importer(815301076,1909f56bfc062723c751e8b465ee728b) (PreviewImporter) -> (artifact id: 'b6e026a44f8c53e26abbb22d3f596d75') in 0.0184457 seconds
Number of updated asset objects reloaded before import = 0Number of asset objects unloaded after import = 3

========================================================================
Received Import Request.
  Time since last request: 0.000053 seconds.
  path: Assets/Copyspright/Pixel Space Shooter - Free/Sprites/Spaceships/Humans/Humans_Color_01/humans_ship_04.png
  artifactKey: Guid(08ff4e3ff8d7c497c9b4acdc1277cfcd) Importer(815301076,1909f56bfc062723c751e8b465ee728b)
Start importing Assets/Copyspright/Pixel Space Shooter - Free/Sprites/Spaceships/Humans/Humans_Color_01/humans_ship_04.png using Guid(08ff4e3ff8d7c497c9b4acdc1277cfcd) Importer(815301076,1909f56bfc062723c751e8b465ee728b) (PreviewImporter) -> (artifact id: 'b4a19fd64af750bc37bb31d5bd50524e') in 0.0251865 seconds
Number of updated asset objects reloaded before import = 0Number of asset objects unloaded after import = 3

Editor requested this worker to shutdown with reason: Scaling down because of idle timeout
AssetImportWorker is now disconnected from the server
Process exiting
Exiting without the bug reporter. Application will terminate with return code 0