Using pre-set license
Built from '6000.0/staging' branch; Version is '6000.0.41f1 (46e447368a18) revision 4645959'; Using compiler version '193933523'; Build Type 'Release'
OS: 'Windows 11  (10.0.22631) 64bit Professional' Language: 'ja' Physical Memory: 32440 MB
BatchMode: 1, IsHumanControllingUs: 0, StartBugReporterOnCrash: 0, Is64bit: 1, IsPro: 1

COMMAND LINE ARGUMENTS:
C:\Program Files\Unity\Hub\Editor\6000.0.41f1\Editor\Unity.exe
-adb2
-batchMode
-noUpm
-name
AssetImportWorker9
-projectPath
C:/Users/ktc/Desktop/WedPersonal/Monochrome
-logFile
Logs/AssetImportWorker9.log
-srvPort
52671
-job-worker-count
7
-background-job-worker-count
8
-gc-helper-count
1
Successfully changed project path to: C:/Users/ktc/Desktop/WedPersonal/Monochrome
C:/Users/ktc/Desktop/WedPersonal/Monochrome
[UnityMemory] Configuration Parameters - Can be set up in boot.config
    "memorysetup-bucket-allocator-granularity=16"
    "memorysetup-bucket-allocator-bucket-count=8"
    "memorysetup-bucket-allocator-block-size=33554432"
    "memorysetup-bucket-allocator-block-count=8"
    "memorysetup-main-allocator-block-size=16777216"
    "memorysetup-thread-allocator-block-size=16777216"
    "memorysetup-gfx-main-allocator-block-size=16777216"
    "memorysetup-gfx-thread-allocator-block-size=16777216"
    "memorysetup-cache-allocator-block-size=4194304"
    "memorysetup-typetree-allocator-block-size=2097152"
    "memorysetup-profiler-bucket-allocator-granularity=16"
    "memorysetup-profiler-bucket-allocator-bucket-count=8"
    "memorysetup-profiler-bucket-allocator-block-size=33554432"
    "memorysetup-profiler-bucket-allocator-block-count=8"
    "memorysetup-profiler-allocator-block-size=16777216"
    "memorysetup-profiler-editor-allocator-block-size=1048576"
    "memorysetup-temp-allocator-size-main=16777216"
    "memorysetup-job-temp-allocator-block-size=2097152"
    "memorysetup-job-temp-allocator-block-size-background=1048576"
    "memorysetup-job-temp-allocator-reduction-small-platforms=262144"
    "memorysetup-allocator-temp-initial-block-size-main=262144"
    "memorysetup-allocator-temp-initial-block-size-worker=262144"
    "memorysetup-temp-allocator-size-background-worker=32768"
    "memorysetup-temp-allocator-size-job-worker=262144"
    "memorysetup-temp-allocator-size-preload-manager=33554432"
    "memorysetup-temp-allocator-size-nav-mesh-worker=65536"
    "memorysetup-temp-allocator-size-audio-worker=65536"
    "memorysetup-temp-allocator-size-cloud-worker=32768"
    "memorysetup-temp-allocator-size-gi-baking-worker=262144"
    "memorysetup-temp-allocator-size-gi-baking-worker=262144"
    "memorysetup-temp-allocator-size-gi-baking-worker=262144"
    "memorysetup-temp-allocator-size-gi-baking-worker=262144"
    "memorysetup-temp-allocator-size-gi-baking-worker=262144"
    "memorysetup-temp-allocator-size-gfx=262144"
Player connection [29792]  Target information:

Player connection [29792]  * "[IP] 172.22.90.104 [Port] 0 [Flags] 2 [Guid] 2128114904 [EditorId] 2128114904 [Version] 1048832 [Id] WindowsEditor(7,604-19) [Debug] 1 [PackageName] WindowsEditor [ProjectName] Editor" 

Player connection [29792]  * "[IP] 172.19.176.1 [Port] 0 [Flags] 2 [Guid] 2128114904 [EditorId] 2128114904 [Version] 1048832 [Id] WindowsEditor(7,604-19) [Debug] 1 [PackageName] WindowsEditor [ProjectName] Editor" 

Player connection [29792]  * "[IP] 192.168.217.1 [Port] 0 [Flags] 2 [Guid] 2128114904 [EditorId] 2128114904 [Version] 1048832 [Id] WindowsEditor(7,604-19) [Debug] 1 [PackageName] WindowsEditor [ProjectName] Editor" 

Player connection [29792]  * "[IP] 192.168.172.1 [Port] 0 [Flags] 2 [Guid] 2128114904 [EditorId] 2128114904 [Version] 1048832 [Id] WindowsEditor(7,604-19) [Debug] 1 [PackageName] WindowsEditor [ProjectName] Editor" 

Player connection [29792]  * "[IP] 192.168.56.1 [Port] 0 [Flags] 2 [Guid] 2128114904 [EditorId] 2128114904 [Version] 1048832 [Id] WindowsEditor(7,604-19) [Debug] 1 [PackageName] WindowsEditor [ProjectName] Editor" 

Player connection [29792] Host joined multi-casting on [225.0.0.222:54997]...
Player connection [29792] Host joined alternative multi-casting on [225.0.0.222:34997]...
JobSystem: Creating JobQueue using job-worker-count value 7
Input System module state changed to: Initialized.
[Physics::Module] Initialized fallback backend.
[Physics::Module] Id: 0xdecafbad
Library Redirect Path: Library/
[Physics::Module] Selected backend.
[Physics::Module] Name: PhysX
[Physics::Module] Id: 0xf2b8ea05
[Physics::Module] SDK Version: 4.1.2
[Physics::Module] Integration Version: 1.0.0
[Physics::Module] Threading Mode: Multi-Threaded
Refreshing native plugins compatible for Editor in 2.98 ms, found 4 plugins.
Preloading 0 native plugins for Editor in 0.00 ms.
Initialize engine version: 6000.0.41f1 (46e447368a18)
[Subsystems] Discovering subsystems at path C:/Program Files/Unity/Hub/Editor/6000.0.41f1/Editor/Data/Resources/UnitySubsystems
[Subsystems] Discovering subsystems at path C:/Users/ktc/Desktop/WedPersonal/Monochrome/Assets
GfxDevice: creating device client; kGfxThreadingModeNonThreaded
Direct3D:
    Version:  Direct3D 11.0 [level 11.1]
    Renderer: NVIDIA GeForce RTX 3070 (ID=0x2484)
    Vendor:   NVIDIA
    VRAM:     8018 MB
    Driver:   32.0.15.6624
Initialize mono
Mono path[0] = 'C:/Program Files/Unity/Hub/Editor/6000.0.41f1/Editor/Data/Managed'
Mono path[1] = 'C:/Program Files/Unity/Hub/Editor/6000.0.41f1/Editor/Data/MonoBleedingEdge/lib/mono/unityjit-win32'
Mono config path = 'C:/Program Files/Unity/Hub/Editor/6000.0.41f1/Editor/Data/MonoBleedingEdge/etc'
Using monoOptions --debugger-agent=transport=dt_socket,embedding=1,server=y,suspend=n,address=127.0.0.1:56692
Begin MonoManager ReloadAssembly
Registering precompiled unity dll's ...
Register platform support module: C:/Program Files/Unity/Hub/Editor/6000.0.41f1/Editor/Data/PlaybackEngines/WebGLSupport/UnityEditor.WebGL.Extensions.dll
Register platform support module: C:/Program Files/Unity/Hub/Editor/6000.0.41f1/Editor/Data/PlaybackEngines/WindowsStandaloneSupport/UnityEditor.WindowsStandalone.Extensions.dll
Register platform support module: C:/Program Files/Unity/Hub/Editor/6000.0.41f1/Editor/Data/PlaybackEngines/AndroidPlayer/UnityEditor.Android.Extensions.dll
Register platform support module: C:/Program Files/Unity/Hub/Editor/6000.0.41f1/Editor/Data/PlaybackEngines/iOSSupport/UnityEditor.iOS.Extensions.dll
Registered in 0.004980 seconds.
- Loaded All Assemblies, in  0.446 seconds
[usbmuxd] Start listen thread
[usbmuxd] Listen thread started
Native extension for iOS target not found
Native extension for Android target not found
Android Extension - Scanning For ADB Devices 245 ms
Native extension for WindowsStandalone target not found
Native extension for WebGL target not found
Mono: successfully reloaded assembly
- Finished resetting the current domain, in  0.611 seconds
Domain Reload Profiling: 1055ms
	BeginReloadAssembly (131ms)
		ExecutionOrderSort (0ms)
		DisableScriptedObjects (0ms)
		BackupInstance (0ms)
		ReleaseScriptingObjects (0ms)
		CreateAndSetChildDomain (1ms)
	RebuildCommonClasses (33ms)
	RebuildNativeTypeToScriptingClass (17ms)
	initialDomainReloadingComplete (55ms)
	LoadAllAssembliesAndSetupDomain (209ms)
		LoadAssemblies (129ms)
		RebuildTransferFunctionScriptingTraits (0ms)
		AnalyzeDomain (204ms)
			TypeCache.Refresh (203ms)
				TypeCache.ScanAssembly (188ms)
			BuildScriptInfoCaches (0ms)
			ResolveRequiredComponents (0ms)
	FinalizeReload (611ms)
		ReleaseScriptCaches (0ms)
		RebuildScriptCaches (0ms)
		SetupLoadedEditorAssemblies (560ms)
			LogAssemblyErrors (0ms)
			InitializePlatformSupportModulesInManaged (338ms)
			SetLoadedEditorAssemblies (3ms)
			BeforeProcessingInitializeOnLoad (51ms)
			ProcessInitializeOnLoadAttributes (109ms)
			ProcessInitializeOnLoadMethodAttributes (59ms)
			AfterProcessingInitializeOnLoad (0ms)
			EditorAssembliesLoaded (0ms)
		ExecutionOrderSort2 (0ms)
		AwakeInstancesAfterBackupRestoration (0ms)
========================================================================
Worker process is ready to serve import requests
Import Worker Mode flag is 0x00
Begin MonoManager ReloadAssembly
- Loaded All Assemblies, in  0.876 seconds
Refreshing native plugins compatible for Editor in 1.60 ms, found 4 plugins.
Native extension for iOS target not found
Native extension for Android target not found
Native extension for WindowsStandalone target not found
Native extension for WebGL target not found
Mono: successfully reloaded assembly
- Finished resetting the current domain, in  0.813 seconds
Domain Reload Profiling: 1685ms
	BeginReloadAssembly (186ms)
		ExecutionOrderSort (0ms)
		DisableScriptedObjects (9ms)
		BackupInstance (0ms)
		ReleaseScriptingObjects (0ms)
		CreateAndSetChildDomain (40ms)
	RebuildCommonClasses (42ms)
	RebuildNativeTypeToScriptingClass (16ms)
	initialDomainReloadingComplete (41ms)
	LoadAllAssembliesAndSetupDomain (587ms)
		LoadAssemblies (363ms)
		RebuildTransferFunctionScriptingTraits (0ms)
		AnalyzeDomain (324ms)
			TypeCache.Refresh (242ms)
				TypeCache.ScanAssembly (224ms)
			BuildScriptInfoCaches (65ms)
			ResolveRequiredComponents (14ms)
	FinalizeReload (814ms)
		ReleaseScriptCaches (0ms)
		RebuildScriptCaches (0ms)
		SetupLoadedEditorAssemblies (649ms)
			LogAssemblyErrors (0ms)
			InitializePlatformSupportModulesInManaged (17ms)
			SetLoadedEditorAssemblies (4ms)
			BeforeProcessingInitializeOnLoad (112ms)
			ProcessInitializeOnLoadAttributes (372ms)
			ProcessInitializeOnLoadMethodAttributes (139ms)
			AfterProcessingInitializeOnLoad (6ms)
			EditorAssembliesLoaded (0ms)
		ExecutionOrderSort2 (0ms)
		AwakeInstancesAfterBackupRestoration (8ms)
database is locked
Failed to delete database file Library/ShaderCache.db
Launched and connected shader compiler UnityShaderCompiler.exe after 0.01 seconds
Refreshing native plugins compatible for Editor in 1.30 ms, found 4 plugins.
Preloading 0 native plugins for Editor in 0.00 ms.
Unloading 206 Unused Serialized files (Serialized files now loaded: 0)
Unloading 6691 unused Assets / (6.9 MB). Loaded Objects now: 7338.
Memory consumption went from 175.5 MB to 168.6 MB.
Total: 8.747400 ms (FindLiveObjects: 0.672000 ms CreateObjectMapping: 0.710300 ms MarkObjects: 4.302400 ms  DeleteObjects: 3.061700 ms)

========================================================================
Received Import Request.
  Time since last request: 3669.759378 seconds.
  path: Assets/2DSpaceshipsFreeTrial/Prefabs/2DScifiFighterWeapons/2DFighterMinigun.prefab
  artifactKey: Guid(82d887c3b90616348b27fdfbb59794b4) Importer(815301076,1909f56bfc062723c751e8b465ee728b)
Start importing Assets/2DSpaceshipsFreeTrial/Prefabs/2DScifiFighterWeapons/2DFighterMinigun.prefab using Guid(82d887c3b90616348b27fdfbb59794b4) Importer(815301076,1909f56bfc062723c751e8b465ee728b) (PreviewImporter) -> (artifact id: '8d441ab24ffc07e6f71a986258d9c33c') in 0.5370227 seconds
Number of updated asset objects reloaded before import = 0Number of asset objects unloaded after import = 9

========================================================================
Received Import Request.
  Time since last request: 0.000083 seconds.
  path: Assets/2DSpaceshipsFreeTrial/Prefabs/2DScifiFighterWeapons/2DFighterMissile.prefab
  artifactKey: Guid(556f2eb4bc9000c42a11abc910131c24) Importer(815301076,1909f56bfc062723c751e8b465ee728b)
Start importing Assets/2DSpaceshipsFreeTrial/Prefabs/2DScifiFighterWeapons/2DFighterMissile.prefab using Guid(556f2eb4bc9000c42a11abc910131c24) Importer(815301076,1909f56bfc062723c751e8b465ee728b) (PreviewImporter) -> (artifact id: '3cd241a353f4e89841f0083b26c17dcb') in 0.0100453 seconds
Number of updated asset objects reloaded before import = 0Number of asset objects unloaded after import = 8

========================================================================
Received Import Request.
  Time since last request: 0.000061 seconds.
  path: Assets/2DSpaceshipsFreeTrial/Prefabs/2DScifiFighterWeapons/2DFighterTorpedo.prefab
  artifactKey: Guid(1e16ea26925190d4bb4582735a69a3ac) Importer(815301076,1909f56bfc062723c751e8b465ee728b)
Start importing Assets/2DSpaceshipsFreeTrial/Prefabs/2DScifiFighterWeapons/2DFighterTorpedo.prefab using Guid(1e16ea26925190d4bb4582735a69a3ac) Importer(815301076,1909f56bfc062723c751e8b465ee728b) (PreviewImporter) -> (artifact id: 'c35d56ebd8c2a9eef61e6b17c8a47432') in 0.0072808 seconds
Number of updated asset objects reloaded before import = 0Number of asset objects unloaded after import = 8

========================================================================
Received Import Request.
  Time since last request: 5.594210 seconds.
  path: Assets/2DSpaceshipsFreeTrial/Prefabs/2DShipMissilesTorpedoes/2DShipsTorpedo.prefab
  artifactKey: Guid(cc37bc98d98663343a34aa2a097f4150) Importer(815301076,1909f56bfc062723c751e8b465ee728b)
Start importing Assets/2DSpaceshipsFreeTrial/Prefabs/2DShipMissilesTorpedoes/2DShipsTorpedo.prefab using Guid(cc37bc98d98663343a34aa2a097f4150) Importer(815301076,1909f56bfc062723c751e8b465ee728b) (PreviewImporter) -> (artifact id: 'a4bf92c06214cc1e465fad30690ebad5') in 0.0096465 seconds
Number of updated asset objects reloaded before import = 0Number of asset objects unloaded after import = 8

========================================================================
Received Import Request.
  Time since last request: 18.676456 seconds.
  path: Assets/2DSpaceshipsFreeTrial/Prefabs/2DShipsStandardWeapons/SideView/Turrets/Left/2DShipsSmallTurretSideViewLeft.prefab
  artifactKey: Guid(4dd1a84e05fb8944a8a98480bacaae04) Importer(815301076,1909f56bfc062723c751e8b465ee728b)
Start importing Assets/2DSpaceshipsFreeTrial/Prefabs/2DShipsStandardWeapons/SideView/Turrets/Left/2DShipsSmallTurretSideViewLeft.prefab using Guid(4dd1a84e05fb8944a8a98480bacaae04) Importer(815301076,1909f56bfc062723c751e8b465ee728b) (PreviewImporter) -> (artifact id: '2a453b3bd325897296aa761666d1a4ee') in 0.0097625 seconds
Number of updated asset objects reloaded before import = 0Number of asset objects unloaded after import = 11

========================================================================
Received Import Request.
  Time since last request: 13.155814 seconds.
  path: Assets/2DSpaceshipsFreeTrial/Prefabs/2DShipsStandardWeapons/SideView/Turrets/Right/2DShipsSmallTurretSideViewRight.prefab
  artifactKey: Guid(59afc7c200c74c84cb5bc00e21ca76ad) Importer(815301076,1909f56bfc062723c751e8b465ee728b)
Start importing Assets/2DSpaceshipsFreeTrial/Prefabs/2DShipsStandardWeapons/SideView/Turrets/Right/2DShipsSmallTurretSideViewRight.prefab using Guid(59afc7c200c74c84cb5bc00e21ca76ad) Importer(815301076,1909f56bfc062723c751e8b465ee728b) (PreviewImporter) -> (artifact id: '7991e37d10270264048ce6166592ca12') in 0.0184334 seconds
Number of updated asset objects reloaded before import = 0Number of asset objects unloaded after import = 11

========================================================================
Received Import Request.
  Time since last request: 5.032719 seconds.
  path: Assets/2DSpaceshipsFreeTrial/Prefabs/2DShipsStandardWeapons/TopView/Turrets/2DShipsTurretSmallTopView.prefab
  artifactKey: Guid(9f7a8621083918b42ba3bca8a2226449) Importer(815301076,1909f56bfc062723c751e8b465ee728b)
Start importing Assets/2DSpaceshipsFreeTrial/Prefabs/2DShipsStandardWeapons/TopView/Turrets/2DShipsTurretSmallTopView.prefab using Guid(9f7a8621083918b42ba3bca8a2226449) Importer(815301076,1909f56bfc062723c751e8b465ee728b) (PreviewImporter) -> (artifact id: '774ca6ff7eab0eee2e188085179ce42b') in 0.009023 seconds
Number of updated asset objects reloaded before import = 0Number of asset objects unloaded after import = 7

========================================================================
Received Import Request.
  Time since last request: 47.671251 seconds.
  path: Assets/2DSpaceshipsFreeTrial/Prefabs/2DSpaceshipsFreeTrialSideView/2DScifiFrigateCorsairSideViewMasterPrefab.prefab
  artifactKey: Guid(09eef1c2dc8961249a5567081bca030d) Importer(815301076,1909f56bfc062723c751e8b465ee728b)
Start importing Assets/2DSpaceshipsFreeTrial/Prefabs/2DSpaceshipsFreeTrialSideView/2DScifiFrigateCorsairSideViewMasterPrefab.prefab using Guid(09eef1c2dc8961249a5567081bca030d) Importer(815301076,1909f56bfc062723c751e8b465ee728b) (PreviewImporter) -> (artifact id: 'e0ba6ce56070b51014973c9c40abbc5f') in 0.0673556 seconds
Number of updated asset objects reloaded before import = 0Number of asset objects unloaded after import = 77

========================================================================
Received Import Request.
  Time since last request: 42.895527 seconds.
  path: Assets/2DSpaceshipsFreeTrial/Prefabs/2DSpaceshipsFreeTrialSideViewScaleInRelation/2DScifiFrigateCorsairSideViewMasterPrefab.prefab
  artifactKey: Guid(cef0bbfd6bd27c24e82799ae94b2a6b9) Importer(815301076,1909f56bfc062723c751e8b465ee728b)
Start importing Assets/2DSpaceshipsFreeTrial/Prefabs/2DSpaceshipsFreeTrialSideViewScaleInRelation/2DScifiFrigateCorsairSideViewMasterPrefab.prefab using Guid(cef0bbfd6bd27c24e82799ae94b2a6b9) Importer(815301076,1909f56bfc062723c751e8b465ee728b) (PreviewImporter) -> (artifact id: '47bed9c9ba1dc241397006515b8e7434') in 0.050464 seconds
Number of updated asset objects reloaded before import = 0Number of asset objects unloaded after import = 77

========================================================================
Received Import Request.
  Time since last request: 11.350269 seconds.
  path: Assets/2DSpaceshipsFreeTrial/Prefabs/2DSpaceshipsFreeTrialTopView/2DScifiFrigateCorsairTopViewMasterPrefab.prefab
  artifactKey: Guid(fedd70b28e1d0bc44b3cb74a02d982d3) Importer(815301076,1909f56bfc062723c751e8b465ee728b)
Start importing Assets/2DSpaceshipsFreeTrial/Prefabs/2DSpaceshipsFreeTrialTopView/2DScifiFrigateCorsairTopViewMasterPrefab.prefab using Guid(fedd70b28e1d0bc44b3cb74a02d982d3) Importer(815301076,1909f56bfc062723c751e8b465ee728b) (PreviewImporter) -> (artifact id: '8078b820ca5e147aaf3bd7d86a32bd6c') in 0.0508973 seconds
Number of updated asset objects reloaded before import = 0Number of asset objects unloaded after import = 67

========================================================================
Received Import Request.
  Time since last request: 1.711668 seconds.
  path: Assets/2DSpaceshipsFreeTrial/Prefabs/2DSpaceshipsFreeTrialTopViewScaleInRelation/2DScifiFrigateCorsairTopViewMasterPrefab.prefab
  artifactKey: Guid(084d57ee81b2b814e8ef4386663aa943) Importer(815301076,1909f56bfc062723c751e8b465ee728b)
Start importing Assets/2DSpaceshipsFreeTrial/Prefabs/2DSpaceshipsFreeTrialTopViewScaleInRelation/2DScifiFrigateCorsairTopViewMasterPrefab.prefab using Guid(084d57ee81b2b814e8ef4386663aa943) Importer(815301076,1909f56bfc062723c751e8b465ee728b) (PreviewImporter) -> (artifact id: 'a2b05bbbe6654111258b5af41ee112b8') in 0.0492897 seconds
Number of updated asset objects reloaded before import = 0Number of asset objects unloaded after import = 67

========================================================================
Received Import Request.
  Time since last request: 470.915609 seconds.
  path: Assets/2DSpaceshipsFreeTrial/Textures/2DSpaceshipsFreeTrialSideView/2DSpaceshipsFreeTrialAtlasSideViewBlack2.png
  artifactKey: Guid(893b76d9a1d96ac4cbce9c7a9cdd51f8) Importer(815301076,1909f56bfc062723c751e8b465ee728b)
Start importing Assets/2DSpaceshipsFreeTrial/Textures/2DSpaceshipsFreeTrialSideView/2DSpaceshipsFreeTrialAtlasSideViewBlack2.png using Guid(893b76d9a1d96ac4cbce9c7a9cdd51f8) Importer(815301076,1909f56bfc062723c751e8b465ee728b) (PreviewImporter) -> (artifact id: '917080fd9471d90d48fbd5a0e51deeab') in 0.0532291 seconds
Number of updated asset objects reloaded before import = 0Number of asset objects unloaded after import = 5

========================================================================
Received Import Request.
  Time since last request: 0.000079 seconds.
  path: Assets/2DSpaceshipsFreeTrial/Textures/2DSpaceshipsFreeTrialSideView/2DSpaceshipsFreeTrialAtlasSideViewGrey.png
  artifactKey: Guid(0d8a1b8cd7445b445bff5a661529f046) Importer(815301076,1909f56bfc062723c751e8b465ee728b)
Start importing Assets/2DSpaceshipsFreeTrial/Textures/2DSpaceshipsFreeTrialSideView/2DSpaceshipsFreeTrialAtlasSideViewGrey.png using Guid(0d8a1b8cd7445b445bff5a661529f046) Importer(815301076,1909f56bfc062723c751e8b465ee728b) (PreviewImporter) -> (artifact id: 'a872f614ba512e2de2d56ceea05a82cb') in 0.0270018 seconds
Number of updated asset objects reloaded before import = 0Number of asset objects unloaded after import = 5

========================================================================
Received Import Request.
  Time since last request: 0.000050 seconds.
  path: Assets/2DSpaceshipsFreeTrial/Textures/2DSpaceshipsFreeTrialSideView/2DSpaceshipsFreeTrialAtlasSideViewWhite2.png
  artifactKey: Guid(64d530a33ddd8684a9c8058ffef3ef4b) Importer(815301076,1909f56bfc062723c751e8b465ee728b)
Start importing Assets/2DSpaceshipsFreeTrial/Textures/2DSpaceshipsFreeTrialSideView/2DSpaceshipsFreeTrialAtlasSideViewWhite2.png using Guid(64d530a33ddd8684a9c8058ffef3ef4b) Importer(815301076,1909f56bfc062723c751e8b465ee728b) (PreviewImporter) -> (artifact id: 'dc653ecd595b7482e46dc11416db6736') in 0.0227467 seconds
Number of updated asset objects reloaded before import = 0Number of asset objects unloaded after import = 5

========================================================================
Received Import Request.
  Time since last request: 0.000027 seconds.
  path: Assets/2DSpaceshipsFreeTrial/Textures/2DSpaceshipsFreeTrialSideView/2DSpaceshipsFreeTrialAtlasSideViewWhite.png
  artifactKey: Guid(308eb6c6c86e90a449a13570255dc56d) Importer(815301076,1909f56bfc062723c751e8b465ee728b)
Start importing Assets/2DSpaceshipsFreeTrial/Textures/2DSpaceshipsFreeTrialSideView/2DSpaceshipsFreeTrialAtlasSideViewWhite.png using Guid(308eb6c6c86e90a449a13570255dc56d) Importer(815301076,1909f56bfc062723c751e8b465ee728b) (PreviewImporter) -> (artifact id: '5874b31d407567707bf5fa1f47afd5dc') in 0.0229833 seconds
Number of updated asset objects reloaded before import = 0Number of asset objects unloaded after import = 5

========================================================================
Received Import Request.
  Time since last request: 0.000033 seconds.
  path: Assets/2DSpaceshipsFreeTrial/Textures/2DSpaceshipsFreeTrialSideView/2DSpaceshipsFreeTrialAtlasSideViewBlue2.png
  artifactKey: Guid(d0a34105e4889f749b0b25e03b9bca86) Importer(815301076,1909f56bfc062723c751e8b465ee728b)
Start importing Assets/2DSpaceshipsFreeTrial/Textures/2DSpaceshipsFreeTrialSideView/2DSpaceshipsFreeTrialAtlasSideViewBlue2.png using Guid(d0a34105e4889f749b0b25e03b9bca86) Importer(815301076,1909f56bfc062723c751e8b465ee728b) (PreviewImporter) -> (artifact id: '65431b5ca72bdca6e59a739b53ecbd06') in 0.0136836 seconds
Number of updated asset objects reloaded before import = 0Number of asset objects unloaded after import = 5

========================================================================
Received Import Request.
  Time since last request: 0.000025 seconds.
  path: Assets/2DSpaceshipsFreeTrial/Textures/2DSpaceshipsFreeTrialSideView/2DSpaceshipsFreeTrialAtlasSideViewYellow2.png
  artifactKey: Guid(239b20a14b3900945a7625128004580d) Importer(815301076,1909f56bfc062723c751e8b465ee728b)
Start importing Assets/2DSpaceshipsFreeTrial/Textures/2DSpaceshipsFreeTrialSideView/2DSpaceshipsFreeTrialAtlasSideViewYellow2.png using Guid(239b20a14b3900945a7625128004580d) Importer(815301076,1909f56bfc062723c751e8b465ee728b) (PreviewImporter) -> (artifact id: 'aaf78a64f12034f90a3830164f8c84ea') in 0.0166131 seconds
Number of updated asset objects reloaded before import = 0Number of asset objects unloaded after import = 5

========================================================================
Received Import Request.
  Time since last request: 0.000036 seconds.
  path: Assets/2DSpaceshipsFreeTrial/Textures/2DSpaceshipsFreeTrialSideView/2DSpaceshipsFreeTrialAtlasSideViewRed.png
  artifactKey: Guid(359cb9785aad53b43a2d8ffe8a86d053) Importer(815301076,1909f56bfc062723c751e8b465ee728b)
Start importing Assets/2DSpaceshipsFreeTrial/Textures/2DSpaceshipsFreeTrialSideView/2DSpaceshipsFreeTrialAtlasSideViewRed.png using Guid(359cb9785aad53b43a2d8ffe8a86d053) Importer(815301076,1909f56bfc062723c751e8b465ee728b) (PreviewImporter) -> (artifact id: '7331a3a46872ae55bc0dca3a121400c9') in 0.0153533 seconds
Number of updated asset objects reloaded before import = 0Number of asset objects unloaded after import = 5

Editor requested this worker to shutdown with reason: Scaling down because of idle timeout
AssetImportWorker is now disconnected from the server
Process exiting
Exiting without the bug reporter. Application will terminate with return code 0