Using pre-set license
Built from '6000.0/staging' branch; Version is '6000.0.41f1 (46e447368a18) revision 4645959'; Using compiler version '193933523'; Build Type 'Release'
OS: 'Windows 11  (10.0.22631) 64bit Professional' Language: 'ja' Physical Memory: 32440 MB
BatchMode: 1, IsHumanControllingUs: 0, StartBugReporterOnCrash: 0, Is64bit: 1, IsPro: 1

COMMAND LINE ARGUMENTS:
C:\Program Files\Unity\Hub\Editor\6000.0.41f1\Editor\Unity.exe
-adb2
-batchMode
-noUpm
-name
AssetImportWorker7
-projectPath
C:/Users/ktc/Desktop/WedPersonal/Monochrome
-logFile
Logs/AssetImportWorker7.log
-srvPort
52671
-job-worker-count
7
-background-job-worker-count
8
-gc-helper-count
1
Successfully changed project path to: C:/Users/ktc/Desktop/WedPersonal/Monochrome
C:/Users/ktc/Desktop/WedPersonal/Monochrome
[UnityMemory] Configuration Parameters - Can be set up in boot.config
    "memorysetup-bucket-allocator-granularity=16"
    "memorysetup-bucket-allocator-bucket-count=8"
    "memorysetup-bucket-allocator-block-size=33554432"
    "memorysetup-bucket-allocator-block-count=8"
    "memorysetup-main-allocator-block-size=16777216"
    "memorysetup-thread-allocator-block-size=16777216"
    "memorysetup-gfx-main-allocator-block-size=16777216"
    "memorysetup-gfx-thread-allocator-block-size=16777216"
    "memorysetup-cache-allocator-block-size=4194304"
    "memorysetup-typetree-allocator-block-size=2097152"
    "memorysetup-profiler-bucket-allocator-granularity=16"
    "memorysetup-profiler-bucket-allocator-bucket-count=8"
    "memorysetup-profiler-bucket-allocator-block-size=33554432"
    "memorysetup-profiler-bucket-allocator-block-count=8"
    "memorysetup-profiler-allocator-block-size=16777216"
    "memorysetup-profiler-editor-allocator-block-size=1048576"
    "memorysetup-temp-allocator-size-main=16777216"
    "memorysetup-job-temp-allocator-block-size=2097152"
    "memorysetup-job-temp-allocator-block-size-background=1048576"
    "memorysetup-job-temp-allocator-reduction-small-platforms=262144"
    "memorysetup-allocator-temp-initial-block-size-main=262144"
    "memorysetup-allocator-temp-initial-block-size-worker=262144"
    "memorysetup-temp-allocator-size-background-worker=32768"
    "memorysetup-temp-allocator-size-job-worker=262144"
    "memorysetup-temp-allocator-size-preload-manager=33554432"
    "memorysetup-temp-allocator-size-nav-mesh-worker=65536"
    "memorysetup-temp-allocator-size-audio-worker=65536"
    "memorysetup-temp-allocator-size-cloud-worker=32768"
    "memorysetup-temp-allocator-size-gi-baking-worker=262144"
    "memorysetup-temp-allocator-size-gi-baking-worker=262144"
    "memorysetup-temp-allocator-size-gi-baking-worker=262144"
    "memorysetup-temp-allocator-size-gi-baking-worker=262144"
    "memorysetup-temp-allocator-size-gi-baking-worker=262144"
    "memorysetup-temp-allocator-size-gfx=262144"
Player connection [28936]  Target information:

Player connection [28936]  * "[IP] 172.22.90.104 [Port] 0 [Flags] 2 [Guid] 238174002 [EditorId] 238174002 [Version] 1048832 [Id] WindowsEditor(7,604-19) [Debug] 1 [PackageName] WindowsEditor [ProjectName] Editor" 

Player connection [28936]  * "[IP] 172.19.176.1 [Port] 0 [Flags] 2 [Guid] 238174002 [EditorId] 238174002 [Version] 1048832 [Id] WindowsEditor(7,604-19) [Debug] 1 [PackageName] WindowsEditor [ProjectName] Editor" 

Player connection [28936]  * "[IP] 192.168.217.1 [Port] 0 [Flags] 2 [Guid] 238174002 [EditorId] 238174002 [Version] 1048832 [Id] WindowsEditor(7,604-19) [Debug] 1 [PackageName] WindowsEditor [ProjectName] Editor" 

Player connection [28936]  * "[IP] 192.168.172.1 [Port] 0 [Flags] 2 [Guid] 238174002 [EditorId] 238174002 [Version] 1048832 [Id] WindowsEditor(7,604-19) [Debug] 1 [PackageName] WindowsEditor [ProjectName] Editor" 

Player connection [28936]  * "[IP] 192.168.56.1 [Port] 0 [Flags] 2 [Guid] 238174002 [EditorId] 238174002 [Version] 1048832 [Id] WindowsEditor(7,604-19) [Debug] 1 [PackageName] WindowsEditor [ProjectName] Editor" 

Player connection [28936] Host joined multi-casting on [225.0.0.222:54997]...
Player connection [28936] Host joined alternative multi-casting on [225.0.0.222:34997]...
JobSystem: Creating JobQueue using job-worker-count value 7
Input System module state changed to: Initialized.
[Physics::Module] Initialized fallback backend.
[Physics::Module] Id: 0xdecafbad
Library Redirect Path: Library/
[Physics::Module] Selected backend.
[Physics::Module] Name: PhysX
[Physics::Module] Id: 0xf2b8ea05
[Physics::Module] SDK Version: 4.1.2
[Physics::Module] Integration Version: 1.0.0
[Physics::Module] Threading Mode: Multi-Threaded
Refreshing native plugins compatible for Editor in 2.30 ms, found 4 plugins.
Preloading 0 native plugins for Editor in 0.00 ms.
Initialize engine version: 6000.0.41f1 (46e447368a18)
[Subsystems] Discovering subsystems at path C:/Program Files/Unity/Hub/Editor/6000.0.41f1/Editor/Data/Resources/UnitySubsystems
[Subsystems] Discovering subsystems at path C:/Users/ktc/Desktop/WedPersonal/Monochrome/Assets
GfxDevice: creating device client; kGfxThreadingModeNonThreaded
Direct3D:
    Version:  Direct3D 11.0 [level 11.1]
    Renderer: NVIDIA GeForce RTX 3070 (ID=0x2484)
    Vendor:   NVIDIA
    VRAM:     8018 MB
    Driver:   32.0.15.6624
Initialize mono
Mono path[0] = 'C:/Program Files/Unity/Hub/Editor/6000.0.41f1/Editor/Data/Managed'
Mono path[1] = 'C:/Program Files/Unity/Hub/Editor/6000.0.41f1/Editor/Data/MonoBleedingEdge/lib/mono/unityjit-win32'
Mono config path = 'C:/Program Files/Unity/Hub/Editor/6000.0.41f1/Editor/Data/MonoBleedingEdge/etc'
Using monoOptions --debugger-agent=transport=dt_socket,embedding=1,server=y,suspend=n,address=127.0.0.1:56620
Begin MonoManager ReloadAssembly
Registering precompiled unity dll's ...
Register platform support module: C:/Program Files/Unity/Hub/Editor/6000.0.41f1/Editor/Data/PlaybackEngines/WebGLSupport/UnityEditor.WebGL.Extensions.dll
Register platform support module: C:/Program Files/Unity/Hub/Editor/6000.0.41f1/Editor/Data/PlaybackEngines/WindowsStandaloneSupport/UnityEditor.WindowsStandalone.Extensions.dll
Register platform support module: C:/Program Files/Unity/Hub/Editor/6000.0.41f1/Editor/Data/PlaybackEngines/AndroidPlayer/UnityEditor.Android.Extensions.dll
Register platform support module: C:/Program Files/Unity/Hub/Editor/6000.0.41f1/Editor/Data/PlaybackEngines/iOSSupport/UnityEditor.iOS.Extensions.dll
Registered in 0.004880 seconds.
- Loaded All Assemblies, in  0.483 seconds
[usbmuxd] Start listen thread
[usbmuxd] Listen thread started
Native extension for iOS target not found
Native extension for Android target not found
Android Extension - Scanning For ADB Devices 271 ms
Native extension for WindowsStandalone target not found
Native extension for WebGL target not found
Mono: successfully reloaded assembly
- Finished resetting the current domain, in  0.641 seconds
Domain Reload Profiling: 1122ms
	BeginReloadAssembly (165ms)
		ExecutionOrderSort (0ms)
		DisableScriptedObjects (0ms)
		BackupInstance (0ms)
		ReleaseScriptingObjects (0ms)
		CreateAndSetChildDomain (1ms)
	RebuildCommonClasses (78ms)
	RebuildNativeTypeToScriptingClass (14ms)
	initialDomainReloadingComplete (52ms)
	LoadAllAssembliesAndSetupDomain (173ms)
		LoadAssemblies (163ms)
		RebuildTransferFunctionScriptingTraits (0ms)
		AnalyzeDomain (169ms)
			TypeCache.Refresh (167ms)
				TypeCache.ScanAssembly (154ms)
			BuildScriptInfoCaches (0ms)
			ResolveRequiredComponents (0ms)
	FinalizeReload (642ms)
		ReleaseScriptCaches (0ms)
		RebuildScriptCaches (0ms)
		SetupLoadedEditorAssemblies (589ms)
			LogAssemblyErrors (0ms)
			InitializePlatformSupportModulesInManaged (367ms)
			SetLoadedEditorAssemblies (4ms)
			BeforeProcessingInitializeOnLoad (52ms)
			ProcessInitializeOnLoadAttributes (109ms)
			ProcessInitializeOnLoadMethodAttributes (58ms)
			AfterProcessingInitializeOnLoad (0ms)
			EditorAssembliesLoaded (0ms)
		ExecutionOrderSort2 (0ms)
		AwakeInstancesAfterBackupRestoration (0ms)
========================================================================
Worker process is ready to serve import requests
Import Worker Mode flag is 0x00
Begin MonoManager ReloadAssembly
- Loaded All Assemblies, in  0.818 seconds
Refreshing native plugins compatible for Editor in 1.87 ms, found 4 plugins.
Native extension for iOS target not found
Native extension for Android target not found
Native extension for WindowsStandalone target not found
Native extension for WebGL target not found
Mono: successfully reloaded assembly
- Finished resetting the current domain, in  0.802 seconds
Domain Reload Profiling: 1615ms
	BeginReloadAssembly (164ms)
		ExecutionOrderSort (0ms)
		DisableScriptedObjects (5ms)
		BackupInstance (0ms)
		ReleaseScriptingObjects (0ms)
		CreateAndSetChildDomain (37ms)
	RebuildCommonClasses (33ms)
	RebuildNativeTypeToScriptingClass (10ms)
	initialDomainReloadingComplete (38ms)
	LoadAllAssembliesAndSetupDomain (567ms)
		LoadAssemblies (357ms)
		RebuildTransferFunctionScriptingTraits (0ms)
		AnalyzeDomain (300ms)
			TypeCache.Refresh (215ms)
				TypeCache.ScanAssembly (197ms)
			BuildScriptInfoCaches (64ms)
			ResolveRequiredComponents (18ms)
	FinalizeReload (803ms)
		ReleaseScriptCaches (0ms)
		RebuildScriptCaches (0ms)
		SetupLoadedEditorAssemblies (636ms)
			LogAssemblyErrors (0ms)
			InitializePlatformSupportModulesInManaged (15ms)
			SetLoadedEditorAssemblies (4ms)
			BeforeProcessingInitializeOnLoad (130ms)
			ProcessInitializeOnLoadAttributes (360ms)
			ProcessInitializeOnLoadMethodAttributes (123ms)
			AfterProcessingInitializeOnLoad (5ms)
			EditorAssembliesLoaded (0ms)
		ExecutionOrderSort2 (0ms)
		AwakeInstancesAfterBackupRestoration (5ms)
Launched and connected shader compiler UnityShaderCompiler.exe after 0.01 seconds
Refreshing native plugins compatible for Editor in 1.36 ms, found 4 plugins.
Preloading 0 native plugins for Editor in 0.00 ms.
Unloading 206 Unused Serialized files (Serialized files now loaded: 0)
Unloading 6701 unused Assets / (6.9 MB). Loaded Objects now: 7348.
Memory consumption went from 175.8 MB to 168.9 MB.
Total: 9.271700 ms (FindLiveObjects: 0.674100 ms CreateObjectMapping: 0.663800 ms MarkObjects: 4.263600 ms  DeleteObjects: 3.669400 ms)

========================================================================
Received Import Request.
  Time since last request: 3164.568099 seconds.
  path: Assets/OneToonBuilding/Prefabs/Shops/ShopA03.prefab
  artifactKey: Guid(fdfcf2dc4fc10334ab1cd9a821563fcc) Importer(815301076,1909f56bfc062723c751e8b465ee728b)
Start importing Assets/OneToonBuilding/Prefabs/Shops/ShopA03.prefab using Guid(fdfcf2dc4fc10334ab1cd9a821563fcc) Importer(815301076,1909f56bfc062723c751e8b465ee728b) (PreviewImporter) -> (artifact id: '3e21da0f13bfcb8e00421415f9995403') in 0.5238132 seconds
Number of updated asset objects reloaded before import = 0Number of asset objects unloaded after import = 41

========================================================================
Received Import Request.
  Time since last request: 8.896762 seconds.
  path: Assets/OneToonBuilding/Models/Buildings/ComI/ComIB01/ComIB01F00top.fbx
  artifactKey: Guid(213f699034e622e4b9d76911cc15a6bd) Importer(815301076,1909f56bfc062723c751e8b465ee728b)
Start importing Assets/OneToonBuilding/Models/Buildings/ComI/ComIB01/ComIB01F00top.fbx using Guid(213f699034e622e4b9d76911cc15a6bd) Importer(815301076,1909f56bfc062723c751e8b465ee728b) (PreviewImporter) -> (artifact id: '532f821a7796b205787c840c2939522a') in 0.2170993 seconds
Number of updated asset objects reloaded before import = 0Number of asset objects unloaded after import = 17

========================================================================
Received Import Request.
  Time since last request: 0.000037 seconds.
  path: Assets/OneToonBuilding/Models/Buildings/ComI/ComIB01/ComIB01F01.fbx
  artifactKey: Guid(ad37d6de9bb79f24594c571b6b4158da) Importer(815301076,1909f56bfc062723c751e8b465ee728b)
Start importing Assets/OneToonBuilding/Models/Buildings/ComI/ComIB01/ComIB01F01.fbx using Guid(ad37d6de9bb79f24594c571b6b4158da) Importer(815301076,1909f56bfc062723c751e8b465ee728b) (PreviewImporter) -> (artifact id: 'da18dfb58eab59fbf3f86b4c264cf50e') in 0.0415666 seconds
Number of updated asset objects reloaded before import = 0Number of asset objects unloaded after import = 29

========================================================================
Received Import Request.
  Time since last request: 0.000035 seconds.
  path: Assets/OneToonBuilding/Models/Buildings/ComI/ComIB01/ComIB01F04.fbx
  artifactKey: Guid(a72840ebfbb311e4c9408dfc652d0f0d) Importer(815301076,1909f56bfc062723c751e8b465ee728b)
Start importing Assets/OneToonBuilding/Models/Buildings/ComI/ComIB01/ComIB01F04.fbx using Guid(a72840ebfbb311e4c9408dfc652d0f0d) Importer(815301076,1909f56bfc062723c751e8b465ee728b) (PreviewImporter) -> (artifact id: 'be072d84d9dbbcbc3f1e7e0cb1515f24') in 0.0503965 seconds
Number of updated asset objects reloaded before import = 0Number of asset objects unloaded after import = 32

========================================================================
Received Import Request.
  Time since last request: 8.950246 seconds.
  path: Assets/OneToonBuilding/Models/Materials/Lights/SpotLight.mat
  artifactKey: Guid(68d0a29a768162149bc6942252211dc6) Importer(815301076,1909f56bfc062723c751e8b465ee728b)
Start importing Assets/OneToonBuilding/Models/Materials/Lights/SpotLight.mat using Guid(68d0a29a768162149bc6942252211dc6) Importer(815301076,1909f56bfc062723c751e8b465ee728b) (PreviewImporter) -> (artifact id: '2ae5b13899ac07612f954f01cffde573') in 0.1364802 seconds
Number of updated asset objects reloaded before import = 0Number of asset objects unloaded after import = 2

========================================================================
Received Import Request.
  Time since last request: 1.131435 seconds.
  path: Assets/OneToonBuilding/Models/Materials/Skies/DarkNight.mat
  artifactKey: Guid(1990553e3b68ef94e8dd380cd2081329) Importer(815301076,1909f56bfc062723c751e8b465ee728b)
Start importing Assets/OneToonBuilding/Models/Materials/Skies/DarkNight.mat using Guid(1990553e3b68ef94e8dd380cd2081329) Importer(815301076,1909f56bfc062723c751e8b465ee728b) (PreviewImporter) -> (artifact id: 'd1121aad203cebb8895a13b5b3a28b34') in 0.0832263 seconds
Number of updated asset objects reloaded before import = 0Number of asset objects unloaded after import = 1

========================================================================
Received Import Request.
  Time since last request: 0.000040 seconds.
  path: Assets/OneToonBuilding/Models/Materials/Skies/ToonTownLateNight.mat
  artifactKey: Guid(674e796a93c6c4e43ac063a22d59d405) Importer(815301076,1909f56bfc062723c751e8b465ee728b)
Start importing Assets/OneToonBuilding/Models/Materials/Skies/ToonTownLateNight.mat using Guid(674e796a93c6c4e43ac063a22d59d405) Importer(815301076,1909f56bfc062723c751e8b465ee728b) (PreviewImporter) -> (artifact id: 'e503d807cbd5f6cbb28cf00eb63f230e') in 0.2986803 seconds
Number of updated asset objects reloaded before import = 0Number of asset objects unloaded after import = 2

========================================================================
Received Import Request.
  Time since last request: 0.000044 seconds.
  path: Assets/OneToonBuilding/Models/Materials/Skies/ToonTownNight.mat
  artifactKey: Guid(7435ce131e4bf9945803dd0b7aa1287c) Importer(815301076,1909f56bfc062723c751e8b465ee728b)
Start importing Assets/OneToonBuilding/Models/Materials/Skies/ToonTownNight.mat using Guid(7435ce131e4bf9945803dd0b7aa1287c) Importer(815301076,1909f56bfc062723c751e8b465ee728b) (PreviewImporter) -> (artifact id: '3de6dd303013bc68c20f9de66270d185') in 0.2255179 seconds
Number of updated asset objects reloaded before import = 0Number of asset objects unloaded after import = 2

========================================================================
Received Prepare
Refreshing native plugins compatible for Editor in 1.52 ms, found 4 plugins.
Preloading 0 native plugins for Editor in 0.00 ms.
Unloading 40 Unused Serialized files (Serialized files now loaded: 0)
Unloading 6679 unused Assets / (8.1 MB). Loaded Objects now: 7512.
Memory consumption went from 160.4 MB to 152.4 MB.
Total: 16.130300 ms (FindLiveObjects: 0.824900 ms CreateObjectMapping: 0.900800 ms MarkObjects: 8.404500 ms  DeleteObjects: 5.998600 ms)

Prepare: number of updated asset objects reloaded= 0
========================================================================
Received Prepare
Begin MonoManager ReloadAssembly
- Loaded All Assemblies, in  0.804 seconds
Refreshing native plugins compatible for Editor in 1.45 ms, found 4 plugins.
Native extension for iOS target not found
Native extension for Android target not found
Native extension for WindowsStandalone target not found
Native extension for WebGL target not found
Mono: successfully reloaded assembly
- Finished resetting the current domain, in  0.827 seconds
Domain Reload Profiling: 1631ms
	BeginReloadAssembly (245ms)
		ExecutionOrderSort (0ms)
		DisableScriptedObjects (26ms)
		BackupInstance (0ms)
		ReleaseScriptingObjects (0ms)
		CreateAndSetChildDomain (66ms)
	RebuildCommonClasses (33ms)
	RebuildNativeTypeToScriptingClass (11ms)
	initialDomainReloadingComplete (31ms)
	LoadAllAssembliesAndSetupDomain (483ms)
		LoadAssemblies (369ms)
		RebuildTransferFunctionScriptingTraits (0ms)
		AnalyzeDomain (220ms)
			TypeCache.Refresh (11ms)
				TypeCache.ScanAssembly (0ms)
			BuildScriptInfoCaches (194ms)
			ResolveRequiredComponents (10ms)
	FinalizeReload (827ms)
		ReleaseScriptCaches (0ms)
		RebuildScriptCaches (0ms)
		SetupLoadedEditorAssemblies (581ms)
			LogAssemblyErrors (0ms)
			InitializePlatformSupportModulesInManaged (19ms)
			SetLoadedEditorAssemblies (4ms)
			BeforeProcessingInitializeOnLoad (145ms)
			ProcessInitializeOnLoadAttributes (351ms)
			ProcessInitializeOnLoadMethodAttributes (58ms)
			AfterProcessingInitializeOnLoad (5ms)
			EditorAssembliesLoaded (0ms)
		ExecutionOrderSort2 (0ms)
		AwakeInstancesAfterBackupRestoration (15ms)
Refreshing native plugins compatible for Editor in 1.36 ms, found 4 plugins.
Preloading 0 native plugins for Editor in 0.00 ms.
Unloading 40 Unused Serialized files (Serialized files now loaded: 0)
Unloading 6689 unused Assets / (7.0 MB). Loaded Objects now: 7413.
Memory consumption went from 160.3 MB to 153.3 MB.
Total: 10.296200 ms (FindLiveObjects: 0.670800 ms CreateObjectMapping: 0.783200 ms MarkObjects: 4.633400 ms  DeleteObjects: 4.207800 ms)

Prepare: number of updated asset objects reloaded= 0
========================================================================
Received Import Request.
  Time since last request: 235.746117 seconds.
  path: Assets/Free 32x32 Isometric Tileset Pack/Tile Palette/Palette Tiles/Free Isometric Pack Spritesheet_1.asset
  artifactKey: Guid(a553ebaada31f6048a480e71537d6ea8) Importer(815301076,1909f56bfc062723c751e8b465ee728b)
Start importing Assets/Free 32x32 Isometric Tileset Pack/Tile Palette/Palette Tiles/Free Isometric Pack Spritesheet_1.asset using Guid(a553ebaada31f6048a480e71537d6ea8) Importer(815301076,1909f56bfc062723c751e8b465ee728b) (PreviewImporter) -> (artifact id: 'e33c8bb1a0feae6806c19af57c078f85') in 0.0845486 seconds
Number of updated asset objects reloaded before import = 0Number of asset objects unloaded after import = 3

========================================================================
Received Import Request.
  Time since last request: 0.000016 seconds.
  path: Assets/Free 32x32 Isometric Tileset Pack/Tile Palette/Palette Tiles/Free Isometric Pack Spritesheet_5.asset
  artifactKey: Guid(c61893fb968c5f548a30f1e535036592) Importer(815301076,1909f56bfc062723c751e8b465ee728b)
Start importing Assets/Free 32x32 Isometric Tileset Pack/Tile Palette/Palette Tiles/Free Isometric Pack Spritesheet_5.asset using Guid(c61893fb968c5f548a30f1e535036592) Importer(815301076,1909f56bfc062723c751e8b465ee728b) (PreviewImporter) -> (artifact id: '4ed37601f4292439728096a96c983717') in 0.0102247 seconds
Number of updated asset objects reloaded before import = 0Number of asset objects unloaded after import = 3

========================================================================
Received Import Request.
  Time since last request: 0.000034 seconds.
  path: Assets/Free 32x32 Isometric Tileset Pack/Tile Palette/Palette Tiles/Free Isometric Pack Spritesheet_3.asset
  artifactKey: Guid(91dad2b8d5696a2439d7a1ff685022bc) Importer(815301076,1909f56bfc062723c751e8b465ee728b)
Start importing Assets/Free 32x32 Isometric Tileset Pack/Tile Palette/Palette Tiles/Free Isometric Pack Spritesheet_3.asset using Guid(91dad2b8d5696a2439d7a1ff685022bc) Importer(815301076,1909f56bfc062723c751e8b465ee728b) (PreviewImporter) -> (artifact id: '8cf791e2e3cde5694047d865057243b6') in 0.0069032 seconds
Number of updated asset objects reloaded before import = 0Number of asset objects unloaded after import = 3

========================================================================
Received Import Request.
  Time since last request: 0.000018 seconds.
  path: Assets/Free 32x32 Isometric Tileset Pack/Tile Palette/Palette Tiles/Free Isometric Pack Spritesheet_11.asset
  artifactKey: Guid(d6819dbda9cf9584aa4a23903f866442) Importer(815301076,1909f56bfc062723c751e8b465ee728b)
Start importing Assets/Free 32x32 Isometric Tileset Pack/Tile Palette/Palette Tiles/Free Isometric Pack Spritesheet_11.asset using Guid(d6819dbda9cf9584aa4a23903f866442) Importer(815301076,1909f56bfc062723c751e8b465ee728b) (PreviewImporter) -> (artifact id: '673295ebf269798eb794f98f4ec27ec4') in 0.005786 seconds
Number of updated asset objects reloaded before import = 0Number of asset objects unloaded after import = 3

========================================================================
Received Import Request.
  Time since last request: 0.000029 seconds.
  path: Assets/Free 32x32 Isometric Tileset Pack/Tile Palette/Palette Tiles/Free Isometric Pack Spritesheet_7.asset
  artifactKey: Guid(c95ac0afa82a03047a3b4abe424472e2) Importer(815301076,1909f56bfc062723c751e8b465ee728b)
Start importing Assets/Free 32x32 Isometric Tileset Pack/Tile Palette/Palette Tiles/Free Isometric Pack Spritesheet_7.asset using Guid(c95ac0afa82a03047a3b4abe424472e2) Importer(815301076,1909f56bfc062723c751e8b465ee728b) (PreviewImporter) -> (artifact id: 'f37a886dd2f8438f3abf89b12de672d3') in 0.0075121 seconds
Number of updated asset objects reloaded before import = 0Number of asset objects unloaded after import = 3

Editor requested this worker to shutdown with reason: Scaling down because of idle timeout
AssetImportWorker is now disconnected from the server
Process exiting
Exiting without the bug reporter. Application will terminate with return code 0