Using pre-set license
Built from '6000.0/staging' branch; Version is '6000.0.41f1 (46e447368a18) revision 4645959'; Using compiler version '193933523'; Build Type 'Release'
OS: 'Windows 11  (10.0.22631) 64bit Professional' Language: 'ja' Physical Memory: 32440 MB
BatchMode: 1, IsHumanControllingUs: 0, StartBugReporterOnCrash: 0, Is64bit: 1, IsPro: 1

COMMAND LINE ARGUMENTS:
C:\Program Files\Unity\Hub\Editor\6000.0.41f1\Editor\Unity.exe
-adb2
-batchMode
-noUpm
-name
AssetImportWorker5
-projectPath
C:/Users/ktc/Desktop/WedPersonal/Monochrome
-logFile
Logs/AssetImportWorker5.log
-srvPort
52671
-job-worker-count
7
-background-job-worker-count
8
-gc-helper-count
1
Successfully changed project path to: C:/Users/ktc/Desktop/WedPersonal/Monochrome
C:/Users/ktc/Desktop/WedPersonal/Monochrome
[UnityMemory] Configuration Parameters - Can be set up in boot.config
    "memorysetup-bucket-allocator-granularity=16"
    "memorysetup-bucket-allocator-bucket-count=8"
    "memorysetup-bucket-allocator-block-size=33554432"
    "memorysetup-bucket-allocator-block-count=8"
    "memorysetup-main-allocator-block-size=16777216"
    "memorysetup-thread-allocator-block-size=16777216"
    "memorysetup-gfx-main-allocator-block-size=16777216"
    "memorysetup-gfx-thread-allocator-block-size=16777216"
    "memorysetup-cache-allocator-block-size=4194304"
    "memorysetup-typetree-allocator-block-size=2097152"
    "memorysetup-profiler-bucket-allocator-granularity=16"
    "memorysetup-profiler-bucket-allocator-bucket-count=8"
    "memorysetup-profiler-bucket-allocator-block-size=33554432"
    "memorysetup-profiler-bucket-allocator-block-count=8"
    "memorysetup-profiler-allocator-block-size=16777216"
    "memorysetup-profiler-editor-allocator-block-size=1048576"
    "memorysetup-temp-allocator-size-main=16777216"
    "memorysetup-job-temp-allocator-block-size=2097152"
    "memorysetup-job-temp-allocator-block-size-background=1048576"
    "memorysetup-job-temp-allocator-reduction-small-platforms=262144"
    "memorysetup-allocator-temp-initial-block-size-main=262144"
    "memorysetup-allocator-temp-initial-block-size-worker=262144"
    "memorysetup-temp-allocator-size-background-worker=32768"
    "memorysetup-temp-allocator-size-job-worker=262144"
    "memorysetup-temp-allocator-size-preload-manager=33554432"
    "memorysetup-temp-allocator-size-nav-mesh-worker=65536"
    "memorysetup-temp-allocator-size-audio-worker=65536"
    "memorysetup-temp-allocator-size-cloud-worker=32768"
    "memorysetup-temp-allocator-size-gi-baking-worker=262144"
    "memorysetup-temp-allocator-size-gi-baking-worker=262144"
    "memorysetup-temp-allocator-size-gi-baking-worker=262144"
    "memorysetup-temp-allocator-size-gi-baking-worker=262144"
    "memorysetup-temp-allocator-size-gi-baking-worker=262144"
    "memorysetup-temp-allocator-size-gfx=262144"
Player connection [30604]  Target information:

Player connection [30604]  * "[IP] 172.22.90.104 [Port] 0 [Flags] 2 [Guid] 4063280160 [EditorId] 4063280160 [Version] 1048832 [Id] WindowsEditor(7,604-19) [Debug] 1 [PackageName] WindowsEditor [ProjectName] Editor" 

Player connection [30604]  * "[IP] 172.19.176.1 [Port] 0 [Flags] 2 [Guid] 4063280160 [EditorId] 4063280160 [Version] 1048832 [Id] WindowsEditor(7,604-19) [Debug] 1 [PackageName] WindowsEditor [ProjectName] Editor" 

Player connection [30604]  * "[IP] 192.168.217.1 [Port] 0 [Flags] 2 [Guid] 4063280160 [EditorId] 4063280160 [Version] 1048832 [Id] WindowsEditor(7,604-19) [Debug] 1 [PackageName] WindowsEditor [ProjectName] Editor" 

Player connection [30604]  * "[IP] 192.168.172.1 [Port] 0 [Flags] 2 [Guid] 4063280160 [EditorId] 4063280160 [Version] 1048832 [Id] WindowsEditor(7,604-19) [Debug] 1 [PackageName] WindowsEditor [ProjectName] Editor" 

Player connection [30604]  * "[IP] 192.168.56.1 [Port] 0 [Flags] 2 [Guid] 4063280160 [EditorId] 4063280160 [Version] 1048832 [Id] WindowsEditor(7,604-19) [Debug] 1 [PackageName] WindowsEditor [ProjectName] Editor" 

Player connection [30604] Host joined multi-casting on [225.0.0.222:54997]...
Player connection [30604] Host joined alternative multi-casting on [225.0.0.222:34997]...
JobSystem: Creating JobQueue using job-worker-count value 7
Input System module state changed to: Initialized.
[Physics::Module] Initialized fallback backend.
[Physics::Module] Id: 0xdecafbad
Library Redirect Path: Library/
[Physics::Module] Selected backend.
[Physics::Module] Name: PhysX
[Physics::Module] Id: 0xf2b8ea05
[Physics::Module] SDK Version: 4.1.2
[Physics::Module] Integration Version: 1.0.0
[Physics::Module] Threading Mode: Multi-Threaded
Refreshing native plugins compatible for Editor in 2.55 ms, found 4 plugins.
Preloading 0 native plugins for Editor in 0.00 ms.
Initialize engine version: 6000.0.41f1 (46e447368a18)
[Subsystems] Discovering subsystems at path C:/Program Files/Unity/Hub/Editor/6000.0.41f1/Editor/Data/Resources/UnitySubsystems
[Subsystems] Discovering subsystems at path C:/Users/ktc/Desktop/WedPersonal/Monochrome/Assets
GfxDevice: creating device client; kGfxThreadingModeNonThreaded
Direct3D:
    Version:  Direct3D 11.0 [level 11.1]
    Renderer: NVIDIA GeForce RTX 3070 (ID=0x2484)
    Vendor:   NVIDIA
    VRAM:     8018 MB
    Driver:   32.0.15.6624
Initialize mono
Mono path[0] = 'C:/Program Files/Unity/Hub/Editor/6000.0.41f1/Editor/Data/Managed'
Mono path[1] = 'C:/Program Files/Unity/Hub/Editor/6000.0.41f1/Editor/Data/MonoBleedingEdge/lib/mono/unityjit-win32'
Mono config path = 'C:/Program Files/Unity/Hub/Editor/6000.0.41f1/Editor/Data/MonoBleedingEdge/etc'
Using monoOptions --debugger-agent=transport=dt_socket,embedding=1,server=y,suspend=n,address=127.0.0.1:56600
Begin MonoManager ReloadAssembly
Registering precompiled unity dll's ...
Register platform support module: C:/Program Files/Unity/Hub/Editor/6000.0.41f1/Editor/Data/PlaybackEngines/WebGLSupport/UnityEditor.WebGL.Extensions.dll
Register platform support module: C:/Program Files/Unity/Hub/Editor/6000.0.41f1/Editor/Data/PlaybackEngines/WindowsStandaloneSupport/UnityEditor.WindowsStandalone.Extensions.dll
Register platform support module: C:/Program Files/Unity/Hub/Editor/6000.0.41f1/Editor/Data/PlaybackEngines/AndroidPlayer/UnityEditor.Android.Extensions.dll
Register platform support module: C:/Program Files/Unity/Hub/Editor/6000.0.41f1/Editor/Data/PlaybackEngines/iOSSupport/UnityEditor.iOS.Extensions.dll
Registered in 0.005211 seconds.
- Loaded All Assemblies, in  0.408 seconds
[usbmuxd] Start listen thread
[usbmuxd] Listen thread started
Native extension for iOS target not found
Native extension for Android target not found
Android Extension - Scanning For ADB Devices 251 ms
Native extension for WindowsStandalone target not found
Native extension for WebGL target not found
Mono: successfully reloaded assembly
- Finished resetting the current domain, in  0.621 seconds
Domain Reload Profiling: 1027ms
	BeginReloadAssembly (132ms)
		ExecutionOrderSort (0ms)
		DisableScriptedObjects (0ms)
		BackupInstance (0ms)
		ReleaseScriptingObjects (0ms)
		CreateAndSetChildDomain (1ms)
	RebuildCommonClasses (40ms)
	RebuildNativeTypeToScriptingClass (11ms)
	initialDomainReloadingComplete (48ms)
	LoadAllAssembliesAndSetupDomain (175ms)
		LoadAssemblies (131ms)
		RebuildTransferFunctionScriptingTraits (0ms)
		AnalyzeDomain (171ms)
			TypeCache.Refresh (169ms)
				TypeCache.ScanAssembly (156ms)
			BuildScriptInfoCaches (0ms)
			ResolveRequiredComponents (0ms)
	FinalizeReload (621ms)
		ReleaseScriptCaches (0ms)
		RebuildScriptCaches (0ms)
		SetupLoadedEditorAssemblies (576ms)
			LogAssemblyErrors (0ms)
			InitializePlatformSupportModulesInManaged (333ms)
			SetLoadedEditorAssemblies (5ms)
			BeforeProcessingInitializeOnLoad (49ms)
			ProcessInitializeOnLoadAttributes (128ms)
			ProcessInitializeOnLoadMethodAttributes (60ms)
			AfterProcessingInitializeOnLoad (0ms)
			EditorAssembliesLoaded (0ms)
		ExecutionOrderSort2 (0ms)
		AwakeInstancesAfterBackupRestoration (0ms)
========================================================================
Worker process is ready to serve import requests
Import Worker Mode flag is 0x00
Begin MonoManager ReloadAssembly
- Loaded All Assemblies, in  0.755 seconds
Refreshing native plugins compatible for Editor in 1.36 ms, found 4 plugins.
Native extension for iOS target not found
Native extension for Android target not found
Native extension for WindowsStandalone target not found
Native extension for WebGL target not found
Mono: successfully reloaded assembly
- Finished resetting the current domain, in  0.783 seconds
Domain Reload Profiling: 1533ms
	BeginReloadAssembly (161ms)
		ExecutionOrderSort (0ms)
		DisableScriptedObjects (5ms)
		BackupInstance (0ms)
		ReleaseScriptingObjects (0ms)
		CreateAndSetChildDomain (34ms)
	RebuildCommonClasses (32ms)
	RebuildNativeTypeToScriptingClass (10ms)
	initialDomainReloadingComplete (34ms)
	LoadAllAssembliesAndSetupDomain (513ms)
		LoadAssemblies (348ms)
		RebuildTransferFunctionScriptingTraits (0ms)
		AnalyzeDomain (257ms)
			TypeCache.Refresh (190ms)
				TypeCache.ScanAssembly (172ms)
			BuildScriptInfoCaches (53ms)
			ResolveRequiredComponents (10ms)
	FinalizeReload (783ms)
		ReleaseScriptCaches (0ms)
		RebuildScriptCaches (0ms)
		SetupLoadedEditorAssemblies (627ms)
			LogAssemblyErrors (0ms)
			InitializePlatformSupportModulesInManaged (16ms)
			SetLoadedEditorAssemblies (4ms)
			BeforeProcessingInitializeOnLoad (106ms)
			ProcessInitializeOnLoadAttributes (381ms)
			ProcessInitializeOnLoadMethodAttributes (114ms)
			AfterProcessingInitializeOnLoad (5ms)
			EditorAssembliesLoaded (0ms)
		ExecutionOrderSort2 (0ms)
		AwakeInstancesAfterBackupRestoration (6ms)
Launched and connected shader compiler UnityShaderCompiler.exe after 0.01 seconds
Refreshing native plugins compatible for Editor in 1.34 ms, found 4 plugins.
Preloading 0 native plugins for Editor in 0.00 ms.
Unloading 206 Unused Serialized files (Serialized files now loaded: 0)
Unloading 6691 unused Assets / (7.1 MB). Loaded Objects now: 7337.
Memory consumption went from 184.3 MB to 177.2 MB.
Total: 9.310100 ms (FindLiveObjects: 0.711900 ms CreateObjectMapping: 0.770200 ms MarkObjects: 4.568300 ms  DeleteObjects: 3.258700 ms)

========================================================================
Received Prepare
Begin MonoManager ReloadAssembly
- Loaded All Assemblies, in  0.745 seconds
Refreshing native plugins compatible for Editor in 1.19 ms, found 4 plugins.
Native extension for iOS target not found
Native extension for Android target not found
Native extension for WindowsStandalone target not found
Native extension for WebGL target not found
Mono: successfully reloaded assembly
- Finished resetting the current domain, in  0.702 seconds
Domain Reload Profiling: 1448ms
	BeginReloadAssembly (223ms)
		ExecutionOrderSort (0ms)
		DisableScriptedObjects (15ms)
		BackupInstance (0ms)
		ReleaseScriptingObjects (0ms)
		CreateAndSetChildDomain (64ms)
	RebuildCommonClasses (38ms)
	RebuildNativeTypeToScriptingClass (12ms)
	initialDomainReloadingComplete (25ms)
	LoadAllAssembliesAndSetupDomain (448ms)
		LoadAssemblies (331ms)
		RebuildTransferFunctionScriptingTraits (0ms)
		AnalyzeDomain (206ms)
			TypeCache.Refresh (12ms)
				TypeCache.ScanAssembly (0ms)
			BuildScriptInfoCaches (181ms)
			ResolveRequiredComponents (9ms)
	FinalizeReload (703ms)
		ReleaseScriptCaches (0ms)
		RebuildScriptCaches (0ms)
		SetupLoadedEditorAssemblies (513ms)
			LogAssemblyErrors (0ms)
			InitializePlatformSupportModulesInManaged (16ms)
			SetLoadedEditorAssemblies (8ms)
			BeforeProcessingInitializeOnLoad (117ms)
			ProcessInitializeOnLoadAttributes (303ms)
			ProcessInitializeOnLoadMethodAttributes (65ms)
			AfterProcessingInitializeOnLoad (4ms)
			EditorAssembliesLoaded (0ms)
		ExecutionOrderSort2 (0ms)
		AwakeInstancesAfterBackupRestoration (11ms)
Refreshing native plugins compatible for Editor in 1.60 ms, found 4 plugins.
Preloading 0 native plugins for Editor in 0.00 ms.
Unloading 40 Unused Serialized files (Serialized files now loaded: 0)
Unloading 6699 unused Assets / (7.4 MB). Loaded Objects now: 7350.
Memory consumption went from 158.2 MB to 150.8 MB.
Total: 9.012500 ms (FindLiveObjects: 0.722000 ms CreateObjectMapping: 0.686100 ms MarkObjects: 4.030500 ms  DeleteObjects: 3.572600 ms)

Prepare: number of updated asset objects reloaded= 0
========================================================================
Received Import Request.
  Time since last request: 3139.545742 seconds.
  path: Assets/OneToonBuilding/Prefabs/Floors/ComI/ComIB01/ComIB01F00back.prefab
  artifactKey: Guid(4e77d54d54bce6d4bb06c67c24c5eb30) Importer(815301076,1909f56bfc062723c751e8b465ee728b)
Start importing Assets/OneToonBuilding/Prefabs/Floors/ComI/ComIB01/ComIB01F00back.prefab using Guid(4e77d54d54bce6d4bb06c67c24c5eb30) Importer(815301076,1909f56bfc062723c751e8b465ee728b) (PreviewImporter) -> (artifact id: 'bf35d6728ff93ae5b2765ebda791fa5b') in 0.5444032 seconds
Number of updated asset objects reloaded before import = 0Number of asset objects unloaded after import = 29

========================================================================
Received Import Request.
  Time since last request: 0.000054 seconds.
  path: Assets/OneToonBuilding/Prefabs/Floors/ComI/ComIB01/ComIB01F02top.prefab
  artifactKey: Guid(5c76204974baa074289774f92a35d033) Importer(815301076,1909f56bfc062723c751e8b465ee728b)
Start importing Assets/OneToonBuilding/Prefabs/Floors/ComI/ComIB01/ComIB01F02top.prefab using Guid(5c76204974baa074289774f92a35d033) Importer(815301076,1909f56bfc062723c751e8b465ee728b) (PreviewImporter) -> (artifact id: 'cd310d5dcd803d5f3cc0253c1400c230') in 0.0168087 seconds
Number of updated asset objects reloaded before import = 0Number of asset objects unloaded after import = 33

========================================================================
Received Import Request.
  Time since last request: 0.000057 seconds.
  path: Assets/OneToonBuilding/Prefabs/Floors/ComI/ComIB01/ComIB01F01big.prefab
  artifactKey: Guid(f2350d8f9f022a94bb66046641675a61) Importer(815301076,1909f56bfc062723c751e8b465ee728b)
Start importing Assets/OneToonBuilding/Prefabs/Floors/ComI/ComIB01/ComIB01F01big.prefab using Guid(f2350d8f9f022a94bb66046641675a61) Importer(815301076,1909f56bfc062723c751e8b465ee728b) (PreviewImporter) -> (artifact id: '39c7d5ae82c2b2a42f89fc175fea335c') in 0.0192982 seconds
Number of updated asset objects reloaded before import = 0Number of asset objects unloaded after import = 49

========================================================================
Received Import Request.
  Time since last request: 0.000031 seconds.
  path: Assets/OneToonBuilding/Prefabs/Floors/ComI/ComIB01/ComIB01F04.prefab
  artifactKey: Guid(efd74ca6ffb415f48a8d854f68f7e429) Importer(815301076,1909f56bfc062723c751e8b465ee728b)
Start importing Assets/OneToonBuilding/Prefabs/Floors/ComI/ComIB01/ComIB01F04.prefab using Guid(efd74ca6ffb415f48a8d854f68f7e429) Importer(815301076,1909f56bfc062723c751e8b465ee728b) (PreviewImporter) -> (artifact id: '7e248edf32a5dd595f6103735993ad03') in 0.0374031 seconds
Number of updated asset objects reloaded before import = 0Number of asset objects unloaded after import = 352

========================================================================
Received Import Request.
  Time since last request: 0.000035 seconds.
  path: Assets/OneToonBuilding/Prefabs/Floors/ComI/ComIB01/ComIB01F01backbig.prefab
  artifactKey: Guid(724c7ab5385bb144c937e57013182202) Importer(815301076,1909f56bfc062723c751e8b465ee728b)
Start importing Assets/OneToonBuilding/Prefabs/Floors/ComI/ComIB01/ComIB01F01backbig.prefab using Guid(724c7ab5385bb144c937e57013182202) Importer(815301076,1909f56bfc062723c751e8b465ee728b) (PreviewImporter) -> (artifact id: '1e60ac5b8e3de441402f15f3e1ccb325') in 0.0153808 seconds
Number of updated asset objects reloaded before import = 0Number of asset objects unloaded after import = 16

========================================================================
Received Import Request.
  Time since last request: 0.000025 seconds.
  path: Assets/OneToonBuilding/Prefabs/Floors/ComI/ComIB01/ComIB01F03.prefab
  artifactKey: Guid(cfa21516a8e1cb043935af2b76f2127d) Importer(815301076,1909f56bfc062723c751e8b465ee728b)
Start importing Assets/OneToonBuilding/Prefabs/Floors/ComI/ComIB01/ComIB01F03.prefab using Guid(cfa21516a8e1cb043935af2b76f2127d) Importer(815301076,1909f56bfc062723c751e8b465ee728b) (PreviewImporter) -> (artifact id: '0f6b75f3b50c83916004c50d50d940b9') in 0.0130655 seconds
Number of updated asset objects reloaded before import = 0Number of asset objects unloaded after import = 47

========================================================================
Received Import Request.
  Time since last request: 0.000033 seconds.
  path: Assets/OneToonBuilding/Prefabs/Floors/ComI/ComIB01/ComIB01F02back.prefab
  artifactKey: Guid(e852ee3a096af264cafb75ff514b708e) Importer(815301076,1909f56bfc062723c751e8b465ee728b)
Start importing Assets/OneToonBuilding/Prefabs/Floors/ComI/ComIB01/ComIB01F02back.prefab using Guid(e852ee3a096af264cafb75ff514b708e) Importer(815301076,1909f56bfc062723c751e8b465ee728b) (PreviewImporter) -> (artifact id: '0423c67df2e78aa3ff98ced30406548a') in 0.0114767 seconds
Number of updated asset objects reloaded before import = 0Number of asset objects unloaded after import = 26

========================================================================
Received Import Request.
  Time since last request: 0.000040 seconds.
  path: Assets/OneToonBuilding/Prefabs/Floors/ComI/ComIB01/ComIB01F01back.prefab
  artifactKey: Guid(e77f4108f5dfba24ab2df1f6560b6217) Importer(815301076,1909f56bfc062723c751e8b465ee728b)
Start importing Assets/OneToonBuilding/Prefabs/Floors/ComI/ComIB01/ComIB01F01back.prefab using Guid(e77f4108f5dfba24ab2df1f6560b6217) Importer(815301076,1909f56bfc062723c751e8b465ee728b) (PreviewImporter) -> (artifact id: '99c380bbb21ac613de07ff280df8eb9a') in 0.0107659 seconds
Number of updated asset objects reloaded before import = 0Number of asset objects unloaded after import = 24

========================================================================
Received Import Request.
  Time since last request: 0.000029 seconds.
  path: Assets/OneToonBuilding/Prefabs/Floors/ComI/ComIB01/ComIB01F02.prefab
  artifactKey: Guid(f9c08f0c60725ff4b834764a16094319) Importer(815301076,1909f56bfc062723c751e8b465ee728b)
Start importing Assets/OneToonBuilding/Prefabs/Floors/ComI/ComIB01/ComIB01F02.prefab using Guid(f9c08f0c60725ff4b834764a16094319) Importer(815301076,1909f56bfc062723c751e8b465ee728b) (PreviewImporter) -> (artifact id: 'dc2f7953e44b5500b7c0fef54ae8aedc') in 0.0293321 seconds
Number of updated asset objects reloaded before import = 0Number of asset objects unloaded after import = 249

========================================================================
Received Import Request.
  Time since last request: 23.513952 seconds.
  path: Assets/OneToonBuilding/Prefabs/Roads/RoadSA.prefab
  artifactKey: Guid(37d21300b4303fa418e6b7dc99d73c69) Importer(815301076,1909f56bfc062723c751e8b465ee728b)
Start importing Assets/OneToonBuilding/Prefabs/Roads/RoadSA.prefab using Guid(37d21300b4303fa418e6b7dc99d73c69) Importer(815301076,1909f56bfc062723c751e8b465ee728b) (PreviewImporter) -> (artifact id: '1e832a921d3ac605bc5939fee2d3e5fa') in 0.0108445 seconds
Number of updated asset objects reloaded before import = 0Number of asset objects unloaded after import = 34

========================================================================
Received Import Request.
  Time since last request: 0.499067 seconds.
  path: Assets/OneToonBuilding/Prefabs/Shops/ShopA02.prefab
  artifactKey: Guid(7b3b4bc52b2d8d242b495aaea7849184) Importer(815301076,1909f56bfc062723c751e8b465ee728b)
Start importing Assets/OneToonBuilding/Prefabs/Shops/ShopA02.prefab using Guid(7b3b4bc52b2d8d242b495aaea7849184) Importer(815301076,1909f56bfc062723c751e8b465ee728b) (PreviewImporter) -> (artifact id: '4bf69eaf03911b266faac782c4309c2a') in 0.033525 seconds
Number of updated asset objects reloaded before import = 0Number of asset objects unloaded after import = 91

========================================================================
Received Import Request.
  Time since last request: 9.384538 seconds.
  path: Assets/OneToonBuilding/Models/Buildings/ComI/ComIB01/ComIB01F00SA.fbx
  artifactKey: Guid(5c60a3ff10249b24d919463b8ab57a92) Importer(815301076,1909f56bfc062723c751e8b465ee728b)
Start importing Assets/OneToonBuilding/Models/Buildings/ComI/ComIB01/ComIB01F00SA.fbx using Guid(5c60a3ff10249b24d919463b8ab57a92) Importer(815301076,1909f56bfc062723c751e8b465ee728b) (PreviewImporter) -> (artifact id: '5496bec42bd237bcb180a29772908621') in 0.2502407 seconds
Number of updated asset objects reloaded before import = 0Number of asset objects unloaded after import = 25

========================================================================
Received Import Request.
  Time since last request: 0.000030 seconds.
  path: Assets/OneToonBuilding/Models/Buildings/ComI/ComIB01/ComIB01F02top.fbx
  artifactKey: Guid(3d9acfb1d7e04684ca34bcb26480a053) Importer(815301076,1909f56bfc062723c751e8b465ee728b)
Start importing Assets/OneToonBuilding/Models/Buildings/ComI/ComIB01/ComIB01F02top.fbx using Guid(3d9acfb1d7e04684ca34bcb26480a053) Importer(815301076,1909f56bfc062723c751e8b465ee728b) (PreviewImporter) -> (artifact id: '5fc6aca05b9348807af4b26d4f610ccb') in 0.0309412 seconds
Number of updated asset objects reloaded before import = 0Number of asset objects unloaded after import = 20

========================================================================
Received Import Request.
  Time since last request: 0.000073 seconds.
  path: Assets/OneToonBuilding/Models/Buildings/ComI/ComIB01/ComIB01F01backbig.fbx
  artifactKey: Guid(6a5ba75ba8decdd4e9b0c7847df9afd1) Importer(815301076,1909f56bfc062723c751e8b465ee728b)
Start importing Assets/OneToonBuilding/Models/Buildings/ComI/ComIB01/ComIB01F01backbig.fbx using Guid(6a5ba75ba8decdd4e9b0c7847df9afd1) Importer(815301076,1909f56bfc062723c751e8b465ee728b) (PreviewImporter) -> (artifact id: '2fe0a1461a4962fffcfa896ae87bb275') in 0.0283834 seconds
Number of updated asset objects reloaded before import = 0Number of asset objects unloaded after import = 15

========================================================================
Received Import Request.
  Time since last request: 0.000031 seconds.
  path: Assets/OneToonBuilding/Models/Buildings/ComI/ComIB01/ComIB01F03big.fbx
  artifactKey: Guid(920846d796a27e54ea6b65c29458fa83) Importer(815301076,1909f56bfc062723c751e8b465ee728b)
Start importing Assets/OneToonBuilding/Models/Buildings/ComI/ComIB01/ComIB01F03big.fbx using Guid(920846d796a27e54ea6b65c29458fa83) Importer(815301076,1909f56bfc062723c751e8b465ee728b) (PreviewImporter) -> (artifact id: 'd3ccc9f2cb015fbb635e40e0fd95bfa4') in 0.0506048 seconds
Number of updated asset objects reloaded before import = 0Number of asset objects unloaded after import = 29

========================================================================
Received Import Request.
  Time since last request: 8.878680 seconds.
  path: Assets/OneToonBuilding/Models/Materials/Lights/LIghtGlow.mat
  artifactKey: Guid(c4dc51ac920c3364480f48208adb073f) Importer(815301076,1909f56bfc062723c751e8b465ee728b)
Start importing Assets/OneToonBuilding/Models/Materials/Lights/LIghtGlow.mat using Guid(c4dc51ac920c3364480f48208adb073f) Importer(815301076,1909f56bfc062723c751e8b465ee728b) (PreviewImporter) -> (artifact id: 'bfc4905e92a915b88d6e45e502ad343b') in 0.1317915 seconds
Number of updated asset objects reloaded before import = 0Number of asset objects unloaded after import = 3

========================================================================
Received Import Request.
  Time since last request: 0.867819 seconds.
  path: Assets/OneToonBuilding/Models/Materials/Skies/CubeMapDay.cubemap
  artifactKey: Guid(46f1fc960f0193e46a4da48d1d28c9a5) Importer(815301076,1909f56bfc062723c751e8b465ee728b)
Start importing Assets/OneToonBuilding/Models/Materials/Skies/CubeMapDay.cubemap using Guid(46f1fc960f0193e46a4da48d1d28c9a5) Importer(815301076,1909f56bfc062723c751e8b465ee728b) (PreviewImporter) -> (artifact id: 'a8dd3d15bd9983be4c07b9887ce7a2f7') in 0.243022 seconds
Number of updated asset objects reloaded before import = 0Number of asset objects unloaded after import = 1

========================================================================
Received Import Request.
  Time since last request: 0.003124 seconds.
  path: Assets/OneToonBuilding/Models/Materials/Skies/CubeMapSunset.cubemap
  artifactKey: Guid(740c2f07ec3f5f443aa0f0c2c4beff52) Importer(815301076,1909f56bfc062723c751e8b465ee728b)
Start importing Assets/OneToonBuilding/Models/Materials/Skies/CubeMapSunset.cubemap using Guid(740c2f07ec3f5f443aa0f0c2c4beff52) Importer(815301076,1909f56bfc062723c751e8b465ee728b) (PreviewImporter) -> (artifact id: '00363f2ef0f6a4935af3830ee0fecddd') in 0.2777442 seconds
Number of updated asset objects reloaded before import = 0Number of asset objects unloaded after import = 1

========================================================================
Received Import Request.
  Time since last request: 0.000042 seconds.
  path: Assets/OneToonBuilding/Models/Materials/Skies/DefaultSky.mat
  artifactKey: Guid(94b68dee892998e4383a5b30955ba3e9) Importer(815301076,1909f56bfc062723c751e8b465ee728b)
Start importing Assets/OneToonBuilding/Models/Materials/Skies/DefaultSky.mat using Guid(94b68dee892998e4383a5b30955ba3e9) Importer(815301076,1909f56bfc062723c751e8b465ee728b) (PreviewImporter) -> (artifact id: 'b353bfc292436b155d5ecac3e0e461d5') in 0.0781658 seconds
Number of updated asset objects reloaded before import = 0Number of asset objects unloaded after import = 1

========================================================================
Received Import Request.
  Time since last request: 0.000041 seconds.
  path: Assets/OneToonBuilding/Models/Materials/Skies/ToonTownSunset.mat
  artifactKey: Guid(91484e4648b3aa24db7b5dd630ac11af) Importer(815301076,1909f56bfc062723c751e8b465ee728b)
Start importing Assets/OneToonBuilding/Models/Materials/Skies/ToonTownSunset.mat using Guid(91484e4648b3aa24db7b5dd630ac11af) Importer(815301076,1909f56bfc062723c751e8b465ee728b) (PreviewImporter) -> (artifact id: 'd0adf7bccb1ce031963fee90fd05fd7f') in 0.2500125 seconds
Number of updated asset objects reloaded before import = 0Number of asset objects unloaded after import = 2

Editor requested this worker to shutdown with reason: Scaling down because of idle timeout
AssetImportWorker is now disconnected from the server
Process exiting
Exiting without the bug reporter. Application will terminate with return code 0