Using pre-set license
Built from '6000.0/staging' branch; Version is '6000.0.41f1 (46e447368a18) revision 4645959'; Using compiler version '193933523'; Build Type 'Release'
OS: 'Windows 11  (10.0.22631) 64bit Professional' Language: 'ja' Physical Memory: 32440 MB
BatchMode: 1, IsHumanControllingUs: 0, StartBugReporterOnCrash: 0, Is64bit: 1, IsPro: 1

COMMAND LINE ARGUMENTS:
C:\Program Files\Unity\Hub\Editor\6000.0.41f1\Editor\Unity.exe
-adb2
-batchMode
-noUpm
-name
AssetImportWorker8
-projectPath
C:/Users/ktc/Desktop/WedPersonal/Monochrome
-logFile
Logs/AssetImportWorker8.log
-srvPort
52671
-job-worker-count
7
-background-job-worker-count
8
-gc-helper-count
1
Successfully changed project path to: C:/Users/ktc/Desktop/WedPersonal/Monochrome
C:/Users/ktc/Desktop/WedPersonal/Monochrome
[UnityMemory] Configuration Parameters - Can be set up in boot.config
    "memorysetup-bucket-allocator-granularity=16"
    "memorysetup-bucket-allocator-bucket-count=8"
    "memorysetup-bucket-allocator-block-size=33554432"
    "memorysetup-bucket-allocator-block-count=8"
    "memorysetup-main-allocator-block-size=16777216"
    "memorysetup-thread-allocator-block-size=16777216"
    "memorysetup-gfx-main-allocator-block-size=16777216"
    "memorysetup-gfx-thread-allocator-block-size=16777216"
    "memorysetup-cache-allocator-block-size=4194304"
    "memorysetup-typetree-allocator-block-size=2097152"
    "memorysetup-profiler-bucket-allocator-granularity=16"
    "memorysetup-profiler-bucket-allocator-bucket-count=8"
    "memorysetup-profiler-bucket-allocator-block-size=33554432"
    "memorysetup-profiler-bucket-allocator-block-count=8"
    "memorysetup-profiler-allocator-block-size=16777216"
    "memorysetup-profiler-editor-allocator-block-size=1048576"
    "memorysetup-temp-allocator-size-main=16777216"
    "memorysetup-job-temp-allocator-block-size=2097152"
    "memorysetup-job-temp-allocator-block-size-background=1048576"
    "memorysetup-job-temp-allocator-reduction-small-platforms=262144"
    "memorysetup-allocator-temp-initial-block-size-main=262144"
    "memorysetup-allocator-temp-initial-block-size-worker=262144"
    "memorysetup-temp-allocator-size-background-worker=32768"
    "memorysetup-temp-allocator-size-job-worker=262144"
    "memorysetup-temp-allocator-size-preload-manager=33554432"
    "memorysetup-temp-allocator-size-nav-mesh-worker=65536"
    "memorysetup-temp-allocator-size-audio-worker=65536"
    "memorysetup-temp-allocator-size-cloud-worker=32768"
    "memorysetup-temp-allocator-size-gi-baking-worker=262144"
    "memorysetup-temp-allocator-size-gi-baking-worker=262144"
    "memorysetup-temp-allocator-size-gi-baking-worker=262144"
    "memorysetup-temp-allocator-size-gi-baking-worker=262144"
    "memorysetup-temp-allocator-size-gi-baking-worker=262144"
    "memorysetup-temp-allocator-size-gfx=262144"
Player connection [25652]  Target information:

Player connection [25652]  * "[IP] 172.22.90.104 [Port] 0 [Flags] 2 [Guid] 2832060669 [EditorId] 2832060669 [Version] 1048832 [Id] WindowsEditor(7,604-19) [Debug] 1 [PackageName] WindowsEditor [ProjectName] Editor" 

Player connection [25652]  * "[IP] 172.19.176.1 [Port] 0 [Flags] 2 [Guid] 2832060669 [EditorId] 2832060669 [Version] 1048832 [Id] WindowsEditor(7,604-19) [Debug] 1 [PackageName] WindowsEditor [ProjectName] Editor" 

Player connection [25652]  * "[IP] 192.168.217.1 [Port] 0 [Flags] 2 [Guid] 2832060669 [EditorId] 2832060669 [Version] 1048832 [Id] WindowsEditor(7,604-19) [Debug] 1 [PackageName] WindowsEditor [ProjectName] Editor" 

Player connection [25652]  * "[IP] 192.168.172.1 [Port] 0 [Flags] 2 [Guid] 2832060669 [EditorId] 2832060669 [Version] 1048832 [Id] WindowsEditor(7,604-19) [Debug] 1 [PackageName] WindowsEditor [ProjectName] Editor" 

Player connection [25652]  * "[IP] 192.168.56.1 [Port] 0 [Flags] 2 [Guid] 2832060669 [EditorId] 2832060669 [Version] 1048832 [Id] WindowsEditor(7,604-19) [Debug] 1 [PackageName] WindowsEditor [ProjectName] Editor" 

Player connection [25652] Host joined multi-casting on [225.0.0.222:54997]...
Player connection [25652] Host joined alternative multi-casting on [225.0.0.222:34997]...
JobSystem: Creating JobQueue using job-worker-count value 7
Input System module state changed to: Initialized.
[Physics::Module] Initialized fallback backend.
[Physics::Module] Id: 0xdecafbad
Library Redirect Path: Library/
[Physics::Module] Selected backend.
[Physics::Module] Name: PhysX
[Physics::Module] Id: 0xf2b8ea05
[Physics::Module] SDK Version: 4.1.2
[Physics::Module] Integration Version: 1.0.0
[Physics::Module] Threading Mode: Multi-Threaded
Refreshing native plugins compatible for Editor in 3.19 ms, found 4 plugins.
Preloading 0 native plugins for Editor in 0.00 ms.
Initialize engine version: 6000.0.41f1 (46e447368a18)
[Subsystems] Discovering subsystems at path C:/Program Files/Unity/Hub/Editor/6000.0.41f1/Editor/Data/Resources/UnitySubsystems
[Subsystems] Discovering subsystems at path C:/Users/ktc/Desktop/WedPersonal/Monochrome/Assets
GfxDevice: creating device client; kGfxThreadingModeNonThreaded
Direct3D:
    Version:  Direct3D 11.0 [level 11.1]
    Renderer: NVIDIA GeForce RTX 3070 (ID=0x2484)
    Vendor:   NVIDIA
    VRAM:     8018 MB
    Driver:   32.0.15.6624
Initialize mono
Mono path[0] = 'C:/Program Files/Unity/Hub/Editor/6000.0.41f1/Editor/Data/Managed'
Mono path[1] = 'C:/Program Files/Unity/Hub/Editor/6000.0.41f1/Editor/Data/MonoBleedingEdge/lib/mono/unityjit-win32'
Mono config path = 'C:/Program Files/Unity/Hub/Editor/6000.0.41f1/Editor/Data/MonoBleedingEdge/etc'
Using monoOptions --debugger-agent=transport=dt_socket,embedding=1,server=y,suspend=n,address=127.0.0.1:56300
Begin MonoManager ReloadAssembly
Registering precompiled unity dll's ...
Register platform support module: C:/Program Files/Unity/Hub/Editor/6000.0.41f1/Editor/Data/PlaybackEngines/WebGLSupport/UnityEditor.WebGL.Extensions.dll
Register platform support module: C:/Program Files/Unity/Hub/Editor/6000.0.41f1/Editor/Data/PlaybackEngines/WindowsStandaloneSupport/UnityEditor.WindowsStandalone.Extensions.dll
Register platform support module: C:/Program Files/Unity/Hub/Editor/6000.0.41f1/Editor/Data/PlaybackEngines/AndroidPlayer/UnityEditor.Android.Extensions.dll
Register platform support module: C:/Program Files/Unity/Hub/Editor/6000.0.41f1/Editor/Data/PlaybackEngines/iOSSupport/UnityEditor.iOS.Extensions.dll
Registered in 0.005146 seconds.
- Loaded All Assemblies, in  0.428 seconds
[usbmuxd] Start listen thread
[usbmuxd] Listen thread started
Native extension for iOS target not found
Native extension for Android target not found
Android Extension - Scanning For ADB Devices 250 ms
Native extension for WindowsStandalone target not found
Native extension for WebGL target not found
Mono: successfully reloaded assembly
- Finished resetting the current domain, in  0.615 seconds
Domain Reload Profiling: 1042ms
	BeginReloadAssembly (130ms)
		ExecutionOrderSort (0ms)
		DisableScriptedObjects (0ms)
		BackupInstance (0ms)
		ReleaseScriptingObjects (0ms)
		CreateAndSetChildDomain (1ms)
	RebuildCommonClasses (32ms)
	RebuildNativeTypeToScriptingClass (13ms)
	initialDomainReloadingComplete (49ms)
	LoadAllAssembliesAndSetupDomain (203ms)
		LoadAssemblies (129ms)
		RebuildTransferFunctionScriptingTraits (0ms)
		AnalyzeDomain (198ms)
			TypeCache.Refresh (196ms)
				TypeCache.ScanAssembly (180ms)
			BuildScriptInfoCaches (0ms)
			ResolveRequiredComponents (1ms)
	FinalizeReload (616ms)
		ReleaseScriptCaches (0ms)
		RebuildScriptCaches (0ms)
		SetupLoadedEditorAssemblies (560ms)
			LogAssemblyErrors (0ms)
			InitializePlatformSupportModulesInManaged (340ms)
			SetLoadedEditorAssemblies (4ms)
			BeforeProcessingInitializeOnLoad (51ms)
			ProcessInitializeOnLoadAttributes (107ms)
			ProcessInitializeOnLoadMethodAttributes (58ms)
			AfterProcessingInitializeOnLoad (0ms)
			EditorAssembliesLoaded (0ms)
		ExecutionOrderSort2 (0ms)
		AwakeInstancesAfterBackupRestoration (0ms)
========================================================================
Worker process is ready to serve import requests
Import Worker Mode flag is 0x00
Begin MonoManager ReloadAssembly
- Loaded All Assemblies, in  0.861 seconds
Refreshing native plugins compatible for Editor in 1.45 ms, found 4 plugins.
Native extension for iOS target not found
Native extension for Android target not found
Native extension for WindowsStandalone target not found
Native extension for WebGL target not found
Mono: successfully reloaded assembly
- Finished resetting the current domain, in  0.804 seconds
Domain Reload Profiling: 1661ms
	BeginReloadAssembly (194ms)
		ExecutionOrderSort (0ms)
		DisableScriptedObjects (7ms)
		BackupInstance (0ms)
		ReleaseScriptingObjects (0ms)
		CreateAndSetChildDomain (37ms)
	RebuildCommonClasses (37ms)
	RebuildNativeTypeToScriptingClass (13ms)
	initialDomainReloadingComplete (38ms)
	LoadAllAssembliesAndSetupDomain (574ms)
		LoadAssemblies (375ms)
		RebuildTransferFunctionScriptingTraits (0ms)
		AnalyzeDomain (311ms)
			TypeCache.Refresh (232ms)
				TypeCache.ScanAssembly (213ms)
			BuildScriptInfoCaches (64ms)
			ResolveRequiredComponents (11ms)
	FinalizeReload (804ms)
		ReleaseScriptCaches (0ms)
		RebuildScriptCaches (0ms)
		SetupLoadedEditorAssemblies (634ms)
			LogAssemblyErrors (0ms)
			InitializePlatformSupportModulesInManaged (18ms)
			SetLoadedEditorAssemblies (3ms)
			BeforeProcessingInitializeOnLoad (107ms)
			ProcessInitializeOnLoadAttributes (374ms)
			ProcessInitializeOnLoadMethodAttributes (127ms)
			AfterProcessingInitializeOnLoad (5ms)
			EditorAssembliesLoaded (0ms)
		ExecutionOrderSort2 (0ms)
		AwakeInstancesAfterBackupRestoration (8ms)
Launched and connected shader compiler UnityShaderCompiler.exe after 0.01 seconds
Refreshing native plugins compatible for Editor in 1.36 ms, found 4 plugins.
Preloading 0 native plugins for Editor in 0.00 ms.
Unloading 206 Unused Serialized files (Serialized files now loaded: 0)
Unloading 6691 unused Assets / (7.3 MB). Loaded Objects now: 7338.
Memory consumption went from 175.4 MB to 168.0 MB.
Total: 9.885300 ms (FindLiveObjects: 0.659600 ms CreateObjectMapping: 0.628900 ms MarkObjects: 4.853000 ms  DeleteObjects: 3.742400 ms)

========================================================================
Received Import Request.
  Time since last request: 3669.758525 seconds.
  path: Assets/2DSpaceshipsFreeTrial/Prefabs/2DScifiFighterWeapons/2DFighterCanon.prefab
  artifactKey: Guid(c1a1526c30c3195409d7a0dd052b974c) Importer(815301076,1909f56bfc062723c751e8b465ee728b)
Start importing Assets/2DSpaceshipsFreeTrial/Prefabs/2DScifiFighterWeapons/2DFighterCanon.prefab using Guid(c1a1526c30c3195409d7a0dd052b974c) Importer(815301076,1909f56bfc062723c751e8b465ee728b) (PreviewImporter) -> (artifact id: '9c0ced44828bca3c3994a30a36efc85e') in 0.5290202 seconds
Number of updated asset objects reloaded before import = 0Number of asset objects unloaded after import = 9

========================================================================
Received Import Request.
  Time since last request: 0.000043 seconds.
  path: Assets/2DSpaceshipsFreeTrial/Prefabs/2DScifiFighterWeapons/2DFighterMissileLaucher.prefab
  artifactKey: Guid(d41e42d52e57ffd4f965fd8242f87472) Importer(815301076,1909f56bfc062723c751e8b465ee728b)
Start importing Assets/2DSpaceshipsFreeTrial/Prefabs/2DScifiFighterWeapons/2DFighterMissileLaucher.prefab using Guid(d41e42d52e57ffd4f965fd8242f87472) Importer(815301076,1909f56bfc062723c751e8b465ee728b) (PreviewImporter) -> (artifact id: 'fda489e821c32ad2e167264a3633080e') in 0.0100341 seconds
Number of updated asset objects reloaded before import = 0Number of asset objects unloaded after import = 8

========================================================================
Received Import Request.
  Time since last request: 0.000037 seconds.
  path: Assets/2DSpaceshipsFreeTrial/Prefabs/2DScifiFighterWeapons/2DFighterMissileLaucherSide.prefab
  artifactKey: Guid(b63c8c5611901eb4e951a42ba141a0e0) Importer(815301076,1909f56bfc062723c751e8b465ee728b)
Start importing Assets/2DSpaceshipsFreeTrial/Prefabs/2DScifiFighterWeapons/2DFighterMissileLaucherSide.prefab using Guid(b63c8c5611901eb4e951a42ba141a0e0) Importer(815301076,1909f56bfc062723c751e8b465ee728b) (PreviewImporter) -> (artifact id: '8cfb4f9385519d28d1d9d1ab0d2bfe66') in 0.0074717 seconds
Number of updated asset objects reloaded before import = 0Number of asset objects unloaded after import = 8

========================================================================
Received Import Request.
  Time since last request: 5.596773 seconds.
  path: Assets/2DSpaceshipsFreeTrial/Prefabs/2DShipMissilesTorpedoes/2DShipsMissileMedium.prefab
  artifactKey: Guid(3952c3fe53f74a0409f716652bd8d27d) Importer(815301076,1909f56bfc062723c751e8b465ee728b)
Start importing Assets/2DSpaceshipsFreeTrial/Prefabs/2DShipMissilesTorpedoes/2DShipsMissileMedium.prefab using Guid(3952c3fe53f74a0409f716652bd8d27d) Importer(815301076,1909f56bfc062723c751e8b465ee728b) (PreviewImporter) -> (artifact id: '4abc407af3a8240c4c53aff24ceb8663') in 0.0098797 seconds
Number of updated asset objects reloaded before import = 0Number of asset objects unloaded after import = 8

========================================================================
Received Import Request.
  Time since last request: 7.327476 seconds.
  path: Assets/2DSpaceshipsFreeTrial/Prefabs/2DShipsStandardWeapons/SideView/MissileLauncher/2DShipsMissileLauncherSideView.prefab
  artifactKey: Guid(95fe3a1158b7ff049b85ff264f0c0e6a) Importer(815301076,1909f56bfc062723c751e8b465ee728b)
Start importing Assets/2DSpaceshipsFreeTrial/Prefabs/2DShipsStandardWeapons/SideView/MissileLauncher/2DShipsMissileLauncherSideView.prefab using Guid(95fe3a1158b7ff049b85ff264f0c0e6a) Importer(815301076,1909f56bfc062723c751e8b465ee728b) (PreviewImporter) -> (artifact id: '041f7afb1872bd4d5797baa8bfc1cde8') in 0.0098416 seconds
Number of updated asset objects reloaded before import = 0Number of asset objects unloaded after import = 7

========================================================================
Received Import Request.
  Time since last request: 1.489356 seconds.
  path: Assets/2DSpaceshipsFreeTrial/Prefabs/2DShipsStandardWeapons/SideView/Radar/2DShipsRadarSideView.prefab
  artifactKey: Guid(44ccb048d27e0104a9b5685413e8b763) Importer(815301076,1909f56bfc062723c751e8b465ee728b)
Start importing Assets/2DSpaceshipsFreeTrial/Prefabs/2DShipsStandardWeapons/SideView/Radar/2DShipsRadarSideView.prefab using Guid(44ccb048d27e0104a9b5685413e8b763) Importer(815301076,1909f56bfc062723c751e8b465ee728b) (PreviewImporter) -> (artifact id: '1b28890f6817e195a15f4448333c98d0') in 0.0121638 seconds
Number of updated asset objects reloaded before import = 0Number of asset objects unloaded after import = 7

========================================================================
Received Import Request.
  Time since last request: 9.771381 seconds.
  path: Assets/2DSpaceshipsFreeTrial/Prefabs/2DShipsStandardWeapons/SideView/Turrets/Left/2DShipsLargeTurreSideViewLeft.prefab
  artifactKey: Guid(ce137df07c07d304bb0fafc7f6f7cf09) Importer(815301076,1909f56bfc062723c751e8b465ee728b)
Start importing Assets/2DSpaceshipsFreeTrial/Prefabs/2DShipsStandardWeapons/SideView/Turrets/Left/2DShipsLargeTurreSideViewLeft.prefab using Guid(ce137df07c07d304bb0fafc7f6f7cf09) Importer(815301076,1909f56bfc062723c751e8b465ee728b) (PreviewImporter) -> (artifact id: '8e2bc938918bd969efe07eed79bd5baa') in 0.0157181 seconds
Number of updated asset objects reloaded before import = 0Number of asset objects unloaded after import = 11

========================================================================
Received Import Request.
  Time since last request: 13.154085 seconds.
  path: Assets/2DSpaceshipsFreeTrial/Prefabs/2DShipsStandardWeapons/SideView/Turrets/Right/2DShipsLargeTurretSideViewRight.prefab
  artifactKey: Guid(769ef0942fa83f54ea19a925d683f150) Importer(815301076,1909f56bfc062723c751e8b465ee728b)
Start importing Assets/2DSpaceshipsFreeTrial/Prefabs/2DShipsStandardWeapons/SideView/Turrets/Right/2DShipsLargeTurretSideViewRight.prefab using Guid(769ef0942fa83f54ea19a925d683f150) Importer(815301076,1909f56bfc062723c751e8b465ee728b) (PreviewImporter) -> (artifact id: 'c330a95bd75faab6fc9f9ee886f1c5a9') in 0.0106147 seconds
Number of updated asset objects reloaded before import = 0Number of asset objects unloaded after import = 11

========================================================================
Received Import Request.
  Time since last request: 2.139954 seconds.
  path: Assets/2DSpaceshipsFreeTrial/Prefabs/2DShipsStandardWeapons/TopView/MissileLauncher/2DShipsMissileLauncherTopView.prefab
  artifactKey: Guid(88f8f7d77bc4a284298b36aeb4065952) Importer(815301076,1909f56bfc062723c751e8b465ee728b)
Start importing Assets/2DSpaceshipsFreeTrial/Prefabs/2DShipsStandardWeapons/TopView/MissileLauncher/2DShipsMissileLauncherTopView.prefab using Guid(88f8f7d77bc4a284298b36aeb4065952) Importer(815301076,1909f56bfc062723c751e8b465ee728b) (PreviewImporter) -> (artifact id: 'f96f78153ebee6c0b146084b2710a536') in 0.0119757 seconds
Number of updated asset objects reloaded before import = 0Number of asset objects unloaded after import = 7

========================================================================
Received Import Request.
  Time since last request: 0.731941 seconds.
  path: Assets/2DSpaceshipsFreeTrial/Prefabs/2DShipsStandardWeapons/TopView/Radar/2DShipsRadarTopView.prefab
  artifactKey: Guid(12eefaa6c5a1f1747aa9cd30c8a7e64c) Importer(815301076,1909f56bfc062723c751e8b465ee728b)
Start importing Assets/2DSpaceshipsFreeTrial/Prefabs/2DShipsStandardWeapons/TopView/Radar/2DShipsRadarTopView.prefab using Guid(12eefaa6c5a1f1747aa9cd30c8a7e64c) Importer(815301076,1909f56bfc062723c751e8b465ee728b) (PreviewImporter) -> (artifact id: '5ca8f7cbc711a1e294951f43f8ea1de1') in 0.007351 seconds
Number of updated asset objects reloaded before import = 0Number of asset objects unloaded after import = 7

========================================================================
Received Import Request.
  Time since last request: 2.094555 seconds.
  path: Assets/2DSpaceshipsFreeTrial/Prefabs/2DShipsStandardWeapons/TopView/Turrets/2DShipsTurretLargeTopView.prefab
  artifactKey: Guid(de7b60883fc71184e90117aa6df5920b) Importer(815301076,1909f56bfc062723c751e8b465ee728b)
Start importing Assets/2DSpaceshipsFreeTrial/Prefabs/2DShipsStandardWeapons/TopView/Turrets/2DShipsTurretLargeTopView.prefab using Guid(de7b60883fc71184e90117aa6df5920b) Importer(815301076,1909f56bfc062723c751e8b465ee728b) (PreviewImporter) -> (artifact id: '36805d586b58e1c4697ca89ac52cc797') in 0.0090435 seconds
Number of updated asset objects reloaded before import = 0Number of asset objects unloaded after import = 7

========================================================================
Received Import Request.
  Time since last request: 47.669426 seconds.
  path: Assets/2DSpaceshipsFreeTrial/Prefabs/2DSpaceshipsFreeTrialSideView/2DScifiDestroyerPhoenixSideViewMasterPrefab.prefab
  artifactKey: Guid(b26aed0f04fef024aa2a3a3edb5429f2) Importer(815301076,1909f56bfc062723c751e8b465ee728b)
Start importing Assets/2DSpaceshipsFreeTrial/Prefabs/2DSpaceshipsFreeTrialSideView/2DScifiDestroyerPhoenixSideViewMasterPrefab.prefab using Guid(b26aed0f04fef024aa2a3a3edb5429f2) Importer(815301076,1909f56bfc062723c751e8b465ee728b) (PreviewImporter) -> (artifact id: 'ef41f5991258bedf21d3356c06d4ab6d') in 0.0658535 seconds
Number of updated asset objects reloaded before import = 0Number of asset objects unloaded after import = 95

========================================================================
Received Import Request.
  Time since last request: 42.893683 seconds.
  path: Assets/2DSpaceshipsFreeTrial/Prefabs/2DSpaceshipsFreeTrialSideViewScaleInRelation/2DScifiDestroyerPhoenixSideViewMasterPrefab.prefab
  artifactKey: Guid(fcde71776f863e54ab79dd59ea09fdb9) Importer(815301076,1909f56bfc062723c751e8b465ee728b)
Start importing Assets/2DSpaceshipsFreeTrial/Prefabs/2DSpaceshipsFreeTrialSideViewScaleInRelation/2DScifiDestroyerPhoenixSideViewMasterPrefab.prefab using Guid(fcde71776f863e54ab79dd59ea09fdb9) Importer(815301076,1909f56bfc062723c751e8b465ee728b) (PreviewImporter) -> (artifact id: 'e80b369d22456403cabe07ceed764c59') in 0.0512669 seconds
Number of updated asset objects reloaded before import = 0Number of asset objects unloaded after import = 95

========================================================================
Received Import Request.
  Time since last request: 11.348622 seconds.
  path: Assets/2DSpaceshipsFreeTrial/Prefabs/2DSpaceshipsFreeTrialTopView/2DScifiDestroyerPhoenixTopViewMasterPrefab.prefab
  artifactKey: Guid(6185077c5c222024e8cf1cc5d6ed9ef8) Importer(815301076,1909f56bfc062723c751e8b465ee728b)
Start importing Assets/2DSpaceshipsFreeTrial/Prefabs/2DSpaceshipsFreeTrialTopView/2DScifiDestroyerPhoenixTopViewMasterPrefab.prefab using Guid(6185077c5c222024e8cf1cc5d6ed9ef8) Importer(815301076,1909f56bfc062723c751e8b465ee728b) (PreviewImporter) -> (artifact id: '67f954eb1594122f6c26642bb145d723') in 0.0509405 seconds
Number of updated asset objects reloaded before import = 0Number of asset objects unloaded after import = 75

========================================================================
Received Import Request.
  Time since last request: 1.710788 seconds.
  path: Assets/2DSpaceshipsFreeTrial/Prefabs/2DSpaceshipsFreeTrialTopViewScaleInRelation/2DScifiDestroyerPhoenixTopViewMasterPrefab.prefab
  artifactKey: Guid(94daddc54f3285e44bf9b06fcd28a0ea) Importer(815301076,1909f56bfc062723c751e8b465ee728b)
Start importing Assets/2DSpaceshipsFreeTrial/Prefabs/2DSpaceshipsFreeTrialTopViewScaleInRelation/2DScifiDestroyerPhoenixTopViewMasterPrefab.prefab using Guid(94daddc54f3285e44bf9b06fcd28a0ea) Importer(815301076,1909f56bfc062723c751e8b465ee728b) (PreviewImporter) -> (artifact id: '226e749f769fc1ac692f7663d7380214') in 0.0474487 seconds
Number of updated asset objects reloaded before import = 0Number of asset objects unloaded after import = 75

========================================================================
Received Import Request.
  Time since last request: 468.074307 seconds.
  path: Assets/2DSpaceshipsFreeTrial/Textures/2DScifiFighterWeapons/ScifiFighterWeaponsAtlas.png
  artifactKey: Guid(23a10fa0df1140746adb7bda3d420aba) Importer(815301076,1909f56bfc062723c751e8b465ee728b)
Start importing Assets/2DSpaceshipsFreeTrial/Textures/2DScifiFighterWeapons/ScifiFighterWeaponsAtlas.png using Guid(23a10fa0df1140746adb7bda3d420aba) Importer(815301076,1909f56bfc062723c751e8b465ee728b) (PreviewImporter) -> (artifact id: 'b9cdcc9598248f2d4b4d52c4cc883814') in 0.0599155 seconds
Number of updated asset objects reloaded before import = 0Number of asset objects unloaded after import = 8

========================================================================
Received Import Request.
  Time since last request: 0.401870 seconds.
  path: Assets/2DSpaceshipsFreeTrial/Textures/2DShipMissilesTorpedoes/2DShipsMissilesTorpedoesAtlas.png
  artifactKey: Guid(da841e0ed6399bd4695ebcfa661935f8) Importer(815301076,1909f56bfc062723c751e8b465ee728b)
Start importing Assets/2DSpaceshipsFreeTrial/Textures/2DShipMissilesTorpedoes/2DShipsMissilesTorpedoesAtlas.png using Guid(da841e0ed6399bd4695ebcfa661935f8) Importer(815301076,1909f56bfc062723c751e8b465ee728b) (PreviewImporter) -> (artifact id: '7f376651fd7d821f71c982ddf8cf57b6') in 0.0241108 seconds
Number of updated asset objects reloaded before import = 0Number of asset objects unloaded after import = 5

========================================================================
Received Import Request.
  Time since last request: 1.665628 seconds.
  path: Assets/2DSpaceshipsFreeTrial/Textures/2DShipsStandardWeapons/2DShipsStandardWeaponsAtlas.png
  artifactKey: Guid(ea47199b715e6c047909c1486562c340) Importer(815301076,1909f56bfc062723c751e8b465ee728b)
Start importing Assets/2DSpaceshipsFreeTrial/Textures/2DShipsStandardWeapons/2DShipsStandardWeaponsAtlas.png using Guid(ea47199b715e6c047909c1486562c340) Importer(815301076,1909f56bfc062723c751e8b465ee728b) (PreviewImporter) -> (artifact id: 'c7a4c663f7afc98d09168969b5d3330d') in 0.116591 seconds
Number of updated asset objects reloaded before import = 0Number of asset objects unloaded after import = 21

========================================================================
Received Import Request.
  Time since last request: 0.492293 seconds.
  path: Assets/2DSpaceshipsFreeTrial/Textures/2DSpaceshipsFreeTrialSideView/2DSpaceshipsFreeTrialAtlasSideViewBlack.png
  artifactKey: Guid(b9c9b3ee7e1cd8c40b152ba6485ba796) Importer(815301076,1909f56bfc062723c751e8b465ee728b)
Start importing Assets/2DSpaceshipsFreeTrial/Textures/2DSpaceshipsFreeTrialSideView/2DSpaceshipsFreeTrialAtlasSideViewBlack.png using Guid(b9c9b3ee7e1cd8c40b152ba6485ba796) Importer(815301076,1909f56bfc062723c751e8b465ee728b) (PreviewImporter) -> (artifact id: 'd8eae41c67944801d6dcb021b090c1d3') in 0.0296825 seconds
Number of updated asset objects reloaded before import = 0Number of asset objects unloaded after import = 5

========================================================================
Received Import Request.
  Time since last request: 0.000053 seconds.
  path: Assets/2DSpaceshipsFreeTrial/Textures/2DSpaceshipsFreeTrialSideView/2DSpaceshipsFreeTrialAtlasSideViewBlue.png
  artifactKey: Guid(b80c32b793ae31046bc85865350fe2b2) Importer(815301076,1909f56bfc062723c751e8b465ee728b)
Start importing Assets/2DSpaceshipsFreeTrial/Textures/2DSpaceshipsFreeTrialSideView/2DSpaceshipsFreeTrialAtlasSideViewBlue.png using Guid(b80c32b793ae31046bc85865350fe2b2) Importer(815301076,1909f56bfc062723c751e8b465ee728b) (PreviewImporter) -> (artifact id: '6ef5d36010b09bab53ab7cf773b1d389') in 0.025752 seconds
Number of updated asset objects reloaded before import = 0Number of asset objects unloaded after import = 5

========================================================================
Received Import Request.
  Time since last request: 0.000045 seconds.
  path: Assets/2DSpaceshipsFreeTrial/Textures/2DSpaceshipsFreeTrialSideView/2DSpaceshipsFreeTrialAtlasSideViewGrey2.png
  artifactKey: Guid(66509e624c6694849b0608e7b49cd946) Importer(815301076,1909f56bfc062723c751e8b465ee728b)
Start importing Assets/2DSpaceshipsFreeTrial/Textures/2DSpaceshipsFreeTrialSideView/2DSpaceshipsFreeTrialAtlasSideViewGrey2.png using Guid(66509e624c6694849b0608e7b49cd946) Importer(815301076,1909f56bfc062723c751e8b465ee728b) (PreviewImporter) -> (artifact id: '5e2f3e12be477581032d8429741a6206') in 0.0245532 seconds
Number of updated asset objects reloaded before import = 0Number of asset objects unloaded after import = 5

========================================================================
Received Import Request.
  Time since last request: 0.000057 seconds.
  path: Assets/2DSpaceshipsFreeTrial/Textures/2DSpaceshipsFreeTrialSideView/2DSpaceshipsFreeTrialAtlasSideViewRed2.png
  artifactKey: Guid(b3f1aef19743f8445aa4f664e87ad84f) Importer(815301076,1909f56bfc062723c751e8b465ee728b)
Start importing Assets/2DSpaceshipsFreeTrial/Textures/2DSpaceshipsFreeTrialSideView/2DSpaceshipsFreeTrialAtlasSideViewRed2.png using Guid(b3f1aef19743f8445aa4f664e87ad84f) Importer(815301076,1909f56bfc062723c751e8b465ee728b) (PreviewImporter) -> (artifact id: 'e23c65af8585c26b27e8e36116ca65f4') in 0.0253865 seconds
Number of updated asset objects reloaded before import = 0Number of asset objects unloaded after import = 5

========================================================================
Received Import Request.
  Time since last request: 0.000054 seconds.
  path: Assets/2DSpaceshipsFreeTrial/Textures/2DSpaceshipsFreeTrialSideView/2DSpaceshipsFreeTrialAtlasSideViewYellow.png
  artifactKey: Guid(24d9a524c35fc574ea9bdd5836be365e) Importer(815301076,1909f56bfc062723c751e8b465ee728b)
Start importing Assets/2DSpaceshipsFreeTrial/Textures/2DSpaceshipsFreeTrialSideView/2DSpaceshipsFreeTrialAtlasSideViewYellow.png using Guid(24d9a524c35fc574ea9bdd5836be365e) Importer(815301076,1909f56bfc062723c751e8b465ee728b) (PreviewImporter) -> (artifact id: 'b57edd26247cc00b10a178514b5b0b3e') in 0.0143054 seconds
Number of updated asset objects reloaded before import = 0Number of asset objects unloaded after import = 5

========================================================================
Received Import Request.
  Time since last request: 0.000040 seconds.
  path: Assets/2DSpaceshipsFreeTrial/Textures/2DSpaceshipsFreeTrialSideView/2DSpaceshipsFreeTrialAtlasSideViewGreen2.png
  artifactKey: Guid(95813e2465cb02448b2d72249b99452b) Importer(815301076,1909f56bfc062723c751e8b465ee728b)
Start importing Assets/2DSpaceshipsFreeTrial/Textures/2DSpaceshipsFreeTrialSideView/2DSpaceshipsFreeTrialAtlasSideViewGreen2.png using Guid(95813e2465cb02448b2d72249b99452b) Importer(815301076,1909f56bfc062723c751e8b465ee728b) (PreviewImporter) -> (artifact id: 'fe5c565289a28e5b8633c82a5d2dab99') in 0.0140968 seconds
Number of updated asset objects reloaded before import = 0Number of asset objects unloaded after import = 5

========================================================================
Received Import Request.
  Time since last request: 0.000026 seconds.
  path: Assets/2DSpaceshipsFreeTrial/Textures/2DSpaceshipsFreeTrialSideView/2DSpaceshipsFreeTrialAtlasSideViewGreen.png
  artifactKey: Guid(26a2179056f52e84197710b10f17ea78) Importer(815301076,1909f56bfc062723c751e8b465ee728b)
Start importing Assets/2DSpaceshipsFreeTrial/Textures/2DSpaceshipsFreeTrialSideView/2DSpaceshipsFreeTrialAtlasSideViewGreen.png using Guid(26a2179056f52e84197710b10f17ea78) Importer(815301076,1909f56bfc062723c751e8b465ee728b) (PreviewImporter) -> (artifact id: 'af9c18d60d075802cd747810c4513914') in 0.0158502 seconds
Number of updated asset objects reloaded before import = 0Number of asset objects unloaded after import = 5

Editor requested this worker to shutdown with reason: Scaling down because of idle timeout
AssetImportWorker is now disconnected from the server
Process exiting
Exiting without the bug reporter. Application will terminate with return code 0