Using pre-set license
Built from '6000.0/staging' branch; Version is '6000.0.41f1 (46e447368a18) revision 4645959'; Using compiler version '193933523'; Build Type 'Release'
OS: 'Windows 11  (10.0.22631) 64bit Professional' Language: 'ja' Physical Memory: 32440 MB
BatchMode: 1, IsHumanControllingUs: 0, StartBugReporterOnCrash: 0, Is64bit: 1, IsPro: 1

COMMAND LINE ARGUMENTS:
C:\Program Files\Unity\Hub\Editor\6000.0.41f1\Editor\Unity.exe
-adb2
-batchMode
-noUpm
-name
AssetImportWorker18
-projectPath
C:/Users/ktc/Desktop/WedPersonal/Monochrome
-logFile
Logs/AssetImportWorker18.log
-srvPort
52671
-job-worker-count
7
-background-job-worker-count
8
-gc-helper-count
1
Successfully changed project path to: C:/Users/ktc/Desktop/WedPersonal/Monochrome
C:/Users/ktc/Desktop/WedPersonal/Monochrome
[UnityMemory] Configuration Parameters - Can be set up in boot.config
    "memorysetup-bucket-allocator-granularity=16"
    "memorysetup-bucket-allocator-bucket-count=8"
    "memorysetup-bucket-allocator-block-size=33554432"
    "memorysetup-bucket-allocator-block-count=8"
    "memorysetup-main-allocator-block-size=16777216"
    "memorysetup-thread-allocator-block-size=16777216"
    "memorysetup-gfx-main-allocator-block-size=16777216"
    "memorysetup-gfx-thread-allocator-block-size=16777216"
    "memorysetup-cache-allocator-block-size=4194304"
    "memorysetup-typetree-allocator-block-size=2097152"
    "memorysetup-profiler-bucket-allocator-granularity=16"
    "memorysetup-profiler-bucket-allocator-bucket-count=8"
    "memorysetup-profiler-bucket-allocator-block-size=33554432"
    "memorysetup-profiler-bucket-allocator-block-count=8"
    "memorysetup-profiler-allocator-block-size=16777216"
    "memorysetup-profiler-editor-allocator-block-size=1048576"
    "memorysetup-temp-allocator-size-main=16777216"
    "memorysetup-job-temp-allocator-block-size=2097152"
    "memorysetup-job-temp-allocator-block-size-background=1048576"
    "memorysetup-job-temp-allocator-reduction-small-platforms=262144"
    "memorysetup-allocator-temp-initial-block-size-main=262144"
    "memorysetup-allocator-temp-initial-block-size-worker=262144"
    "memorysetup-temp-allocator-size-background-worker=32768"
    "memorysetup-temp-allocator-size-job-worker=262144"
    "memorysetup-temp-allocator-size-preload-manager=33554432"
    "memorysetup-temp-allocator-size-nav-mesh-worker=65536"
    "memorysetup-temp-allocator-size-audio-worker=65536"
    "memorysetup-temp-allocator-size-cloud-worker=32768"
    "memorysetup-temp-allocator-size-gi-baking-worker=262144"
    "memorysetup-temp-allocator-size-gi-baking-worker=262144"
    "memorysetup-temp-allocator-size-gi-baking-worker=262144"
    "memorysetup-temp-allocator-size-gi-baking-worker=262144"
    "memorysetup-temp-allocator-size-gi-baking-worker=262144"
    "memorysetup-temp-allocator-size-gfx=262144"
Player connection [31692]  Target information:

Player connection [31692]  * "[IP] 172.22.90.104 [Port] 0 [Flags] 2 [Guid] 3084585948 [EditorId] 3084585948 [Version] 1048832 [Id] WindowsEditor(7,604-19) [Debug] 1 [PackageName] WindowsEditor [ProjectName] Editor" 

Player connection [31692]  * "[IP] 172.19.176.1 [Port] 0 [Flags] 2 [Guid] 3084585948 [EditorId] 3084585948 [Version] 1048832 [Id] WindowsEditor(7,604-19) [Debug] 1 [PackageName] WindowsEditor [ProjectName] Editor" 

Player connection [31692]  * "[IP] 192.168.217.1 [Port] 0 [Flags] 2 [Guid] 3084585948 [EditorId] 3084585948 [Version] 1048832 [Id] WindowsEditor(7,604-19) [Debug] 1 [PackageName] WindowsEditor [ProjectName] Editor" 

Player connection [31692]  * "[IP] 192.168.172.1 [Port] 0 [Flags] 2 [Guid] 3084585948 [EditorId] 3084585948 [Version] 1048832 [Id] WindowsEditor(7,604-19) [Debug] 1 [PackageName] WindowsEditor [ProjectName] Editor" 

Player connection [31692]  * "[IP] 192.168.56.1 [Port] 0 [Flags] 2 [Guid] 3084585948 [EditorId] 3084585948 [Version] 1048832 [Id] WindowsEditor(7,604-19) [Debug] 1 [PackageName] WindowsEditor [ProjectName] Editor" 

Player connection [31692] Host joined multi-casting on [225.0.0.222:54997]...
Player connection [31692] Host joined alternative multi-casting on [225.0.0.222:34997]...
JobSystem: Creating JobQueue using job-worker-count value 7
Input System module state changed to: Initialized.
[Physics::Module] Initialized fallback backend.
[Physics::Module] Id: 0xdecafbad
Library Redirect Path: Library/
[Physics::Module] Selected backend.
[Physics::Module] Name: PhysX
[Physics::Module] Id: 0xf2b8ea05
[Physics::Module] SDK Version: 4.1.2
[Physics::Module] Integration Version: 1.0.0
[Physics::Module] Threading Mode: Multi-Threaded
Refreshing native plugins compatible for Editor in 2.96 ms, found 4 plugins.
Preloading 0 native plugins for Editor in 0.00 ms.
Initialize engine version: 6000.0.41f1 (46e447368a18)
[Subsystems] Discovering subsystems at path C:/Program Files/Unity/Hub/Editor/6000.0.41f1/Editor/Data/Resources/UnitySubsystems
[Subsystems] Discovering subsystems at path C:/Users/ktc/Desktop/WedPersonal/Monochrome/Assets
GfxDevice: creating device client; kGfxThreadingModeNonThreaded
Direct3D:
    Version:  Direct3D 11.0 [level 11.1]
    Renderer: NVIDIA GeForce RTX 3070 (ID=0x2484)
    Vendor:   NVIDIA
    VRAM:     8018 MB
    Driver:   32.0.15.6624
Initialize mono
Mono path[0] = 'C:/Program Files/Unity/Hub/Editor/6000.0.41f1/Editor/Data/Managed'
Mono path[1] = 'C:/Program Files/Unity/Hub/Editor/6000.0.41f1/Editor/Data/MonoBleedingEdge/lib/mono/unityjit-win32'
Mono config path = 'C:/Program Files/Unity/Hub/Editor/6000.0.41f1/Editor/Data/MonoBleedingEdge/etc'
Using monoOptions --debugger-agent=transport=dt_socket,embedding=1,server=y,suspend=n,address=127.0.0.1:56192
Begin MonoManager ReloadAssembly
Registering precompiled unity dll's ...
Register platform support module: C:/Program Files/Unity/Hub/Editor/6000.0.41f1/Editor/Data/PlaybackEngines/WebGLSupport/UnityEditor.WebGL.Extensions.dll
Register platform support module: C:/Program Files/Unity/Hub/Editor/6000.0.41f1/Editor/Data/PlaybackEngines/WindowsStandaloneSupport/UnityEditor.WindowsStandalone.Extensions.dll
Register platform support module: C:/Program Files/Unity/Hub/Editor/6000.0.41f1/Editor/Data/PlaybackEngines/AndroidPlayer/UnityEditor.Android.Extensions.dll
Register platform support module: C:/Program Files/Unity/Hub/Editor/6000.0.41f1/Editor/Data/PlaybackEngines/iOSSupport/UnityEditor.iOS.Extensions.dll
Registered in 0.004288 seconds.
- Loaded All Assemblies, in  0.407 seconds
[usbmuxd] Start listen thread
[usbmuxd] Listen thread started
Native extension for iOS target not found
Native extension for Android target not found
Android Extension - Scanning For ADB Devices 289 ms
Native extension for WindowsStandalone target not found
Native extension for WebGL target not found
Mono: successfully reloaded assembly
- Finished resetting the current domain, in  0.668 seconds
Domain Reload Profiling: 1073ms
	BeginReloadAssembly (142ms)
		ExecutionOrderSort (0ms)
		DisableScriptedObjects (0ms)
		BackupInstance (0ms)
		ReleaseScriptingObjects (0ms)
		CreateAndSetChildDomain (1ms)
	RebuildCommonClasses (37ms)
	RebuildNativeTypeToScriptingClass (13ms)
	initialDomainReloadingComplete (50ms)
	LoadAllAssembliesAndSetupDomain (163ms)
		LoadAssemblies (141ms)
		RebuildTransferFunctionScriptingTraits (0ms)
		AnalyzeDomain (159ms)
			TypeCache.Refresh (158ms)
				TypeCache.ScanAssembly (143ms)
			BuildScriptInfoCaches (0ms)
			ResolveRequiredComponents (0ms)
	FinalizeReload (668ms)
		ReleaseScriptCaches (0ms)
		RebuildScriptCaches (0ms)
		SetupLoadedEditorAssemblies (622ms)
			LogAssemblyErrors (0ms)
			InitializePlatformSupportModulesInManaged (380ms)
			SetLoadedEditorAssemblies (4ms)
			BeforeProcessingInitializeOnLoad (49ms)
			ProcessInitializeOnLoadAttributes (126ms)
			ProcessInitializeOnLoadMethodAttributes (63ms)
			AfterProcessingInitializeOnLoad (0ms)
			EditorAssembliesLoaded (0ms)
		ExecutionOrderSort2 (0ms)
		AwakeInstancesAfterBackupRestoration (0ms)
========================================================================
Worker process is ready to serve import requests
Import Worker Mode flag is 0x00
Begin MonoManager ReloadAssembly
- Loaded All Assemblies, in  0.812 seconds
Refreshing native plugins compatible for Editor in 1.16 ms, found 4 plugins.
Native extension for iOS target not found
Native extension for Android target not found
Native extension for WindowsStandalone target not found
Native extension for WebGL target not found
Mono: successfully reloaded assembly
- Finished resetting the current domain, in  0.760 seconds
Domain Reload Profiling: 1568ms
	BeginReloadAssembly (163ms)
		ExecutionOrderSort (0ms)
		DisableScriptedObjects (8ms)
		BackupInstance (0ms)
		ReleaseScriptingObjects (0ms)
		CreateAndSetChildDomain (31ms)
	RebuildCommonClasses (35ms)
	RebuildNativeTypeToScriptingClass (12ms)
	initialDomainReloadingComplete (49ms)
	LoadAllAssembliesAndSetupDomain (550ms)
		LoadAssemblies (360ms)
		RebuildTransferFunctionScriptingTraits (0ms)
		AnalyzeDomain (278ms)
			TypeCache.Refresh (198ms)
				TypeCache.ScanAssembly (180ms)
			BuildScriptInfoCaches (67ms)
			ResolveRequiredComponents (10ms)
	FinalizeReload (760ms)
		ReleaseScriptCaches (0ms)
		RebuildScriptCaches (0ms)
		SetupLoadedEditorAssemblies (596ms)
			LogAssemblyErrors (0ms)
			InitializePlatformSupportModulesInManaged (14ms)
			SetLoadedEditorAssemblies (3ms)
			BeforeProcessingInitializeOnLoad (111ms)
			ProcessInitializeOnLoadAttributes (342ms)
			ProcessInitializeOnLoadMethodAttributes (121ms)
			AfterProcessingInitializeOnLoad (4ms)
			EditorAssembliesLoaded (0ms)
		ExecutionOrderSort2 (0ms)
		AwakeInstancesAfterBackupRestoration (7ms)
Launched and connected shader compiler UnityShaderCompiler.exe after 0.01 seconds
Refreshing native plugins compatible for Editor in 2.57 ms, found 4 plugins.
Preloading 0 native plugins for Editor in 0.00 ms.
Unloading 206 Unused Serialized files (Serialized files now loaded: 0)
Unloading 6691 unused Assets / (7.6 MB). Loaded Objects now: 7339.
Memory consumption went from 177.3 MB to 169.7 MB.
Total: 12.871300 ms (FindLiveObjects: 1.109000 ms CreateObjectMapping: 1.448000 ms MarkObjects: 5.574600 ms  DeleteObjects: 4.738600 ms)

========================================================================
Received Import Request.
  Time since last request: 8946.387588 seconds.
  path: Assets/Copyspright/Pixel Space Shooter - Free/Sprites/Spaceships/Humans/Humans_Color_01/humans_ship_03.png
  artifactKey: Guid(8c7852e625eea414893134a6fb055705) Importer(815301076,1909f56bfc062723c751e8b465ee728b)
Start importing Assets/Copyspright/Pixel Space Shooter - Free/Sprites/Spaceships/Humans/Humans_Color_01/humans_ship_03.png using Guid(8c7852e625eea414893134a6fb055705) Importer(815301076,1909f56bfc062723c751e8b465ee728b) (PreviewImporter) -> (artifact id: '3a23cdd4d1f131cdb605cfc2754514b5') in 0.1311079 seconds
Number of updated asset objects reloaded before import = 0Number of asset objects unloaded after import = 3

========================================================================
Received Import Request.
  Time since last request: 615.425327 seconds.
  path: Assets/Stylized 2D Space Shooter - Free/Sprites/Medium - No light/Boss_1_B_Medium_NoLight.png
  artifactKey: Guid(3823c268f39f7ad49998a3dc5a4cccc9) Importer(815301076,1909f56bfc062723c751e8b465ee728b)
Start importing Assets/Stylized 2D Space Shooter - Free/Sprites/Medium - No light/Boss_1_B_Medium_NoLight.png using Guid(3823c268f39f7ad49998a3dc5a4cccc9) Importer(815301076,1909f56bfc062723c751e8b465ee728b) (PreviewImporter) -> (artifact id: '36c4604ae4607726ec84a9cff0ea720f') in 0.0197784 seconds
Number of updated asset objects reloaded before import = 0Number of asset objects unloaded after import = 3

========================================================================
Received Import Request.
  Time since last request: 0.000048 seconds.
  path: Assets/Stylized 2D Space Shooter - Free/Sprites/Medium - No light/Missile_D_Medium_NoLight.png
  artifactKey: Guid(0f35f8365c619534db80c6c77a4e8691) Importer(815301076,1909f56bfc062723c751e8b465ee728b)
Start importing Assets/Stylized 2D Space Shooter - Free/Sprites/Medium - No light/Missile_D_Medium_NoLight.png using Guid(0f35f8365c619534db80c6c77a4e8691) Importer(815301076,1909f56bfc062723c751e8b465ee728b) (PreviewImporter) -> (artifact id: 'c1c3a9b77b9c48fb36d54df0fa533f63') in 0.0127208 seconds
Number of updated asset objects reloaded before import = 0Number of asset objects unloaded after import = 3

========================================================================
Received Import Request.
  Time since last request: 0.000017 seconds.
  path: Assets/Stylized 2D Space Shooter - Free/Sprites/Medium - No light/Pickup_2_D_Medium_NoLight.png
  artifactKey: Guid(fea5c4beb75c5c34f86811fbb98cb5d5) Importer(815301076,1909f56bfc062723c751e8b465ee728b)
Start importing Assets/Stylized 2D Space Shooter - Free/Sprites/Medium - No light/Pickup_2_D_Medium_NoLight.png using Guid(fea5c4beb75c5c34f86811fbb98cb5d5) Importer(815301076,1909f56bfc062723c751e8b465ee728b) (PreviewImporter) -> (artifact id: '0f0f15336b3730b2394345d2eb3c5f1e') in 0.0106452 seconds
Number of updated asset objects reloaded before import = 0Number of asset objects unloaded after import = 3

========================================================================
Received Import Request.
  Time since last request: 0.000021 seconds.
  path: Assets/Stylized 2D Space Shooter - Free/Sprites/Medium - No light/Ship_2_E_Medium_NoLight.png
  artifactKey: Guid(a5d363fb1ea665344b6e9d4f8cf1b9dc) Importer(815301076,1909f56bfc062723c751e8b465ee728b)
Start importing Assets/Stylized 2D Space Shooter - Free/Sprites/Medium - No light/Ship_2_E_Medium_NoLight.png using Guid(a5d363fb1ea665344b6e9d4f8cf1b9dc) Importer(815301076,1909f56bfc062723c751e8b465ee728b) (PreviewImporter) -> (artifact id: 'd86b23991face9197f0fd527aa83cb53') in 0.0166837 seconds
Number of updated asset objects reloaded before import = 0Number of asset objects unloaded after import = 3

========================================================================
Received Import Request.
  Time since last request: 0.000020 seconds.
  path: Assets/Stylized 2D Space Shooter - Free/Sprites/Medium - No light/Enemy_4_D_Medium_NoLight.png
  artifactKey: Guid(12fe725c9a9ea15408e4694db6f9cff4) Importer(815301076,1909f56bfc062723c751e8b465ee728b)
Start importing Assets/Stylized 2D Space Shooter - Free/Sprites/Medium - No light/Enemy_4_D_Medium_NoLight.png using Guid(12fe725c9a9ea15408e4694db6f9cff4) Importer(815301076,1909f56bfc062723c751e8b465ee728b) (PreviewImporter) -> (artifact id: '9055f21abb37a4501f0d192c69dacec0') in 0.0122889 seconds
Number of updated asset objects reloaded before import = 0Number of asset objects unloaded after import = 3

========================================================================
Received Import Request.
  Time since last request: 0.000026 seconds.
  path: Assets/Stylized 2D Space Shooter - Free/Sprites/Medium - No light/Ship_1_A_Medium_NoLight.png
  artifactKey: Guid(08b7d37e385686f4c84bfe53af532bdb) Importer(815301076,1909f56bfc062723c751e8b465ee728b)
Start importing Assets/Stylized 2D Space Shooter - Free/Sprites/Medium - No light/Ship_1_A_Medium_NoLight.png using Guid(08b7d37e385686f4c84bfe53af532bdb) Importer(815301076,1909f56bfc062723c751e8b465ee728b) (PreviewImporter) -> (artifact id: '8fc66ee5c9872b0910c086ca0a9c0805') in 0.0128329 seconds
Number of updated asset objects reloaded before import = 0Number of asset objects unloaded after import = 3

========================================================================
Received Import Request.
  Time since last request: 0.000021 seconds.
  path: Assets/Stylized 2D Space Shooter - Free/Sprites/Medium - No light/Ship_1_D_Medium_NoLight.png
  artifactKey: Guid(d961bd83e44a14544a59c2df249fbd53) Importer(815301076,1909f56bfc062723c751e8b465ee728b)
Start importing Assets/Stylized 2D Space Shooter - Free/Sprites/Medium - No light/Ship_1_D_Medium_NoLight.png using Guid(d961bd83e44a14544a59c2df249fbd53) Importer(815301076,1909f56bfc062723c751e8b465ee728b) (PreviewImporter) -> (artifact id: '9351e7397f7bd6a944a4c483bcdf99d9') in 0.009795 seconds
Number of updated asset objects reloaded before import = 0Number of asset objects unloaded after import = 3

========================================================================
Received Import Request.
  Time since last request: 0.000016 seconds.
  path: Assets/Stylized 2D Space Shooter - Free/Sprites/Medium - No light/Pickup_2_A_Medium_NoLight.png
  artifactKey: Guid(91092eb028e077146b93be3e97bd84b4) Importer(815301076,1909f56bfc062723c751e8b465ee728b)
Start importing Assets/Stylized 2D Space Shooter - Free/Sprites/Medium - No light/Pickup_2_A_Medium_NoLight.png using Guid(91092eb028e077146b93be3e97bd84b4) Importer(815301076,1909f56bfc062723c751e8b465ee728b) (PreviewImporter) -> (artifact id: '940248fb078d54c2ad4617336a7ef3bf') in 0.0140243 seconds
Number of updated asset objects reloaded before import = 0Number of asset objects unloaded after import = 3

========================================================================
Received Import Request.
  Time since last request: 0.000018 seconds.
  path: Assets/Stylized 2D Space Shooter - Free/Sprites/Medium - No light/Ship_1_E_Medium_NoLight.png
  artifactKey: Guid(7a264b30359be4544914613004a9be54) Importer(815301076,1909f56bfc062723c751e8b465ee728b)
Start importing Assets/Stylized 2D Space Shooter - Free/Sprites/Medium - No light/Ship_1_E_Medium_NoLight.png using Guid(7a264b30359be4544914613004a9be54) Importer(815301076,1909f56bfc062723c751e8b465ee728b) (PreviewImporter) -> (artifact id: '69433bca4d58a7be4be48c2d60700b7a') in 0.0197253 seconds
Number of updated asset objects reloaded before import = 0Number of asset objects unloaded after import = 3

========================================================================
Received Import Request.
  Time since last request: 0.000018 seconds.
  path: Assets/Stylized 2D Space Shooter - Free/Sprites/Medium - No light/Pickup_3_D_Medium_NoLight.png
  artifactKey: Guid(665072abe67e46541a77d0923e59b8d1) Importer(815301076,1909f56bfc062723c751e8b465ee728b)
Start importing Assets/Stylized 2D Space Shooter - Free/Sprites/Medium - No light/Pickup_3_D_Medium_NoLight.png using Guid(665072abe67e46541a77d0923e59b8d1) Importer(815301076,1909f56bfc062723c751e8b465ee728b) (PreviewImporter) -> (artifact id: '384322fd09d17b3518437febbea057b5') in 0.009163 seconds
Number of updated asset objects reloaded before import = 0Number of asset objects unloaded after import = 3

========================================================================
Received Import Request.
  Time since last request: 0.000018 seconds.
  path: Assets/Stylized 2D Space Shooter - Free/Sprites/Medium - No light/Enemy_1_D_Medium_NoLight.png
  artifactKey: Guid(8369f2f245dcc6a448ea54c4818238a8) Importer(815301076,1909f56bfc062723c751e8b465ee728b)
Start importing Assets/Stylized 2D Space Shooter - Free/Sprites/Medium - No light/Enemy_1_D_Medium_NoLight.png using Guid(8369f2f245dcc6a448ea54c4818238a8) Importer(815301076,1909f56bfc062723c751e8b465ee728b) (PreviewImporter) -> (artifact id: '5b2c117625b52a8854dbbe01da7207d0') in 0.0100865 seconds
Number of updated asset objects reloaded before import = 0Number of asset objects unloaded after import = 3

========================================================================
Received Import Request.
  Time since last request: 0.000021 seconds.
  path: Assets/Stylized 2D Space Shooter - Free/Sprites/Medium - No light/Missile_E_Medium_NoLight.png
  artifactKey: Guid(df80e47a9d8d43c46a8fb1949e56d3f2) Importer(815301076,1909f56bfc062723c751e8b465ee728b)
Start importing Assets/Stylized 2D Space Shooter - Free/Sprites/Medium - No light/Missile_E_Medium_NoLight.png using Guid(df80e47a9d8d43c46a8fb1949e56d3f2) Importer(815301076,1909f56bfc062723c751e8b465ee728b) (PreviewImporter) -> (artifact id: 'dbb036babccc50a6f17eb190cc88ad24') in 0.0090114 seconds
Number of updated asset objects reloaded before import = 0Number of asset objects unloaded after import = 3

========================================================================
Received Import Request.
  Time since last request: 0.000026 seconds.
  path: Assets/Stylized 2D Space Shooter - Free/Sprites/Medium - No light/Ship_2_B_Medium_NoLight.png
  artifactKey: Guid(c19d73b6739e23e4ca3df103d42d61e8) Importer(815301076,1909f56bfc062723c751e8b465ee728b)
Start importing Assets/Stylized 2D Space Shooter - Free/Sprites/Medium - No light/Ship_2_B_Medium_NoLight.png using Guid(c19d73b6739e23e4ca3df103d42d61e8) Importer(815301076,1909f56bfc062723c751e8b465ee728b) (PreviewImporter) -> (artifact id: '9e08d7c8b3d6843cf9bd0b29525ca2ce') in 0.011292 seconds
Number of updated asset objects reloaded before import = 0Number of asset objects unloaded after import = 3

========================================================================
Received Import Request.
  Time since last request: 0.000015 seconds.
  path: Assets/Stylized 2D Space Shooter - Free/Sprites/Medium - No light/Pickup_2_B_Medium_NoLight.png
  artifactKey: Guid(fbc65c5e00f20d04bbbc5fe1e7027ecb) Importer(815301076,1909f56bfc062723c751e8b465ee728b)
Start importing Assets/Stylized 2D Space Shooter - Free/Sprites/Medium - No light/Pickup_2_B_Medium_NoLight.png using Guid(fbc65c5e00f20d04bbbc5fe1e7027ecb) Importer(815301076,1909f56bfc062723c751e8b465ee728b) (PreviewImporter) -> (artifact id: '76d53927300f05da4d5f51d360a6983e') in 0.0113883 seconds
Number of updated asset objects reloaded before import = 0Number of asset objects unloaded after import = 3

========================================================================
Received Import Request.
  Time since last request: 0.000017 seconds.
  path: Assets/Stylized 2D Space Shooter - Free/Sprites/Medium - No light/Pickup_3_A_Medium_NoLight.png
  artifactKey: Guid(a01816f00f1f5674e972afd8ef0675c3) Importer(815301076,1909f56bfc062723c751e8b465ee728b)
Start importing Assets/Stylized 2D Space Shooter - Free/Sprites/Medium - No light/Pickup_3_A_Medium_NoLight.png using Guid(a01816f00f1f5674e972afd8ef0675c3) Importer(815301076,1909f56bfc062723c751e8b465ee728b) (PreviewImporter) -> (artifact id: '887a2b17c85805335bb7eedc7c8c7ec1') in 0.012762 seconds
Number of updated asset objects reloaded before import = 0Number of asset objects unloaded after import = 3

========================================================================
Received Import Request.
  Time since last request: 0.000017 seconds.
  path: Assets/Stylized 2D Space Shooter - Free/Sprites/Medium - No light/Enemy_2_B_Medium_NoLight.png
  artifactKey: Guid(1bc3f776bc8b5014cb321abf356341ad) Importer(815301076,1909f56bfc062723c751e8b465ee728b)
Start importing Assets/Stylized 2D Space Shooter - Free/Sprites/Medium - No light/Enemy_2_B_Medium_NoLight.png using Guid(1bc3f776bc8b5014cb321abf356341ad) Importer(815301076,1909f56bfc062723c751e8b465ee728b) (PreviewImporter) -> (artifact id: 'ccd3600c0e082b1bd4008f1f58a12340') in 0.0092228 seconds
Number of updated asset objects reloaded before import = 0Number of asset objects unloaded after import = 3

========================================================================
Received Import Request.
  Time since last request: 0.000016 seconds.
  path: Assets/Stylized 2D Space Shooter - Free/Sprites/Medium - No light/Ship_1_B_Medium_NoLight.png
  artifactKey: Guid(e453efb2320ec544e81b5f2ea1858e88) Importer(815301076,1909f56bfc062723c751e8b465ee728b)
Start importing Assets/Stylized 2D Space Shooter - Free/Sprites/Medium - No light/Ship_1_B_Medium_NoLight.png using Guid(e453efb2320ec544e81b5f2ea1858e88) Importer(815301076,1909f56bfc062723c751e8b465ee728b) (PreviewImporter) -> (artifact id: 'a4952657afc0f0cdc87e493951542ebf') in 0.0102712 seconds
Number of updated asset objects reloaded before import = 0Number of asset objects unloaded after import = 3

========================================================================
Received Import Request.
  Time since last request: 0.000019 seconds.
  path: Assets/Stylized 2D Space Shooter - Free/Sprites/Medium - No light/Ship_2_D_Medium_NoLight.png
  artifactKey: Guid(bb31cdf545ada604c8ecaafab983bb4c) Importer(815301076,1909f56bfc062723c751e8b465ee728b)
Start importing Assets/Stylized 2D Space Shooter - Free/Sprites/Medium - No light/Ship_2_D_Medium_NoLight.png using Guid(bb31cdf545ada604c8ecaafab983bb4c) Importer(815301076,1909f56bfc062723c751e8b465ee728b) (PreviewImporter) -> (artifact id: 'c7df4be5d5149a922ff323ddeb4c6a98') in 0.0121898 seconds
Number of updated asset objects reloaded before import = 0Number of asset objects unloaded after import = 3

========================================================================
Received Import Request.
  Time since last request: 0.000019 seconds.
  path: Assets/Stylized 2D Space Shooter - Free/Sprites/Medium - No light/Missile_C_Medium_NoLight.png
  artifactKey: Guid(58dd49b4868d6e44f83c052f758a70f6) Importer(815301076,1909f56bfc062723c751e8b465ee728b)
Start importing Assets/Stylized 2D Space Shooter - Free/Sprites/Medium - No light/Missile_C_Medium_NoLight.png using Guid(58dd49b4868d6e44f83c052f758a70f6) Importer(815301076,1909f56bfc062723c751e8b465ee728b) (PreviewImporter) -> (artifact id: '33176caa466b08aac7a6795288f07c00') in 0.0111928 seconds
Number of updated asset objects reloaded before import = 0Number of asset objects unloaded after import = 3

========================================================================
Received Import Request.
  Time since last request: 0.000030 seconds.
  path: Assets/Stylized 2D Space Shooter - Free/Sprites/Medium - No light/Ship_2_C_Medium_NoLight.png
  artifactKey: Guid(070fa54a0d0a0344eafd8ca6410c5796) Importer(815301076,1909f56bfc062723c751e8b465ee728b)
Start importing Assets/Stylized 2D Space Shooter - Free/Sprites/Medium - No light/Ship_2_C_Medium_NoLight.png using Guid(070fa54a0d0a0344eafd8ca6410c5796) Importer(815301076,1909f56bfc062723c751e8b465ee728b) (PreviewImporter) -> (artifact id: '02eeb630d38dae2e86018c76324676b1') in 0.0122137 seconds
Number of updated asset objects reloaded before import = 0Number of asset objects unloaded after import = 3

========================================================================
Received Import Request.
  Time since last request: 0.000036 seconds.
  path: Assets/Stylized 2D Space Shooter - Free/Sprites/Medium - No light/Pickup_1_E_Medium_NoLight.png
  artifactKey: Guid(2f5f2a37c1b470f409e3401294647918) Importer(815301076,1909f56bfc062723c751e8b465ee728b)
Start importing Assets/Stylized 2D Space Shooter - Free/Sprites/Medium - No light/Pickup_1_E_Medium_NoLight.png using Guid(2f5f2a37c1b470f409e3401294647918) Importer(815301076,1909f56bfc062723c751e8b465ee728b) (PreviewImporter) -> (artifact id: 'dd89b3f44b0f55a0c480f341fb3dc85a') in 0.0115565 seconds
Number of updated asset objects reloaded before import = 0Number of asset objects unloaded after import = 3

========================================================================
Received Import Request.
  Time since last request: 0.000017 seconds.
  path: Assets/Stylized 2D Space Shooter - Free/Sprites/Medium - No light/Ship_1_C_Medium_NoLight.png
  artifactKey: Guid(fdbe071a5bc4e294cb28bb1c3de708f5) Importer(815301076,1909f56bfc062723c751e8b465ee728b)
Start importing Assets/Stylized 2D Space Shooter - Free/Sprites/Medium - No light/Ship_1_C_Medium_NoLight.png using Guid(fdbe071a5bc4e294cb28bb1c3de708f5) Importer(815301076,1909f56bfc062723c751e8b465ee728b) (PreviewImporter) -> (artifact id: '315b1ae7753953f035f0dbd0994f38cd') in 0.0092038 seconds
Number of updated asset objects reloaded before import = 0Number of asset objects unloaded after import = 3

========================================================================
Received Import Request.
  Time since last request: 0.644887 seconds.
  path: Assets/Stylized 2D Space Shooter - Free/Sprites/Small - No light/Boss_1_B_Small_NoLight.png
  artifactKey: Guid(b5698df924c43cf4e9d99b3422e5ace1) Importer(815301076,1909f56bfc062723c751e8b465ee728b)
Start importing Assets/Stylized 2D Space Shooter - Free/Sprites/Small - No light/Boss_1_B_Small_NoLight.png using Guid(b5698df924c43cf4e9d99b3422e5ace1) Importer(815301076,1909f56bfc062723c751e8b465ee728b) (PreviewImporter) -> (artifact id: '805d8c0d376527159cdc5b7f3b4c6377') in 0.0127879 seconds
Number of updated asset objects reloaded before import = 0Number of asset objects unloaded after import = 3

========================================================================
Received Import Request.
  Time since last request: 0.000020 seconds.
  path: Assets/Stylized 2D Space Shooter - Free/Sprites/Small - No light/Pickup_1_A_Small_NoLight.png
  artifactKey: Guid(ceaa585f54406814888378fc04ea61b2) Importer(815301076,1909f56bfc062723c751e8b465ee728b)
Start importing Assets/Stylized 2D Space Shooter - Free/Sprites/Small - No light/Pickup_1_A_Small_NoLight.png using Guid(ceaa585f54406814888378fc04ea61b2) Importer(815301076,1909f56bfc062723c751e8b465ee728b) (PreviewImporter) -> (artifact id: '93bcc9af0e1c0307dc907fc1470aace8') in 0.0245336 seconds
Number of updated asset objects reloaded before import = 0Number of asset objects unloaded after import = 3

========================================================================
Received Import Request.
  Time since last request: 0.000037 seconds.
  path: Assets/Stylized 2D Space Shooter - Free/Sprites/Small - No light/Pickup_3_E_Small_NoLight.png
  artifactKey: Guid(a3ba180c7d8235f459172559f80e761f) Importer(815301076,1909f56bfc062723c751e8b465ee728b)
Start importing Assets/Stylized 2D Space Shooter - Free/Sprites/Small - No light/Pickup_3_E_Small_NoLight.png using Guid(a3ba180c7d8235f459172559f80e761f) Importer(815301076,1909f56bfc062723c751e8b465ee728b) (PreviewImporter) -> (artifact id: 'bad3e6c1aac28cb2ad9adc00176dcf2e') in 0.0094767 seconds
Number of updated asset objects reloaded before import = 0Number of asset objects unloaded after import = 3

========================================================================
Received Import Request.
  Time since last request: 0.000039 seconds.
  path: Assets/Stylized 2D Space Shooter - Free/Sprites/Small - No light/Ship_1_C_Small_NoLight.png
  artifactKey: Guid(2713ae041cc9d8f4783e1ded24721cbf) Importer(815301076,1909f56bfc062723c751e8b465ee728b)
Start importing Assets/Stylized 2D Space Shooter - Free/Sprites/Small - No light/Ship_1_C_Small_NoLight.png using Guid(2713ae041cc9d8f4783e1ded24721cbf) Importer(815301076,1909f56bfc062723c751e8b465ee728b) (PreviewImporter) -> (artifact id: 'eb9d87b98bf242cef5acf3ca17a2564b') in 0.0100312 seconds
Number of updated asset objects reloaded before import = 0Number of asset objects unloaded after import = 3

========================================================================
Received Import Request.
  Time since last request: 0.000024 seconds.
  path: Assets/Stylized 2D Space Shooter - Free/Sprites/Small - No light/Ship_2_A_Small_NoLight.png
  artifactKey: Guid(4974afe8aba8e6c4d88365788f419c25) Importer(815301076,1909f56bfc062723c751e8b465ee728b)
Start importing Assets/Stylized 2D Space Shooter - Free/Sprites/Small - No light/Ship_2_A_Small_NoLight.png using Guid(4974afe8aba8e6c4d88365788f419c25) Importer(815301076,1909f56bfc062723c751e8b465ee728b) (PreviewImporter) -> (artifact id: 'c9dfd052f65ae41c82be893f1b38b28a') in 0.0097241 seconds
Number of updated asset objects reloaded before import = 0Number of asset objects unloaded after import = 3

========================================================================
Received Import Request.
  Time since last request: 0.000027 seconds.
  path: Assets/Stylized 2D Space Shooter - Free/Sprites/Small - No light/Ship_1_B_Small_NoLight.png
  artifactKey: Guid(b5be22fd5c9d826419ffd6411b40e7a4) Importer(815301076,1909f56bfc062723c751e8b465ee728b)
Start importing Assets/Stylized 2D Space Shooter - Free/Sprites/Small - No light/Ship_1_B_Small_NoLight.png using Guid(b5be22fd5c9d826419ffd6411b40e7a4) Importer(815301076,1909f56bfc062723c751e8b465ee728b) (PreviewImporter) -> (artifact id: 'c5a3b9e24d3fe16a4b876056ad685ad1') in 0.0099426 seconds
Number of updated asset objects reloaded before import = 0Number of asset objects unloaded after import = 3

========================================================================
Received Import Request.
  Time since last request: 0.000017 seconds.
  path: Assets/Stylized 2D Space Shooter - Free/Sprites/Small - No light/Pickup_3_C_Small_NoLight.png
  artifactKey: Guid(bd5ad0ed1e6be584fae2694b56c4b8dc) Importer(815301076,1909f56bfc062723c751e8b465ee728b)
Start importing Assets/Stylized 2D Space Shooter - Free/Sprites/Small - No light/Pickup_3_C_Small_NoLight.png using Guid(bd5ad0ed1e6be584fae2694b56c4b8dc) Importer(815301076,1909f56bfc062723c751e8b465ee728b) (PreviewImporter) -> (artifact id: '7bc0138da6cf2a111e9cfcb8fa7755dc') in 0.006952 seconds
Number of updated asset objects reloaded before import = 0Number of asset objects unloaded after import = 3

========================================================================
Received Import Request.
  Time since last request: 0.000015 seconds.
  path: Assets/Stylized 2D Space Shooter - Free/Sprites/Small - No light/Enemy_4_C_Small_NoLight.png
  artifactKey: Guid(4410ed0093e08684ba304ee68ab6ffd0) Importer(815301076,1909f56bfc062723c751e8b465ee728b)
Start importing Assets/Stylized 2D Space Shooter - Free/Sprites/Small - No light/Enemy_4_C_Small_NoLight.png using Guid(4410ed0093e08684ba304ee68ab6ffd0) Importer(815301076,1909f56bfc062723c751e8b465ee728b) (PreviewImporter) -> (artifact id: 'c173925ad4bd1505fbba89b0cfe163f9') in 0.010706 seconds
Number of updated asset objects reloaded before import = 0Number of asset objects unloaded after import = 3

========================================================================
Received Import Request.
  Time since last request: 0.000023 seconds.
  path: Assets/Stylized 2D Space Shooter - Free/Sprites/Small - No light/Pickup_2_A_Small_NoLight.png
  artifactKey: Guid(35ba2e6f5ba637e4da0f4849fe1262de) Importer(815301076,1909f56bfc062723c751e8b465ee728b)
Start importing Assets/Stylized 2D Space Shooter - Free/Sprites/Small - No light/Pickup_2_A_Small_NoLight.png using Guid(35ba2e6f5ba637e4da0f4849fe1262de) Importer(815301076,1909f56bfc062723c751e8b465ee728b) (PreviewImporter) -> (artifact id: 'c6e486b12167086baf96941035c4d511') in 0.0086525 seconds
Number of updated asset objects reloaded before import = 0Number of asset objects unloaded after import = 3

========================================================================
Received Import Request.
  Time since last request: 0.000024 seconds.
  path: Assets/Stylized 2D Space Shooter - Free/Sprites/Small - No light/Pickup_2_C_Small_NoLight.png
  artifactKey: Guid(10ae2b74981ef2a4a9db556534c0b16c) Importer(815301076,1909f56bfc062723c751e8b465ee728b)
Start importing Assets/Stylized 2D Space Shooter - Free/Sprites/Small - No light/Pickup_2_C_Small_NoLight.png using Guid(10ae2b74981ef2a4a9db556534c0b16c) Importer(815301076,1909f56bfc062723c751e8b465ee728b) (PreviewImporter) -> (artifact id: 'f6187ca223ba7a3fd32906433e9bc8dd') in 0.0085572 seconds
Number of updated asset objects reloaded before import = 0Number of asset objects unloaded after import = 3

========================================================================
Received Import Request.
  Time since last request: 0.000028 seconds.
  path: Assets/Stylized 2D Space Shooter - Free/Sprites/Small - No light/Pickup_2_D_Small_NoLight.png
  artifactKey: Guid(0da3f0a2ac6f51645b3c0fd10ebe69fc) Importer(815301076,1909f56bfc062723c751e8b465ee728b)
Start importing Assets/Stylized 2D Space Shooter - Free/Sprites/Small - No light/Pickup_2_D_Small_NoLight.png using Guid(0da3f0a2ac6f51645b3c0fd10ebe69fc) Importer(815301076,1909f56bfc062723c751e8b465ee728b) (PreviewImporter) -> (artifact id: '1ee5131948960c226133939c48678586') in 0.0073935 seconds
Number of updated asset objects reloaded before import = 0Number of asset objects unloaded after import = 3

========================================================================
Received Import Request.
  Time since last request: 0.000018 seconds.
  path: Assets/Stylized 2D Space Shooter - Free/Sprites/Small - No light/Ship_1_A_Small_NoLight.png
  artifactKey: Guid(b83a6cb7615139a409230cab96afc71a) Importer(815301076,1909f56bfc062723c751e8b465ee728b)
Start importing Assets/Stylized 2D Space Shooter - Free/Sprites/Small - No light/Ship_1_A_Small_NoLight.png using Guid(b83a6cb7615139a409230cab96afc71a) Importer(815301076,1909f56bfc062723c751e8b465ee728b) (PreviewImporter) -> (artifact id: '3db689e0502e6957fb2e2159c292d361') in 0.0101717 seconds
Number of updated asset objects reloaded before import = 0Number of asset objects unloaded after import = 3

========================================================================
Received Import Request.
  Time since last request: 0.000018 seconds.
  path: Assets/Stylized 2D Space Shooter - Free/Sprites/Small - No light/Missile_D_Small_NoLight.png
  artifactKey: Guid(d4369b474f882fc4d9f3aae7d0e0074e) Importer(815301076,1909f56bfc062723c751e8b465ee728b)
Start importing Assets/Stylized 2D Space Shooter - Free/Sprites/Small - No light/Missile_D_Small_NoLight.png using Guid(d4369b474f882fc4d9f3aae7d0e0074e) Importer(815301076,1909f56bfc062723c751e8b465ee728b) (PreviewImporter) -> (artifact id: 'e5f8315b424c2ca8b4198f7014dfdf69') in 0.0103309 seconds
Number of updated asset objects reloaded before import = 0Number of asset objects unloaded after import = 3

========================================================================
Received Import Request.
  Time since last request: 0.000022 seconds.
  path: Assets/Stylized 2D Space Shooter - Free/Sprites/Small - No light/Enemy_4_D_Small_NoLight.png
  artifactKey: Guid(d29abc4783c05cd4182eede23ba076b0) Importer(815301076,1909f56bfc062723c751e8b465ee728b)
Start importing Assets/Stylized 2D Space Shooter - Free/Sprites/Small - No light/Enemy_4_D_Small_NoLight.png using Guid(d29abc4783c05cd4182eede23ba076b0) Importer(815301076,1909f56bfc062723c751e8b465ee728b) (PreviewImporter) -> (artifact id: '4d0d082a82dc341b70cce20f60abc9de') in 0.0095738 seconds
Number of updated asset objects reloaded before import = 0Number of asset objects unloaded after import = 3

========================================================================
Received Import Request.
  Time since last request: 0.000018 seconds.
  path: Assets/Stylized 2D Space Shooter - Free/Sprites/Small - No light/Enemy_4_A_Small_NoLight.png
  artifactKey: Guid(f483adfc752c5b94cb1a85a8669a26d7) Importer(815301076,1909f56bfc062723c751e8b465ee728b)
Start importing Assets/Stylized 2D Space Shooter - Free/Sprites/Small - No light/Enemy_4_A_Small_NoLight.png using Guid(f483adfc752c5b94cb1a85a8669a26d7) Importer(815301076,1909f56bfc062723c751e8b465ee728b) (PreviewImporter) -> (artifact id: '4839e43a11a85d4c70a9cc5308051356') in 0.0094847 seconds
Number of updated asset objects reloaded before import = 0Number of asset objects unloaded after import = 3

========================================================================
Received Import Request.
  Time since last request: 0.000023 seconds.
  path: Assets/Stylized 2D Space Shooter - Free/Sprites/Small - No light/Ship_1_E_Small_NoLight.png
  artifactKey: Guid(c5ac0b837283907469e989112d1d73e0) Importer(815301076,1909f56bfc062723c751e8b465ee728b)
Start importing Assets/Stylized 2D Space Shooter - Free/Sprites/Small - No light/Ship_1_E_Small_NoLight.png using Guid(c5ac0b837283907469e989112d1d73e0) Importer(815301076,1909f56bfc062723c751e8b465ee728b) (PreviewImporter) -> (artifact id: 'b4c29d5ddb3c8da4506c086059685e38') in 0.0091316 seconds
Number of updated asset objects reloaded before import = 0Number of asset objects unloaded after import = 3

========================================================================
Received Import Request.
  Time since last request: 0.000019 seconds.
  path: Assets/Stylized 2D Space Shooter - Free/Sprites/Small - No light/Enemy_1_C_Small_NoLight.png
  artifactKey: Guid(c6a325c8f9bf9954998df07268e7bd76) Importer(815301076,1909f56bfc062723c751e8b465ee728b)
Start importing Assets/Stylized 2D Space Shooter - Free/Sprites/Small - No light/Enemy_1_C_Small_NoLight.png using Guid(c6a325c8f9bf9954998df07268e7bd76) Importer(815301076,1909f56bfc062723c751e8b465ee728b) (PreviewImporter) -> (artifact id: 'b4e2143b457cb9ce8627696d4c4a28aa') in 0.0113491 seconds
Number of updated asset objects reloaded before import = 0Number of asset objects unloaded after import = 3

========================================================================
Received Import Request.
  Time since last request: 0.000029 seconds.
  path: Assets/Stylized 2D Space Shooter - Free/Sprites/Small - No light/Enemy_1_D_Small_NoLight.png
  artifactKey: Guid(96203be4c267fa14f9f10008b3d9220f) Importer(815301076,1909f56bfc062723c751e8b465ee728b)
Start importing Assets/Stylized 2D Space Shooter - Free/Sprites/Small - No light/Enemy_1_D_Small_NoLight.png using Guid(96203be4c267fa14f9f10008b3d9220f) Importer(815301076,1909f56bfc062723c751e8b465ee728b) (PreviewImporter) -> (artifact id: '4b030e34e65f685f5cafda2b775a0fad') in 0.0185852 seconds
Number of updated asset objects reloaded before import = 0Number of asset objects unloaded after import = 3

========================================================================
Received Import Request.
  Time since last request: 0.000023 seconds.
  path: Assets/Stylized 2D Space Shooter - Free/Sprites/Small - No light/Pickup_2_B_Small_NoLight.png
  artifactKey: Guid(0fb33308e14a4ce439edfc1cebcc33c1) Importer(815301076,1909f56bfc062723c751e8b465ee728b)
Start importing Assets/Stylized 2D Space Shooter - Free/Sprites/Small - No light/Pickup_2_B_Small_NoLight.png using Guid(0fb33308e14a4ce439edfc1cebcc33c1) Importer(815301076,1909f56bfc062723c751e8b465ee728b) (PreviewImporter) -> (artifact id: '5e12ffad28719d343e89aa27b3098459') in 0.0082566 seconds
Number of updated asset objects reloaded before import = 0Number of asset objects unloaded after import = 3

========================================================================
Received Import Request.
  Time since last request: 0.000019 seconds.
  path: Assets/Stylized 2D Space Shooter - Free/Sprites/Small - No light/Ship_2_E_Small_NoLight.png
  artifactKey: Guid(a6ec6a7f81daae147aa6c6ba2e8bf37c) Importer(815301076,1909f56bfc062723c751e8b465ee728b)
Start importing Assets/Stylized 2D Space Shooter - Free/Sprites/Small - No light/Ship_2_E_Small_NoLight.png using Guid(a6ec6a7f81daae147aa6c6ba2e8bf37c) Importer(815301076,1909f56bfc062723c751e8b465ee728b) (PreviewImporter) -> (artifact id: '83da44485bd8968b8d066ea153427d92') in 0.0106952 seconds
Number of updated asset objects reloaded before import = 0Number of asset objects unloaded after import = 3

========================================================================
Received Import Request.
  Time since last request: 0.000015 seconds.
  path: Assets/Stylized 2D Space Shooter - Free/Sprites/Small - No light/Pickup_1_E_Small_NoLight.png
  artifactKey: Guid(691fdd96e8f2f0540b6b598d5368bafd) Importer(815301076,1909f56bfc062723c751e8b465ee728b)
Start importing Assets/Stylized 2D Space Shooter - Free/Sprites/Small - No light/Pickup_1_E_Small_NoLight.png using Guid(691fdd96e8f2f0540b6b598d5368bafd) Importer(815301076,1909f56bfc062723c751e8b465ee728b) (PreviewImporter) -> (artifact id: '04a440d7c0e0cf8af1c8cd7c63b5899a') in 0.008434 seconds
Number of updated asset objects reloaded before import = 0Number of asset objects unloaded after import = 3

Editor requested this worker to shutdown with reason: Scaling down because of idle timeout
AssetImportWorker is now disconnected from the server
Process exiting
Exiting without the bug reporter. Application will terminate with return code 0