Using pre-set license
Built from '6000.0/staging' branch; Version is '6000.0.41f1 (46e447368a18) revision 4645959'; Using compiler version '193933523'; Build Type 'Release'
OS: 'Windows 11  (10.0.22631) 64bit Professional' Language: 'ja' Physical Memory: 32440 MB
BatchMode: 1, IsHumanControllingUs: 0, StartBugReporterOnCrash: 0, Is64bit: 1, IsPro: 1

COMMAND LINE ARGUMENTS:
C:\Program Files\Unity\Hub\Editor\6000.0.41f1\Editor\Unity.exe
-adb2
-batchMode
-noUpm
-name
AssetImportWorker11
-projectPath
C:/Users/ktc/Desktop/WedPersonal/Monochrome
-logFile
Logs/AssetImportWorker11.log
-srvPort
52671
-job-worker-count
7
-background-job-worker-count
8
-gc-helper-count
1
Successfully changed project path to: C:/Users/ktc/Desktop/WedPersonal/Monochrome
C:/Users/ktc/Desktop/WedPersonal/Monochrome
[UnityMemory] Configuration Parameters - Can be set up in boot.config
    "memorysetup-bucket-allocator-granularity=16"
    "memorysetup-bucket-allocator-bucket-count=8"
    "memorysetup-bucket-allocator-block-size=33554432"
    "memorysetup-bucket-allocator-block-count=8"
    "memorysetup-main-allocator-block-size=16777216"
    "memorysetup-thread-allocator-block-size=16777216"
    "memorysetup-gfx-main-allocator-block-size=16777216"
    "memorysetup-gfx-thread-allocator-block-size=16777216"
    "memorysetup-cache-allocator-block-size=4194304"
    "memorysetup-typetree-allocator-block-size=2097152"
    "memorysetup-profiler-bucket-allocator-granularity=16"
    "memorysetup-profiler-bucket-allocator-bucket-count=8"
    "memorysetup-profiler-bucket-allocator-block-size=33554432"
    "memorysetup-profiler-bucket-allocator-block-count=8"
    "memorysetup-profiler-allocator-block-size=16777216"
    "memorysetup-profiler-editor-allocator-block-size=1048576"
    "memorysetup-temp-allocator-size-main=16777216"
    "memorysetup-job-temp-allocator-block-size=2097152"
    "memorysetup-job-temp-allocator-block-size-background=1048576"
    "memorysetup-job-temp-allocator-reduction-small-platforms=262144"
    "memorysetup-allocator-temp-initial-block-size-main=262144"
    "memorysetup-allocator-temp-initial-block-size-worker=262144"
    "memorysetup-temp-allocator-size-background-worker=32768"
    "memorysetup-temp-allocator-size-job-worker=262144"
    "memorysetup-temp-allocator-size-preload-manager=33554432"
    "memorysetup-temp-allocator-size-nav-mesh-worker=65536"
    "memorysetup-temp-allocator-size-audio-worker=65536"
    "memorysetup-temp-allocator-size-cloud-worker=32768"
    "memorysetup-temp-allocator-size-gi-baking-worker=262144"
    "memorysetup-temp-allocator-size-gi-baking-worker=262144"
    "memorysetup-temp-allocator-size-gi-baking-worker=262144"
    "memorysetup-temp-allocator-size-gi-baking-worker=262144"
    "memorysetup-temp-allocator-size-gi-baking-worker=262144"
    "memorysetup-temp-allocator-size-gfx=262144"
Player connection [12452]  Target information:

Player connection [12452]  * "[IP] 172.22.90.104 [Port] 0 [Flags] 2 [Guid] 1857828511 [EditorId] 1857828511 [Version] 1048832 [Id] WindowsEditor(7,604-19) [Debug] 1 [PackageName] WindowsEditor [ProjectName] Editor" 

Player connection [12452]  * "[IP] 172.19.176.1 [Port] 0 [Flags] 2 [Guid] 1857828511 [EditorId] 1857828511 [Version] 1048832 [Id] WindowsEditor(7,604-19) [Debug] 1 [PackageName] WindowsEditor [ProjectName] Editor" 

Player connection [12452]  * "[IP] 192.168.217.1 [Port] 0 [Flags] 2 [Guid] 1857828511 [EditorId] 1857828511 [Version] 1048832 [Id] WindowsEditor(7,604-19) [Debug] 1 [PackageName] WindowsEditor [ProjectName] Editor" 

Player connection [12452]  * "[IP] 192.168.172.1 [Port] 0 [Flags] 2 [Guid] 1857828511 [EditorId] 1857828511 [Version] 1048832 [Id] WindowsEditor(7,604-19) [Debug] 1 [PackageName] WindowsEditor [ProjectName] Editor" 

Player connection [12452]  * "[IP] 192.168.56.1 [Port] 0 [Flags] 2 [Guid] 1857828511 [EditorId] 1857828511 [Version] 1048832 [Id] WindowsEditor(7,604-19) [Debug] 1 [PackageName] WindowsEditor [ProjectName] Editor" 

Player connection [12452] Host joined multi-casting on [225.0.0.222:54997]...
Player connection [12452] Host joined alternative multi-casting on [225.0.0.222:34997]...
JobSystem: Creating JobQueue using job-worker-count value 7
Input System module state changed to: Initialized.
[Physics::Module] Initialized fallback backend.
[Physics::Module] Id: 0xdecafbad
Library Redirect Path: Library/
[Physics::Module] Selected backend.
[Physics::Module] Name: PhysX
[Physics::Module] Id: 0xf2b8ea05
[Physics::Module] SDK Version: 4.1.2
[Physics::Module] Integration Version: 1.0.0
[Physics::Module] Threading Mode: Multi-Threaded
Refreshing native plugins compatible for Editor in 2.43 ms, found 4 plugins.
Preloading 0 native plugins for Editor in 0.00 ms.
Initialize engine version: 6000.0.41f1 (46e447368a18)
[Subsystems] Discovering subsystems at path C:/Program Files/Unity/Hub/Editor/6000.0.41f1/Editor/Data/Resources/UnitySubsystems
[Subsystems] Discovering subsystems at path C:/Users/ktc/Desktop/WedPersonal/Monochrome/Assets
GfxDevice: creating device client; kGfxThreadingModeNonThreaded
Direct3D:
    Version:  Direct3D 11.0 [level 11.1]
    Renderer: NVIDIA GeForce RTX 3070 (ID=0x2484)
    Vendor:   NVIDIA
    VRAM:     8018 MB
    Driver:   32.0.15.6624
Initialize mono
Mono path[0] = 'C:/Program Files/Unity/Hub/Editor/6000.0.41f1/Editor/Data/Managed'
Mono path[1] = 'C:/Program Files/Unity/Hub/Editor/6000.0.41f1/Editor/Data/MonoBleedingEdge/lib/mono/unityjit-win32'
Mono config path = 'C:/Program Files/Unity/Hub/Editor/6000.0.41f1/Editor/Data/MonoBleedingEdge/etc'
Using monoOptions --debugger-agent=transport=dt_socket,embedding=1,server=y,suspend=n,address=127.0.0.1:56220
Begin MonoManager ReloadAssembly
Registering precompiled unity dll's ...
Register platform support module: C:/Program Files/Unity/Hub/Editor/6000.0.41f1/Editor/Data/PlaybackEngines/WebGLSupport/UnityEditor.WebGL.Extensions.dll
Register platform support module: C:/Program Files/Unity/Hub/Editor/6000.0.41f1/Editor/Data/PlaybackEngines/WindowsStandaloneSupport/UnityEditor.WindowsStandalone.Extensions.dll
Register platform support module: C:/Program Files/Unity/Hub/Editor/6000.0.41f1/Editor/Data/PlaybackEngines/AndroidPlayer/UnityEditor.Android.Extensions.dll
Register platform support module: C:/Program Files/Unity/Hub/Editor/6000.0.41f1/Editor/Data/PlaybackEngines/iOSSupport/UnityEditor.iOS.Extensions.dll
Registered in 0.006711 seconds.
- Loaded All Assemblies, in  0.403 seconds
[usbmuxd] Start listen thread
[usbmuxd] Listen thread started
Native extension for iOS target not found
Native extension for Android target not found
Android Extension - Scanning For ADB Devices 267 ms
Native extension for WindowsStandalone target not found
Native extension for WebGL target not found
Mono: successfully reloaded assembly
- Finished resetting the current domain, in  0.614 seconds
Domain Reload Profiling: 1014ms
	BeginReloadAssembly (126ms)
		ExecutionOrderSort (0ms)
		DisableScriptedObjects (0ms)
		BackupInstance (0ms)
		ReleaseScriptingObjects (0ms)
		CreateAndSetChildDomain (1ms)
	RebuildCommonClasses (35ms)
	RebuildNativeTypeToScriptingClass (16ms)
	initialDomainReloadingComplete (66ms)
	LoadAllAssembliesAndSetupDomain (157ms)
		LoadAssemblies (125ms)
		RebuildTransferFunctionScriptingTraits (0ms)
		AnalyzeDomain (153ms)
			TypeCache.Refresh (151ms)
				TypeCache.ScanAssembly (137ms)
			BuildScriptInfoCaches (0ms)
			ResolveRequiredComponents (1ms)
	FinalizeReload (614ms)
		ReleaseScriptCaches (0ms)
		RebuildScriptCaches (0ms)
		SetupLoadedEditorAssemblies (565ms)
			LogAssemblyErrors (0ms)
			InitializePlatformSupportModulesInManaged (362ms)
			SetLoadedEditorAssemblies (3ms)
			BeforeProcessingInitializeOnLoad (47ms)
			ProcessInitializeOnLoadAttributes (96ms)
			ProcessInitializeOnLoadMethodAttributes (57ms)
			AfterProcessingInitializeOnLoad (0ms)
			EditorAssembliesLoaded (0ms)
		ExecutionOrderSort2 (0ms)
		AwakeInstancesAfterBackupRestoration (0ms)
========================================================================
Worker process is ready to serve import requests
Import Worker Mode flag is 0x00
Begin MonoManager ReloadAssembly
- Loaded All Assemblies, in  0.876 seconds
Refreshing native plugins compatible for Editor in 1.25 ms, found 4 plugins.
Native extension for iOS target not found
Native extension for Android target not found
Native extension for WindowsStandalone target not found
Native extension for WebGL target not found
Mono: successfully reloaded assembly
- Finished resetting the current domain, in  0.737 seconds
Domain Reload Profiling: 1610ms
	BeginReloadAssembly (163ms)
		ExecutionOrderSort (0ms)
		DisableScriptedObjects (5ms)
		BackupInstance (0ms)
		ReleaseScriptingObjects (0ms)
		CreateAndSetChildDomain (29ms)
	RebuildCommonClasses (38ms)
	RebuildNativeTypeToScriptingClass (12ms)
	initialDomainReloadingComplete (42ms)
	LoadAllAssembliesAndSetupDomain (618ms)
		LoadAssemblies (399ms)
		RebuildTransferFunctionScriptingTraits (0ms)
		AnalyzeDomain (318ms)
			TypeCache.Refresh (254ms)
				TypeCache.ScanAssembly (236ms)
			BuildScriptInfoCaches (51ms)
			ResolveRequiredComponents (9ms)
	FinalizeReload (738ms)
		ReleaseScriptCaches (0ms)
		RebuildScriptCaches (0ms)
		SetupLoadedEditorAssemblies (592ms)
			LogAssemblyErrors (0ms)
			InitializePlatformSupportModulesInManaged (14ms)
			SetLoadedEditorAssemblies (3ms)
			BeforeProcessingInitializeOnLoad (107ms)
			ProcessInitializeOnLoadAttributes (342ms)
			ProcessInitializeOnLoadMethodAttributes (122ms)
			AfterProcessingInitializeOnLoad (5ms)
			EditorAssembliesLoaded (0ms)
		ExecutionOrderSort2 (0ms)
		AwakeInstancesAfterBackupRestoration (6ms)
Launched and connected shader compiler UnityShaderCompiler.exe after 0.01 seconds
Refreshing native plugins compatible for Editor in 1.28 ms, found 4 plugins.
Preloading 0 native plugins for Editor in 0.00 ms.
Unloading 206 Unused Serialized files (Serialized files now loaded: 0)
Unloading 6691 unused Assets / (7.1 MB). Loaded Objects now: 7339.
Memory consumption went from 173.4 MB to 166.3 MB.
Total: 8.448200 ms (FindLiveObjects: 0.664900 ms CreateObjectMapping: 0.632200 ms MarkObjects: 4.116100 ms  DeleteObjects: 3.034200 ms)

========================================================================
Received Import Request.
  Time since last request: 7704.618761 seconds.
  path: Assets/HiRezSpaceshipsCreatorFree/Prefabs/Examples/Example1_Grey.prefab
  artifactKey: Guid(50d56e9319acd7440a97582160b01520) Importer(815301076,1909f56bfc062723c751e8b465ee728b)
Start importing Assets/HiRezSpaceshipsCreatorFree/Prefabs/Examples/Example1_Grey.prefab using Guid(50d56e9319acd7440a97582160b01520) Importer(815301076,1909f56bfc062723c751e8b465ee728b) (PreviewImporter) -> (artifact id: 'bccebcc1f934f58f3e344ab10b79dc8d') in 1.1657729 seconds
Number of updated asset objects reloaded before import = 0Number of asset objects unloaded after import = 890

========================================================================
Received Import Request.
  Time since last request: 0.000049 seconds.
  path: Assets/HiRezSpaceshipsCreatorFree/Prefabs/Examples/Example4_Grey.prefab
  artifactKey: Guid(e8b14dde53114d242b5dcad7698a44a7) Importer(815301076,1909f56bfc062723c751e8b465ee728b)
Start importing Assets/HiRezSpaceshipsCreatorFree/Prefabs/Examples/Example4_Grey.prefab using Guid(e8b14dde53114d242b5dcad7698a44a7) Importer(815301076,1909f56bfc062723c751e8b465ee728b) (PreviewImporter) -> (artifact id: 'c4927dad9a4a1cde7e2629927ff43b74') in 0.2306021 seconds
Number of updated asset objects reloaded before import = 0Number of asset objects unloaded after import = 895

========================================================================
Received Import Request.
  Time since last request: 0.000061 seconds.
  path: Assets/HiRezSpaceshipsCreatorFree/Prefabs/Examples/Example5_Grey.prefab
  artifactKey: Guid(dbaff94d077d3c847b0a5840c0da435b) Importer(815301076,1909f56bfc062723c751e8b465ee728b)
Start importing Assets/HiRezSpaceshipsCreatorFree/Prefabs/Examples/Example5_Grey.prefab using Guid(dbaff94d077d3c847b0a5840c0da435b) Importer(815301076,1909f56bfc062723c751e8b465ee728b) (PreviewImporter) -> (artifact id: '302d06c3c718e1bd260e73bfb92a7cc2') in 0.1671268 seconds
Number of updated asset objects reloaded before import = 0Number of asset objects unloaded after import = 922

========================================================================
Received Import Request.
  Time since last request: 10.139615 seconds.
  path: Assets/HiRezSpaceshipsCreatorFree/Prefabs/ExamplesNoInterior/Example1NoInterior_Grey.prefab
  artifactKey: Guid(f18b0c4cd901e7b44a1ad0fc0c36e4e2) Importer(815301076,1909f56bfc062723c751e8b465ee728b)
Start importing Assets/HiRezSpaceshipsCreatorFree/Prefabs/ExamplesNoInterior/Example1NoInterior_Grey.prefab using Guid(f18b0c4cd901e7b44a1ad0fc0c36e4e2) Importer(815301076,1909f56bfc062723c751e8b465ee728b) (PreviewImporter) -> (artifact id: '9e3caa80c844e4c71556970b1cdee15c') in 0.1426137 seconds
Number of updated asset objects reloaded before import = 0Number of asset objects unloaded after import = 374

========================================================================
Received Import Request.
  Time since last request: 0.000057 seconds.
  path: Assets/HiRezSpaceshipsCreatorFree/Prefabs/ExamplesNoInterior/Example5_NoInteriorGrey.prefab
  artifactKey: Guid(6a085dcfc21e36f43b07862e9a4c35fd) Importer(815301076,1909f56bfc062723c751e8b465ee728b)
Start importing Assets/HiRezSpaceshipsCreatorFree/Prefabs/ExamplesNoInterior/Example5_NoInteriorGrey.prefab using Guid(6a085dcfc21e36f43b07862e9a4c35fd) Importer(815301076,1909f56bfc062723c751e8b465ee728b) (PreviewImporter) -> (artifact id: '621916380fcfa57b52e15dc7e497a251') in 0.1397931 seconds
Number of updated asset objects reloaded before import = 0Number of asset objects unloaded after import = 407

========================================================================
Received Import Request.
  Time since last request: 0.000043 seconds.
  path: Assets/HiRezSpaceshipsCreatorFree/Prefabs/ExamplesNoInterior/Example4NoInterior_Grey.prefab
  artifactKey: Guid(8d4e19a2324d72249a81ab7bcfad91a5) Importer(815301076,1909f56bfc062723c751e8b465ee728b)
Start importing Assets/HiRezSpaceshipsCreatorFree/Prefabs/ExamplesNoInterior/Example4NoInterior_Grey.prefab using Guid(8d4e19a2324d72249a81ab7bcfad91a5) Importer(815301076,1909f56bfc062723c751e8b465ee728b) (PreviewImporter) -> (artifact id: '28d6190c234a4fcfbbdc5e8bf4a76d84') in 0.1244248 seconds
Number of updated asset objects reloaded before import = 0Number of asset objects unloaded after import = 380

========================================================================
Received Import Request.
  Time since last request: 0.801967 seconds.
  path: Assets/HiRezSpaceshipsCreatorFree/Prefabs/Modules/Big_Launcher.prefab
  artifactKey: Guid(f90b6d79d3a03de42a5c6e13911b860e) Importer(815301076,1909f56bfc062723c751e8b465ee728b)
Start importing Assets/HiRezSpaceshipsCreatorFree/Prefabs/Modules/Big_Launcher.prefab using Guid(f90b6d79d3a03de42a5c6e13911b860e) Importer(815301076,1909f56bfc062723c751e8b465ee728b) (PreviewImporter) -> (artifact id: '5f74513a37761200563913ba515f939a') in 0.0224929 seconds
Number of updated asset objects reloaded before import = 0Number of asset objects unloaded after import = 16

========================================================================
Received Import Request.
  Time since last request: 0.000032 seconds.
  path: Assets/HiRezSpaceshipsCreatorFree/Prefabs/Modules/Wing6.prefab
  artifactKey: Guid(6b60ceeabc86a6e43a7a918dbbcab26b) Importer(815301076,1909f56bfc062723c751e8b465ee728b)
Start importing Assets/HiRezSpaceshipsCreatorFree/Prefabs/Modules/Wing6.prefab using Guid(6b60ceeabc86a6e43a7a918dbbcab26b) Importer(815301076,1909f56bfc062723c751e8b465ee728b) (PreviewImporter) -> (artifact id: '278211cd2fe64e59064e92a627698063') in 0.0231524 seconds
Number of updated asset objects reloaded before import = 0Number of asset objects unloaded after import = 16

========================================================================
Received Import Request.
  Time since last request: 0.000031 seconds.
  path: Assets/HiRezSpaceshipsCreatorFree/Prefabs/Modules/MainBody13.prefab
  artifactKey: Guid(16db349a6a34d1842aa7dae341465efe) Importer(815301076,1909f56bfc062723c751e8b465ee728b)
Start importing Assets/HiRezSpaceshipsCreatorFree/Prefabs/Modules/MainBody13.prefab using Guid(16db349a6a34d1842aa7dae341465efe) Importer(815301076,1909f56bfc062723c751e8b465ee728b) (PreviewImporter) -> (artifact id: '60f67e6081d65c1f83512678e3d549d7') in 0.0200549 seconds
Number of updated asset objects reloaded before import = 0Number of asset objects unloaded after import = 19

========================================================================
Received Import Request.
  Time since last request: 0.000061 seconds.
  path: Assets/HiRezSpaceshipsCreatorFree/Prefabs/Modules/Wing6_Mirrored.prefab
  artifactKey: Guid(7295c3dc82e51b94d851c7608de0fe8c) Importer(815301076,1909f56bfc062723c751e8b465ee728b)
Start importing Assets/HiRezSpaceshipsCreatorFree/Prefabs/Modules/Wing6_Mirrored.prefab using Guid(7295c3dc82e51b94d851c7608de0fe8c) Importer(815301076,1909f56bfc062723c751e8b465ee728b) (PreviewImporter) -> (artifact id: '7f217fb7933e4981bc75dcf9ace62d47') in 0.0227501 seconds
Number of updated asset objects reloaded before import = 0Number of asset objects unloaded after import = 16

========================================================================
Received Import Request.
  Time since last request: 0.000032 seconds.
  path: Assets/HiRezSpaceshipsCreatorFree/Prefabs/Modules/Wing2_Mirrored.prefab
  artifactKey: Guid(7fe074f22a922d346abeef0a74266e0d) Importer(815301076,1909f56bfc062723c751e8b465ee728b)
Start importing Assets/HiRezSpaceshipsCreatorFree/Prefabs/Modules/Wing2_Mirrored.prefab using Guid(7fe074f22a922d346abeef0a74266e0d) Importer(815301076,1909f56bfc062723c751e8b465ee728b) (PreviewImporter) -> (artifact id: 'd02ef7ad807e847454150f86e0855acb') in 0.0160696 seconds
Number of updated asset objects reloaded before import = 0Number of asset objects unloaded after import = 16

========================================================================
Received Import Request.
  Time since last request: 1.385140 seconds.
  path: Assets/HiRezSpaceshipsCreatorFree/Materials/SpaceBG.mat
  artifactKey: Guid(0c4101bd6783744468ff67c4fef53014) Importer(815301076,1909f56bfc062723c751e8b465ee728b)
Start importing Assets/HiRezSpaceshipsCreatorFree/Materials/SpaceBG.mat using Guid(0c4101bd6783744468ff67c4fef53014) Importer(815301076,1909f56bfc062723c751e8b465ee728b) (PreviewImporter) -> (artifact id: '854f6c7fb0f972326faa182b8a8100a9') in 0.052106 seconds
Number of updated asset objects reloaded before import = 0Number of asset objects unloaded after import = 2

========================================================================
Received Import Request.
  Time since last request: 2.496654 seconds.
  path: Assets/HiRezSpaceshipsCreatorFree/Materials/Cockpits/CockpitEquipments/CockpitEquipments_Screens.mat
  artifactKey: Guid(a27339738c63b7848a26fca5e1f654e5) Importer(815301076,1909f56bfc062723c751e8b465ee728b)
Start importing Assets/HiRezSpaceshipsCreatorFree/Materials/Cockpits/CockpitEquipments/CockpitEquipments_Screens.mat using Guid(a27339738c63b7848a26fca5e1f654e5) Importer(815301076,1909f56bfc062723c751e8b465ee728b) (PreviewImporter) -> (artifact id: '1ecfecd23d16c77e8a85e313211fb909') in 0.0137061 seconds
Number of updated asset objects reloaded before import = 0Number of asset objects unloaded after import = 2

Editor requested this worker to shutdown with reason: Scaling down because of idle timeout
AssetImportWorker is now disconnected from the server
Process exiting
Exiting without the bug reporter. Application will terminate with return code 0