Using pre-set license
Built from '6000.0/staging' branch; Version is '6000.0.41f1 (46e447368a18) revision 4645959'; Using compiler version '193933523'; Build Type 'Release'
OS: 'Windows 11  (10.0.22631) 64bit Professional' Language: 'ja' Physical Memory: 32440 MB
BatchMode: 1, IsHumanControllingUs: 0, StartBugReporterOnCrash: 0, Is64bit: 1, IsPro: 1

COMMAND LINE ARGUMENTS:
C:\Program Files\Unity\Hub\Editor\6000.0.41f1\Editor\Unity.exe
-adb2
-batchMode
-noUpm
-name
AssetImportWorker6
-projectPath
C:/Users/ktc/Desktop/WedPersonal/Monochrome
-logFile
Logs/AssetImportWorker6.log
-srvPort
52671
-job-worker-count
7
-background-job-worker-count
8
-gc-helper-count
1
Successfully changed project path to: C:/Users/ktc/Desktop/WedPersonal/Monochrome
C:/Users/ktc/Desktop/WedPersonal/Monochrome
[UnityMemory] Configuration Parameters - Can be set up in boot.config
    "memorysetup-bucket-allocator-granularity=16"
    "memorysetup-bucket-allocator-bucket-count=8"
    "memorysetup-bucket-allocator-block-size=33554432"
    "memorysetup-bucket-allocator-block-count=8"
    "memorysetup-main-allocator-block-size=16777216"
    "memorysetup-thread-allocator-block-size=16777216"
    "memorysetup-gfx-main-allocator-block-size=16777216"
    "memorysetup-gfx-thread-allocator-block-size=16777216"
    "memorysetup-cache-allocator-block-size=4194304"
    "memorysetup-typetree-allocator-block-size=2097152"
    "memorysetup-profiler-bucket-allocator-granularity=16"
    "memorysetup-profiler-bucket-allocator-bucket-count=8"
    "memorysetup-profiler-bucket-allocator-block-size=33554432"
    "memorysetup-profiler-bucket-allocator-block-count=8"
    "memorysetup-profiler-allocator-block-size=16777216"
    "memorysetup-profiler-editor-allocator-block-size=1048576"
    "memorysetup-temp-allocator-size-main=16777216"
    "memorysetup-job-temp-allocator-block-size=2097152"
    "memorysetup-job-temp-allocator-block-size-background=1048576"
    "memorysetup-job-temp-allocator-reduction-small-platforms=262144"
    "memorysetup-allocator-temp-initial-block-size-main=262144"
    "memorysetup-allocator-temp-initial-block-size-worker=262144"
    "memorysetup-temp-allocator-size-background-worker=32768"
    "memorysetup-temp-allocator-size-job-worker=262144"
    "memorysetup-temp-allocator-size-preload-manager=33554432"
    "memorysetup-temp-allocator-size-nav-mesh-worker=65536"
    "memorysetup-temp-allocator-size-audio-worker=65536"
    "memorysetup-temp-allocator-size-cloud-worker=32768"
    "memorysetup-temp-allocator-size-gi-baking-worker=262144"
    "memorysetup-temp-allocator-size-gi-baking-worker=262144"
    "memorysetup-temp-allocator-size-gi-baking-worker=262144"
    "memorysetup-temp-allocator-size-gi-baking-worker=262144"
    "memorysetup-temp-allocator-size-gi-baking-worker=262144"
    "memorysetup-temp-allocator-size-gfx=262144"
Player connection [17600]  Target information:

Player connection [17600]  * "[IP] 172.22.90.104 [Port] 0 [Flags] 2 [Guid] 527122199 [EditorId] 527122199 [Version] 1048832 [Id] WindowsEditor(7,604-19) [Debug] 1 [PackageName] WindowsEditor [ProjectName] Editor" 

Player connection [17600]  * "[IP] 172.19.176.1 [Port] 0 [Flags] 2 [Guid] 527122199 [EditorId] 527122199 [Version] 1048832 [Id] WindowsEditor(7,604-19) [Debug] 1 [PackageName] WindowsEditor [ProjectName] Editor" 

Player connection [17600]  * "[IP] 192.168.217.1 [Port] 0 [Flags] 2 [Guid] 527122199 [EditorId] 527122199 [Version] 1048832 [Id] WindowsEditor(7,604-19) [Debug] 1 [PackageName] WindowsEditor [ProjectName] Editor" 

Player connection [17600]  * "[IP] 192.168.172.1 [Port] 0 [Flags] 2 [Guid] 527122199 [EditorId] 527122199 [Version] 1048832 [Id] WindowsEditor(7,604-19) [Debug] 1 [PackageName] WindowsEditor [ProjectName] Editor" 

Player connection [17600]  * "[IP] 192.168.56.1 [Port] 0 [Flags] 2 [Guid] 527122199 [EditorId] 527122199 [Version] 1048832 [Id] WindowsEditor(7,604-19) [Debug] 1 [PackageName] WindowsEditor [ProjectName] Editor" 

Player connection [17600] Host joined multi-casting on [225.0.0.222:54997]...
Player connection [17600] Host joined alternative multi-casting on [225.0.0.222:34997]...
JobSystem: Creating JobQueue using job-worker-count value 7
Input System module state changed to: Initialized.
[Physics::Module] Initialized fallback backend.
[Physics::Module] Id: 0xdecafbad
Library Redirect Path: Library/
[Physics::Module] Selected backend.
[Physics::Module] Name: PhysX
[Physics::Module] Id: 0xf2b8ea05
[Physics::Module] SDK Version: 4.1.2
[Physics::Module] Integration Version: 1.0.0
[Physics::Module] Threading Mode: Multi-Threaded
Refreshing native plugins compatible for Editor in 2.16 ms, found 4 plugins.
Preloading 0 native plugins for Editor in 0.00 ms.
Initialize engine version: 6000.0.41f1 (46e447368a18)
[Subsystems] Discovering subsystems at path C:/Program Files/Unity/Hub/Editor/6000.0.41f1/Editor/Data/Resources/UnitySubsystems
[Subsystems] Discovering subsystems at path C:/Users/ktc/Desktop/WedPersonal/Monochrome/Assets
GfxDevice: creating device client; kGfxThreadingModeNonThreaded
Direct3D:
    Version:  Direct3D 11.0 [level 11.1]
    Renderer: NVIDIA GeForce RTX 3070 (ID=0x2484)
    Vendor:   NVIDIA
    VRAM:     8018 MB
    Driver:   32.0.15.6624
Initialize mono
Mono path[0] = 'C:/Program Files/Unity/Hub/Editor/6000.0.41f1/Editor/Data/Managed'
Mono path[1] = 'C:/Program Files/Unity/Hub/Editor/6000.0.41f1/Editor/Data/MonoBleedingEdge/lib/mono/unityjit-win32'
Mono config path = 'C:/Program Files/Unity/Hub/Editor/6000.0.41f1/Editor/Data/MonoBleedingEdge/etc'
Using monoOptions --debugger-agent=transport=dt_socket,embedding=1,server=y,suspend=n,address=127.0.0.1:56684
Begin MonoManager ReloadAssembly
Registering precompiled unity dll's ...
Register platform support module: C:/Program Files/Unity/Hub/Editor/6000.0.41f1/Editor/Data/PlaybackEngines/WebGLSupport/UnityEditor.WebGL.Extensions.dll
Register platform support module: C:/Program Files/Unity/Hub/Editor/6000.0.41f1/Editor/Data/PlaybackEngines/WindowsStandaloneSupport/UnityEditor.WindowsStandalone.Extensions.dll
Register platform support module: C:/Program Files/Unity/Hub/Editor/6000.0.41f1/Editor/Data/PlaybackEngines/AndroidPlayer/UnityEditor.Android.Extensions.dll
Register platform support module: C:/Program Files/Unity/Hub/Editor/6000.0.41f1/Editor/Data/PlaybackEngines/iOSSupport/UnityEditor.iOS.Extensions.dll
Registered in 0.009293 seconds.
- Loaded All Assemblies, in  0.474 seconds
[usbmuxd] Start listen thread
[usbmuxd] Listen thread started
Native extension for iOS target not found
Native extension for Android target not found
Android Extension - Scanning For ADB Devices 279 ms
Native extension for WindowsStandalone target not found
Native extension for WebGL target not found
Mono: successfully reloaded assembly
- Finished resetting the current domain, in  0.653 seconds
Domain Reload Profiling: 1124ms
	BeginReloadAssembly (179ms)
		ExecutionOrderSort (0ms)
		DisableScriptedObjects (0ms)
		BackupInstance (0ms)
		ReleaseScriptingObjects (0ms)
		CreateAndSetChildDomain (1ms)
	RebuildCommonClasses (44ms)
	RebuildNativeTypeToScriptingClass (12ms)
	initialDomainReloadingComplete (58ms)
	LoadAllAssembliesAndSetupDomain (178ms)
		LoadAssemblies (181ms)
		RebuildTransferFunctionScriptingTraits (0ms)
		AnalyzeDomain (168ms)
			TypeCache.Refresh (167ms)
				TypeCache.ScanAssembly (154ms)
			BuildScriptInfoCaches (0ms)
			ResolveRequiredComponents (0ms)
	FinalizeReload (654ms)
		ReleaseScriptCaches (0ms)
		RebuildScriptCaches (0ms)
		SetupLoadedEditorAssemblies (599ms)
			LogAssemblyErrors (0ms)
			InitializePlatformSupportModulesInManaged (375ms)
			SetLoadedEditorAssemblies (4ms)
			BeforeProcessingInitializeOnLoad (53ms)
			ProcessInitializeOnLoadAttributes (110ms)
			ProcessInitializeOnLoadMethodAttributes (58ms)
			AfterProcessingInitializeOnLoad (0ms)
			EditorAssembliesLoaded (0ms)
		ExecutionOrderSort2 (0ms)
		AwakeInstancesAfterBackupRestoration (0ms)
========================================================================
Worker process is ready to serve import requests
Import Worker Mode flag is 0x00
Begin MonoManager ReloadAssembly
- Loaded All Assemblies, in  0.806 seconds
Refreshing native plugins compatible for Editor in 1.45 ms, found 4 plugins.
Native extension for iOS target not found
Native extension for Android target not found
Native extension for WindowsStandalone target not found
Native extension for WebGL target not found
Mono: successfully reloaded assembly
- Finished resetting the current domain, in  0.802 seconds
Domain Reload Profiling: 1604ms
	BeginReloadAssembly (156ms)
		ExecutionOrderSort (0ms)
		DisableScriptedObjects (5ms)
		BackupInstance (0ms)
		ReleaseScriptingObjects (0ms)
		CreateAndSetChildDomain (31ms)
	RebuildCommonClasses (32ms)
	RebuildNativeTypeToScriptingClass (10ms)
	initialDomainReloadingComplete (40ms)
	LoadAllAssembliesAndSetupDomain (563ms)
		LoadAssemblies (354ms)
		RebuildTransferFunctionScriptingTraits (0ms)
		AnalyzeDomain (299ms)
			TypeCache.Refresh (221ms)
				TypeCache.ScanAssembly (202ms)
			BuildScriptInfoCaches (65ms)
			ResolveRequiredComponents (9ms)
	FinalizeReload (803ms)
		ReleaseScriptCaches (0ms)
		RebuildScriptCaches (0ms)
		SetupLoadedEditorAssemblies (629ms)
			LogAssemblyErrors (0ms)
			InitializePlatformSupportModulesInManaged (15ms)
			SetLoadedEditorAssemblies (3ms)
			BeforeProcessingInitializeOnLoad (126ms)
			ProcessInitializeOnLoadAttributes (359ms)
			ProcessInitializeOnLoadMethodAttributes (121ms)
			AfterProcessingInitializeOnLoad (5ms)
			EditorAssembliesLoaded (0ms)
		ExecutionOrderSort2 (0ms)
		AwakeInstancesAfterBackupRestoration (6ms)
Launched and connected shader compiler UnityShaderCompiler.exe after 0.01 seconds
Refreshing native plugins compatible for Editor in 1.69 ms, found 4 plugins.
Preloading 0 native plugins for Editor in 0.00 ms.
Unloading 206 Unused Serialized files (Serialized files now loaded: 0)
Unloading 6701 unused Assets / (7.1 MB). Loaded Objects now: 7348.
Memory consumption went from 177.8 MB to 170.7 MB.
Total: 12.550700 ms (FindLiveObjects: 0.741600 ms CreateObjectMapping: 0.714500 ms MarkObjects: 6.729000 ms  DeleteObjects: 4.364600 ms)

========================================================================
Received Import Request.
  Time since last request: 3164.027228 seconds.
  path: Assets/OneToonBuilding/Prefabs/Roads/RoadICom.prefab
  artifactKey: Guid(8542fed6e01132d4e92d098ac545bd7f) Importer(815301076,1909f56bfc062723c751e8b465ee728b)
Start importing Assets/OneToonBuilding/Prefabs/Roads/RoadICom.prefab using Guid(8542fed6e01132d4e92d098ac545bd7f) Importer(815301076,1909f56bfc062723c751e8b465ee728b) (PreviewImporter) -> (artifact id: '82a7880a5e927a8bd8924648d233cede') in 0.6315605 seconds
Number of updated asset objects reloaded before import = 0Number of asset objects unloaded after import = 265

========================================================================
Received Import Request.
  Time since last request: 9.328487 seconds.
  path: Assets/OneToonBuilding/Models/Buildings/ComI/ComIB01/ComIB01F00back.fbx
  artifactKey: Guid(1be4f7f46c6187e48941650e0b46c7a2) Importer(815301076,1909f56bfc062723c751e8b465ee728b)
Start importing Assets/OneToonBuilding/Models/Buildings/ComI/ComIB01/ComIB01F00back.fbx using Guid(1be4f7f46c6187e48941650e0b46c7a2) Importer(815301076,1909f56bfc062723c751e8b465ee728b) (PreviewImporter) -> (artifact id: 'a5767326c14df78181b9b78e437748d1') in 0.2491481 seconds
Number of updated asset objects reloaded before import = 0Number of asset objects unloaded after import = 20

========================================================================
Received Import Request.
  Time since last request: 0.000033 seconds.
  path: Assets/OneToonBuilding/Models/Buildings/ComI/ComIB01/ComIB01F01back.fbx
  artifactKey: Guid(df572fb6c4babe54c8717073d34e0955) Importer(815301076,1909f56bfc062723c751e8b465ee728b)
Start importing Assets/OneToonBuilding/Models/Buildings/ComI/ComIB01/ComIB01F01back.fbx using Guid(df572fb6c4babe54c8717073d34e0955) Importer(815301076,1909f56bfc062723c751e8b465ee728b) (PreviewImporter) -> (artifact id: 'd2a6cedf672a864eeb812eaee5ff585b') in 0.0253085 seconds
Number of updated asset objects reloaded before import = 0Number of asset objects unloaded after import = 15

========================================================================
Received Import Request.
  Time since last request: 0.000039 seconds.
  path: Assets/OneToonBuilding/Models/Buildings/ComI/ComIB01/ComIB01F02back.fbx
  artifactKey: Guid(34e6c5d9c11dd504f8b14ec3ba1c23de) Importer(815301076,1909f56bfc062723c751e8b465ee728b)
Start importing Assets/OneToonBuilding/Models/Buildings/ComI/ComIB01/ComIB01F02back.fbx using Guid(34e6c5d9c11dd504f8b14ec3ba1c23de) Importer(815301076,1909f56bfc062723c751e8b465ee728b) (PreviewImporter) -> (artifact id: 'e75cd2df0167bf00c584a5285a87ad7c') in 0.0308646 seconds
Number of updated asset objects reloaded before import = 0Number of asset objects unloaded after import = 18

========================================================================
Received Import Request.
  Time since last request: 0.000027 seconds.
  path: Assets/OneToonBuilding/Models/Buildings/ComI/ComIB01/ComIB01F03.fbx
  artifactKey: Guid(58404267466402d49b559a662732e226) Importer(815301076,1909f56bfc062723c751e8b465ee728b)
Start importing Assets/OneToonBuilding/Models/Buildings/ComI/ComIB01/ComIB01F03.fbx using Guid(58404267466402d49b559a662732e226) Importer(815301076,1909f56bfc062723c751e8b465ee728b) (PreviewImporter) -> (artifact id: 'fbac9f62d3cad1be3c6131682c8caf6d') in 0.0456683 seconds
Number of updated asset objects reloaded before import = 0Number of asset objects unloaded after import = 29

========================================================================
Received Import Request.
  Time since last request: 8.885106 seconds.
  path: Assets/OneToonBuilding/Models/Materials/Lights/GlassDark2.mat
  artifactKey: Guid(81669acc3c5dd3d438ea6da2019dd7f0) Importer(815301076,1909f56bfc062723c751e8b465ee728b)
Start importing Assets/OneToonBuilding/Models/Materials/Lights/GlassDark2.mat using Guid(81669acc3c5dd3d438ea6da2019dd7f0) Importer(815301076,1909f56bfc062723c751e8b465ee728b) (PreviewImporter) -> (artifact id: '66d772f62a02b3037314fdd6f5270442') in 0.0275952 seconds
Number of updated asset objects reloaded before import = 0Number of asset objects unloaded after import = 2

========================================================================
Received Import Request.
  Time since last request: 0.896806 seconds.
  path: Assets/OneToonBuilding/Models/Materials/Skies/CubeMapDawn.cubemap
  artifactKey: Guid(caf1be26b7f9e274cb00b027de375bab) Importer(815301076,1909f56bfc062723c751e8b465ee728b)
Start importing Assets/OneToonBuilding/Models/Materials/Skies/CubeMapDawn.cubemap using Guid(caf1be26b7f9e274cb00b027de375bab) Importer(815301076,1909f56bfc062723c751e8b465ee728b) (PreviewImporter) -> (artifact id: 'bbe3e549c1b270be50616c95cefcc3c6') in 0.2387684 seconds
Number of updated asset objects reloaded before import = 0Number of asset objects unloaded after import = 1

========================================================================
Received Import Request.
  Time since last request: 0.000030 seconds.
  path: Assets/OneToonBuilding/Models/Materials/Skies/CubeMapNight.cubemap
  artifactKey: Guid(26ab0c8dda8f5fc47a601505da51148f) Importer(815301076,1909f56bfc062723c751e8b465ee728b)
Start importing Assets/OneToonBuilding/Models/Materials/Skies/CubeMapNight.cubemap using Guid(26ab0c8dda8f5fc47a601505da51148f) Importer(815301076,1909f56bfc062723c751e8b465ee728b) (PreviewImporter) -> (artifact id: '7f6c567d345d1b9cb97fb97c3c837785') in 0.2359223 seconds
Number of updated asset objects reloaded before import = 0Number of asset objects unloaded after import = 1

========================================================================
Received Import Request.
  Time since last request: 0.000060 seconds.
  path: Assets/OneToonBuilding/Models/Materials/Skies/Sunset.mat
  artifactKey: Guid(c6894c2c3b9d8244ab38acff492bd0de) Importer(815301076,1909f56bfc062723c751e8b465ee728b)
Start importing Assets/OneToonBuilding/Models/Materials/Skies/Sunset.mat using Guid(c6894c2c3b9d8244ab38acff492bd0de) Importer(815301076,1909f56bfc062723c751e8b465ee728b) (PreviewImporter) -> (artifact id: 'dd39aba63dd4653a9224b5323d211199') in 0.0800662 seconds
Number of updated asset objects reloaded before import = 0Number of asset objects unloaded after import = 1

========================================================================
Received Import Request.
  Time since last request: 0.000051 seconds.
  path: Assets/OneToonBuilding/Models/Materials/Skies/ToonTownDarkNight.mat
  artifactKey: Guid(0dd49bcb5007f094b9545b76bf8837b8) Importer(815301076,1909f56bfc062723c751e8b465ee728b)
Start importing Assets/OneToonBuilding/Models/Materials/Skies/ToonTownDarkNight.mat using Guid(0dd49bcb5007f094b9545b76bf8837b8) Importer(815301076,1909f56bfc062723c751e8b465ee728b) (PreviewImporter) -> (artifact id: 'c84f0038b69a5416b9b216d87fc9dff8') in 0.2391182 seconds
Number of updated asset objects reloaded before import = 0Number of asset objects unloaded after import = 2

========================================================================
Received Import Request.
  Time since last request: 0.000046 seconds.
  path: Assets/OneToonBuilding/Models/Materials/Skies/ToonTownDay.mat
  artifactKey: Guid(55e15525fd245fb4bb25a61fb5636e62) Importer(815301076,1909f56bfc062723c751e8b465ee728b)
Start importing Assets/OneToonBuilding/Models/Materials/Skies/ToonTownDay.mat using Guid(55e15525fd245fb4bb25a61fb5636e62) Importer(815301076,1909f56bfc062723c751e8b465ee728b) (PreviewImporter) -> (artifact id: '13571b9f1ede437997673ea44ed49de8') in 0.2136325 seconds
Number of updated asset objects reloaded before import = 0Number of asset objects unloaded after import = 2

========================================================================
Received Prepare
Refreshing native plugins compatible for Editor in 1.49 ms, found 4 plugins.
Preloading 0 native plugins for Editor in 0.00 ms.
Unloading 40 Unused Serialized files (Serialized files now loaded: 0)
Unloading 6679 unused Assets / (7.4 MB). Loaded Objects now: 7514.
Memory consumption went from 162.7 MB to 155.2 MB.
Total: 14.171900 ms (FindLiveObjects: 0.800800 ms CreateObjectMapping: 0.844300 ms MarkObjects: 7.882200 ms  DeleteObjects: 4.643200 ms)

Prepare: number of updated asset objects reloaded= 0
========================================================================
Received Prepare
Begin MonoManager ReloadAssembly
- Loaded All Assemblies, in  0.802 seconds
Refreshing native plugins compatible for Editor in 1.41 ms, found 4 plugins.
Native extension for iOS target not found
Native extension for Android target not found
Native extension for WindowsStandalone target not found
Native extension for WebGL target not found
Mono: successfully reloaded assembly
- Finished resetting the current domain, in  0.828 seconds
Domain Reload Profiling: 1630ms
	BeginReloadAssembly (249ms)
		ExecutionOrderSort (0ms)
		DisableScriptedObjects (28ms)
		BackupInstance (0ms)
		ReleaseScriptingObjects (0ms)
		CreateAndSetChildDomain (64ms)
	RebuildCommonClasses (34ms)
	RebuildNativeTypeToScriptingClass (18ms)
	initialDomainReloadingComplete (30ms)
	LoadAllAssembliesAndSetupDomain (469ms)
		LoadAssemblies (368ms)
		RebuildTransferFunctionScriptingTraits (0ms)
		AnalyzeDomain (213ms)
			TypeCache.Refresh (11ms)
				TypeCache.ScanAssembly (0ms)
			BuildScriptInfoCaches (186ms)
			ResolveRequiredComponents (11ms)
	FinalizeReload (829ms)
		ReleaseScriptCaches (0ms)
		RebuildScriptCaches (0ms)
		SetupLoadedEditorAssemblies (580ms)
			LogAssemblyErrors (0ms)
			InitializePlatformSupportModulesInManaged (21ms)
			SetLoadedEditorAssemblies (4ms)
			BeforeProcessingInitializeOnLoad (138ms)
			ProcessInitializeOnLoadAttributes (353ms)
			ProcessInitializeOnLoadMethodAttributes (59ms)
			AfterProcessingInitializeOnLoad (5ms)
			EditorAssembliesLoaded (0ms)
		ExecutionOrderSort2 (0ms)
		AwakeInstancesAfterBackupRestoration (12ms)
Refreshing native plugins compatible for Editor in 1.49 ms, found 4 plugins.
Preloading 0 native plugins for Editor in 0.00 ms.
Unloading 40 Unused Serialized files (Serialized files now loaded: 0)
Unloading 6689 unused Assets / (7.1 MB). Loaded Objects now: 7415.
Memory consumption went from 162.4 MB to 155.3 MB.
Total: 10.037500 ms (FindLiveObjects: 0.830700 ms CreateObjectMapping: 0.733900 ms MarkObjects: 4.792600 ms  DeleteObjects: 3.679400 ms)

Prepare: number of updated asset objects reloaded= 0
========================================================================
Received Import Request.
  Time since last request: 177.178483 seconds.
  path: Assets/Free 32x32 Isometric Tileset Pack/Sample Scene/SampleScene.unity
  artifactKey: Guid(d4d43f1d004e12e459788ba8efcfe4e6) Importer(815301076,1909f56bfc062723c751e8b465ee728b)
Start importing Assets/Free 32x32 Isometric Tileset Pack/Sample Scene/SampleScene.unity using Guid(d4d43f1d004e12e459788ba8efcfe4e6) Importer(815301076,1909f56bfc062723c751e8b465ee728b) (PreviewImporter) -> (artifact id: '6fcf2876efcb3bf807551b627569c467') in 0.0066391 seconds
Number of updated asset objects reloaded before import = 0Number of asset objects unloaded after import = 0

========================================================================
Received Import Request.
  Time since last request: 12.006768 seconds.
  path: Assets/Free 32x32 Isometric Tileset Pack/Sample Tileset/Sample Grid.prefab
  artifactKey: Guid(1e373edee31976e4188d57dd2c730b1c) Importer(815301076,1909f56bfc062723c751e8b465ee728b)
Start importing Assets/Free 32x32 Isometric Tileset Pack/Sample Tileset/Sample Grid.prefab using Guid(1e373edee31976e4188d57dd2c730b1c) Importer(815301076,1909f56bfc062723c751e8b465ee728b) (PreviewImporter) -> (artifact id: '599d1ff138360b76d9e787c1166721b8') in 0.4551493 seconds
Number of updated asset objects reloaded before import = 0Number of asset objects unloaded after import = 35

========================================================================
Received Import Request.
  Time since last request: 1.578664 seconds.
  path: Assets/Scenes/GameScene.unity
  artifactKey: Guid(8c9cfa26abfee488c85f1582747f6a02) Importer(815301076,1909f56bfc062723c751e8b465ee728b)
Start importing Assets/Scenes/GameScene.unity using Guid(8c9cfa26abfee488c85f1582747f6a02) Importer(815301076,1909f56bfc062723c751e8b465ee728b) (PreviewImporter) -> (artifact id: '1e84e7d5dc418b9cdc10b9d7ae2ec33f') in 0.0010423 seconds
Number of updated asset objects reloaded before import = 0Number of asset objects unloaded after import = 0

========================================================================
Received Import Request.
  Time since last request: 2.908895 seconds.
  path: Assets/Free 32x32 Isometric Tileset Pack/Textures/Free Isometric Pack Spritesheet.png
  artifactKey: Guid(b9322abd4f2aaad4c979c052daa67961) Importer(815301076,1909f56bfc062723c751e8b465ee728b)
Start importing Assets/Free 32x32 Isometric Tileset Pack/Textures/Free Isometric Pack Spritesheet.png using Guid(b9322abd4f2aaad4c979c052daa67961) Importer(815301076,1909f56bfc062723c751e8b465ee728b) (PreviewImporter) -> (artifact id: '433f51aeca250cc18b316d8ea97cbe67') in 0.0713799 seconds
Number of updated asset objects reloaded before import = 0Number of asset objects unloaded after import = 14

========================================================================
Received Import Request.
  Time since last request: 39.822612 seconds.
  path: Assets/Free 32x32 Isometric Tileset Pack/Tile Palette/Free Isometric Pack Palette.prefab
  artifactKey: Guid(d01bbee922504fa4788b8b259471116c) Importer(815301076,1909f56bfc062723c751e8b465ee728b)
Start importing Assets/Free 32x32 Isometric Tileset Pack/Tile Palette/Free Isometric Pack Palette.prefab using Guid(d01bbee922504fa4788b8b259471116c) Importer(815301076,1909f56bfc062723c751e8b465ee728b) (PreviewImporter) -> (artifact id: 'a8ade31c018122e45892468301c2d72a') in 0.014358 seconds
Number of updated asset objects reloaded before import = 0Number of asset objects unloaded after import = 35

========================================================================
Received Import Request.
  Time since last request: 1.469072 seconds.
  path: Assets/Free 32x32 Isometric Tileset Pack/Tile Palette/Palette Tiles/Free Isometric Pack Spritesheet_0.asset
  artifactKey: Guid(5c7edb569040af94e99c4c3e119f1367) Importer(815301076,1909f56bfc062723c751e8b465ee728b)
Start importing Assets/Free 32x32 Isometric Tileset Pack/Tile Palette/Palette Tiles/Free Isometric Pack Spritesheet_0.asset using Guid(5c7edb569040af94e99c4c3e119f1367) Importer(815301076,1909f56bfc062723c751e8b465ee728b) (PreviewImporter) -> (artifact id: '5a7c0a9823af4e94b12070f21b58620a') in 0.0112773 seconds
Number of updated asset objects reloaded before import = 0Number of asset objects unloaded after import = 3

========================================================================
Received Import Request.
  Time since last request: 0.000028 seconds.
  path: Assets/Free 32x32 Isometric Tileset Pack/Tile Palette/Palette Tiles/Free Isometric Pack Spritesheet_8.asset
  artifactKey: Guid(469d344fa1d980a41b98e04a2b5c0739) Importer(815301076,1909f56bfc062723c751e8b465ee728b)
Start importing Assets/Free 32x32 Isometric Tileset Pack/Tile Palette/Palette Tiles/Free Isometric Pack Spritesheet_8.asset using Guid(469d344fa1d980a41b98e04a2b5c0739) Importer(815301076,1909f56bfc062723c751e8b465ee728b) (PreviewImporter) -> (artifact id: 'bab4e0c884200bb7bf03b00566e67679') in 0.0069909 seconds
Number of updated asset objects reloaded before import = 0Number of asset objects unloaded after import = 3

========================================================================
Received Import Request.
  Time since last request: 0.000041 seconds.
  path: Assets/Free 32x32 Isometric Tileset Pack/Tile Palette/Palette Tiles/Free Isometric Pack Spritesheet_6.asset
  artifactKey: Guid(e15829af497aabd4497fbee6de1f1981) Importer(815301076,1909f56bfc062723c751e8b465ee728b)
Start importing Assets/Free 32x32 Isometric Tileset Pack/Tile Palette/Palette Tiles/Free Isometric Pack Spritesheet_6.asset using Guid(e15829af497aabd4497fbee6de1f1981) Importer(815301076,1909f56bfc062723c751e8b465ee728b) (PreviewImporter) -> (artifact id: '9183c17febf6323b7b56cab0dcc3cf73') in 0.0069006 seconds
Number of updated asset objects reloaded before import = 0Number of asset objects unloaded after import = 3

========================================================================
Received Import Request.
  Time since last request: 0.000039 seconds.
  path: Assets/Free 32x32 Isometric Tileset Pack/Tile Palette/Palette Tiles/Free Isometric Pack Spritesheet_2.asset
  artifactKey: Guid(15b6972f7cfb521429db087609cb86b0) Importer(815301076,1909f56bfc062723c751e8b465ee728b)
Start importing Assets/Free 32x32 Isometric Tileset Pack/Tile Palette/Palette Tiles/Free Isometric Pack Spritesheet_2.asset using Guid(15b6972f7cfb521429db087609cb86b0) Importer(815301076,1909f56bfc062723c751e8b465ee728b) (PreviewImporter) -> (artifact id: 'c1fb47457ce73288a0c574fcf6e32cb2') in 0.0098722 seconds
Number of updated asset objects reloaded before import = 0Number of asset objects unloaded after import = 3

========================================================================
Received Import Request.
  Time since last request: 0.000036 seconds.
  path: Assets/Free 32x32 Isometric Tileset Pack/Tile Palette/Palette Tiles/Free Isometric Pack Spritesheet_10.asset
  artifactKey: Guid(60512d9226910444eb97650470bf6a01) Importer(815301076,1909f56bfc062723c751e8b465ee728b)
Start importing Assets/Free 32x32 Isometric Tileset Pack/Tile Palette/Palette Tiles/Free Isometric Pack Spritesheet_10.asset using Guid(60512d9226910444eb97650470bf6a01) Importer(815301076,1909f56bfc062723c751e8b465ee728b) (PreviewImporter) -> (artifact id: 'cbe73d973e313ab13df747e4ba7e2e20') in 0.0094459 seconds
Number of updated asset objects reloaded before import = 0Number of asset objects unloaded after import = 3

========================================================================
Received Import Request.
  Time since last request: 0.000025 seconds.
  path: Assets/Free 32x32 Isometric Tileset Pack/Tile Palette/Palette Tiles/Free Isometric Pack Spritesheet_4.asset
  artifactKey: Guid(1ab69e59fdf639d4cb36f8b0fa39f5a4) Importer(815301076,1909f56bfc062723c751e8b465ee728b)
Start importing Assets/Free 32x32 Isometric Tileset Pack/Tile Palette/Palette Tiles/Free Isometric Pack Spritesheet_4.asset using Guid(1ab69e59fdf639d4cb36f8b0fa39f5a4) Importer(815301076,1909f56bfc062723c751e8b465ee728b) (PreviewImporter) -> (artifact id: 'd466bb5b770c541d8faceb03d3d710cb') in 0.0069766 seconds
Number of updated asset objects reloaded before import = 0Number of asset objects unloaded after import = 3

========================================================================
Received Import Request.
  Time since last request: 0.000036 seconds.
  path: Assets/Free 32x32 Isometric Tileset Pack/Tile Palette/Palette Tiles/Free Isometric Pack Spritesheet_9.asset
  artifactKey: Guid(5a3d71d38c5919b47942eb31bd795dcb) Importer(815301076,1909f56bfc062723c751e8b465ee728b)
Start importing Assets/Free 32x32 Isometric Tileset Pack/Tile Palette/Palette Tiles/Free Isometric Pack Spritesheet_9.asset using Guid(5a3d71d38c5919b47942eb31bd795dcb) Importer(815301076,1909f56bfc062723c751e8b465ee728b) (PreviewImporter) -> (artifact id: '8b4ddd7f8458a440c4c35636b8db708a') in 0.0068703 seconds
Number of updated asset objects reloaded before import = 0Number of asset objects unloaded after import = 3

Editor requested this worker to shutdown with reason: Scaling down because of idle timeout
AssetImportWorker is now disconnected from the server
Process exiting
Exiting without the bug reporter. Application will terminate with return code 0