Using pre-set license
Built from '6000.0/staging' branch; Version is '6000.0.41f1 (46e447368a18) revision 4645959'; Using compiler version '193933523'; Build Type 'Release'
OS: 'Windows 11  (10.0.22631) 64bit Professional' Language: 'ja' Physical Memory: 32440 MB
BatchMode: 1, IsHumanControllingUs: 0, StartBugReporterOnCrash: 0, Is64bit: 1, IsPro: 1

COMMAND LINE ARGUMENTS:
C:\Program Files\Unity\Hub\Editor\6000.0.41f1\Editor\Unity.exe
-adb2
-batchMode
-noUpm
-name
AssetImportWorker17
-projectPath
C:/Users/ktc/Desktop/WedPersonal/Monochrome
-logFile
Logs/AssetImportWorker17.log
-srvPort
52671
-job-worker-count
7
-background-job-worker-count
8
-gc-helper-count
1
Successfully changed project path to: C:/Users/ktc/Desktop/WedPersonal/Monochrome
C:/Users/ktc/Desktop/WedPersonal/Monochrome
[UnityMemory] Configuration Parameters - Can be set up in boot.config
    "memorysetup-bucket-allocator-granularity=16"
    "memorysetup-bucket-allocator-bucket-count=8"
    "memorysetup-bucket-allocator-block-size=33554432"
    "memorysetup-bucket-allocator-block-count=8"
    "memorysetup-main-allocator-block-size=16777216"
    "memorysetup-thread-allocator-block-size=16777216"
    "memorysetup-gfx-main-allocator-block-size=16777216"
    "memorysetup-gfx-thread-allocator-block-size=16777216"
    "memorysetup-cache-allocator-block-size=4194304"
    "memorysetup-typetree-allocator-block-size=2097152"
    "memorysetup-profiler-bucket-allocator-granularity=16"
    "memorysetup-profiler-bucket-allocator-bucket-count=8"
    "memorysetup-profiler-bucket-allocator-block-size=33554432"
    "memorysetup-profiler-bucket-allocator-block-count=8"
    "memorysetup-profiler-allocator-block-size=16777216"
    "memorysetup-profiler-editor-allocator-block-size=1048576"
    "memorysetup-temp-allocator-size-main=16777216"
    "memorysetup-job-temp-allocator-block-size=2097152"
    "memorysetup-job-temp-allocator-block-size-background=1048576"
    "memorysetup-job-temp-allocator-reduction-small-platforms=262144"
    "memorysetup-allocator-temp-initial-block-size-main=262144"
    "memorysetup-allocator-temp-initial-block-size-worker=262144"
    "memorysetup-temp-allocator-size-background-worker=32768"
    "memorysetup-temp-allocator-size-job-worker=262144"
    "memorysetup-temp-allocator-size-preload-manager=33554432"
    "memorysetup-temp-allocator-size-nav-mesh-worker=65536"
    "memorysetup-temp-allocator-size-audio-worker=65536"
    "memorysetup-temp-allocator-size-cloud-worker=32768"
    "memorysetup-temp-allocator-size-gi-baking-worker=262144"
    "memorysetup-temp-allocator-size-gi-baking-worker=262144"
    "memorysetup-temp-allocator-size-gi-baking-worker=262144"
    "memorysetup-temp-allocator-size-gi-baking-worker=262144"
    "memorysetup-temp-allocator-size-gi-baking-worker=262144"
    "memorysetup-temp-allocator-size-gfx=262144"
Player connection [27296]  Target information:

Player connection [27296]  * "[IP] 172.22.90.104 [Port] 0 [Flags] 2 [Guid] 2391462766 [EditorId] 2391462766 [Version] 1048832 [Id] WindowsEditor(7,604-19) [Debug] 1 [PackageName] WindowsEditor [ProjectName] Editor" 

Player connection [27296]  * "[IP] 172.19.176.1 [Port] 0 [Flags] 2 [Guid] 2391462766 [EditorId] 2391462766 [Version] 1048832 [Id] WindowsEditor(7,604-19) [Debug] 1 [PackageName] WindowsEditor [ProjectName] Editor" 

Player connection [27296]  * "[IP] 192.168.217.1 [Port] 0 [Flags] 2 [Guid] 2391462766 [EditorId] 2391462766 [Version] 1048832 [Id] WindowsEditor(7,604-19) [Debug] 1 [PackageName] WindowsEditor [ProjectName] Editor" 

Player connection [27296]  * "[IP] 192.168.172.1 [Port] 0 [Flags] 2 [Guid] 2391462766 [EditorId] 2391462766 [Version] 1048832 [Id] WindowsEditor(7,604-19) [Debug] 1 [PackageName] WindowsEditor [ProjectName] Editor" 

Player connection [27296]  * "[IP] 192.168.56.1 [Port] 0 [Flags] 2 [Guid] 2391462766 [EditorId] 2391462766 [Version] 1048832 [Id] WindowsEditor(7,604-19) [Debug] 1 [PackageName] WindowsEditor [ProjectName] Editor" 

Player connection [27296] Host joined multi-casting on [225.0.0.222:54997]...
Player connection [27296] Host joined alternative multi-casting on [225.0.0.222:34997]...
JobSystem: Creating JobQueue using job-worker-count value 7
Input System module state changed to: Initialized.
[Physics::Module] Initialized fallback backend.
[Physics::Module] Id: 0xdecafbad
Library Redirect Path: Library/
[Physics::Module] Selected backend.
[Physics::Module] Name: PhysX
[Physics::Module] Id: 0xf2b8ea05
[Physics::Module] SDK Version: 4.1.2
[Physics::Module] Integration Version: 1.0.0
[Physics::Module] Threading Mode: Multi-Threaded
Refreshing native plugins compatible for Editor in 3.06 ms, found 4 plugins.
Preloading 0 native plugins for Editor in 0.00 ms.
Initialize engine version: 6000.0.41f1 (46e447368a18)
[Subsystems] Discovering subsystems at path C:/Program Files/Unity/Hub/Editor/6000.0.41f1/Editor/Data/Resources/UnitySubsystems
[Subsystems] Discovering subsystems at path C:/Users/ktc/Desktop/WedPersonal/Monochrome/Assets
GfxDevice: creating device client; kGfxThreadingModeNonThreaded
Direct3D:
    Version:  Direct3D 11.0 [level 11.1]
    Renderer: NVIDIA GeForce RTX 3070 (ID=0x2484)
    Vendor:   NVIDIA
    VRAM:     8018 MB
    Driver:   32.0.15.6624
Initialize mono
Mono path[0] = 'C:/Program Files/Unity/Hub/Editor/6000.0.41f1/Editor/Data/Managed'
Mono path[1] = 'C:/Program Files/Unity/Hub/Editor/6000.0.41f1/Editor/Data/MonoBleedingEdge/lib/mono/unityjit-win32'
Mono config path = 'C:/Program Files/Unity/Hub/Editor/6000.0.41f1/Editor/Data/MonoBleedingEdge/etc'
Using monoOptions --debugger-agent=transport=dt_socket,embedding=1,server=y,suspend=n,address=127.0.0.1:56324
Begin MonoManager ReloadAssembly
Registering precompiled unity dll's ...
Register platform support module: C:/Program Files/Unity/Hub/Editor/6000.0.41f1/Editor/Data/PlaybackEngines/WebGLSupport/UnityEditor.WebGL.Extensions.dll
Register platform support module: C:/Program Files/Unity/Hub/Editor/6000.0.41f1/Editor/Data/PlaybackEngines/WindowsStandaloneSupport/UnityEditor.WindowsStandalone.Extensions.dll
Register platform support module: C:/Program Files/Unity/Hub/Editor/6000.0.41f1/Editor/Data/PlaybackEngines/AndroidPlayer/UnityEditor.Android.Extensions.dll
Register platform support module: C:/Program Files/Unity/Hub/Editor/6000.0.41f1/Editor/Data/PlaybackEngines/iOSSupport/UnityEditor.iOS.Extensions.dll
Registered in 0.004554 seconds.
- Loaded All Assemblies, in  0.408 seconds
[usbmuxd] Start listen thread
[usbmuxd] Listen thread started
Native extension for iOS target not found
Native extension for Android target not found
Android Extension - Scanning For ADB Devices 289 ms
Native extension for WindowsStandalone target not found
Native extension for WebGL target not found
Mono: successfully reloaded assembly
- Finished resetting the current domain, in  0.667 seconds
Domain Reload Profiling: 1073ms
	BeginReloadAssembly (142ms)
		ExecutionOrderSort (0ms)
		DisableScriptedObjects (0ms)
		BackupInstance (0ms)
		ReleaseScriptingObjects (0ms)
		CreateAndSetChildDomain (1ms)
	RebuildCommonClasses (36ms)
	RebuildNativeTypeToScriptingClass (13ms)
	initialDomainReloadingComplete (51ms)
	LoadAllAssembliesAndSetupDomain (163ms)
		LoadAssemblies (142ms)
		RebuildTransferFunctionScriptingTraits (0ms)
		AnalyzeDomain (159ms)
			TypeCache.Refresh (157ms)
				TypeCache.ScanAssembly (143ms)
			BuildScriptInfoCaches (0ms)
			ResolveRequiredComponents (0ms)
	FinalizeReload (667ms)
		ReleaseScriptCaches (0ms)
		RebuildScriptCaches (0ms)
		SetupLoadedEditorAssemblies (621ms)
			LogAssemblyErrors (0ms)
			InitializePlatformSupportModulesInManaged (380ms)
			SetLoadedEditorAssemblies (4ms)
			BeforeProcessingInitializeOnLoad (49ms)
			ProcessInitializeOnLoadAttributes (125ms)
			ProcessInitializeOnLoadMethodAttributes (63ms)
			AfterProcessingInitializeOnLoad (0ms)
			EditorAssembliesLoaded (0ms)
		ExecutionOrderSort2 (0ms)
		AwakeInstancesAfterBackupRestoration (0ms)
========================================================================
Worker process is ready to serve import requests
Import Worker Mode flag is 0x00
Begin MonoManager ReloadAssembly
- Loaded All Assemblies, in  0.813 seconds
Refreshing native plugins compatible for Editor in 1.35 ms, found 4 plugins.
Native extension for iOS target not found
Native extension for Android target not found
Native extension for WindowsStandalone target not found
Native extension for WebGL target not found
Mono: successfully reloaded assembly
- Finished resetting the current domain, in  0.764 seconds
Domain Reload Profiling: 1573ms
	BeginReloadAssembly (166ms)
		ExecutionOrderSort (0ms)
		DisableScriptedObjects (5ms)
		BackupInstance (0ms)
		ReleaseScriptingObjects (0ms)
		CreateAndSetChildDomain (32ms)
	RebuildCommonClasses (34ms)
	RebuildNativeTypeToScriptingClass (11ms)
	initialDomainReloadingComplete (46ms)
	LoadAllAssembliesAndSetupDomain (552ms)
		LoadAssemblies (370ms)
		RebuildTransferFunctionScriptingTraits (0ms)
		AnalyzeDomain (274ms)
			TypeCache.Refresh (193ms)
				TypeCache.ScanAssembly (176ms)
			BuildScriptInfoCaches (68ms)
			ResolveRequiredComponents (10ms)
	FinalizeReload (765ms)
		ReleaseScriptCaches (0ms)
		RebuildScriptCaches (0ms)
		SetupLoadedEditorAssemblies (599ms)
			LogAssemblyErrors (0ms)
			InitializePlatformSupportModulesInManaged (15ms)
			SetLoadedEditorAssemblies (3ms)
			BeforeProcessingInitializeOnLoad (111ms)
			ProcessInitializeOnLoadAttributes (346ms)
			ProcessInitializeOnLoadMethodAttributes (120ms)
			AfterProcessingInitializeOnLoad (4ms)
			EditorAssembliesLoaded (0ms)
		ExecutionOrderSort2 (0ms)
		AwakeInstancesAfterBackupRestoration (7ms)
Launched and connected shader compiler UnityShaderCompiler.exe after 0.01 seconds
Refreshing native plugins compatible for Editor in 2.17 ms, found 4 plugins.
Preloading 0 native plugins for Editor in 0.00 ms.
Unloading 206 Unused Serialized files (Serialized files now loaded: 0)
Unloading 6691 unused Assets / (6.7 MB). Loaded Objects now: 7339.
Memory consumption went from 177.4 MB to 170.7 MB.
Total: 15.249200 ms (FindLiveObjects: 0.839500 ms CreateObjectMapping: 0.773800 ms MarkObjects: 8.573600 ms  DeleteObjects: 5.060700 ms)

========================================================================
Received Import Request.
  Time since last request: 8946.386360 seconds.
  path: Assets/Copyspright/Pixel Space Shooter - Free/Sprites/Spaceships/Humans/Humans_Color_01/humans_ship_01.png
  artifactKey: Guid(e4cd9d880810e46c7af4d6b3023f7b5b) Importer(815301076,1909f56bfc062723c751e8b465ee728b)
Start importing Assets/Copyspright/Pixel Space Shooter - Free/Sprites/Spaceships/Humans/Humans_Color_01/humans_ship_01.png using Guid(e4cd9d880810e46c7af4d6b3023f7b5b) Importer(815301076,1909f56bfc062723c751e8b465ee728b) (PreviewImporter) -> (artifact id: '83999eca6fdb485a80b8d49d217c436c') in 0.134368 seconds
Number of updated asset objects reloaded before import = 0Number of asset objects unloaded after import = 3

========================================================================
Received Import Request.
  Time since last request: 76.027948 seconds.
  path: Assets/Copyspright/Pixel Space Shooter - Free/Prefabs/Spaceships/Humans/Humans_01.prefab
  artifactKey: Guid(84c54bd2ce71245b48b348484d77bd31) Importer(815301076,1909f56bfc062723c751e8b465ee728b)
Start importing Assets/Copyspright/Pixel Space Shooter - Free/Prefabs/Spaceships/Humans/Humans_01.prefab using Guid(84c54bd2ce71245b48b348484d77bd31) Importer(815301076,1909f56bfc062723c751e8b465ee728b) (PreviewImporter) -> (artifact id: '75be82461b50bf2df1cfb3cc1b9bc776') in 0.4212806 seconds
Number of updated asset objects reloaded before import = 0Number of asset objects unloaded after import = 45

========================================================================
Received Import Request.
  Time since last request: 54.825707 seconds.
  path: Assets/Copyspright/Pixel Space Shooter - Free/Animations/Bullet_Hit.controller
  artifactKey: Guid(840999b3314604df88ea42861a686235) Importer(815301076,1909f56bfc062723c751e8b465ee728b)
Start importing Assets/Copyspright/Pixel Space Shooter - Free/Animations/Bullet_Hit.controller using Guid(840999b3314604df88ea42861a686235) Importer(815301076,1909f56bfc062723c751e8b465ee728b) (PreviewImporter) -> (artifact id: '658c81c965a72fd196a11a60d2cd0b87') in 0.0030794 seconds
Number of updated asset objects reloaded before import = 0Number of asset objects unloaded after import = 4

========================================================================
Received Import Request.
  Time since last request: 484.092727 seconds.
  path: Assets/Stylized 2D Space Shooter - Free/Sprites/Medium - No light/Boss_1_A_Medium_NoLight.png
  artifactKey: Guid(ec58a76d84b7c1a4e96be2a44ece00aa) Importer(815301076,1909f56bfc062723c751e8b465ee728b)
Start importing Assets/Stylized 2D Space Shooter - Free/Sprites/Medium - No light/Boss_1_A_Medium_NoLight.png using Guid(ec58a76d84b7c1a4e96be2a44ece00aa) Importer(815301076,1909f56bfc062723c751e8b465ee728b) (PreviewImporter) -> (artifact id: '79d5bb3ccae4b9044d4b4ecb20a32001') in 0.0171896 seconds
Number of updated asset objects reloaded before import = 0Number of asset objects unloaded after import = 3

========================================================================
Received Import Request.
  Time since last request: 0.000068 seconds.
  path: Assets/Stylized 2D Space Shooter - Free/Sprites/Medium - No light/Missile_A_Medium_NoLight.png
  artifactKey: Guid(43808eeee762cd74090d37c2c1c01d05) Importer(815301076,1909f56bfc062723c751e8b465ee728b)
Start importing Assets/Stylized 2D Space Shooter - Free/Sprites/Medium - No light/Missile_A_Medium_NoLight.png using Guid(43808eeee762cd74090d37c2c1c01d05) Importer(815301076,1909f56bfc062723c751e8b465ee728b) (PreviewImporter) -> (artifact id: 'af3d944a39ad734770efbf3dbc058bba') in 0.0131132 seconds
Number of updated asset objects reloaded before import = 0Number of asset objects unloaded after import = 3

========================================================================
Received Import Request.
  Time since last request: 0.000028 seconds.
  path: Assets/Stylized 2D Space Shooter - Free/Sprites/Medium - No light/Enemy_3_A_Medium_NoLight.png
  artifactKey: Guid(26447bdd5ea530345b519d76d8f62395) Importer(815301076,1909f56bfc062723c751e8b465ee728b)
Start importing Assets/Stylized 2D Space Shooter - Free/Sprites/Medium - No light/Enemy_3_A_Medium_NoLight.png using Guid(26447bdd5ea530345b519d76d8f62395) Importer(815301076,1909f56bfc062723c751e8b465ee728b) (PreviewImporter) -> (artifact id: '576498e4a7065aee54774ed8ddd175d2') in 0.0146644 seconds
Number of updated asset objects reloaded before import = 0Number of asset objects unloaded after import = 3

========================================================================
Received Import Request.
  Time since last request: 0.000030 seconds.
  path: Assets/Stylized 2D Space Shooter - Free/Sprites/Medium - No light/Enemy_1_B_Medium_NoLight.png
  artifactKey: Guid(3637072e14b1d1b41aef97b27a2dd6c1) Importer(815301076,1909f56bfc062723c751e8b465ee728b)
Start importing Assets/Stylized 2D Space Shooter - Free/Sprites/Medium - No light/Enemy_1_B_Medium_NoLight.png using Guid(3637072e14b1d1b41aef97b27a2dd6c1) Importer(815301076,1909f56bfc062723c751e8b465ee728b) (PreviewImporter) -> (artifact id: '129303d5662075af9d87ca9de98f3b7c') in 0.0123797 seconds
Number of updated asset objects reloaded before import = 0Number of asset objects unloaded after import = 3

========================================================================
Received Import Request.
  Time since last request: 0.000024 seconds.
  path: Assets/Stylized 2D Space Shooter - Free/Sprites/Medium - No light/Enemy_1_A_Medium_NoLight.png
  artifactKey: Guid(fb2edaadc51315c49893cdd77a92fc0c) Importer(815301076,1909f56bfc062723c751e8b465ee728b)
Start importing Assets/Stylized 2D Space Shooter - Free/Sprites/Medium - No light/Enemy_1_A_Medium_NoLight.png using Guid(fb2edaadc51315c49893cdd77a92fc0c) Importer(815301076,1909f56bfc062723c751e8b465ee728b) (PreviewImporter) -> (artifact id: '1ddb5efaf9426f893c7c1edc1a3dd1be') in 0.016446 seconds
Number of updated asset objects reloaded before import = 0Number of asset objects unloaded after import = 3

========================================================================
Received Import Request.
  Time since last request: 0.000036 seconds.
  path: Assets/Stylized 2D Space Shooter - Free/Sprites/Medium - No light/Ship_2_A_Medium_NoLight.png
  artifactKey: Guid(928703ce7658e704da96ddd12f4ac16c) Importer(815301076,1909f56bfc062723c751e8b465ee728b)
Start importing Assets/Stylized 2D Space Shooter - Free/Sprites/Medium - No light/Ship_2_A_Medium_NoLight.png using Guid(928703ce7658e704da96ddd12f4ac16c) Importer(815301076,1909f56bfc062723c751e8b465ee728b) (PreviewImporter) -> (artifact id: '1813936b6d37a89f57b3f3ab60fb37b3') in 0.0135371 seconds
Number of updated asset objects reloaded before import = 0Number of asset objects unloaded after import = 3

========================================================================
Received Import Request.
  Time since last request: 0.000029 seconds.
  path: Assets/Stylized 2D Space Shooter - Free/Sprites/Medium - No light/Pickup_3_B_Medium_NoLight.png
  artifactKey: Guid(ca1d23e44093efb4eabcb163e7c9f963) Importer(815301076,1909f56bfc062723c751e8b465ee728b)
Start importing Assets/Stylized 2D Space Shooter - Free/Sprites/Medium - No light/Pickup_3_B_Medium_NoLight.png using Guid(ca1d23e44093efb4eabcb163e7c9f963) Importer(815301076,1909f56bfc062723c751e8b465ee728b) (PreviewImporter) -> (artifact id: 'a02f941972e44a01f4436ed371e6a031') in 0.0111416 seconds
Number of updated asset objects reloaded before import = 0Number of asset objects unloaded after import = 3

========================================================================
Received Import Request.
  Time since last request: 0.000039 seconds.
  path: Assets/Stylized 2D Space Shooter - Free/Sprites/Medium - No light/Pickup_3_C_Medium_NoLight.png
  artifactKey: Guid(4a62d38b6365b1b4a8e19173076367b0) Importer(815301076,1909f56bfc062723c751e8b465ee728b)
Start importing Assets/Stylized 2D Space Shooter - Free/Sprites/Medium - No light/Pickup_3_C_Medium_NoLight.png using Guid(4a62d38b6365b1b4a8e19173076367b0) Importer(815301076,1909f56bfc062723c751e8b465ee728b) (PreviewImporter) -> (artifact id: '8328cff150820cdd4a5a7ea6b15dc52c') in 0.0193571 seconds
Number of updated asset objects reloaded before import = 0Number of asset objects unloaded after import = 3

========================================================================
Received Import Request.
  Time since last request: 0.000022 seconds.
  path: Assets/Stylized 2D Space Shooter - Free/Sprites/Medium - No light/Enemy_2_A_Medium_NoLight.png
  artifactKey: Guid(5ce4a97769ad0df45a790cf9ec5fc0ad) Importer(815301076,1909f56bfc062723c751e8b465ee728b)
Start importing Assets/Stylized 2D Space Shooter - Free/Sprites/Medium - No light/Enemy_2_A_Medium_NoLight.png using Guid(5ce4a97769ad0df45a790cf9ec5fc0ad) Importer(815301076,1909f56bfc062723c751e8b465ee728b) (PreviewImporter) -> (artifact id: '954f9c0b917ed51eb922a5cb5dba47ce') in 0.01079 seconds
Number of updated asset objects reloaded before import = 0Number of asset objects unloaded after import = 3

========================================================================
Received Import Request.
  Time since last request: 0.000025 seconds.
  path: Assets/Stylized 2D Space Shooter - Free/Sprites/Medium - No light/Pickup_2_C_Medium_NoLight.png
  artifactKey: Guid(815a7c805bf037d40947554ac30acc72) Importer(815301076,1909f56bfc062723c751e8b465ee728b)
Start importing Assets/Stylized 2D Space Shooter - Free/Sprites/Medium - No light/Pickup_2_C_Medium_NoLight.png using Guid(815a7c805bf037d40947554ac30acc72) Importer(815301076,1909f56bfc062723c751e8b465ee728b) (PreviewImporter) -> (artifact id: '8ed3a352e076b4bd96a673e8cec7fcbc') in 0.0092054 seconds
Number of updated asset objects reloaded before import = 0Number of asset objects unloaded after import = 3

========================================================================
Received Import Request.
  Time since last request: 0.000022 seconds.
  path: Assets/Stylized 2D Space Shooter - Free/Sprites/Medium - No light/Enemy_1_C_Medium_NoLight.png
  artifactKey: Guid(ac6b5187c4c1e3e4b98fd66b7080ea39) Importer(815301076,1909f56bfc062723c751e8b465ee728b)
Start importing Assets/Stylized 2D Space Shooter - Free/Sprites/Medium - No light/Enemy_1_C_Medium_NoLight.png using Guid(ac6b5187c4c1e3e4b98fd66b7080ea39) Importer(815301076,1909f56bfc062723c751e8b465ee728b) (PreviewImporter) -> (artifact id: '6baff09cbaa9221800d9faf502a7a1ff') in 0.0153513 seconds
Number of updated asset objects reloaded before import = 0Number of asset objects unloaded after import = 3

========================================================================
Received Import Request.
  Time since last request: 0.000052 seconds.
  path: Assets/Stylized 2D Space Shooter - Free/Sprites/Medium - No light/Pickup_1_B_Medium_NoLight.png
  artifactKey: Guid(ff97922933bbefc48a35acb5d9d23966) Importer(815301076,1909f56bfc062723c751e8b465ee728b)
Start importing Assets/Stylized 2D Space Shooter - Free/Sprites/Medium - No light/Pickup_1_B_Medium_NoLight.png using Guid(ff97922933bbefc48a35acb5d9d23966) Importer(815301076,1909f56bfc062723c751e8b465ee728b) (PreviewImporter) -> (artifact id: '39831b8bd904f0fc2a4c6a983d002438') in 0.0093119 seconds
Number of updated asset objects reloaded before import = 0Number of asset objects unloaded after import = 3

========================================================================
Received Import Request.
  Time since last request: 0.000028 seconds.
  path: Assets/Stylized 2D Space Shooter - Free/Sprites/Medium - No light/Pickup_3_E_Medium_NoLight.png
  artifactKey: Guid(b713b83be94ae9947b33e4f934826910) Importer(815301076,1909f56bfc062723c751e8b465ee728b)
Start importing Assets/Stylized 2D Space Shooter - Free/Sprites/Medium - No light/Pickup_3_E_Medium_NoLight.png using Guid(b713b83be94ae9947b33e4f934826910) Importer(815301076,1909f56bfc062723c751e8b465ee728b) (PreviewImporter) -> (artifact id: '4df6e77c75f4b80d72a4aa5cab883167') in 0.0157467 seconds
Number of updated asset objects reloaded before import = 0Number of asset objects unloaded after import = 3

========================================================================
Received Import Request.
  Time since last request: 0.000023 seconds.
  path: Assets/Stylized 2D Space Shooter - Free/Sprites/Medium - No light/Pickup_2_E_Medium_NoLight.png
  artifactKey: Guid(36123378823cfdc4ab31fef83b29a53d) Importer(815301076,1909f56bfc062723c751e8b465ee728b)
Start importing Assets/Stylized 2D Space Shooter - Free/Sprites/Medium - No light/Pickup_2_E_Medium_NoLight.png using Guid(36123378823cfdc4ab31fef83b29a53d) Importer(815301076,1909f56bfc062723c751e8b465ee728b) (PreviewImporter) -> (artifact id: '172d11783667c586de671664816823e1') in 0.0114306 seconds
Number of updated asset objects reloaded before import = 0Number of asset objects unloaded after import = 3

========================================================================
Received Import Request.
  Time since last request: 0.000025 seconds.
  path: Assets/Stylized 2D Space Shooter - Free/Sprites/Medium - No light/Missile_B_Medium_NoLight.png
  artifactKey: Guid(e7b7b83ffe5aa6446a3cf72bc1b73ca6) Importer(815301076,1909f56bfc062723c751e8b465ee728b)
Start importing Assets/Stylized 2D Space Shooter - Free/Sprites/Medium - No light/Missile_B_Medium_NoLight.png using Guid(e7b7b83ffe5aa6446a3cf72bc1b73ca6) Importer(815301076,1909f56bfc062723c751e8b465ee728b) (PreviewImporter) -> (artifact id: 'dbc8fc82f23b8435f37d6e89132f0329') in 0.0115833 seconds
Number of updated asset objects reloaded before import = 0Number of asset objects unloaded after import = 3

========================================================================
Received Import Request.
  Time since last request: 0.000022 seconds.
  path: Assets/Stylized 2D Space Shooter - Free/Sprites/Medium - No light/Enemy_3_B_Medium_NoLight.png
  artifactKey: Guid(e8a5d05785ce3674fa0e53cee072a617) Importer(815301076,1909f56bfc062723c751e8b465ee728b)
Start importing Assets/Stylized 2D Space Shooter - Free/Sprites/Medium - No light/Enemy_3_B_Medium_NoLight.png using Guid(e8a5d05785ce3674fa0e53cee072a617) Importer(815301076,1909f56bfc062723c751e8b465ee728b) (PreviewImporter) -> (artifact id: '1193cfbafbb27bed48742c7b206c5f39') in 0.0091385 seconds
Number of updated asset objects reloaded before import = 0Number of asset objects unloaded after import = 3

========================================================================
Received Import Request.
  Time since last request: 0.000023 seconds.
  path: Assets/Stylized 2D Space Shooter - Free/Sprites/Medium - No light/Pickup_1_C_Medium_NoLight.png
  artifactKey: Guid(d09751a21f418e14990caf2600f1c6b1) Importer(815301076,1909f56bfc062723c751e8b465ee728b)
Start importing Assets/Stylized 2D Space Shooter - Free/Sprites/Medium - No light/Pickup_1_C_Medium_NoLight.png using Guid(d09751a21f418e14990caf2600f1c6b1) Importer(815301076,1909f56bfc062723c751e8b465ee728b) (PreviewImporter) -> (artifact id: '2adb241ec75fc5dfaa2cae52d066e4b1') in 0.0086035 seconds
Number of updated asset objects reloaded before import = 0Number of asset objects unloaded after import = 3

========================================================================
Received Import Request.
  Time since last request: 0.000021 seconds.
  path: Assets/Stylized 2D Space Shooter - Free/Sprites/Medium - No light/Pickup_1_D_Medium_NoLight.png
  artifactKey: Guid(4a01653ef2a6917478089a733fc84d47) Importer(815301076,1909f56bfc062723c751e8b465ee728b)
Start importing Assets/Stylized 2D Space Shooter - Free/Sprites/Medium - No light/Pickup_1_D_Medium_NoLight.png using Guid(4a01653ef2a6917478089a733fc84d47) Importer(815301076,1909f56bfc062723c751e8b465ee728b) (PreviewImporter) -> (artifact id: '0a08c6102cd827c9f6e6fdbc2929f1c8') in 0.0104628 seconds
Number of updated asset objects reloaded before import = 0Number of asset objects unloaded after import = 3

========================================================================
Received Import Request.
  Time since last request: 0.000021 seconds.
  path: Assets/Stylized 2D Space Shooter - Free/Sprites/Medium - No light/Enemy_4_C_Medium_NoLight.png
  artifactKey: Guid(567e6565a4ed31c409b57c11350d1ef6) Importer(815301076,1909f56bfc062723c751e8b465ee728b)
Start importing Assets/Stylized 2D Space Shooter - Free/Sprites/Medium - No light/Enemy_4_C_Medium_NoLight.png using Guid(567e6565a4ed31c409b57c11350d1ef6) Importer(815301076,1909f56bfc062723c751e8b465ee728b) (PreviewImporter) -> (artifact id: 'a1f852934bb9f7fc809ad24222c1a986') in 0.0103091 seconds
Number of updated asset objects reloaded before import = 0Number of asset objects unloaded after import = 3

========================================================================
Received Import Request.
  Time since last request: 0.000040 seconds.
  path: Assets/Stylized 2D Space Shooter - Free/Sprites/Medium - No light/Enemy_4_B_Medium_NoLight.png
  artifactKey: Guid(7d9f183dc5ef3e34ca4e380c4b207449) Importer(815301076,1909f56bfc062723c751e8b465ee728b)
Start importing Assets/Stylized 2D Space Shooter - Free/Sprites/Medium - No light/Enemy_4_B_Medium_NoLight.png using Guid(7d9f183dc5ef3e34ca4e380c4b207449) Importer(815301076,1909f56bfc062723c751e8b465ee728b) (PreviewImporter) -> (artifact id: '67d3a88bc709d6d9fd0b6a61fe7f3bf9') in 0.0114706 seconds
Number of updated asset objects reloaded before import = 0Number of asset objects unloaded after import = 3

========================================================================
Received Import Request.
  Time since last request: 0.000025 seconds.
  path: Assets/Stylized 2D Space Shooter - Free/Sprites/Medium - No light/Pickup_1_A_Medium_NoLight.png
  artifactKey: Guid(5a285c737b1775d44b4c17e692db851f) Importer(815301076,1909f56bfc062723c751e8b465ee728b)
Start importing Assets/Stylized 2D Space Shooter - Free/Sprites/Medium - No light/Pickup_1_A_Medium_NoLight.png using Guid(5a285c737b1775d44b4c17e692db851f) Importer(815301076,1909f56bfc062723c751e8b465ee728b) (PreviewImporter) -> (artifact id: 'e2653d2b9a095db79786a0cb2da847d0') in 0.0107495 seconds
Number of updated asset objects reloaded before import = 0Number of asset objects unloaded after import = 3

========================================================================
Received Import Request.
  Time since last request: 0.000025 seconds.
  path: Assets/Stylized 2D Space Shooter - Free/Sprites/Medium - No light/Enemy_4_A_Medium_NoLight.png
  artifactKey: Guid(99eae3f2125efe341b1cf5fea02e8d13) Importer(815301076,1909f56bfc062723c751e8b465ee728b)
Start importing Assets/Stylized 2D Space Shooter - Free/Sprites/Medium - No light/Enemy_4_A_Medium_NoLight.png using Guid(99eae3f2125efe341b1cf5fea02e8d13) Importer(815301076,1909f56bfc062723c751e8b465ee728b) (PreviewImporter) -> (artifact id: '498cd856a3791d8311558e2c61566b7d') in 0.0121457 seconds
Number of updated asset objects reloaded before import = 0Number of asset objects unloaded after import = 3

========================================================================
Received Import Request.
  Time since last request: 0.645714 seconds.
  path: Assets/Stylized 2D Space Shooter - Free/Sprites/Small - No light/Boss_1_A_Small_NoLight.png
  artifactKey: Guid(0aa62f3c51e38554eb50c0397df87f90) Importer(815301076,1909f56bfc062723c751e8b465ee728b)
Start importing Assets/Stylized 2D Space Shooter - Free/Sprites/Small - No light/Boss_1_A_Small_NoLight.png using Guid(0aa62f3c51e38554eb50c0397df87f90) Importer(815301076,1909f56bfc062723c751e8b465ee728b) (PreviewImporter) -> (artifact id: '2a9a8aef96eeb526cca2e19082e87e09') in 0.0115561 seconds
Number of updated asset objects reloaded before import = 0Number of asset objects unloaded after import = 3

========================================================================
Received Import Request.
  Time since last request: 0.000024 seconds.
  path: Assets/Stylized 2D Space Shooter - Free/Sprites/Small - No light/Pickup_1_D_Small_NoLight.png
  artifactKey: Guid(ce442935230ce1447b08a37244a1a9f0) Importer(815301076,1909f56bfc062723c751e8b465ee728b)
Start importing Assets/Stylized 2D Space Shooter - Free/Sprites/Small - No light/Pickup_1_D_Small_NoLight.png using Guid(ce442935230ce1447b08a37244a1a9f0) Importer(815301076,1909f56bfc062723c751e8b465ee728b) (PreviewImporter) -> (artifact id: '79982edd59cb34844b3c89ca6c6d7cc5') in 0.0096707 seconds
Number of updated asset objects reloaded before import = 0Number of asset objects unloaded after import = 3

========================================================================
Received Import Request.
  Time since last request: 0.000032 seconds.
  path: Assets/Stylized 2D Space Shooter - Free/Sprites/Small - No light/Ship_1_D_Small_NoLight.png
  artifactKey: Guid(a6a76a9e360df7a4c8c2fe50438de46a) Importer(815301076,1909f56bfc062723c751e8b465ee728b)
Start importing Assets/Stylized 2D Space Shooter - Free/Sprites/Small - No light/Ship_1_D_Small_NoLight.png using Guid(a6a76a9e360df7a4c8c2fe50438de46a) Importer(815301076,1909f56bfc062723c751e8b465ee728b) (PreviewImporter) -> (artifact id: '5c113f2880f4fa0efa6621bc68b411b8') in 0.0114754 seconds
Number of updated asset objects reloaded before import = 0Number of asset objects unloaded after import = 3

========================================================================
Received Import Request.
  Time since last request: 0.000035 seconds.
  path: Assets/Stylized 2D Space Shooter - Free/Sprites/Small - No light/Pickup_1_B_Small_NoLight.png
  artifactKey: Guid(8a0ed2994532f9e43a1b90d9397b7d23) Importer(815301076,1909f56bfc062723c751e8b465ee728b)
Start importing Assets/Stylized 2D Space Shooter - Free/Sprites/Small - No light/Pickup_1_B_Small_NoLight.png using Guid(8a0ed2994532f9e43a1b90d9397b7d23) Importer(815301076,1909f56bfc062723c751e8b465ee728b) (PreviewImporter) -> (artifact id: '1d788cb76865c5d209acd3addf0d8b2d') in 0.0084641 seconds
Number of updated asset objects reloaded before import = 0Number of asset objects unloaded after import = 3

========================================================================
Received Import Request.
  Time since last request: 0.000029 seconds.
  path: Assets/Stylized 2D Space Shooter - Free/Sprites/Small - No light/Missile_E_Small_NoLight.png
  artifactKey: Guid(c03da59594cb4d645b3f94bdee97b018) Importer(815301076,1909f56bfc062723c751e8b465ee728b)
Start importing Assets/Stylized 2D Space Shooter - Free/Sprites/Small - No light/Missile_E_Small_NoLight.png using Guid(c03da59594cb4d645b3f94bdee97b018) Importer(815301076,1909f56bfc062723c751e8b465ee728b) (PreviewImporter) -> (artifact id: '5e2e123950429e0127f80ed339a0d9c5') in 0.0077998 seconds
Number of updated asset objects reloaded before import = 0Number of asset objects unloaded after import = 3

========================================================================
Received Import Request.
  Time since last request: 0.000036 seconds.
  path: Assets/Stylized 2D Space Shooter - Free/Sprites/Small - No light/Pickup_3_A_Small_NoLight.png
  artifactKey: Guid(713cae21de05f50478e9c6060780168d) Importer(815301076,1909f56bfc062723c751e8b465ee728b)
Start importing Assets/Stylized 2D Space Shooter - Free/Sprites/Small - No light/Pickup_3_A_Small_NoLight.png using Guid(713cae21de05f50478e9c6060780168d) Importer(815301076,1909f56bfc062723c751e8b465ee728b) (PreviewImporter) -> (artifact id: '21ff7d040bc7791e303cc47f4bedb2ee') in 0.0092219 seconds
Number of updated asset objects reloaded before import = 0Number of asset objects unloaded after import = 3

========================================================================
Received Import Request.
  Time since last request: 0.000025 seconds.
  path: Assets/Stylized 2D Space Shooter - Free/Sprites/Small - No light/Pickup_2_E_Small_NoLight.png
  artifactKey: Guid(a576ab06a0a3ee74e8df688b641de608) Importer(815301076,1909f56bfc062723c751e8b465ee728b)
Start importing Assets/Stylized 2D Space Shooter - Free/Sprites/Small - No light/Pickup_2_E_Small_NoLight.png using Guid(a576ab06a0a3ee74e8df688b641de608) Importer(815301076,1909f56bfc062723c751e8b465ee728b) (PreviewImporter) -> (artifact id: '5659cce79899c470e55260caf5f9de83') in 0.007536 seconds
Number of updated asset objects reloaded before import = 0Number of asset objects unloaded after import = 3

========================================================================
Received Import Request.
  Time since last request: 0.000024 seconds.
  path: Assets/Stylized 2D Space Shooter - Free/Sprites/Small - No light/Pickup_1_C_Small_NoLight.png
  artifactKey: Guid(9bfb8f838c6c61246964da2a0cef94b8) Importer(815301076,1909f56bfc062723c751e8b465ee728b)
Start importing Assets/Stylized 2D Space Shooter - Free/Sprites/Small - No light/Pickup_1_C_Small_NoLight.png using Guid(9bfb8f838c6c61246964da2a0cef94b8) Importer(815301076,1909f56bfc062723c751e8b465ee728b) (PreviewImporter) -> (artifact id: '84fcec85a4279988edc7f7ab5cfec765') in 0.0094689 seconds
Number of updated asset objects reloaded before import = 0Number of asset objects unloaded after import = 3

========================================================================
Received Import Request.
  Time since last request: 0.000024 seconds.
  path: Assets/Stylized 2D Space Shooter - Free/Sprites/Small - No light/Enemy_2_A_Small_NoLight.png
  artifactKey: Guid(8b74d942f3d1af6498d9ed0682877da9) Importer(815301076,1909f56bfc062723c751e8b465ee728b)
Start importing Assets/Stylized 2D Space Shooter - Free/Sprites/Small - No light/Enemy_2_A_Small_NoLight.png using Guid(8b74d942f3d1af6498d9ed0682877da9) Importer(815301076,1909f56bfc062723c751e8b465ee728b) (PreviewImporter) -> (artifact id: '39a2c9732e30a94d71ceb0f852b6fcce') in 0.0096963 seconds
Number of updated asset objects reloaded before import = 0Number of asset objects unloaded after import = 3

========================================================================
Received Import Request.
  Time since last request: 0.000027 seconds.
  path: Assets/Stylized 2D Space Shooter - Free/Sprites/Small - No light/Ship_2_C_Small_NoLight.png
  artifactKey: Guid(e332401f81cf1f845b12d44b5806ee15) Importer(815301076,1909f56bfc062723c751e8b465ee728b)
Start importing Assets/Stylized 2D Space Shooter - Free/Sprites/Small - No light/Ship_2_C_Small_NoLight.png using Guid(e332401f81cf1f845b12d44b5806ee15) Importer(815301076,1909f56bfc062723c751e8b465ee728b) (PreviewImporter) -> (artifact id: '10e6307c375cae8a963e9dc445104bfd') in 0.0118867 seconds
Number of updated asset objects reloaded before import = 0Number of asset objects unloaded after import = 3

========================================================================
Received Import Request.
  Time since last request: 0.000050 seconds.
  path: Assets/Stylized 2D Space Shooter - Free/Sprites/Small - No light/Enemy_3_A_Small_NoLight.png
  artifactKey: Guid(e41d12f956031d24884e1032ec427a86) Importer(815301076,1909f56bfc062723c751e8b465ee728b)
Start importing Assets/Stylized 2D Space Shooter - Free/Sprites/Small - No light/Enemy_3_A_Small_NoLight.png using Guid(e41d12f956031d24884e1032ec427a86) Importer(815301076,1909f56bfc062723c751e8b465ee728b) (PreviewImporter) -> (artifact id: '4867fbd54d1fbb658d94f03c9f977966') in 0.0106565 seconds
Number of updated asset objects reloaded before import = 0Number of asset objects unloaded after import = 3

========================================================================
Received Import Request.
  Time since last request: 0.000023 seconds.
  path: Assets/Stylized 2D Space Shooter - Free/Sprites/Small - No light/Missile_A_Small_NoLight.png
  artifactKey: Guid(ea051db86044ba34c91e8b2e8388c708) Importer(815301076,1909f56bfc062723c751e8b465ee728b)
Start importing Assets/Stylized 2D Space Shooter - Free/Sprites/Small - No light/Missile_A_Small_NoLight.png using Guid(ea051db86044ba34c91e8b2e8388c708) Importer(815301076,1909f56bfc062723c751e8b465ee728b) (PreviewImporter) -> (artifact id: 'efbb39ba183dd23cabd7502bc928b250') in 0.008038 seconds
Number of updated asset objects reloaded before import = 0Number of asset objects unloaded after import = 3

========================================================================
Received Import Request.
  Time since last request: 0.000023 seconds.
  path: Assets/Stylized 2D Space Shooter - Free/Sprites/Small - No light/Pickup_3_B_Small_NoLight.png
  artifactKey: Guid(190f4994934bd734688cd7e928bc2ace) Importer(815301076,1909f56bfc062723c751e8b465ee728b)
Start importing Assets/Stylized 2D Space Shooter - Free/Sprites/Small - No light/Pickup_3_B_Small_NoLight.png using Guid(190f4994934bd734688cd7e928bc2ace) Importer(815301076,1909f56bfc062723c751e8b465ee728b) (PreviewImporter) -> (artifact id: 'c57531488ecaef9906de1f9629195b7a') in 0.0079529 seconds
Number of updated asset objects reloaded before import = 0Number of asset objects unloaded after import = 3

========================================================================
Received Import Request.
  Time since last request: 0.000023 seconds.
  path: Assets/Stylized 2D Space Shooter - Free/Sprites/Small - No light/Enemy_1_B_Small_NoLight.png
  artifactKey: Guid(f4376f4df6305a4419e5cab8f1dd4f9a) Importer(815301076,1909f56bfc062723c751e8b465ee728b)
Start importing Assets/Stylized 2D Space Shooter - Free/Sprites/Small - No light/Enemy_1_B_Small_NoLight.png using Guid(f4376f4df6305a4419e5cab8f1dd4f9a) Importer(815301076,1909f56bfc062723c751e8b465ee728b) (PreviewImporter) -> (artifact id: 'b3874910c25520d0682857187d8a3fec') in 0.0114128 seconds
Number of updated asset objects reloaded before import = 0Number of asset objects unloaded after import = 3

========================================================================
Received Import Request.
  Time since last request: 0.000026 seconds.
  path: Assets/Stylized 2D Space Shooter - Free/Sprites/Small - No light/Ship_2_D_Small_NoLight.png
  artifactKey: Guid(71d795313ace28e4eb498e52eb70972a) Importer(815301076,1909f56bfc062723c751e8b465ee728b)
Start importing Assets/Stylized 2D Space Shooter - Free/Sprites/Small - No light/Ship_2_D_Small_NoLight.png using Guid(71d795313ace28e4eb498e52eb70972a) Importer(815301076,1909f56bfc062723c751e8b465ee728b) (PreviewImporter) -> (artifact id: '4456fbe9ff517ca2f2a6266d59122a83') in 0.0093701 seconds
Number of updated asset objects reloaded before import = 0Number of asset objects unloaded after import = 3

========================================================================
Received Import Request.
  Time since last request: 0.000025 seconds.
  path: Assets/Stylized 2D Space Shooter - Free/Sprites/Small - No light/Enemy_2_B_Small_NoLight.png
  artifactKey: Guid(59a1d99e90085514fb1a9058c67f2c54) Importer(815301076,1909f56bfc062723c751e8b465ee728b)
Start importing Assets/Stylized 2D Space Shooter - Free/Sprites/Small - No light/Enemy_2_B_Small_NoLight.png using Guid(59a1d99e90085514fb1a9058c67f2c54) Importer(815301076,1909f56bfc062723c751e8b465ee728b) (PreviewImporter) -> (artifact id: '818bd3d9b4d5e0efd72494ec514cc910') in 0.0096209 seconds
Number of updated asset objects reloaded before import = 0Number of asset objects unloaded after import = 3

========================================================================
Received Import Request.
  Time since last request: 0.000029 seconds.
  path: Assets/Stylized 2D Space Shooter - Free/Sprites/Small - No light/Enemy_3_B_Small_NoLight.png
  artifactKey: Guid(e5313c4867844fd4e82837f347038f40) Importer(815301076,1909f56bfc062723c751e8b465ee728b)
Start importing Assets/Stylized 2D Space Shooter - Free/Sprites/Small - No light/Enemy_3_B_Small_NoLight.png using Guid(e5313c4867844fd4e82837f347038f40) Importer(815301076,1909f56bfc062723c751e8b465ee728b) (PreviewImporter) -> (artifact id: '3d22ebd0cebbce43bc84a94404fdd68c') in 0.0096627 seconds
Number of updated asset objects reloaded before import = 0Number of asset objects unloaded after import = 3

========================================================================
Received Import Request.
  Time since last request: 0.000039 seconds.
  path: Assets/Stylized 2D Space Shooter - Free/Sprites/Small - No light/Enemy_4_B_Small_NoLight.png
  artifactKey: Guid(06828339c5c0be646b63e9f73657d5d5) Importer(815301076,1909f56bfc062723c751e8b465ee728b)
Start importing Assets/Stylized 2D Space Shooter - Free/Sprites/Small - No light/Enemy_4_B_Small_NoLight.png using Guid(06828339c5c0be646b63e9f73657d5d5) Importer(815301076,1909f56bfc062723c751e8b465ee728b) (PreviewImporter) -> (artifact id: '82ec01d4a7b59621ae6c5cb7e8b06060') in 0.0103101 seconds
Number of updated asset objects reloaded before import = 0Number of asset objects unloaded after import = 3

========================================================================
Received Import Request.
  Time since last request: 0.000024 seconds.
  path: Assets/Stylized 2D Space Shooter - Free/Sprites/Small - No light/Enemy_1_A_Small_NoLight.png
  artifactKey: Guid(2e9bcfcb3dbdb4b4bad1e0da69fa6650) Importer(815301076,1909f56bfc062723c751e8b465ee728b)
Start importing Assets/Stylized 2D Space Shooter - Free/Sprites/Small - No light/Enemy_1_A_Small_NoLight.png using Guid(2e9bcfcb3dbdb4b4bad1e0da69fa6650) Importer(815301076,1909f56bfc062723c751e8b465ee728b) (PreviewImporter) -> (artifact id: '3c88543819492cd0dcb7d594a1fcb30a') in 0.0121026 seconds
Number of updated asset objects reloaded before import = 0Number of asset objects unloaded after import = 3

========================================================================
Received Import Request.
  Time since last request: 0.000024 seconds.
  path: Assets/Stylized 2D Space Shooter - Free/Sprites/Small - No light/Pickup_3_D_Small_NoLight.png
  artifactKey: Guid(814c219e813dfa84fabc847bef265947) Importer(815301076,1909f56bfc062723c751e8b465ee728b)
Start importing Assets/Stylized 2D Space Shooter - Free/Sprites/Small - No light/Pickup_3_D_Small_NoLight.png using Guid(814c219e813dfa84fabc847bef265947) Importer(815301076,1909f56bfc062723c751e8b465ee728b) (PreviewImporter) -> (artifact id: '138dfd50467cbcb4de2364022af9b772') in 0.007759 seconds
Number of updated asset objects reloaded before import = 0Number of asset objects unloaded after import = 3

========================================================================
Received Import Request.
  Time since last request: 0.000024 seconds.
  path: Assets/Stylized 2D Space Shooter - Free/Sprites/Small - No light/Missile_B_Small_NoLight.png
  artifactKey: Guid(067a8b8f6da92b945ac30f64fe75ad0d) Importer(815301076,1909f56bfc062723c751e8b465ee728b)
Start importing Assets/Stylized 2D Space Shooter - Free/Sprites/Small - No light/Missile_B_Small_NoLight.png using Guid(067a8b8f6da92b945ac30f64fe75ad0d) Importer(815301076,1909f56bfc062723c751e8b465ee728b) (PreviewImporter) -> (artifact id: '704d6b1dec35fcb69b2366073a00e161') in 0.0091845 seconds
Number of updated asset objects reloaded before import = 0Number of asset objects unloaded after import = 3

========================================================================
Received Import Request.
  Time since last request: 0.000028 seconds.
  path: Assets/Stylized 2D Space Shooter - Free/Sprites/Small - No light/Ship_2_B_Small_NoLight.png
  artifactKey: Guid(bf6cf0cb4d204774fb5d7e251c0636cc) Importer(815301076,1909f56bfc062723c751e8b465ee728b)
Start importing Assets/Stylized 2D Space Shooter - Free/Sprites/Small - No light/Ship_2_B_Small_NoLight.png using Guid(bf6cf0cb4d204774fb5d7e251c0636cc) Importer(815301076,1909f56bfc062723c751e8b465ee728b) (PreviewImporter) -> (artifact id: '48565007b4ab04f0aab78eb9a3bd2242') in 0.0104167 seconds
Number of updated asset objects reloaded before import = 0Number of asset objects unloaded after import = 3

========================================================================
Received Import Request.
  Time since last request: 0.000025 seconds.
  path: Assets/Stylized 2D Space Shooter - Free/Sprites/Small - No light/Missile_C_Small_NoLight.png
  artifactKey: Guid(9baa2779b44723a459b16cdd82693d75) Importer(815301076,1909f56bfc062723c751e8b465ee728b)
Start importing Assets/Stylized 2D Space Shooter - Free/Sprites/Small - No light/Missile_C_Small_NoLight.png using Guid(9baa2779b44723a459b16cdd82693d75) Importer(815301076,1909f56bfc062723c751e8b465ee728b) (PreviewImporter) -> (artifact id: '46791bac0eb76808fe87321d3a06ab85') in 0.0083863 seconds
Number of updated asset objects reloaded before import = 0Number of asset objects unloaded after import = 3

========================================================================
Received Import Request.
  Time since last request: 514.302792 seconds.
  path: Assets/Copyspright/Pixel Space Shooter - Free/Prefabs/General/bullet_hit_01.prefab
  artifactKey: Guid(78bb6f8109dad477ba05d0df86823a78) Importer(815301076,1909f56bfc062723c751e8b465ee728b)
Start importing Assets/Copyspright/Pixel Space Shooter - Free/Prefabs/General/bullet_hit_01.prefab using Guid(78bb6f8109dad477ba05d0df86823a78) Importer(815301076,1909f56bfc062723c751e8b465ee728b) (PreviewImporter) -> (artifact id: '0d9b40c9523c8560d77e9f06f2a6e25d') in 0.0212492 seconds
Number of updated asset objects reloaded before import = 0Number of asset objects unloaded after import = 18

========================================================================
Received Import Request.
  Time since last request: 114.752850 seconds.
  path: Assets
  artifactKey: Guid(00000000000000001000000000000000) Importer(815301076,1909f56bfc062723c751e8b465ee728b)
Start importing Assets using Guid(00000000000000001000000000000000) Importer(815301076,1909f56bfc062723c751e8b465ee728b) (PreviewImporter) -> (artifact id: 'c391582d739b6e62a5220f35cbb167ac') in 0.0007577 seconds
Number of updated asset objects reloaded before import = 0Number of asset objects unloaded after import = 0

========================================================================
Received Import Request.
  Time since last request: 5.108285 seconds.
  path: Assets/Scripts
  artifactKey: Guid(10d5db91ccb23374abfb178f713a5977) Importer(815301076,1909f56bfc062723c751e8b465ee728b)
Start importing Assets/Scripts using Guid(10d5db91ccb23374abfb178f713a5977) Importer(815301076,1909f56bfc062723c751e8b465ee728b) (PreviewImporter) -> (artifact id: '7f52f51b273617e03b3ff0cad98ef238') in 0.0006378 seconds
Number of updated asset objects reloaded before import = 0Number of asset objects unloaded after import = 0

========================================================================
Received Prepare
Refreshing native plugins compatible for Editor in 1.48 ms, found 4 plugins.
Preloading 0 native plugins for Editor in 0.00 ms.
Unloading 40 Unused Serialized files (Serialized files now loaded: 0)
Unloading 6679 unused Assets / (7.3 MB). Loaded Objects now: 7483.
Memory consumption went from 162.6 MB to 155.4 MB.
Total: 14.665400 ms (FindLiveObjects: 0.814600 ms CreateObjectMapping: 0.875200 ms MarkObjects: 8.705900 ms  DeleteObjects: 4.268300 ms)

Prepare: number of updated asset objects reloaded= 0
========================================================================
Received Import Request.
  Time since last request: 14.102574 seconds.
  path: Assets/Scripts/Bullet.cs
  artifactKey: Guid(ccb537123ad091f4a956620bba77015c) Importer(815301076,1909f56bfc062723c751e8b465ee728b)
Start importing Assets/Scripts/Bullet.cs using Guid(ccb537123ad091f4a956620bba77015c) Importer(815301076,1909f56bfc062723c751e8b465ee728b) (PreviewImporter) -> (artifact id: '72409167888e548e765854f7aa389229') in 0.0027475 seconds
Number of updated asset objects reloaded before import = 0Number of asset objects unloaded after import = 0

========================================================================
Received Prepare
Begin MonoManager ReloadAssembly
- Loaded All Assemblies, in  0.880 seconds
Refreshing native plugins compatible for Editor in 1.20 ms, found 4 plugins.
Native extension for iOS target not found
Native extension for Android target not found
Native extension for WindowsStandalone target not found
Native extension for WebGL target not found
Mono: successfully reloaded assembly
- Finished resetting the current domain, in  0.813 seconds
Domain Reload Profiling: 1692ms
	BeginReloadAssembly (311ms)
		ExecutionOrderSort (0ms)
		DisableScriptedObjects (43ms)
		BackupInstance (0ms)
		ReleaseScriptingObjects (0ms)
		CreateAndSetChildDomain (90ms)
	RebuildCommonClasses (47ms)
	RebuildNativeTypeToScriptingClass (12ms)
	initialDomainReloadingComplete (30ms)
	LoadAllAssembliesAndSetupDomain (477ms)
		LoadAssemblies (390ms)
		RebuildTransferFunctionScriptingTraits (0ms)
		AnalyzeDomain (202ms)
			TypeCache.Refresh (10ms)
				TypeCache.ScanAssembly (0ms)
			BuildScriptInfoCaches (178ms)
			ResolveRequiredComponents (9ms)
	FinalizeReload (814ms)
		ReleaseScriptCaches (0ms)
		RebuildScriptCaches (0ms)
		SetupLoadedEditorAssemblies (592ms)
			LogAssemblyErrors (0ms)
			InitializePlatformSupportModulesInManaged (18ms)
			SetLoadedEditorAssemblies (7ms)
			BeforeProcessingInitializeOnLoad (125ms)
			ProcessInitializeOnLoadAttributes (370ms)
			ProcessInitializeOnLoadMethodAttributes (68ms)
			AfterProcessingInitializeOnLoad (4ms)
			EditorAssembliesLoaded (0ms)
		ExecutionOrderSort2 (0ms)
		AwakeInstancesAfterBackupRestoration (13ms)
Refreshing native plugins compatible for Editor in 1.44 ms, found 4 plugins.
Preloading 0 native plugins for Editor in 0.00 ms.
Unloading 40 Unused Serialized files (Serialized files now loaded: 0)
Unloading 6690 unused Assets / (7.5 MB). Loaded Objects now: 7384.
Memory consumption went from 161.9 MB to 154.4 MB.
Total: 10.176600 ms (FindLiveObjects: 0.693400 ms CreateObjectMapping: 0.759600 ms MarkObjects: 4.874400 ms  DeleteObjects: 3.847900 ms)

Prepare: number of updated asset objects reloaded= 0
========================================================================
Received Prepare
Refreshing native plugins compatible for Editor in 12.24 ms, found 4 plugins.
Preloading 0 native plugins for Editor in 0.00 ms.
Unloading 40 Unused Serialized files (Serialized files now loaded: 0)
Unloading 6680 unused Assets / (7.3 MB). Loaded Objects now: 7385.
Memory consumption went from 161.9 MB to 154.6 MB.
Total: 22.423800 ms (FindLiveObjects: 2.340300 ms CreateObjectMapping: 2.902500 ms MarkObjects: 11.255500 ms  DeleteObjects: 5.915600 ms)

Prepare: number of updated asset objects reloaded= 0
========================================================================
Received Import Request.
  Time since last request: 205.321446 seconds.
  path: Assets/Scripts/SpaceShip.cs
  artifactKey: Guid(707030751b8e35249ba94ea5e405db05) Importer(815301076,1909f56bfc062723c751e8b465ee728b)
Start importing Assets/Scripts/SpaceShip.cs using Guid(707030751b8e35249ba94ea5e405db05) Importer(815301076,1909f56bfc062723c751e8b465ee728b) (PreviewImporter) -> (artifact id: '6d7d6ce532a57a7c33e6d30b050c7a91') in 0.0123701 seconds
Number of updated asset objects reloaded before import = 0Number of asset objects unloaded after import = 0

========================================================================
Received Prepare
Begin MonoManager ReloadAssembly
- Loaded All Assemblies, in  0.747 seconds
Refreshing native plugins compatible for Editor in 1.65 ms, found 4 plugins.
Native extension for iOS target not found
Native extension for Android target not found
Native extension for WindowsStandalone target not found
Native extension for WebGL target not found
Mono: successfully reloaded assembly
- Finished resetting the current domain, in  0.795 seconds
Domain Reload Profiling: 1542ms
	BeginReloadAssembly (233ms)
		ExecutionOrderSort (0ms)
		DisableScriptedObjects (15ms)
		BackupInstance (0ms)
		ReleaseScriptingObjects (0ms)
		CreateAndSetChildDomain (67ms)
	RebuildCommonClasses (38ms)
	RebuildNativeTypeToScriptingClass (14ms)
	initialDomainReloadingComplete (25ms)
	LoadAllAssembliesAndSetupDomain (437ms)
		LoadAssemblies (348ms)
		RebuildTransferFunctionScriptingTraits (0ms)
		AnalyzeDomain (188ms)
			TypeCache.Refresh (9ms)
				TypeCache.ScanAssembly (0ms)
			BuildScriptInfoCaches (166ms)
			ResolveRequiredComponents (8ms)
	FinalizeReload (796ms)
		ReleaseScriptCaches (0ms)
		RebuildScriptCaches (0ms)
		SetupLoadedEditorAssemblies (576ms)
			LogAssemblyErrors (0ms)
			InitializePlatformSupportModulesInManaged (17ms)
			SetLoadedEditorAssemblies (7ms)
			BeforeProcessingInitializeOnLoad (125ms)
			ProcessInitializeOnLoadAttributes (351ms)
			ProcessInitializeOnLoadMethodAttributes (71ms)
			AfterProcessingInitializeOnLoad (4ms)
			EditorAssembliesLoaded (0ms)
		ExecutionOrderSort2 (0ms)
		AwakeInstancesAfterBackupRestoration (13ms)
Refreshing native plugins compatible for Editor in 1.74 ms, found 4 plugins.
Preloading 0 native plugins for Editor in 0.00 ms.
Unloading 40 Unused Serialized files (Serialized files now loaded: 0)
Unloading 6691 unused Assets / (7.6 MB). Loaded Objects now: 7387.
Memory consumption went from 161.8 MB to 154.2 MB.
Total: 10.384200 ms (FindLiveObjects: 0.698100 ms CreateObjectMapping: 0.692900 ms MarkObjects: 4.481600 ms  DeleteObjects: 4.510600 ms)

Prepare: number of updated asset objects reloaded= 0
========================================================================
Received Import Request.
  Time since last request: 7.390333 seconds.
  path: Assets/Scripts/SpaceShip.cs
  artifactKey: Guid(707030751b8e35249ba94ea5e405db05) Importer(815301076,1909f56bfc062723c751e8b465ee728b)
Start importing Assets/Scripts/SpaceShip.cs using Guid(707030751b8e35249ba94ea5e405db05) Importer(815301076,1909f56bfc062723c751e8b465ee728b) (PreviewImporter) -> (artifact id: '0d554575ffc7f6b78cc0a6458fd800cd') in 0.0035117 seconds
Number of updated asset objects reloaded before import = 0Number of asset objects unloaded after import = 0

========================================================================
Received Prepare
Refreshing native plugins compatible for Editor in 1.42 ms, found 4 plugins.
Preloading 0 native plugins for Editor in 0.00 ms.
Unloading 40 Unused Serialized files (Serialized files now loaded: 0)
Unloading 6680 unused Assets / (7.7 MB). Loaded Objects now: 7387.
Memory consumption went from 161.9 MB to 154.2 MB.
Total: 11.175700 ms (FindLiveObjects: 0.719600 ms CreateObjectMapping: 0.744300 ms MarkObjects: 5.196400 ms  DeleteObjects: 4.514000 ms)

Prepare: number of updated asset objects reloaded= 0
========================================================================
Received Prepare
Begin MonoManager ReloadAssembly
- Loaded All Assemblies, in  0.710 seconds
Refreshing native plugins compatible for Editor in 2.00 ms, found 4 plugins.
Native extension for iOS target not found
Native extension for Android target not found
Native extension for WindowsStandalone target not found
Native extension for WebGL target not found
Mono: successfully reloaded assembly
- Finished resetting the current domain, in  0.703 seconds
Domain Reload Profiling: 1413ms
	BeginReloadAssembly (205ms)
		ExecutionOrderSort (0ms)
		DisableScriptedObjects (18ms)
		BackupInstance (0ms)
		ReleaseScriptingObjects (0ms)
		CreateAndSetChildDomain (51ms)
	RebuildCommonClasses (31ms)
	RebuildNativeTypeToScriptingClass (11ms)
	initialDomainReloadingComplete (25ms)
	LoadAllAssembliesAndSetupDomain (438ms)
		LoadAssemblies (347ms)
		RebuildTransferFunctionScriptingTraits (0ms)
		AnalyzeDomain (185ms)
			TypeCache.Refresh (10ms)
				TypeCache.ScanAssembly (0ms)
			BuildScriptInfoCaches (162ms)
			ResolveRequiredComponents (8ms)
	FinalizeReload (704ms)
		ReleaseScriptCaches (0ms)
		RebuildScriptCaches (0ms)
		SetupLoadedEditorAssemblies (508ms)
			LogAssemblyErrors (0ms)
			InitializePlatformSupportModulesInManaged (15ms)
			SetLoadedEditorAssemblies (8ms)
			BeforeProcessingInitializeOnLoad (111ms)
			ProcessInitializeOnLoadAttributes (314ms)
			ProcessInitializeOnLoadMethodAttributes (56ms)
			AfterProcessingInitializeOnLoad (4ms)
			EditorAssembliesLoaded (0ms)
		ExecutionOrderSort2 (0ms)
		AwakeInstancesAfterBackupRestoration (11ms)
Refreshing native plugins compatible for Editor in 1.36 ms, found 4 plugins.
Preloading 0 native plugins for Editor in 0.00 ms.
Unloading 40 Unused Serialized files (Serialized files now loaded: 0)
Unloading 6691 unused Assets / (7.6 MB). Loaded Objects now: 7389.
Memory consumption went from 161.7 MB to 154.1 MB.
Total: 10.350800 ms (FindLiveObjects: 0.680400 ms CreateObjectMapping: 0.654400 ms MarkObjects: 4.811600 ms  DeleteObjects: 4.203400 ms)

Prepare: number of updated asset objects reloaded= 0
========================================================================
Received Prepare
Refreshing native plugins compatible for Editor in 1.48 ms, found 4 plugins.
Preloading 0 native plugins for Editor in 0.00 ms.
Unloading 40 Unused Serialized files (Serialized files now loaded: 0)
Unloading 6681 unused Assets / (6.5 MB). Loaded Objects now: 7390.
Memory consumption went from 161.9 MB to 155.4 MB.
Total: 11.183000 ms (FindLiveObjects: 0.826700 ms CreateObjectMapping: 0.957000 ms MarkObjects: 4.628100 ms  DeleteObjects: 4.770000 ms)

Prepare: number of updated asset objects reloaded= 1
========================================================================
Received Import Request.
  Time since last request: 174.017262 seconds.
  path: Assets/InputSystem_Actions.inputactions
  artifactKey: Guid(2bcd2660ca9b64942af0de543d8d7100) Importer(815301076,1909f56bfc062723c751e8b465ee728b)
Start importing Assets/InputSystem_Actions.inputactions using Guid(2bcd2660ca9b64942af0de543d8d7100) Importer(815301076,1909f56bfc062723c751e8b465ee728b) (PreviewImporter) -> (artifact id: 'c6691552362de8852bfdc5d695d3b995') in 0.0481867 seconds
Number of updated asset objects reloaded before import = 0Number of asset objects unloaded after import = 19

========================================================================
Received Prepare
Begin MonoManager ReloadAssembly
- Loaded All Assemblies, in  0.740 seconds
Refreshing native plugins compatible for Editor in 1.49 ms, found 4 plugins.
Native extension for iOS target not found
Native extension for Android target not found
Native extension for WindowsStandalone target not found
Native extension for WebGL target not found
Mono: successfully reloaded assembly
- Finished resetting the current domain, in  0.738 seconds
Domain Reload Profiling: 1479ms
	BeginReloadAssembly (213ms)
		ExecutionOrderSort (0ms)
		DisableScriptedObjects (14ms)
		BackupInstance (0ms)
		ReleaseScriptingObjects (0ms)
		CreateAndSetChildDomain (54ms)
	RebuildCommonClasses (38ms)
	RebuildNativeTypeToScriptingClass (12ms)
	initialDomainReloadingComplete (34ms)
	LoadAllAssembliesAndSetupDomain (443ms)
		LoadAssemblies (351ms)
		RebuildTransferFunctionScriptingTraits (0ms)
		AnalyzeDomain (193ms)
			TypeCache.Refresh (10ms)
				TypeCache.ScanAssembly (0ms)
			BuildScriptInfoCaches (165ms)
			ResolveRequiredComponents (13ms)
	FinalizeReload (739ms)
		ReleaseScriptCaches (0ms)
		RebuildScriptCaches (0ms)
		SetupLoadedEditorAssemblies (532ms)
			LogAssemblyErrors (0ms)
			InitializePlatformSupportModulesInManaged (18ms)
			SetLoadedEditorAssemblies (6ms)
			BeforeProcessingInitializeOnLoad (112ms)
			ProcessInitializeOnLoadAttributes (330ms)
			ProcessInitializeOnLoadMethodAttributes (61ms)
			AfterProcessingInitializeOnLoad (4ms)
			EditorAssembliesLoaded (0ms)
		ExecutionOrderSort2 (0ms)
		AwakeInstancesAfterBackupRestoration (11ms)
Refreshing native plugins compatible for Editor in 1.48 ms, found 4 plugins.
Preloading 0 native plugins for Editor in 0.00 ms.
Unloading 40 Unused Serialized files (Serialized files now loaded: 0)
Unloading 6692 unused Assets / (7.2 MB). Loaded Objects now: 7392.
Memory consumption went from 161.8 MB to 154.6 MB.
Total: 11.689800 ms (FindLiveObjects: 0.686000 ms CreateObjectMapping: 0.677200 ms MarkObjects: 6.636700 ms  DeleteObjects: 3.688600 ms)

Prepare: number of updated asset objects reloaded= 0
========================================================================
Received Import Request.
  Time since last request: 12.307904 seconds.
  path: Assets/InputSystems
  artifactKey: Guid(f0df233fa8b29cd459c2a36804a3cf8c) Importer(815301076,1909f56bfc062723c751e8b465ee728b)
Start importing Assets/InputSystems using Guid(f0df233fa8b29cd459c2a36804a3cf8c) Importer(815301076,1909f56bfc062723c751e8b465ee728b) (PreviewImporter) -> (artifact id: '9f229d2caf60cda08756684a30731bdf') in 0.0040456 seconds
Number of updated asset objects reloaded before import = 0Number of asset objects unloaded after import = 0

========================================================================
Received Prepare
Refreshing native plugins compatible for Editor in 1.55 ms, found 4 plugins.
Preloading 0 native plugins for Editor in 0.00 ms.
Unloading 40 Unused Serialized files (Serialized files now loaded: 0)
Unloading 6681 unused Assets / (7.2 MB). Loaded Objects now: 7392.
Memory consumption went from 161.9 MB to 154.8 MB.
Total: 8.908900 ms (FindLiveObjects: 0.692200 ms CreateObjectMapping: 0.653600 ms MarkObjects: 4.068100 ms  DeleteObjects: 3.494000 ms)

Prepare: number of updated asset objects reloaded= 0
========================================================================
Received Prepare
Begin MonoManager ReloadAssembly
- Loaded All Assemblies, in  0.733 seconds
Refreshing native plugins compatible for Editor in 1.79 ms, found 4 plugins.
Native extension for iOS target not found
Native extension for Android target not found
Native extension for WindowsStandalone target not found
Native extension for WebGL target not found
Mono: successfully reloaded assembly
- Finished resetting the current domain, in  0.706 seconds
Domain Reload Profiling: 1438ms
	BeginReloadAssembly (202ms)
		ExecutionOrderSort (0ms)
		DisableScriptedObjects (14ms)
		BackupInstance (0ms)
		ReleaseScriptingObjects (0ms)
		CreateAndSetChildDomain (62ms)
	RebuildCommonClasses (43ms)
	RebuildNativeTypeToScriptingClass (13ms)
	initialDomainReloadingComplete (25ms)
	LoadAllAssembliesAndSetupDomain (449ms)
		LoadAssemblies (333ms)
		RebuildTransferFunctionScriptingTraits (0ms)
		AnalyzeDomain (200ms)
			TypeCache.Refresh (12ms)
				TypeCache.ScanAssembly (0ms)
			BuildScriptInfoCaches (175ms)
			ResolveRequiredComponents (10ms)
	FinalizeReload (706ms)
		ReleaseScriptCaches (0ms)
		RebuildScriptCaches (0ms)
		SetupLoadedEditorAssemblies (517ms)
			LogAssemblyErrors (0ms)
			InitializePlatformSupportModulesInManaged (17ms)
			SetLoadedEditorAssemblies (5ms)
			BeforeProcessingInitializeOnLoad (115ms)
			ProcessInitializeOnLoadAttributes (319ms)
			ProcessInitializeOnLoadMethodAttributes (57ms)
			AfterProcessingInitializeOnLoad (3ms)
			EditorAssembliesLoaded (0ms)
		ExecutionOrderSort2 (0ms)
		AwakeInstancesAfterBackupRestoration (12ms)
Refreshing native plugins compatible for Editor in 1.48 ms, found 4 plugins.
Preloading 0 native plugins for Editor in 0.00 ms.
Unloading 40 Unused Serialized files (Serialized files now loaded: 0)
Unloading 6692 unused Assets / (7.3 MB). Loaded Objects now: 7394.
Memory consumption went from 161.7 MB to 154.5 MB.
Total: 9.942100 ms (FindLiveObjects: 0.814600 ms CreateObjectMapping: 0.788200 ms MarkObjects: 4.213700 ms  DeleteObjects: 4.124400 ms)

Prepare: number of updated asset objects reloaded= 0
========================================================================
Received Prepare
Refreshing native plugins compatible for Editor in 1.43 ms, found 4 plugins.
Preloading 0 native plugins for Editor in 0.00 ms.
Unloading 40 Unused Serialized files (Serialized files now loaded: 0)
Unloading 6682 unused Assets / (7.0 MB). Loaded Objects now: 7395.
Memory consumption went from 161.9 MB to 154.9 MB.
Total: 10.401000 ms (FindLiveObjects: 0.685800 ms CreateObjectMapping: 0.702500 ms MarkObjects: 5.478200 ms  DeleteObjects: 3.533100 ms)

Prepare: number of updated asset objects reloaded= 0
========================================================================
Received Import Request.
  Time since last request: 110.863325 seconds.
  path: Assets/InputSystems/InputSystemManager.cs
  artifactKey: Guid(b568638f8eeecdb4789d69b2cad4a03b) Importer(815301076,1909f56bfc062723c751e8b465ee728b)
Start importing Assets/InputSystems/InputSystemManager.cs using Guid(b568638f8eeecdb4789d69b2cad4a03b) Importer(815301076,1909f56bfc062723c751e8b465ee728b) (PreviewImporter) -> (artifact id: 'd274ee060053c9af3dcbb4a129b7a161') in 0.0146383 seconds
Number of updated asset objects reloaded before import = 0Number of asset objects unloaded after import = 0

========================================================================
Received Prepare
Begin MonoManager ReloadAssembly
- Loaded All Assemblies, in  0.774 seconds
Refreshing native plugins compatible for Editor in 1.98 ms, found 4 plugins.
Native extension for iOS target not found
Native extension for Android target not found
Native extension for WindowsStandalone target not found
Native extension for WebGL target not found
Mono: successfully reloaded assembly
- Finished resetting the current domain, in  0.728 seconds
Domain Reload Profiling: 1499ms
	BeginReloadAssembly (209ms)
		ExecutionOrderSort (0ms)
		DisableScriptedObjects (12ms)
		BackupInstance (0ms)
		ReleaseScriptingObjects (0ms)
		CreateAndSetChildDomain (62ms)
	RebuildCommonClasses (40ms)
	RebuildNativeTypeToScriptingClass (14ms)
	initialDomainReloadingComplete (30ms)
	LoadAllAssembliesAndSetupDomain (477ms)
		LoadAssemblies (368ms)
		RebuildTransferFunctionScriptingTraits (0ms)
		AnalyzeDomain (200ms)
			TypeCache.Refresh (10ms)
				TypeCache.ScanAssembly (0ms)
			BuildScriptInfoCaches (172ms)
			ResolveRequiredComponents (15ms)
	FinalizeReload (728ms)
		ReleaseScriptCaches (0ms)
		RebuildScriptCaches (0ms)
		SetupLoadedEditorAssemblies (535ms)
			LogAssemblyErrors (0ms)
			InitializePlatformSupportModulesInManaged (21ms)
			SetLoadedEditorAssemblies (6ms)
			BeforeProcessingInitializeOnLoad (121ms)
			ProcessInitializeOnLoadAttributes (327ms)
			ProcessInitializeOnLoadMethodAttributes (56ms)
			AfterProcessingInitializeOnLoad (4ms)
			EditorAssembliesLoaded (0ms)
		ExecutionOrderSort2 (0ms)
		AwakeInstancesAfterBackupRestoration (11ms)
Refreshing native plugins compatible for Editor in 2.05 ms, found 4 plugins.
Preloading 0 native plugins for Editor in 0.00 ms.
Unloading 40 Unused Serialized files (Serialized files now loaded: 0)
Unloading 6693 unused Assets / (7.0 MB). Loaded Objects now: 7397.
Memory consumption went from 161.8 MB to 154.8 MB.
Total: 10.031300 ms (FindLiveObjects: 0.814600 ms CreateObjectMapping: 0.843100 ms MarkObjects: 4.696100 ms  DeleteObjects: 3.676600 ms)

Prepare: number of updated asset objects reloaded= 0
========================================================================
Received Import Request.
  Time since last request: 47.528608 seconds.
  path: Assets/InputSystems/InputSystem_Actions.cs
  artifactKey: Guid(e87fac1867171b24d9ed00f93c31da41) Importer(815301076,1909f56bfc062723c751e8b465ee728b)
Start importing Assets/InputSystems/InputSystem_Actions.cs using Guid(e87fac1867171b24d9ed00f93c31da41) Importer(815301076,1909f56bfc062723c751e8b465ee728b) (PreviewImporter) -> (artifact id: 'c9c5372aafb2ac78436101e916948715') in 0.0037813 seconds
Number of updated asset objects reloaded before import = 0Number of asset objects unloaded after import = 0

========================================================================
Received Prepare
Refreshing native plugins compatible for Editor in 1.48 ms, found 4 plugins.
Preloading 0 native plugins for Editor in 0.00 ms.
Unloading 40 Unused Serialized files (Serialized files now loaded: 0)
Unloading 6682 unused Assets / (8.9 MB). Loaded Objects now: 7397.
Memory consumption went from 162.0 MB to 153.1 MB.
Total: 13.201000 ms (FindLiveObjects: 0.720300 ms CreateObjectMapping: 0.693100 ms MarkObjects: 5.783800 ms  DeleteObjects: 6.002400 ms)

Prepare: number of updated asset objects reloaded= 0
========================================================================
Received Prepare
Begin MonoManager ReloadAssembly
- Loaded All Assemblies, in  0.786 seconds
Refreshing native plugins compatible for Editor in 1.24 ms, found 4 plugins.
Native extension for iOS target not found
Native extension for Android target not found
Native extension for WindowsStandalone target not found
Native extension for WebGL target not found
Mono: successfully reloaded assembly
- Finished resetting the current domain, in  0.759 seconds
Domain Reload Profiling: 1542ms
	BeginReloadAssembly (226ms)
		ExecutionOrderSort (0ms)
		DisableScriptedObjects (14ms)
		BackupInstance (0ms)
		ReleaseScriptingObjects (0ms)
		CreateAndSetChildDomain (57ms)
	RebuildCommonClasses (44ms)
	RebuildNativeTypeToScriptingClass (14ms)
	initialDomainReloadingComplete (27ms)
	LoadAllAssembliesAndSetupDomain (472ms)
		LoadAssemblies (369ms)
		RebuildTransferFunctionScriptingTraits (0ms)
		AnalyzeDomain (208ms)
			TypeCache.Refresh (11ms)
				TypeCache.ScanAssembly (0ms)
			BuildScriptInfoCaches (184ms)
			ResolveRequiredComponents (9ms)
	FinalizeReload (760ms)
		ReleaseScriptCaches (0ms)
		RebuildScriptCaches (0ms)
		SetupLoadedEditorAssemblies (545ms)
			LogAssemblyErrors (0ms)
			InitializePlatformSupportModulesInManaged (17ms)
			SetLoadedEditorAssemblies (7ms)
			BeforeProcessingInitializeOnLoad (126ms)
			ProcessInitializeOnLoadAttributes (327ms)
			ProcessInitializeOnLoadMethodAttributes (64ms)
			AfterProcessingInitializeOnLoad (4ms)
			EditorAssembliesLoaded (0ms)
		ExecutionOrderSort2 (0ms)
		AwakeInstancesAfterBackupRestoration (14ms)
Refreshing native plugins compatible for Editor in 1.42 ms, found 4 plugins.
Preloading 0 native plugins for Editor in 0.00 ms.
Unloading 40 Unused Serialized files (Serialized files now loaded: 0)
Unloading 6693 unused Assets / (7.3 MB). Loaded Objects now: 7399.
Memory consumption went from 161.8 MB to 154.5 MB.
Total: 9.334600 ms (FindLiveObjects: 0.740800 ms CreateObjectMapping: 0.681500 ms MarkObjects: 4.063800 ms  DeleteObjects: 3.847500 ms)

Prepare: number of updated asset objects reloaded= 0
========================================================================
Received Prepare
Refreshing native plugins compatible for Editor in 1.57 ms, found 4 plugins.
Preloading 0 native plugins for Editor in 0.00 ms.
Unloading 40 Unused Serialized files (Serialized files now loaded: 0)
Unloading 6682 unused Assets / (7.3 MB). Loaded Objects now: 7399.
Memory consumption went from 162.0 MB to 154.7 MB.
Total: 12.821100 ms (FindLiveObjects: 0.700100 ms CreateObjectMapping: 0.763100 ms MarkObjects: 7.241900 ms  DeleteObjects: 4.114400 ms)

Prepare: number of updated asset objects reloaded= 0
========================================================================
Received Prepare
Begin MonoManager ReloadAssembly
- Loaded All Assemblies, in  0.782 seconds
Refreshing native plugins compatible for Editor in 1.49 ms, found 4 plugins.
Native extension for iOS target not found
Native extension for Android target not found
Native extension for WindowsStandalone target not found
Native extension for WebGL target not found
Mono: successfully reloaded assembly
- Finished resetting the current domain, in  0.731 seconds
Domain Reload Profiling: 1512ms
	BeginReloadAssembly (212ms)
		ExecutionOrderSort (0ms)
		DisableScriptedObjects (15ms)
		BackupInstance (0ms)
		ReleaseScriptingObjects (0ms)
		CreateAndSetChildDomain (57ms)
	RebuildCommonClasses (31ms)
	RebuildNativeTypeToScriptingClass (11ms)
	initialDomainReloadingComplete (31ms)
	LoadAllAssembliesAndSetupDomain (496ms)
		LoadAssemblies (379ms)
		RebuildTransferFunctionScriptingTraits (0ms)
		AnalyzeDomain (215ms)
			TypeCache.Refresh (13ms)
				TypeCache.ScanAssembly (0ms)
			BuildScriptInfoCaches (188ms)
			ResolveRequiredComponents (10ms)
	FinalizeReload (732ms)
		ReleaseScriptCaches (0ms)
		RebuildScriptCaches (0ms)
		SetupLoadedEditorAssemblies (525ms)
			LogAssemblyErrors (0ms)
			InitializePlatformSupportModulesInManaged (16ms)
			SetLoadedEditorAssemblies (6ms)
			BeforeProcessingInitializeOnLoad (119ms)
			ProcessInitializeOnLoadAttributes (321ms)
			ProcessInitializeOnLoadMethodAttributes (59ms)
			AfterProcessingInitializeOnLoad (4ms)
			EditorAssembliesLoaded (0ms)
		ExecutionOrderSort2 (0ms)
		AwakeInstancesAfterBackupRestoration (12ms)
Refreshing native plugins compatible for Editor in 1.43 ms, found 4 plugins.
Preloading 0 native plugins for Editor in 0.00 ms.
Unloading 40 Unused Serialized files (Serialized files now loaded: 0)
Unloading 6693 unused Assets / (7.3 MB). Loaded Objects now: 7401.
Memory consumption went from 161.8 MB to 154.6 MB.
Total: 10.202700 ms (FindLiveObjects: 0.779500 ms CreateObjectMapping: 0.798100 ms MarkObjects: 4.699000 ms  DeleteObjects: 3.925000 ms)

Prepare: number of updated asset objects reloaded= 0
========================================================================
Received Prepare
Refreshing native plugins compatible for Editor in 1.46 ms, found 4 plugins.
Preloading 0 native plugins for Editor in 0.00 ms.
Unloading 40 Unused Serialized files (Serialized files now loaded: 0)
Unloading 6682 unused Assets / (7.4 MB). Loaded Objects now: 7401.
Memory consumption went from 162.0 MB to 154.6 MB.
Total: 9.924400 ms (FindLiveObjects: 0.915500 ms CreateObjectMapping: 0.786100 ms MarkObjects: 4.217800 ms  DeleteObjects: 4.003200 ms)

Prepare: number of updated asset objects reloaded= 0
========================================================================
Received Prepare
Begin MonoManager ReloadAssembly
- Loaded All Assemblies, in  0.767 seconds
Refreshing native plugins compatible for Editor in 1.70 ms, found 4 plugins.
Native extension for iOS target not found
Native extension for Android target not found
Native extension for WindowsStandalone target not found
Native extension for WebGL target not found
Mono: successfully reloaded assembly
- Finished resetting the current domain, in  0.735 seconds
Domain Reload Profiling: 1500ms
	BeginReloadAssembly (229ms)
		ExecutionOrderSort (0ms)
		DisableScriptedObjects (12ms)
		BackupInstance (0ms)
		ReleaseScriptingObjects (0ms)
		CreateAndSetChildDomain (65ms)
	RebuildCommonClasses (38ms)
	RebuildNativeTypeToScriptingClass (11ms)
	initialDomainReloadingComplete (24ms)
	LoadAllAssembliesAndSetupDomain (463ms)
		LoadAssemblies (346ms)
		RebuildTransferFunctionScriptingTraits (0ms)
		AnalyzeDomain (228ms)
			TypeCache.Refresh (9ms)
				TypeCache.ScanAssembly (0ms)
			BuildScriptInfoCaches (204ms)
			ResolveRequiredComponents (11ms)
	FinalizeReload (735ms)
		ReleaseScriptCaches (0ms)
		RebuildScriptCaches (0ms)
		SetupLoadedEditorAssemblies (531ms)
			LogAssemblyErrors (0ms)
			InitializePlatformSupportModulesInManaged (16ms)
			SetLoadedEditorAssemblies (6ms)
			BeforeProcessingInitializeOnLoad (111ms)
			ProcessInitializeOnLoadAttributes (334ms)
			ProcessInitializeOnLoadMethodAttributes (60ms)
			AfterProcessingInitializeOnLoad (4ms)
			EditorAssembliesLoaded (0ms)
		ExecutionOrderSort2 (0ms)
		AwakeInstancesAfterBackupRestoration (13ms)
Refreshing native plugins compatible for Editor in 1.76 ms, found 4 plugins.
Preloading 0 native plugins for Editor in 0.00 ms.
Unloading 40 Unused Serialized files (Serialized files now loaded: 0)
Unloading 6693 unused Assets / (7.6 MB). Loaded Objects now: 7403.
Memory consumption went from 161.8 MB to 154.2 MB.
Total: 12.591600 ms (FindLiveObjects: 0.863700 ms CreateObjectMapping: 1.079000 ms MarkObjects: 5.633300 ms  DeleteObjects: 5.014000 ms)

Prepare: number of updated asset objects reloaded= 0
========================================================================
Received Prepare
Begin MonoManager ReloadAssembly
- Loaded All Assemblies, in  0.697 seconds
Refreshing native plugins compatible for Editor in 1.57 ms, found 4 plugins.
Native extension for iOS target not found
Native extension for Android target not found
Native extension for WindowsStandalone target not found
Native extension for WebGL target not found
Mono: successfully reloaded assembly
- Finished resetting the current domain, in  0.781 seconds
Domain Reload Profiling: 1478ms
	BeginReloadAssembly (205ms)
		ExecutionOrderSort (0ms)
		DisableScriptedObjects (15ms)
		BackupInstance (0ms)
		ReleaseScriptingObjects (0ms)
		CreateAndSetChildDomain (60ms)
	RebuildCommonClasses (31ms)
	RebuildNativeTypeToScriptingClass (12ms)
	initialDomainReloadingComplete (26ms)
	LoadAllAssembliesAndSetupDomain (423ms)
		LoadAssemblies (314ms)
		RebuildTransferFunctionScriptingTraits (0ms)
		AnalyzeDomain (196ms)
			TypeCache.Refresh (7ms)
				TypeCache.ScanAssembly (0ms)
			BuildScriptInfoCaches (175ms)
			ResolveRequiredComponents (10ms)
	FinalizeReload (782ms)
		ReleaseScriptCaches (0ms)
		RebuildScriptCaches (0ms)
		SetupLoadedEditorAssemblies (593ms)
			LogAssemblyErrors (0ms)
			InitializePlatformSupportModulesInManaged (16ms)
			SetLoadedEditorAssemblies (5ms)
			BeforeProcessingInitializeOnLoad (124ms)
			ProcessInitializeOnLoadAttributes (369ms)
			ProcessInitializeOnLoadMethodAttributes (74ms)
			AfterProcessingInitializeOnLoad (4ms)
			EditorAssembliesLoaded (0ms)
		ExecutionOrderSort2 (0ms)
		AwakeInstancesAfterBackupRestoration (14ms)
Refreshing native plugins compatible for Editor in 1.88 ms, found 4 plugins.
Preloading 0 native plugins for Editor in 0.00 ms.
Unloading 40 Unused Serialized files (Serialized files now loaded: 0)
Unloading 6693 unused Assets / (7.5 MB). Loaded Objects now: 7405.
Memory consumption went from 161.8 MB to 154.3 MB.
Total: 10.741300 ms (FindLiveObjects: 0.753100 ms CreateObjectMapping: 0.780500 ms MarkObjects: 4.964500 ms  DeleteObjects: 4.242200 ms)

Prepare: number of updated asset objects reloaded= 0
========================================================================
Received Prepare
Begin MonoManager ReloadAssembly
- Loaded All Assemblies, in  0.787 seconds
Refreshing native plugins compatible for Editor in 1.75 ms, found 4 plugins.
Native extension for iOS target not found
Native extension for Android target not found
Native extension for WindowsStandalone target not found
Native extension for WebGL target not found
Mono: successfully reloaded assembly
- Finished resetting the current domain, in  0.694 seconds
Domain Reload Profiling: 1480ms
	BeginReloadAssembly (210ms)
		ExecutionOrderSort (0ms)
		DisableScriptedObjects (14ms)
		BackupInstance (0ms)
		ReleaseScriptingObjects (0ms)
		CreateAndSetChildDomain (49ms)
	RebuildCommonClasses (46ms)
	RebuildNativeTypeToScriptingClass (12ms)
	initialDomainReloadingComplete (25ms)
	LoadAllAssembliesAndSetupDomain (492ms)
		LoadAssemblies (384ms)
		RebuildTransferFunctionScriptingTraits (0ms)
		AnalyzeDomain (213ms)
			TypeCache.Refresh (24ms)
				TypeCache.ScanAssembly (14ms)
			BuildScriptInfoCaches (176ms)
			ResolveRequiredComponents (10ms)
	FinalizeReload (695ms)
		ReleaseScriptCaches (0ms)
		RebuildScriptCaches (0ms)
		SetupLoadedEditorAssemblies (511ms)
			LogAssemblyErrors (0ms)
			InitializePlatformSupportModulesInManaged (16ms)
			SetLoadedEditorAssemblies (3ms)
			BeforeProcessingInitializeOnLoad (118ms)
			ProcessInitializeOnLoadAttributes (307ms)
			ProcessInitializeOnLoadMethodAttributes (64ms)
			AfterProcessingInitializeOnLoad (3ms)
			EditorAssembliesLoaded (0ms)
		ExecutionOrderSort2 (0ms)
		AwakeInstancesAfterBackupRestoration (11ms)
Refreshing native plugins compatible for Editor in 1.44 ms, found 4 plugins.
Preloading 0 native plugins for Editor in 0.00 ms.
Unloading 40 Unused Serialized files (Serialized files now loaded: 0)
Unloading 6849 unused Assets / (7.2 MB). Loaded Objects now: 7563.
Memory consumption went from 162.6 MB to 155.4 MB.
Total: 9.494900 ms (FindLiveObjects: 0.731900 ms CreateObjectMapping: 0.746800 ms MarkObjects: 4.526700 ms  DeleteObjects: 3.488500 ms)

Prepare: number of updated asset objects reloaded= 0
