Using pre-set license
Built from '6000.0/staging' branch; Version is '6000.0.41f1 (46e447368a18) revision 4645959'; Using compiler version '193933523'; Build Type 'Release'
OS: 'Windows 11  (10.0.22631) 64bit Professional' Language: 'ja' Physical Memory: 32440 MB
BatchMode: 1, IsHumanControllingUs: 0, StartBugReporterOnCrash: 0, Is64bit: 1, IsPro: 1

COMMAND LINE ARGUMENTS:
C:\Program Files\Unity\Hub\Editor\6000.0.41f1\Editor\Unity.exe
-adb2
-batchMode
-noUpm
-name
AssetImportWorker4
-projectPath
C:/Users/ktc/Desktop/WedPersonal/Monochrome
-logFile
Logs/AssetImportWorker4.log
-srvPort
52671
-job-worker-count
7
-background-job-worker-count
8
-gc-helper-count
1
Successfully changed project path to: C:/Users/ktc/Desktop/WedPersonal/Monochrome
C:/Users/ktc/Desktop/WedPersonal/Monochrome
[UnityMemory] Configuration Parameters - Can be set up in boot.config
    "memorysetup-bucket-allocator-granularity=16"
    "memorysetup-bucket-allocator-bucket-count=8"
    "memorysetup-bucket-allocator-block-size=33554432"
    "memorysetup-bucket-allocator-block-count=8"
    "memorysetup-main-allocator-block-size=16777216"
    "memorysetup-thread-allocator-block-size=16777216"
    "memorysetup-gfx-main-allocator-block-size=16777216"
    "memorysetup-gfx-thread-allocator-block-size=16777216"
    "memorysetup-cache-allocator-block-size=4194304"
    "memorysetup-typetree-allocator-block-size=2097152"
    "memorysetup-profiler-bucket-allocator-granularity=16"
    "memorysetup-profiler-bucket-allocator-bucket-count=8"
    "memorysetup-profiler-bucket-allocator-block-size=33554432"
    "memorysetup-profiler-bucket-allocator-block-count=8"
    "memorysetup-profiler-allocator-block-size=16777216"
    "memorysetup-profiler-editor-allocator-block-size=1048576"
    "memorysetup-temp-allocator-size-main=16777216"
    "memorysetup-job-temp-allocator-block-size=2097152"
    "memorysetup-job-temp-allocator-block-size-background=1048576"
    "memorysetup-job-temp-allocator-reduction-small-platforms=262144"
    "memorysetup-allocator-temp-initial-block-size-main=262144"
    "memorysetup-allocator-temp-initial-block-size-worker=262144"
    "memorysetup-temp-allocator-size-background-worker=32768"
    "memorysetup-temp-allocator-size-job-worker=262144"
    "memorysetup-temp-allocator-size-preload-manager=33554432"
    "memorysetup-temp-allocator-size-nav-mesh-worker=65536"
    "memorysetup-temp-allocator-size-audio-worker=65536"
    "memorysetup-temp-allocator-size-cloud-worker=32768"
    "memorysetup-temp-allocator-size-gi-baking-worker=262144"
    "memorysetup-temp-allocator-size-gi-baking-worker=262144"
    "memorysetup-temp-allocator-size-gi-baking-worker=262144"
    "memorysetup-temp-allocator-size-gi-baking-worker=262144"
    "memorysetup-temp-allocator-size-gi-baking-worker=262144"
    "memorysetup-temp-allocator-size-gfx=262144"
Player connection [29308]  Target information:

Player connection [29308]  * "[IP] 172.22.90.104 [Port] 0 [Flags] 2 [Guid] 2388597281 [EditorId] 2388597281 [Version] 1048832 [Id] WindowsEditor(7,604-19) [Debug] 1 [PackageName] WindowsEditor [ProjectName] Editor" 

Player connection [29308]  * "[IP] 172.19.176.1 [Port] 0 [Flags] 2 [Guid] 2388597281 [EditorId] 2388597281 [Version] 1048832 [Id] WindowsEditor(7,604-19) [Debug] 1 [PackageName] WindowsEditor [ProjectName] Editor" 

Player connection [29308]  * "[IP] 192.168.217.1 [Port] 0 [Flags] 2 [Guid] 2388597281 [EditorId] 2388597281 [Version] 1048832 [Id] WindowsEditor(7,604-19) [Debug] 1 [PackageName] WindowsEditor [ProjectName] Editor" 

Player connection [29308]  * "[IP] 192.168.172.1 [Port] 0 [Flags] 2 [Guid] 2388597281 [EditorId] 2388597281 [Version] 1048832 [Id] WindowsEditor(7,604-19) [Debug] 1 [PackageName] WindowsEditor [ProjectName] Editor" 

Player connection [29308]  * "[IP] 192.168.56.1 [Port] 0 [Flags] 2 [Guid] 2388597281 [EditorId] 2388597281 [Version] 1048832 [Id] WindowsEditor(7,604-19) [Debug] 1 [PackageName] WindowsEditor [ProjectName] Editor" 

Player connection [29308] Host joined multi-casting on [225.0.0.222:54997]...
Player connection [29308] Host joined alternative multi-casting on [225.0.0.222:34997]...
JobSystem: Creating JobQueue using job-worker-count value 7
Input System module state changed to: Initialized.
[Physics::Module] Initialized fallback backend.
[Physics::Module] Id: 0xdecafbad
Library Redirect Path: Library/
[Physics::Module] Selected backend.
[Physics::Module] Name: PhysX
[Physics::Module] Id: 0xf2b8ea05
[Physics::Module] SDK Version: 4.1.2
[Physics::Module] Integration Version: 1.0.0
[Physics::Module] Threading Mode: Multi-Threaded
Refreshing native plugins compatible for Editor in 4.54 ms, found 4 plugins.
Preloading 0 native plugins for Editor in 0.00 ms.
Initialize engine version: 6000.0.41f1 (46e447368a18)
[Subsystems] Discovering subsystems at path C:/Program Files/Unity/Hub/Editor/6000.0.41f1/Editor/Data/Resources/UnitySubsystems
[Subsystems] Discovering subsystems at path C:/Users/ktc/Desktop/WedPersonal/Monochrome/Assets
GfxDevice: creating device client; kGfxThreadingModeNonThreaded
Direct3D:
    Version:  Direct3D 11.0 [level 11.1]
    Renderer: NVIDIA GeForce RTX 3070 (ID=0x2484)
    Vendor:   NVIDIA
    VRAM:     8018 MB
    Driver:   32.0.15.6624
Initialize mono
Mono path[0] = 'C:/Program Files/Unity/Hub/Editor/6000.0.41f1/Editor/Data/Managed'
Mono path[1] = 'C:/Program Files/Unity/Hub/Editor/6000.0.41f1/Editor/Data/MonoBleedingEdge/lib/mono/unityjit-win32'
Mono config path = 'C:/Program Files/Unity/Hub/Editor/6000.0.41f1/Editor/Data/MonoBleedingEdge/etc'
Using monoOptions --debugger-agent=transport=dt_socket,embedding=1,server=y,suspend=n,address=127.0.0.1:56324
Begin MonoManager ReloadAssembly
Registering precompiled unity dll's ...
Register platform support module: C:/Program Files/Unity/Hub/Editor/6000.0.41f1/Editor/Data/PlaybackEngines/WebGLSupport/UnityEditor.WebGL.Extensions.dll
Register platform support module: C:/Program Files/Unity/Hub/Editor/6000.0.41f1/Editor/Data/PlaybackEngines/WindowsStandaloneSupport/UnityEditor.WindowsStandalone.Extensions.dll
Register platform support module: C:/Program Files/Unity/Hub/Editor/6000.0.41f1/Editor/Data/PlaybackEngines/AndroidPlayer/UnityEditor.Android.Extensions.dll
Register platform support module: C:/Program Files/Unity/Hub/Editor/6000.0.41f1/Editor/Data/PlaybackEngines/iOSSupport/UnityEditor.iOS.Extensions.dll
Registered in 0.004717 seconds.
- Loaded All Assemblies, in  0.421 seconds
[usbmuxd] Start listen thread
[usbmuxd] Listen thread started
Native extension for iOS target not found
Native extension for Android target not found
Android Extension - Scanning For ADB Devices 245 ms
Native extension for WindowsStandalone target not found
Native extension for WebGL target not found
Mono: successfully reloaded assembly
- Finished resetting the current domain, in  0.611 seconds
Domain Reload Profiling: 1030ms
	BeginReloadAssembly (134ms)
		ExecutionOrderSort (0ms)
		DisableScriptedObjects (0ms)
		BackupInstance (0ms)
		ReleaseScriptingObjects (0ms)
		CreateAndSetChildDomain (1ms)
	RebuildCommonClasses (41ms)
	RebuildNativeTypeToScriptingClass (10ms)
	initialDomainReloadingComplete (48ms)
	LoadAllAssembliesAndSetupDomain (185ms)
		LoadAssemblies (133ms)
		RebuildTransferFunctionScriptingTraits (0ms)
		AnalyzeDomain (181ms)
			TypeCache.Refresh (179ms)
				TypeCache.ScanAssembly (166ms)
			BuildScriptInfoCaches (0ms)
			ResolveRequiredComponents (0ms)
	FinalizeReload (611ms)
		ReleaseScriptCaches (0ms)
		RebuildScriptCaches (0ms)
		SetupLoadedEditorAssemblies (566ms)
			LogAssemblyErrors (0ms)
			InitializePlatformSupportModulesInManaged (327ms)
			SetLoadedEditorAssemblies (4ms)
			BeforeProcessingInitializeOnLoad (49ms)
			ProcessInitializeOnLoadAttributes (126ms)
			ProcessInitializeOnLoadMethodAttributes (61ms)
			AfterProcessingInitializeOnLoad (0ms)
			EditorAssembliesLoaded (0ms)
		ExecutionOrderSort2 (0ms)
		AwakeInstancesAfterBackupRestoration (0ms)
========================================================================
Worker process is ready to serve import requests
Import Worker Mode flag is 0x00
Begin MonoManager ReloadAssembly
- Loaded All Assemblies, in  0.737 seconds
Refreshing native plugins compatible for Editor in 1.75 ms, found 4 plugins.
Native extension for iOS target not found
Native extension for Android target not found
Native extension for WindowsStandalone target not found
Native extension for WebGL target not found
Mono: successfully reloaded assembly
- Finished resetting the current domain, in  0.791 seconds
Domain Reload Profiling: 1523ms
	BeginReloadAssembly (160ms)
		ExecutionOrderSort (0ms)
		DisableScriptedObjects (6ms)
		BackupInstance (0ms)
		ReleaseScriptingObjects (0ms)
		CreateAndSetChildDomain (37ms)
	RebuildCommonClasses (30ms)
	RebuildNativeTypeToScriptingClass (10ms)
	initialDomainReloadingComplete (33ms)
	LoadAllAssembliesAndSetupDomain (500ms)
		LoadAssemblies (343ms)
		RebuildTransferFunctionScriptingTraits (0ms)
		AnalyzeDomain (245ms)
			TypeCache.Refresh (182ms)
				TypeCache.ScanAssembly (162ms)
			BuildScriptInfoCaches (53ms)
			ResolveRequiredComponents (8ms)
	FinalizeReload (791ms)
		ReleaseScriptCaches (0ms)
		RebuildScriptCaches (0ms)
		SetupLoadedEditorAssemblies (635ms)
			LogAssemblyErrors (0ms)
			InitializePlatformSupportModulesInManaged (16ms)
			SetLoadedEditorAssemblies (3ms)
			BeforeProcessingInitializeOnLoad (108ms)
			ProcessInitializeOnLoadAttributes (389ms)
			ProcessInitializeOnLoadMethodAttributes (114ms)
			AfterProcessingInitializeOnLoad (6ms)
			EditorAssembliesLoaded (0ms)
		ExecutionOrderSort2 (0ms)
		AwakeInstancesAfterBackupRestoration (6ms)
Launched and connected shader compiler UnityShaderCompiler.exe after 0.01 seconds
Refreshing native plugins compatible for Editor in 1.72 ms, found 4 plugins.
Preloading 0 native plugins for Editor in 0.00 ms.
Unloading 206 Unused Serialized files (Serialized files now loaded: 0)
Unloading 6691 unused Assets / (7.4 MB). Loaded Objects now: 7337.
Memory consumption went from 182.1 MB to 174.7 MB.
Total: 10.258000 ms (FindLiveObjects: 0.708500 ms CreateObjectMapping: 0.804100 ms MarkObjects: 4.644800 ms  DeleteObjects: 4.099300 ms)

========================================================================
Received Prepare
Begin MonoManager ReloadAssembly
- Loaded All Assemblies, in  0.758 seconds
Refreshing native plugins compatible for Editor in 1.32 ms, found 4 plugins.
Native extension for iOS target not found
Native extension for Android target not found
Native extension for WindowsStandalone target not found
Native extension for WebGL target not found
Mono: successfully reloaded assembly
- Finished resetting the current domain, in  0.688 seconds
Domain Reload Profiling: 1446ms
	BeginReloadAssembly (240ms)
		ExecutionOrderSort (0ms)
		DisableScriptedObjects (22ms)
		BackupInstance (0ms)
		ReleaseScriptingObjects (0ms)
		CreateAndSetChildDomain (73ms)
	RebuildCommonClasses (32ms)
	RebuildNativeTypeToScriptingClass (11ms)
	initialDomainReloadingComplete (27ms)
	LoadAllAssembliesAndSetupDomain (447ms)
		LoadAssemblies (327ms)
		RebuildTransferFunctionScriptingTraits (0ms)
		AnalyzeDomain (211ms)
			TypeCache.Refresh (12ms)
				TypeCache.ScanAssembly (0ms)
			BuildScriptInfoCaches (183ms)
			ResolveRequiredComponents (11ms)
	FinalizeReload (689ms)
		ReleaseScriptCaches (0ms)
		RebuildScriptCaches (0ms)
		SetupLoadedEditorAssemblies (504ms)
			LogAssemblyErrors (0ms)
			InitializePlatformSupportModulesInManaged (20ms)
			SetLoadedEditorAssemblies (6ms)
			BeforeProcessingInitializeOnLoad (116ms)
			ProcessInitializeOnLoadAttributes (296ms)
			ProcessInitializeOnLoadMethodAttributes (61ms)
			AfterProcessingInitializeOnLoad (4ms)
			EditorAssembliesLoaded (0ms)
		ExecutionOrderSort2 (0ms)
		AwakeInstancesAfterBackupRestoration (12ms)
Refreshing native plugins compatible for Editor in 1.33 ms, found 4 plugins.
Preloading 0 native plugins for Editor in 0.00 ms.
Unloading 40 Unused Serialized files (Serialized files now loaded: 0)
Unloading 6699 unused Assets / (7.1 MB). Loaded Objects now: 7350.
Memory consumption went from 156.1 MB to 149.0 MB.
Total: 8.714500 ms (FindLiveObjects: 0.667500 ms CreateObjectMapping: 0.624300 ms MarkObjects: 4.235100 ms  DeleteObjects: 3.186600 ms)

Prepare: number of updated asset objects reloaded= 0
========================================================================
Received Import Request.
  Time since last request: 3135.242547 seconds.
  path: Assets/OneToonBuilding/Prefabs/Floors/Empty.prefab
  artifactKey: Guid(133666fc3ec31a54695646ca5d51911c) Importer(815301076,1909f56bfc062723c751e8b465ee728b)
Start importing Assets/OneToonBuilding/Prefabs/Floors/Empty.prefab using Guid(133666fc3ec31a54695646ca5d51911c) Importer(815301076,1909f56bfc062723c751e8b465ee728b) (PreviewImporter) -> (artifact id: '7e6421d40f10a5ff1dc39f919f7f5c24') in 0.0433492 seconds
Number of updated asset objects reloaded before import = 0Number of asset objects unloaded after import = 7

========================================================================
Received Import Request.
  Time since last request: 4.227040 seconds.
  path: Assets/OneToonBuilding/Prefabs/Floors/ComI/ComIB01/ComIB01F00.prefab
  artifactKey: Guid(f7caa602c206b284d8507a66ec2ae4de) Importer(815301076,1909f56bfc062723c751e8b465ee728b)
Start importing Assets/OneToonBuilding/Prefabs/Floors/ComI/ComIB01/ComIB01F00.prefab using Guid(f7caa602c206b284d8507a66ec2ae4de) Importer(815301076,1909f56bfc062723c751e8b465ee728b) (PreviewImporter) -> (artifact id: '241a600cbb8acc51199333b7208403ee') in 0.670824 seconds
Number of updated asset objects reloaded before import = 0Number of asset objects unloaded after import = 768

========================================================================
Received Import Request.
  Time since last request: 0.000076 seconds.
  path: Assets/OneToonBuilding/Prefabs/Floors/ComI/ComIB01/ComIB01F00SA.prefab
  artifactKey: Guid(1b86674b545985c4f9ccc4c03136b49b) Importer(815301076,1909f56bfc062723c751e8b465ee728b)
Start importing Assets/OneToonBuilding/Prefabs/Floors/ComI/ComIB01/ComIB01F00SA.prefab using Guid(1b86674b545985c4f9ccc4c03136b49b) Importer(815301076,1909f56bfc062723c751e8b465ee728b) (PreviewImporter) -> (artifact id: '848a56a2acb518487cb6dbed241fc015') in 0.0582994 seconds
Number of updated asset objects reloaded before import = 0Number of asset objects unloaded after import = 622

========================================================================
Received Import Request.
  Time since last request: 0.000039 seconds.
  path: Assets/OneToonBuilding/Prefabs/Floors/ComI/ComIB01/ComIB01F03big.prefab
  artifactKey: Guid(74189923ff7b577419250f8160d1f764) Importer(815301076,1909f56bfc062723c751e8b465ee728b)
Start importing Assets/OneToonBuilding/Prefabs/Floors/ComI/ComIB01/ComIB01F03big.prefab using Guid(74189923ff7b577419250f8160d1f764) Importer(815301076,1909f56bfc062723c751e8b465ee728b) (PreviewImporter) -> (artifact id: 'ac0b0e7d57e42c26117d46195632fcb6') in 0.0209718 seconds
Number of updated asset objects reloaded before import = 0Number of asset objects unloaded after import = 31

========================================================================
Received Import Request.
  Time since last request: 0.000023 seconds.
  path: Assets/OneToonBuilding/Prefabs/Floors/ComI/ComIB01/ComIB01F01.prefab
  artifactKey: Guid(e8666f0d8b99f9d4b9082cedc03827b0) Importer(815301076,1909f56bfc062723c751e8b465ee728b)
Start importing Assets/OneToonBuilding/Prefabs/Floors/ComI/ComIB01/ComIB01F01.prefab using Guid(e8666f0d8b99f9d4b9082cedc03827b0) Importer(815301076,1909f56bfc062723c751e8b465ee728b) (PreviewImporter) -> (artifact id: 'a5252d0ca78c436efb0d55467bbe41f6') in 0.0172098 seconds
Number of updated asset objects reloaded before import = 0Number of asset objects unloaded after import = 75

========================================================================
Received Import Request.
  Time since last request: 0.000024 seconds.
  path: Assets/OneToonBuilding/Prefabs/Floors/ComI/ComIB01/ComIB01F00top.prefab
  artifactKey: Guid(7fcf3d671f1f6d349a192d395b7b5b6c) Importer(815301076,1909f56bfc062723c751e8b465ee728b)
Start importing Assets/OneToonBuilding/Prefabs/Floors/ComI/ComIB01/ComIB01F00top.prefab using Guid(7fcf3d671f1f6d349a192d395b7b5b6c) Importer(815301076,1909f56bfc062723c751e8b465ee728b) (PreviewImporter) -> (artifact id: 'bfbeddc36fe6d404e73ac42e373aa0d7') in 0.011508 seconds
Number of updated asset objects reloaded before import = 0Number of asset objects unloaded after import = 28

========================================================================
Received Import Request.
  Time since last request: 23.545131 seconds.
  path: Assets/OneToonBuilding/Prefabs/Roads/BuildingFloorI.prefab
  artifactKey: Guid(fe396c8f61d63df4484bc28b0ddb5cf7) Importer(815301076,1909f56bfc062723c751e8b465ee728b)
Start importing Assets/OneToonBuilding/Prefabs/Roads/BuildingFloorI.prefab using Guid(fe396c8f61d63df4484bc28b0ddb5cf7) Importer(815301076,1909f56bfc062723c751e8b465ee728b) (PreviewImporter) -> (artifact id: '586a1c15bae5401ee6a8780ab5eb176e') in 0.0112074 seconds
Number of updated asset objects reloaded before import = 0Number of asset objects unloaded after import = 10

========================================================================
Received Import Request.
  Time since last request: 0.498489 seconds.
  path: Assets/OneToonBuilding/Prefabs/Shops/ShopA01.prefab
  artifactKey: Guid(979706690f697474e9e23ead61a4bb8a) Importer(815301076,1909f56bfc062723c751e8b465ee728b)
Start importing Assets/OneToonBuilding/Prefabs/Shops/ShopA01.prefab using Guid(979706690f697474e9e23ead61a4bb8a) Importer(815301076,1909f56bfc062723c751e8b465ee728b) (PreviewImporter) -> (artifact id: '364168e419a5a94964923c7432fcfdd6') in 0.0230048 seconds
Number of updated asset objects reloaded before import = 0Number of asset objects unloaded after import = 89

========================================================================
Received Import Request.
  Time since last request: 0.000033 seconds.
  path: Assets/OneToonBuilding/Prefabs/Shops/ShopA05.prefab
  artifactKey: Guid(b181f1014efb8274fa2576d844eb4a0e) Importer(815301076,1909f56bfc062723c751e8b465ee728b)
Start importing Assets/OneToonBuilding/Prefabs/Shops/ShopA05.prefab using Guid(b181f1014efb8274fa2576d844eb4a0e) Importer(815301076,1909f56bfc062723c751e8b465ee728b) (PreviewImporter) -> (artifact id: 'c9d1b122b6ece9adcf9359734f2d2aaa') in 0.0277219 seconds
Number of updated asset objects reloaded before import = 0Number of asset objects unloaded after import = 97

========================================================================
Received Import Request.
  Time since last request: 9.340041 seconds.
  path: Assets/OneToonBuilding/Models/Buildings/ComI/ComIB01/ComIB01F00.fbx
  artifactKey: Guid(51c9f32f3c5fe094f8b08070f4c0fcad) Importer(815301076,1909f56bfc062723c751e8b465ee728b)
Start importing Assets/OneToonBuilding/Models/Buildings/ComI/ComIB01/ComIB01F00.fbx using Guid(51c9f32f3c5fe094f8b08070f4c0fcad) Importer(815301076,1909f56bfc062723c751e8b465ee728b) (PreviewImporter) -> (artifact id: 'cabc0e28539c577584a50b45a3512fde') in 0.2535204 seconds
Number of updated asset objects reloaded before import = 0Number of asset objects unloaded after import = 22

========================================================================
Received Import Request.
  Time since last request: 0.000061 seconds.
  path: Assets/OneToonBuilding/Models/Buildings/ComI/ComIB01/ComIB01F01big.fbx
  artifactKey: Guid(72822c2dd3803284aabd943dab7553cc) Importer(815301076,1909f56bfc062723c751e8b465ee728b)
Start importing Assets/OneToonBuilding/Models/Buildings/ComI/ComIB01/ComIB01F01big.fbx using Guid(72822c2dd3803284aabd943dab7553cc) Importer(815301076,1909f56bfc062723c751e8b465ee728b) (PreviewImporter) -> (artifact id: '44c4a3d5efccc23aa1e93b5cac5c25e5') in 0.0554627 seconds
Number of updated asset objects reloaded before import = 0Number of asset objects unloaded after import = 29

========================================================================
Received Import Request.
  Time since last request: 0.000039 seconds.
  path: Assets/OneToonBuilding/Models/Buildings/ComI/ComIB01/ComIB01F02.fbx
  artifactKey: Guid(d3061d4102fcc8d4da4b97e771e3af7c) Importer(815301076,1909f56bfc062723c751e8b465ee728b)
Start importing Assets/OneToonBuilding/Models/Buildings/ComI/ComIB01/ComIB01F02.fbx using Guid(d3061d4102fcc8d4da4b97e771e3af7c) Importer(815301076,1909f56bfc062723c751e8b465ee728b) (PreviewImporter) -> (artifact id: '4088e28dbd4476a54379644e63f49270') in 0.0465377 seconds
Number of updated asset objects reloaded before import = 0Number of asset objects unloaded after import = 32

========================================================================
Received Import Request.
  Time since last request: 8.908842 seconds.
  path: Assets/OneToonBuilding/Models/Materials/Lights/blinkinglights2.mat
  artifactKey: Guid(d5262823377f45b4aaea06efe2b9a2e5) Importer(815301076,1909f56bfc062723c751e8b465ee728b)
Start importing Assets/OneToonBuilding/Models/Materials/Lights/blinkinglights2.mat using Guid(d5262823377f45b4aaea06efe2b9a2e5) Importer(815301076,1909f56bfc062723c751e8b465ee728b) (PreviewImporter) -> (artifact id: '888f3b212d397047c7b860ef5b77a4d7') in 0.0263382 seconds
Number of updated asset objects reloaded before import = 0Number of asset objects unloaded after import = 3

========================================================================
Received Import Request.
  Time since last request: 0.000031 seconds.
  path: Assets/OneToonBuilding/Models/Materials/Lights/streetlightlight.mat
  artifactKey: Guid(17795754821ffcf4b970e56cc73bccf0) Importer(815301076,1909f56bfc062723c751e8b465ee728b)
Start importing Assets/OneToonBuilding/Models/Materials/Lights/streetlightlight.mat using Guid(17795754821ffcf4b970e56cc73bccf0) Importer(815301076,1909f56bfc062723c751e8b465ee728b) (PreviewImporter) -> (artifact id: '162e58e51910320f416c174e8e8b2771') in 0.1194194 seconds
Number of updated asset objects reloaded before import = 0Number of asset objects unloaded after import = 3

========================================================================
Received Import Request.
  Time since last request: 0.676653 seconds.
  path: Assets/OneToonBuilding/Models/Materials/Skies/CubeMapDarkNight.cubemap
  artifactKey: Guid(78d27e9614736bc45a5ac4f78f69a882) Importer(815301076,1909f56bfc062723c751e8b465ee728b)
Start importing Assets/OneToonBuilding/Models/Materials/Skies/CubeMapDarkNight.cubemap using Guid(78d27e9614736bc45a5ac4f78f69a882) Importer(815301076,1909f56bfc062723c751e8b465ee728b) (PreviewImporter) -> (artifact id: 'd90c883b54f645b7250e86bbb61135ee') in 0.2084618 seconds
Number of updated asset objects reloaded before import = 0Number of asset objects unloaded after import = 1

========================================================================
Received Import Request.
  Time since last request: 0.012005 seconds.
  path: Assets/OneToonBuilding/Models/Materials/Skies/CubeMapLateNight.cubemap
  artifactKey: Guid(fda5f72dea091a04eaaf950ddc983a6d) Importer(815301076,1909f56bfc062723c751e8b465ee728b)
Start importing Assets/OneToonBuilding/Models/Materials/Skies/CubeMapLateNight.cubemap using Guid(fda5f72dea091a04eaaf950ddc983a6d) Importer(815301076,1909f56bfc062723c751e8b465ee728b) (PreviewImporter) -> (artifact id: 'cab9d7aa4de586a32f74bfd2f40a4dac') in 0.2146932 seconds
Number of updated asset objects reloaded before import = 0Number of asset objects unloaded after import = 1

========================================================================
Received Import Request.
  Time since last request: 0.000029 seconds.
  path: Assets/OneToonBuilding/Models/Materials/Skies/Night.mat
  artifactKey: Guid(556e203ffad23794ca388bf6ef587682) Importer(815301076,1909f56bfc062723c751e8b465ee728b)
Start importing Assets/OneToonBuilding/Models/Materials/Skies/Night.mat using Guid(556e203ffad23794ca388bf6ef587682) Importer(815301076,1909f56bfc062723c751e8b465ee728b) (PreviewImporter) -> (artifact id: '00fb9ee3701b4e712294f83a2613b499') in 0.0987008 seconds
Number of updated asset objects reloaded before import = 0Number of asset objects unloaded after import = 1

========================================================================
Received Import Request.
  Time since last request: 0.000039 seconds.
  path: Assets/OneToonBuilding/Models/Materials/Skies/Dawn.mat
  artifactKey: Guid(fb2c8b39e9f3f674a8d32611de81e324) Importer(815301076,1909f56bfc062723c751e8b465ee728b)
Start importing Assets/OneToonBuilding/Models/Materials/Skies/Dawn.mat using Guid(fb2c8b39e9f3f674a8d32611de81e324) Importer(815301076,1909f56bfc062723c751e8b465ee728b) (PreviewImporter) -> (artifact id: '105ddaba24c492f272d4e007902d436b') in 0.0700907 seconds
Number of updated asset objects reloaded before import = 0Number of asset objects unloaded after import = 1

========================================================================
Received Import Request.
  Time since last request: 0.000039 seconds.
  path: Assets/OneToonBuilding/Models/Materials/Skies/LateNight.mat
  artifactKey: Guid(9ba322231fd22764f9346c8cbf7d35d9) Importer(815301076,1909f56bfc062723c751e8b465ee728b)
Start importing Assets/OneToonBuilding/Models/Materials/Skies/LateNight.mat using Guid(9ba322231fd22764f9346c8cbf7d35d9) Importer(815301076,1909f56bfc062723c751e8b465ee728b) (PreviewImporter) -> (artifact id: 'd887a4063e0e5330892838c234478ca7') in 0.0093958 seconds
Number of updated asset objects reloaded before import = 0Number of asset objects unloaded after import = 1

========================================================================
Received Import Request.
  Time since last request: 0.000028 seconds.
  path: Assets/OneToonBuilding/Models/Materials/Skies/ToonTownDawn.mat
  artifactKey: Guid(11cbaeda5d99971468ed97d5753e3bb1) Importer(815301076,1909f56bfc062723c751e8b465ee728b)
Start importing Assets/OneToonBuilding/Models/Materials/Skies/ToonTownDawn.mat using Guid(11cbaeda5d99971468ed97d5753e3bb1) Importer(815301076,1909f56bfc062723c751e8b465ee728b) (PreviewImporter) -> (artifact id: 'a78ed9b48f2d2990611d82a747713ebc') in 0.2473378 seconds
Number of updated asset objects reloaded before import = 0Number of asset objects unloaded after import = 2

========================================================================
Received Import Request.
  Time since last request: 0.000045 seconds.
  path: Assets/OneToonBuilding/Models/Materials/Skies/Day.mat
  artifactKey: Guid(11453dabf01a767459f8567f0e37d392) Importer(815301076,1909f56bfc062723c751e8b465ee728b)
Start importing Assets/OneToonBuilding/Models/Materials/Skies/Day.mat using Guid(11453dabf01a767459f8567f0e37d392) Importer(815301076,1909f56bfc062723c751e8b465ee728b) (PreviewImporter) -> (artifact id: '0f7850f31ee7652e9a55b787d6a97fea') in 0.007408 seconds
Number of updated asset objects reloaded before import = 0Number of asset objects unloaded after import = 1

Editor requested this worker to shutdown with reason: Scaling down because of idle timeout
AssetImportWorker is now disconnected from the server
Process exiting
Exiting without the bug reporter. Application will terminate with return code 0