Using pre-set license
Built from '6000.0/staging' branch; Version is '6000.0.41f1 (46e447368a18) revision 4645959'; Using compiler version '193933523'; Build Type 'Release'
OS: 'Windows 11  (10.0.26100) 64bit Professional' Language: 'ja' Physical Memory: 32508 MB
BatchMode: 1, IsHumanControllingUs: 0, StartBugReporterOnCrash: 0, Is64bit: 1, IsPro: 1

COMMAND LINE ARGUMENTS:
C:\Program Files\Unity\Hub\Editor\6000.0.41f1\Editor\Unity.exe
-adb2
-batchMode
-noUpm
-name
AssetImportWorker4
-projectPath
C:/Users/ktc/Desktop/新しいフォルダー/SpaceShooting
-logFile
Logs/AssetImportWorker4.log
-srvPort
54008
-job-worker-count
9
-background-job-worker-count
8
-gc-helper-count
1
Successfully changed project path to: C:/Users/ktc/Desktop/新しいフォルダー/SpaceShooting
C:/Users/ktc/Desktop/新しいフォルダー/SpaceShooting
[UnityMemory] Configuration Parameters - Can be set up in boot.config
    "memorysetup-bucket-allocator-granularity=16"
    "memorysetup-bucket-allocator-bucket-count=8"
    "memorysetup-bucket-allocator-block-size=33554432"
    "memorysetup-bucket-allocator-block-count=8"
    "memorysetup-main-allocator-block-size=16777216"
    "memorysetup-thread-allocator-block-size=16777216"
    "memorysetup-gfx-main-allocator-block-size=16777216"
    "memorysetup-gfx-thread-allocator-block-size=16777216"
    "memorysetup-cache-allocator-block-size=4194304"
    "memorysetup-typetree-allocator-block-size=2097152"
    "memorysetup-profiler-bucket-allocator-granularity=16"
    "memorysetup-profiler-bucket-allocator-bucket-count=8"
    "memorysetup-profiler-bucket-allocator-block-size=33554432"
    "memorysetup-profiler-bucket-allocator-block-count=8"
    "memorysetup-profiler-allocator-block-size=16777216"
    "memorysetup-profiler-editor-allocator-block-size=1048576"
    "memorysetup-temp-allocator-size-main=16777216"
    "memorysetup-job-temp-allocator-block-size=2097152"
    "memorysetup-job-temp-allocator-block-size-background=1048576"
    "memorysetup-job-temp-allocator-reduction-small-platforms=262144"
    "memorysetup-allocator-temp-initial-block-size-main=262144"
    "memorysetup-allocator-temp-initial-block-size-worker=262144"
    "memorysetup-temp-allocator-size-background-worker=32768"
    "memorysetup-temp-allocator-size-job-worker=262144"
    "memorysetup-temp-allocator-size-preload-manager=33554432"
    "memorysetup-temp-allocator-size-nav-mesh-worker=65536"
    "memorysetup-temp-allocator-size-audio-worker=65536"
    "memorysetup-temp-allocator-size-cloud-worker=32768"
    "memorysetup-temp-allocator-size-gi-baking-worker=262144"
    "memorysetup-temp-allocator-size-gi-baking-worker=262144"
    "memorysetup-temp-allocator-size-gi-baking-worker=262144"
    "memorysetup-temp-allocator-size-gi-baking-worker=262144"
    "memorysetup-temp-allocator-size-gi-baking-worker=262144"
    "memorysetup-temp-allocator-size-gfx=262144"
Player connection [25612]  Target information:

Player connection [25612]  * "[IP] 172.29.208.1 [Port] 0 [Flags] 2 [Guid] 117593380 [EditorId] 117593380 [Version] 1048832 [Id] WindowsEditor(7,GTUNE2-39) [Debug] 1 [PackageName] WindowsEditor [ProjectName] Editor" 

Player connection [25612]  * "[IP] 192.168.56.1 [Port] 0 [Flags] 2 [Guid] 117593380 [EditorId] 117593380 [Version] 1048832 [Id] WindowsEditor(7,GTUNE2-39) [Debug] 1 [PackageName] WindowsEditor [ProjectName] Editor" 

Player connection [25612]  * "[IP] 172.22.80.60 [Port] 0 [Flags] 2 [Guid] 117593380 [EditorId] 117593380 [Version] 1048832 [Id] WindowsEditor(7,GTUNE2-39) [Debug] 1 [PackageName] WindowsEditor [ProjectName] Editor" 

Player connection [25612] Host joined multi-casting on [225.0.0.222:54997]...
Player connection [25612] Host joined alternative multi-casting on [225.0.0.222:34997]...
JobSystem: Creating JobQueue using job-worker-count value 9
Input System module state changed to: Initialized.
[Physics::Module] Initialized fallback backend.
[Physics::Module] Id: 0xdecafbad
Library Redirect Path: Library/
[Physics::Module] Selected backend.
[Physics::Module] Name: PhysX
[Physics::Module] Id: 0xf2b8ea05
[Physics::Module] SDK Version: 4.1.2
[Physics::Module] Integration Version: 1.0.0
[Physics::Module] Threading Mode: Multi-Threaded
Refreshing native plugins compatible for Editor in 2.43 ms, found 4 plugins.
Preloading 0 native plugins for Editor in 0.00 ms.
Initialize engine version: 6000.0.41f1 (46e447368a18)
[Subsystems] Discovering subsystems at path C:/Program Files/Unity/Hub/Editor/6000.0.41f1/Editor/Data/Resources/UnitySubsystems
[Subsystems] Discovering subsystems at path C:/Users/ktc/Desktop/新しいフォルダー/SpaceShooting/Assets
GfxDevice: creating device client; kGfxThreadingModeNonThreaded
Direct3D:
    Version:  Direct3D 11.0 [level 11.1]
    Renderer: NVIDIA GeForce RTX 4060 Laptop GPU (ID=0x28a0)
    Vendor:   NVIDIA
    VRAM:     7957 MB
    Driver:   32.0.15.5612
Initialize mono
Mono path[0] = 'C:/Program Files/Unity/Hub/Editor/6000.0.41f1/Editor/Data/Managed'
Mono path[1] = 'C:/Program Files/Unity/Hub/Editor/6000.0.41f1/Editor/Data/MonoBleedingEdge/lib/mono/unityjit-win32'
Mono config path = 'C:/Program Files/Unity/Hub/Editor/6000.0.41f1/Editor/Data/MonoBleedingEdge/etc'
Using monoOptions --debugger-agent=transport=dt_socket,embedding=1,server=y,suspend=n,address=127.0.0.1:56228
Begin MonoManager ReloadAssembly
Registering precompiled unity dll's ...
Register platform support module: C:/Program Files/Unity/Hub/Editor/6000.0.41f1/Editor/Data/PlaybackEngines/WebGLSupport/UnityEditor.WebGL.Extensions.dll
Register platform support module: C:/Program Files/Unity/Hub/Editor/6000.0.41f1/Editor/Data/PlaybackEngines/WindowsStandaloneSupport/UnityEditor.WindowsStandalone.Extensions.dll
Register platform support module: C:/Program Files/Unity/Hub/Editor/6000.0.41f1/Editor/Data/PlaybackEngines/AndroidPlayer/UnityEditor.Android.Extensions.dll
Register platform support module: C:/Program Files/Unity/Hub/Editor/6000.0.41f1/Editor/Data/PlaybackEngines/iOSSupport/UnityEditor.iOS.Extensions.dll
Registered in 0.006358 seconds.
- Loaded All Assemblies, in  0.363 seconds
[usbmuxd] Start listen thread
[usbmuxd] Listen thread started
Native extension for iOS target not found
Native extension for Android target not found
Android Extension - Scanning For ADB Devices 233 ms
Native extension for WindowsStandalone target not found
Native extension for WebGL target not found
Mono: successfully reloaded assembly
- Finished resetting the current domain, in  0.584 seconds
Domain Reload Profiling: 945ms
	BeginReloadAssembly (119ms)
		ExecutionOrderSort (0ms)
		DisableScriptedObjects (0ms)
		BackupInstance (0ms)
		ReleaseScriptingObjects (0ms)
		CreateAndSetChildDomain (1ms)
	RebuildCommonClasses (33ms)
	RebuildNativeTypeToScriptingClass (10ms)
	initialDomainReloadingComplete (50ms)
	LoadAllAssembliesAndSetupDomain (149ms)
		LoadAssemblies (117ms)
		RebuildTransferFunctionScriptingTraits (0ms)
		AnalyzeDomain (145ms)
			TypeCache.Refresh (144ms)
				TypeCache.ScanAssembly (134ms)
			BuildScriptInfoCaches (0ms)
			ResolveRequiredComponents (0ms)
	FinalizeReload (584ms)
		ReleaseScriptCaches (0ms)
		RebuildScriptCaches (0ms)
		SetupLoadedEditorAssemblies (540ms)
			LogAssemblyErrors (0ms)
			InitializePlatformSupportModulesInManaged (319ms)
			SetLoadedEditorAssemblies (3ms)
			BeforeProcessingInitializeOnLoad (47ms)
			ProcessInitializeOnLoadAttributes (110ms)
			ProcessInitializeOnLoadMethodAttributes (61ms)
			AfterProcessingInitializeOnLoad (0ms)
			EditorAssembliesLoaded (0ms)
		ExecutionOrderSort2 (0ms)
		AwakeInstancesAfterBackupRestoration (0ms)
========================================================================
Worker process is ready to serve import requests
Import Worker Mode flag is 0x00
Begin MonoManager ReloadAssembly
- Loaded All Assemblies, in  0.769 seconds
Refreshing native plugins compatible for Editor in 1.26 ms, found 4 plugins.
Native extension for iOS target not found
Native extension for Android target not found
Native extension for WindowsStandalone target not found
Native extension for WebGL target not found
Mono: successfully reloaded assembly
- Finished resetting the current domain, in  0.693 seconds
Domain Reload Profiling: 1456ms
	BeginReloadAssembly (148ms)
		ExecutionOrderSort (0ms)
		DisableScriptedObjects (7ms)
		BackupInstance (0ms)
		ReleaseScriptingObjects (0ms)
		CreateAndSetChildDomain (24ms)
	RebuildCommonClasses (33ms)
	RebuildNativeTypeToScriptingClass (11ms)
	initialDomainReloadingComplete (37ms)
	LoadAllAssembliesAndSetupDomain (534ms)
		LoadAssemblies (348ms)
		RebuildTransferFunctionScriptingTraits (0ms)
		AnalyzeDomain (274ms)
			TypeCache.Refresh (200ms)
				TypeCache.ScanAssembly (181ms)
			BuildScriptInfoCaches (61ms)
			ResolveRequiredComponents (9ms)
	FinalizeReload (693ms)
		ReleaseScriptCaches (0ms)
		RebuildScriptCaches (0ms)
		SetupLoadedEditorAssemblies (567ms)
			LogAssemblyErrors (0ms)
			InitializePlatformSupportModulesInManaged (17ms)
			SetLoadedEditorAssemblies (3ms)
			BeforeProcessingInitializeOnLoad (117ms)
			ProcessInitializeOnLoadAttributes (324ms)
			ProcessInitializeOnLoadMethodAttributes (102ms)
			AfterProcessingInitializeOnLoad (4ms)
			EditorAssembliesLoaded (0ms)
		ExecutionOrderSort2 (0ms)
		AwakeInstancesAfterBackupRestoration (4ms)
Launched and connected shader compiler UnityShaderCompiler.exe after 0.01 seconds
Refreshing native plugins compatible for Editor in 1.79 ms, found 4 plugins.
Preloading 0 native plugins for Editor in 0.00 ms.
Unloading 206 Unused Serialized files (Serialized files now loaded: 0)
Unloading 6824 unused Assets / (4.3 MB). Loaded Objects now: 7525.
Memory consumption went from 177.8 MB to 173.5 MB.
Total: 6.890600 ms (FindLiveObjects: 0.851400 ms CreateObjectMapping: 0.470100 ms MarkObjects: 3.652400 ms  DeleteObjects: 1.915600 ms)

========================================================================
Received Import Request.
  Time since last request: 1330.270088 seconds.
  path: Assets/Stylized 2D Space Shooter - Free/Sprites/Small/Ship_2_B_Small.png
  artifactKey: Guid(113783b27ec57644c8546e829cd217ad) Importer(2089858483,192608db42251d675da83286b1cce702)
Start importing Assets/Stylized 2D Space Shooter - Free/Sprites/Small/Ship_2_B_Small.png using Guid(113783b27ec57644c8546e829cd217ad) Importer(2089858483,192608db42251d675da83286b1cce702) (ScriptedImporter) -> (artifact id: '4800f6a56e28fdc701d44bd3b10859dd') in 0.1959446 seconds
Number of updated asset objects reloaded before import = 0Number of asset objects unloaded after import = 3

========================================================================
Received Import Request.
  Time since last request: 0.000019 seconds.
  path: Assets/Stylized 2D Space Shooter - Free/Sprites/Small - No light/Pickup_2_D_Small_NoLight.png
  artifactKey: Guid(0da3f0a2ac6f51645b3c0fd10ebe69fc) Importer(2089858483,192608db42251d675da83286b1cce702)
Start importing Assets/Stylized 2D Space Shooter - Free/Sprites/Small - No light/Pickup_2_D_Small_NoLight.png using Guid(0da3f0a2ac6f51645b3c0fd10ebe69fc) Importer(2089858483,192608db42251d675da83286b1cce702) (ScriptedImporter) -> (artifact id: '0488cc1500daaee2e4023a883b935a98') in 0.0085286 seconds
Number of updated asset objects reloaded before import = 0Number of asset objects unloaded after import = 3

========================================================================
Received Import Request.
  Time since last request: 0.000042 seconds.
  path: Assets/Stylized 2D Space Shooter - Free/Sprites/Small - No light/Pickup_3_C_Small_NoLight.png
  artifactKey: Guid(bd5ad0ed1e6be584fae2694b56c4b8dc) Importer(2089858483,192608db42251d675da83286b1cce702)
Start importing Assets/Stylized 2D Space Shooter - Free/Sprites/Small - No light/Pickup_3_C_Small_NoLight.png using Guid(bd5ad0ed1e6be584fae2694b56c4b8dc) Importer(2089858483,192608db42251d675da83286b1cce702) (ScriptedImporter) -> (artifact id: '700c4f4f094e368b31746d09ad3957bc') in 0.0126233 seconds
Number of updated asset objects reloaded before import = 0Number of asset objects unloaded after import = 3

========================================================================
Received Import Request.
  Time since last request: 0.000014 seconds.
  path: Assets/Stylized 2D Space Shooter - Free/Sprites/Large/Missile_C_Large.png
  artifactKey: Guid(d26b0f548e9883d4eb87864d99c828c9) Importer(2089858483,192608db42251d675da83286b1cce702)
Start importing Assets/Stylized 2D Space Shooter - Free/Sprites/Large/Missile_C_Large.png using Guid(d26b0f548e9883d4eb87864d99c828c9) Importer(2089858483,192608db42251d675da83286b1cce702) (ScriptedImporter) -> (artifact id: 'd3d4438eb05ea3bdc75f191c222a5da0') in 0.0092818 seconds
Number of updated asset objects reloaded before import = 0Number of asset objects unloaded after import = 3

========================================================================
Received Import Request.
  Time since last request: 0.000013 seconds.
  path: Assets/Stylized 2D Space Shooter - Free/Sprites/Medium/Enemy_1_A_Medium.png
  artifactKey: Guid(2da3afa9b3caa7741be2ecab49e750e0) Importer(2089858483,192608db42251d675da83286b1cce702)
Start importing Assets/Stylized 2D Space Shooter - Free/Sprites/Medium/Enemy_1_A_Medium.png using Guid(2da3afa9b3caa7741be2ecab49e750e0) Importer(2089858483,192608db42251d675da83286b1cce702) (ScriptedImporter) -> (artifact id: 'dd2cbdc52fe16e10a2921aa458982abb') in 0.0124078 seconds
Number of updated asset objects reloaded before import = 0Number of asset objects unloaded after import = 3

========================================================================
Received Import Request.
  Time since last request: 0.000019 seconds.
  path: Assets/Stylized 2D Space Shooter - Free/Sprites/Medium/Missile_D_Medium.png
  artifactKey: Guid(79dc9ebb7f6d7a44d8a52dc24486c506) Importer(2089858483,192608db42251d675da83286b1cce702)
Start importing Assets/Stylized 2D Space Shooter - Free/Sprites/Medium/Missile_D_Medium.png using Guid(79dc9ebb7f6d7a44d8a52dc24486c506) Importer(2089858483,192608db42251d675da83286b1cce702) (ScriptedImporter) -> (artifact id: 'a87438b348d3ce934d4ff8a65e709b38') in 0.0113657 seconds
Number of updated asset objects reloaded before import = 0Number of asset objects unloaded after import = 3

========================================================================
Received Import Request.
  Time since last request: 0.000016 seconds.
  path: Assets/Stylized 2D Space Shooter - Free/Sprites/Small/Missile_D_Small.png
  artifactKey: Guid(228e144b3ca2cd142870ff07d4fa53f5) Importer(2089858483,192608db42251d675da83286b1cce702)
Start importing Assets/Stylized 2D Space Shooter - Free/Sprites/Small/Missile_D_Small.png using Guid(228e144b3ca2cd142870ff07d4fa53f5) Importer(2089858483,192608db42251d675da83286b1cce702) (ScriptedImporter) -> (artifact id: '7e38fad08742205c79fd078d48232c53') in 0.0120809 seconds
Number of updated asset objects reloaded before import = 0Number of asset objects unloaded after import = 3

========================================================================
Received Import Request.
  Time since last request: 0.000013 seconds.
  path: Assets/Stylized 2D Space Shooter - Free/Sprites/Large - No light/Enemy_3_B_Large_NoLight.png
  artifactKey: Guid(371455fe0e1e2114e93d710f55e2d4a8) Importer(2089858483,192608db42251d675da83286b1cce702)
Start importing Assets/Stylized 2D Space Shooter - Free/Sprites/Large - No light/Enemy_3_B_Large_NoLight.png using Guid(371455fe0e1e2114e93d710f55e2d4a8) Importer(2089858483,192608db42251d675da83286b1cce702) (ScriptedImporter) -> (artifact id: '43665a492a6ff0828d8e437f6b8cb611') in 0.0110753 seconds
Number of updated asset objects reloaded before import = 0Number of asset objects unloaded after import = 3

========================================================================
Received Import Request.
  Time since last request: 0.000016 seconds.
  path: Assets/Stylized 2D Space Shooter - Free/Sprites/Small/Enemy_4_D_Small.png
  artifactKey: Guid(59b0353827958284b98c1a0d29901cf5) Importer(2089858483,192608db42251d675da83286b1cce702)
Start importing Assets/Stylized 2D Space Shooter - Free/Sprites/Small/Enemy_4_D_Small.png using Guid(59b0353827958284b98c1a0d29901cf5) Importer(2089858483,192608db42251d675da83286b1cce702) (ScriptedImporter) -> (artifact id: '131cdbbbce95679c2a0537a3d503f04e') in 0.0100825 seconds
Number of updated asset objects reloaded before import = 0Number of asset objects unloaded after import = 3

========================================================================
Received Import Request.
  Time since last request: 0.000019 seconds.
  path: Assets/Stylized 2D Space Shooter - Free/Sprites/Large - No light/Pickup_2_D_Large_NoLight.png
  artifactKey: Guid(6e27d0afce01ed84592e15f11ec5b06c) Importer(2089858483,192608db42251d675da83286b1cce702)
Start importing Assets/Stylized 2D Space Shooter - Free/Sprites/Large - No light/Pickup_2_D_Large_NoLight.png using Guid(6e27d0afce01ed84592e15f11ec5b06c) Importer(2089858483,192608db42251d675da83286b1cce702) (ScriptedImporter) -> (artifact id: '9b44076527713baade44027853e63d83') in 0.0130764 seconds
Number of updated asset objects reloaded before import = 0Number of asset objects unloaded after import = 3

========================================================================
Received Import Request.
  Time since last request: 0.000014 seconds.
  path: Assets/Stylized 2D Space Shooter - Free/Sprites/Large/Pickup_2_D_Large.png
  artifactKey: Guid(2df2d1cad1c501a43b021eec60f0b0e8) Importer(2089858483,192608db42251d675da83286b1cce702)
Start importing Assets/Stylized 2D Space Shooter - Free/Sprites/Large/Pickup_2_D_Large.png using Guid(2df2d1cad1c501a43b021eec60f0b0e8) Importer(2089858483,192608db42251d675da83286b1cce702) (ScriptedImporter) -> (artifact id: 'a97d2ddb81ef9f966875fe7753425a8e') in 0.0129317 seconds
Number of updated asset objects reloaded before import = 0Number of asset objects unloaded after import = 3

========================================================================
Received Import Request.
  Time since last request: 0.000013 seconds.
  path: Assets/Stylized 2D Space Shooter - Free/Sprites/Small - No light/Pickup_2_A_Small_NoLight.png
  artifactKey: Guid(35ba2e6f5ba637e4da0f4849fe1262de) Importer(2089858483,192608db42251d675da83286b1cce702)
Start importing Assets/Stylized 2D Space Shooter - Free/Sprites/Small - No light/Pickup_2_A_Small_NoLight.png using Guid(35ba2e6f5ba637e4da0f4849fe1262de) Importer(2089858483,192608db42251d675da83286b1cce702) (ScriptedImporter) -> (artifact id: 'c66ad06c3b1df86af8759d113334f66b') in 0.0101579 seconds
Number of updated asset objects reloaded before import = 0Number of asset objects unloaded after import = 3

========================================================================
Received Import Request.
  Time since last request: 0.000013 seconds.
  path: Assets/Stylized 2D Space Shooter - Free/Sprites/Small - No light/Pickup_2_B_Small_NoLight.png
  artifactKey: Guid(0fb33308e14a4ce439edfc1cebcc33c1) Importer(2089858483,192608db42251d675da83286b1cce702)
Start importing Assets/Stylized 2D Space Shooter - Free/Sprites/Small - No light/Pickup_2_B_Small_NoLight.png using Guid(0fb33308e14a4ce439edfc1cebcc33c1) Importer(2089858483,192608db42251d675da83286b1cce702) (ScriptedImporter) -> (artifact id: '84460f5426725b2bf6df7ac5675451cc') in 0.0131328 seconds
Number of updated asset objects reloaded before import = 0Number of asset objects unloaded after import = 3

========================================================================
Received Import Request.
  Time since last request: 0.000014 seconds.
  path: Assets/2DSpaceshipsFreeTrial/Prefabs/2DSpaceshipsFreeTrialTopView/2DScifiFrigateCorsairTopViewMasterPrefab.prefab
  artifactKey: Guid(fedd70b28e1d0bc44b3cb74a02d982d3) Importer(2089858483,192608db42251d675da83286b1cce702)
Start importing Assets/2DSpaceshipsFreeTrial/Prefabs/2DSpaceshipsFreeTrialTopView/2DScifiFrigateCorsairTopViewMasterPrefab.prefab using Guid(fedd70b28e1d0bc44b3cb74a02d982d3) Importer(2089858483,192608db42251d675da83286b1cce702) (ScriptedImporter) -> (artifact id: '119e19914326b878b046b653ac7de2a1') in 0.0413177 seconds
Number of updated asset objects reloaded before import = 0Number of asset objects unloaded after import = 67

========================================================================
Received Import Request.
  Time since last request: 0.000015 seconds.
  path: Assets/Copyspright/Pixel Space Shooter - Free/Sprites/Effects/bullet_hit/bullet_hit_04.png
  artifactKey: Guid(95afebf3f3ff34d6eb7e196cd23f2e8f) Importer(2089858483,192608db42251d675da83286b1cce702)
Start importing Assets/Copyspright/Pixel Space Shooter - Free/Sprites/Effects/bullet_hit/bullet_hit_04.png using Guid(95afebf3f3ff34d6eb7e196cd23f2e8f) Importer(2089858483,192608db42251d675da83286b1cce702) (ScriptedImporter) -> (artifact id: '44f8490335e6906c67ca417ba29964ae') in 0.0105505 seconds
Number of updated asset objects reloaded before import = 0Number of asset objects unloaded after import = 3

========================================================================
Received Import Request.
  Time since last request: 0.000016 seconds.
  path: Assets/2DSpaceshipsFreeTrial/Prefabs/2DShipsStandardWeapons/SideView/Turrets/Right/2DShipsMediumTurretSideViewRight.prefab
  artifactKey: Guid(078010d0f9a479148bbac9092befcef6) Importer(2089858483,192608db42251d675da83286b1cce702)
Start importing Assets/2DSpaceshipsFreeTrial/Prefabs/2DShipsStandardWeapons/SideView/Turrets/Right/2DShipsMediumTurretSideViewRight.prefab using Guid(078010d0f9a479148bbac9092befcef6) Importer(2089858483,192608db42251d675da83286b1cce702) (ScriptedImporter) -> (artifact id: '02f4d6ae39019c70db97f4486b5e1851') in 0.0189608 seconds
Number of updated asset objects reloaded before import = 0Number of asset objects unloaded after import = 11

========================================================================
Received Import Request.
  Time since last request: 0.000020 seconds.
  path: Assets/2DSpaceshipsFreeTrial/Prefabs/2DShipsStandardWeapons/TopView/MissileLauncher/2DShipsMissileLauncherTopView.prefab
  artifactKey: Guid(88f8f7d77bc4a284298b36aeb4065952) Importer(2089858483,192608db42251d675da83286b1cce702)
Start importing Assets/2DSpaceshipsFreeTrial/Prefabs/2DShipsStandardWeapons/TopView/MissileLauncher/2DShipsMissileLauncherTopView.prefab using Guid(88f8f7d77bc4a284298b36aeb4065952) Importer(2089858483,192608db42251d675da83286b1cce702) (ScriptedImporter) -> (artifact id: '892ea0e0e073e5d4638b2f4170d0c682') in 0.0103768 seconds
Number of updated asset objects reloaded before import = 0Number of asset objects unloaded after import = 7

========================================================================
Received Import Request.
  Time since last request: 0.000015 seconds.
  path: Assets/Copyspright/Pixel Space Shooter - Free/Sprites/Effects/engine_particle.png
  artifactKey: Guid(2fd64ef7b15f040359e01f62bac2f4ab) Importer(2089858483,192608db42251d675da83286b1cce702)
Start importing Assets/Copyspright/Pixel Space Shooter - Free/Sprites/Effects/engine_particle.png using Guid(2fd64ef7b15f040359e01f62bac2f4ab) Importer(2089858483,192608db42251d675da83286b1cce702) (ScriptedImporter) -> (artifact id: 'a897fd1c8fc02c1d0bf739b9b9a21218') in 0.0127742 seconds
Number of updated asset objects reloaded before import = 0Number of asset objects unloaded after import = 3

========================================================================
Received Import Request.
  Time since last request: 0.000012 seconds.
  path: Assets/Copyspright/Pixel Space Shooter - Free/Sprites/Spaceships/Humans/Humans_Color_01/humans_ship_03.png
  artifactKey: Guid(8c7852e625eea414893134a6fb055705) Importer(2089858483,192608db42251d675da83286b1cce702)
Start importing Assets/Copyspright/Pixel Space Shooter - Free/Sprites/Spaceships/Humans/Humans_Color_01/humans_ship_03.png using Guid(8c7852e625eea414893134a6fb055705) Importer(2089858483,192608db42251d675da83286b1cce702) (ScriptedImporter) -> (artifact id: '5b131c382936ce7fce82acea91e2c359') in 0.0082963 seconds
Number of updated asset objects reloaded before import = 0Number of asset objects unloaded after import = 3

========================================================================
Received Import Request.
  Time since last request: 0.000063 seconds.
  path: Assets/2DSpaceshipsFreeTrial/Prefabs/2DShipsStandardWeapons/SideView/Turrets/Right/2DShipsLargeTurretSideViewRight.prefab
  artifactKey: Guid(769ef0942fa83f54ea19a925d683f150) Importer(2089858483,192608db42251d675da83286b1cce702)
Start importing Assets/2DSpaceshipsFreeTrial/Prefabs/2DShipsStandardWeapons/SideView/Turrets/Right/2DShipsLargeTurretSideViewRight.prefab using Guid(769ef0942fa83f54ea19a925d683f150) Importer(2089858483,192608db42251d675da83286b1cce702) (ScriptedImporter) -> (artifact id: '8a4fdf93fbbdfb94f527d9d652d900da') in 0.0074437 seconds
Number of updated asset objects reloaded before import = 0Number of asset objects unloaded after import = 11

========================================================================
Received Import Request.
  Time since last request: 0.000014 seconds.
  path: Assets/2DSpaceshipsFreeTrial/Prefabs/2DShipsStandardWeapons/TopView/Turrets/2DShipsTurretLargeTopView.prefab
  artifactKey: Guid(de7b60883fc71184e90117aa6df5920b) Importer(2089858483,192608db42251d675da83286b1cce702)
Start importing Assets/2DSpaceshipsFreeTrial/Prefabs/2DShipsStandardWeapons/TopView/Turrets/2DShipsTurretLargeTopView.prefab using Guid(de7b60883fc71184e90117aa6df5920b) Importer(2089858483,192608db42251d675da83286b1cce702) (ScriptedImporter) -> (artifact id: 'ae2f7255fb9c58456471eeee8a553026') in 0.0112733 seconds
Number of updated asset objects reloaded before import = 0Number of asset objects unloaded after import = 7

========================================================================
Received Import Request.
  Time since last request: 0.000015 seconds.
  path: Assets/Copyspright/Pixel Space Shooter - Free/Sprites/Effects/space_bullet.png
  artifactKey: Guid(61121f9e3c35a4de1ab6a405d95a5fd8) Importer(2089858483,192608db42251d675da83286b1cce702)
Start importing Assets/Copyspright/Pixel Space Shooter - Free/Sprites/Effects/space_bullet.png using Guid(61121f9e3c35a4de1ab6a405d95a5fd8) Importer(2089858483,192608db42251d675da83286b1cce702) (ScriptedImporter) -> (artifact id: 'd8a1c6acbb6313449510111441ec2c75') in 0.0113224 seconds
Number of updated asset objects reloaded before import = 0Number of asset objects unloaded after import = 3

========================================================================
Received Import Request.
  Time since last request: 0.000019 seconds.
  path: Assets/Copyspright/Pixel Space Shooter - Free/Sprites/Effects/rocket_explosion/rocket_explosion_08.png
  artifactKey: Guid(7d861b6c9967043e391a141ea7c8dde4) Importer(2089858483,192608db42251d675da83286b1cce702)
Start importing Assets/Copyspright/Pixel Space Shooter - Free/Sprites/Effects/rocket_explosion/rocket_explosion_08.png using Guid(7d861b6c9967043e391a141ea7c8dde4) Importer(2089858483,192608db42251d675da83286b1cce702) (ScriptedImporter) -> (artifact id: '55001881c4f8c373a9b28af11e3c8d4a') in 0.0124022 seconds
Number of updated asset objects reloaded before import = 0Number of asset objects unloaded after import = 3

========================================================================
Received Import Request.
  Time since last request: 0.000022 seconds.
  path: Assets/Stylized 2D Space Shooter - Free/Sprites/Large/Pickup_1_D_Large.png
  artifactKey: Guid(0f2d92a0bbc1d294f8f5c2253aa72316) Importer(2089858483,192608db42251d675da83286b1cce702)
Start importing Assets/Stylized 2D Space Shooter - Free/Sprites/Large/Pickup_1_D_Large.png using Guid(0f2d92a0bbc1d294f8f5c2253aa72316) Importer(2089858483,192608db42251d675da83286b1cce702) (ScriptedImporter) -> (artifact id: '22cd265eb6b24276eeefc2601f924940') in 0.0096147 seconds
Number of updated asset objects reloaded before import = 0Number of asset objects unloaded after import = 3

========================================================================
Received Import Request.
  Time since last request: 0.000022 seconds.
  path: Assets/2DSpaceshipsFreeTrial/Textures/2DShipMissilesTorpedoes/2DShipsMissilesTorpedoesAtlas.png
  artifactKey: Guid(da841e0ed6399bd4695ebcfa661935f8) Importer(2089858483,192608db42251d675da83286b1cce702)
Start importing Assets/2DSpaceshipsFreeTrial/Textures/2DShipMissilesTorpedoes/2DShipsMissilesTorpedoesAtlas.png using Guid(da841e0ed6399bd4695ebcfa661935f8) Importer(2089858483,192608db42251d675da83286b1cce702) (ScriptedImporter) -> (artifact id: 'b3e0ec1c0ccb986c5be8445569ad7b8a') in 0.0111917 seconds
Number of updated asset objects reloaded before import = 0Number of asset objects unloaded after import = 5

========================================================================
Received Import Request.
  Time since last request: 0.000013 seconds.
  path: Assets/Stylized 2D Space Shooter - Free/Sprites/Small - No light/Pickup_3_A_Small_NoLight.png
  artifactKey: Guid(713cae21de05f50478e9c6060780168d) Importer(2089858483,192608db42251d675da83286b1cce702)
Start importing Assets/Stylized 2D Space Shooter - Free/Sprites/Small - No light/Pickup_3_A_Small_NoLight.png using Guid(713cae21de05f50478e9c6060780168d) Importer(2089858483,192608db42251d675da83286b1cce702) (ScriptedImporter) -> (artifact id: '22afc57d5840c1e7b37f2da0551cfb56') in 0.012703 seconds
Number of updated asset objects reloaded before import = 0Number of asset objects unloaded after import = 3

========================================================================
Received Import Request.
  Time since last request: 0.000013 seconds.
  path: Assets/Stylized 2D Space Shooter - Free/Sprites/Large/Enemy_1_B_Large.png
  artifactKey: Guid(e523a6da6e5ae224ba818a6c57853189) Importer(2089858483,192608db42251d675da83286b1cce702)
Start importing Assets/Stylized 2D Space Shooter - Free/Sprites/Large/Enemy_1_B_Large.png using Guid(e523a6da6e5ae224ba818a6c57853189) Importer(2089858483,192608db42251d675da83286b1cce702) (ScriptedImporter) -> (artifact id: '003db43fe2f16d55c836243e5ea51ca8') in 0.0096815 seconds
Number of updated asset objects reloaded before import = 0Number of asset objects unloaded after import = 3

Editor requested this worker to shutdown with reason: Scaling down because of idle timeout
AssetImportWorker is now disconnected from the server
Process exiting
Exiting without the bug reporter. Application will terminate with return code 0